ARM GAS  /tmp/ccgYXqjj.s 			page 1


   1              		.arch armv6s-m
   2              		.fpu softvfp
   3              		.eabi_attribute 20, 1
   4              		.eabi_attribute 21, 1
   5              		.eabi_attribute 23, 3
   6              		.eabi_attribute 24, 1
   7              		.eabi_attribute 25, 1
   8              		.eabi_attribute 26, 1
   9              		.eabi_attribute 30, 6
  10              		.eabi_attribute 34, 0
  11              		.eabi_attribute 18, 4
  12              		.file	"stm32f0xx_ll_utils.c"
  13              		.text
  14              		.section	.text.LL_RCC_HSE_EnableBypass,"ax",%progbits
  15              		.align	1
  16              		.syntax unified
  17              		.code	16
  18              		.thumb_func
  20              	LL_RCC_HSE_EnableBypass:
  21              		@ args = 0, pretend = 0, frame = 0
  22              		@ frame_needed = 1, uses_anonymous_args = 0
  23 0000 80B5     		push	{r7, lr}
  24 0002 00AF     		add	r7, sp, #0
  25 0004 044B     		ldr	r3, .L2
  26 0006 1A68     		ldr	r2, [r3]
  27 0008 034B     		ldr	r3, .L2
  28 000a 8021     		movs	r1, #128
  29 000c C902     		lsls	r1, r1, #11
  30 000e 0A43     		orrs	r2, r1
  31 0010 1A60     		str	r2, [r3]
  32 0012 C046     		nop
  33 0014 BD46     		mov	sp, r7
  34              		@ sp needed
  35 0016 80BD     		pop	{r7, pc}
  36              	.L3:
  37              		.align	2
  38              	.L2:
  39 0018 00100240 		.word	1073876992
  41              		.section	.text.LL_RCC_HSE_DisableBypass,"ax",%progbits
  42              		.align	1
  43              		.syntax unified
  44              		.code	16
  45              		.thumb_func
  47              	LL_RCC_HSE_DisableBypass:
  48              		@ args = 0, pretend = 0, frame = 0
  49              		@ frame_needed = 1, uses_anonymous_args = 0
  50 0000 80B5     		push	{r7, lr}
  51 0002 00AF     		add	r7, sp, #0
  52 0004 044B     		ldr	r3, .L5
  53 0006 1A68     		ldr	r2, [r3]
  54 0008 034B     		ldr	r3, .L5
  55 000a 0449     		ldr	r1, .L5+4
  56 000c 0A40     		ands	r2, r1
  57 000e 1A60     		str	r2, [r3]
  58 0010 C046     		nop
  59 0012 BD46     		mov	sp, r7
  60              		@ sp needed
ARM GAS  /tmp/ccgYXqjj.s 			page 2


  61 0014 80BD     		pop	{r7, pc}
  62              	.L6:
  63 0016 C046     		.align	2
  64              	.L5:
  65 0018 00100240 		.word	1073876992
  66 001c FFFFFBFF 		.word	-262145
  68              		.section	.text.LL_RCC_HSE_Enable,"ax",%progbits
  69              		.align	1
  70              		.syntax unified
  71              		.code	16
  72              		.thumb_func
  74              	LL_RCC_HSE_Enable:
  75              		@ args = 0, pretend = 0, frame = 0
  76              		@ frame_needed = 1, uses_anonymous_args = 0
  77 0000 80B5     		push	{r7, lr}
  78 0002 00AF     		add	r7, sp, #0
  79 0004 044B     		ldr	r3, .L8
  80 0006 1A68     		ldr	r2, [r3]
  81 0008 034B     		ldr	r3, .L8
  82 000a 8021     		movs	r1, #128
  83 000c 4902     		lsls	r1, r1, #9
  84 000e 0A43     		orrs	r2, r1
  85 0010 1A60     		str	r2, [r3]
  86 0012 C046     		nop
  87 0014 BD46     		mov	sp, r7
  88              		@ sp needed
  89 0016 80BD     		pop	{r7, pc}
  90              	.L9:
  91              		.align	2
  92              	.L8:
  93 0018 00100240 		.word	1073876992
  95              		.section	.text.LL_RCC_HSE_IsReady,"ax",%progbits
  96              		.align	1
  97              		.syntax unified
  98              		.code	16
  99              		.thumb_func
 101              	LL_RCC_HSE_IsReady:
 102              		@ args = 0, pretend = 0, frame = 0
 103              		@ frame_needed = 1, uses_anonymous_args = 0
 104 0000 80B5     		push	{r7, lr}
 105 0002 00AF     		add	r7, sp, #0
 106 0004 054B     		ldr	r3, .L12
 107 0006 1A68     		ldr	r2, [r3]
 108 0008 8023     		movs	r3, #128
 109 000a 9B02     		lsls	r3, r3, #10
 110 000c 1340     		ands	r3, r2
 111 000e 9B03     		lsls	r3, r3, #14
 112 0010 DB0F     		lsrs	r3, r3, #31
 113 0012 DBB2     		uxtb	r3, r3
 114 0014 1800     		movs	r0, r3
 115 0016 BD46     		mov	sp, r7
 116              		@ sp needed
 117 0018 80BD     		pop	{r7, pc}
 118              	.L13:
 119 001a C046     		.align	2
 120              	.L12:
 121 001c 00100240 		.word	1073876992
ARM GAS  /tmp/ccgYXqjj.s 			page 3


 123              		.section	.text.LL_RCC_HSI_Enable,"ax",%progbits
 124              		.align	1
 125              		.syntax unified
 126              		.code	16
 127              		.thumb_func
 129              	LL_RCC_HSI_Enable:
 130              		@ args = 0, pretend = 0, frame = 0
 131              		@ frame_needed = 1, uses_anonymous_args = 0
 132 0000 80B5     		push	{r7, lr}
 133 0002 00AF     		add	r7, sp, #0
 134 0004 044B     		ldr	r3, .L15
 135 0006 1A68     		ldr	r2, [r3]
 136 0008 034B     		ldr	r3, .L15
 137 000a 0121     		movs	r1, #1
 138 000c 0A43     		orrs	r2, r1
 139 000e 1A60     		str	r2, [r3]
 140 0010 C046     		nop
 141 0012 BD46     		mov	sp, r7
 142              		@ sp needed
 143 0014 80BD     		pop	{r7, pc}
 144              	.L16:
 145 0016 C046     		.align	2
 146              	.L15:
 147 0018 00100240 		.word	1073876992
 149              		.section	.text.LL_RCC_HSI_IsReady,"ax",%progbits
 150              		.align	1
 151              		.syntax unified
 152              		.code	16
 153              		.thumb_func
 155              	LL_RCC_HSI_IsReady:
 156              		@ args = 0, pretend = 0, frame = 0
 157              		@ frame_needed = 1, uses_anonymous_args = 0
 158 0000 80B5     		push	{r7, lr}
 159 0002 00AF     		add	r7, sp, #0
 160 0004 044B     		ldr	r3, .L19
 161 0006 1B68     		ldr	r3, [r3]
 162 0008 0222     		movs	r2, #2
 163 000a 1340     		ands	r3, r2
 164 000c 9B07     		lsls	r3, r3, #30
 165 000e DB0F     		lsrs	r3, r3, #31
 166 0010 DBB2     		uxtb	r3, r3
 167 0012 1800     		movs	r0, r3
 168 0014 BD46     		mov	sp, r7
 169              		@ sp needed
 170 0016 80BD     		pop	{r7, pc}
 171              	.L20:
 172              		.align	2
 173              	.L19:
 174 0018 00100240 		.word	1073876992
 176              		.section	.text.LL_RCC_HSI48_Enable,"ax",%progbits
 177              		.align	1
 178              		.syntax unified
 179              		.code	16
 180              		.thumb_func
 182              	LL_RCC_HSI48_Enable:
 183              		@ args = 0, pretend = 0, frame = 0
 184              		@ frame_needed = 1, uses_anonymous_args = 0
ARM GAS  /tmp/ccgYXqjj.s 			page 4


 185 0000 80B5     		push	{r7, lr}
 186 0002 00AF     		add	r7, sp, #0
 187 0004 044B     		ldr	r3, .L22
 188 0006 5A6B     		ldr	r2, [r3, #52]
 189 0008 034B     		ldr	r3, .L22
 190 000a 8021     		movs	r1, #128
 191 000c 4902     		lsls	r1, r1, #9
 192 000e 0A43     		orrs	r2, r1
 193 0010 5A63     		str	r2, [r3, #52]
 194 0012 C046     		nop
 195 0014 BD46     		mov	sp, r7
 196              		@ sp needed
 197 0016 80BD     		pop	{r7, pc}
 198              	.L23:
 199              		.align	2
 200              	.L22:
 201 0018 00100240 		.word	1073876992
 203              		.section	.text.LL_RCC_HSI48_IsReady,"ax",%progbits
 204              		.align	1
 205              		.syntax unified
 206              		.code	16
 207              		.thumb_func
 209              	LL_RCC_HSI48_IsReady:
 210              		@ args = 0, pretend = 0, frame = 0
 211              		@ frame_needed = 1, uses_anonymous_args = 0
 212 0000 80B5     		push	{r7, lr}
 213 0002 00AF     		add	r7, sp, #0
 214 0004 054B     		ldr	r3, .L26
 215 0006 5A6B     		ldr	r2, [r3, #52]
 216 0008 8023     		movs	r3, #128
 217 000a 9B02     		lsls	r3, r3, #10
 218 000c 1340     		ands	r3, r2
 219 000e 9B03     		lsls	r3, r3, #14
 220 0010 DB0F     		lsrs	r3, r3, #31
 221 0012 DBB2     		uxtb	r3, r3
 222 0014 1800     		movs	r0, r3
 223 0016 BD46     		mov	sp, r7
 224              		@ sp needed
 225 0018 80BD     		pop	{r7, pc}
 226              	.L27:
 227 001a C046     		.align	2
 228              	.L26:
 229 001c 00100240 		.word	1073876992
 231              		.section	.text.LL_RCC_SetSysClkSource,"ax",%progbits
 232              		.align	1
 233              		.syntax unified
 234              		.code	16
 235              		.thumb_func
 237              	LL_RCC_SetSysClkSource:
 238              		@ args = 0, pretend = 0, frame = 8
 239              		@ frame_needed = 1, uses_anonymous_args = 0
 240 0000 80B5     		push	{r7, lr}
 241 0002 82B0     		sub	sp, sp, #8
 242 0004 00AF     		add	r7, sp, #0
 243 0006 7860     		str	r0, [r7, #4]
 244 0008 064B     		ldr	r3, .L29
 245 000a 5B68     		ldr	r3, [r3, #4]
ARM GAS  /tmp/ccgYXqjj.s 			page 5


 246 000c 0322     		movs	r2, #3
 247 000e 9343     		bics	r3, r2
 248 0010 1900     		movs	r1, r3
 249 0012 044B     		ldr	r3, .L29
 250 0014 7A68     		ldr	r2, [r7, #4]
 251 0016 0A43     		orrs	r2, r1
 252 0018 5A60     		str	r2, [r3, #4]
 253 001a C046     		nop
 254 001c BD46     		mov	sp, r7
 255 001e 02B0     		add	sp, sp, #8
 256              		@ sp needed
 257 0020 80BD     		pop	{r7, pc}
 258              	.L30:
 259 0022 C046     		.align	2
 260              	.L29:
 261 0024 00100240 		.word	1073876992
 263              		.section	.text.LL_RCC_GetSysClkSource,"ax",%progbits
 264              		.align	1
 265              		.syntax unified
 266              		.code	16
 267              		.thumb_func
 269              	LL_RCC_GetSysClkSource:
 270              		@ args = 0, pretend = 0, frame = 0
 271              		@ frame_needed = 1, uses_anonymous_args = 0
 272 0000 80B5     		push	{r7, lr}
 273 0002 00AF     		add	r7, sp, #0
 274 0004 034B     		ldr	r3, .L33
 275 0006 5B68     		ldr	r3, [r3, #4]
 276 0008 0C22     		movs	r2, #12
 277 000a 1340     		ands	r3, r2
 278 000c 1800     		movs	r0, r3
 279 000e BD46     		mov	sp, r7
 280              		@ sp needed
 281 0010 80BD     		pop	{r7, pc}
 282              	.L34:
 283 0012 C046     		.align	2
 284              	.L33:
 285 0014 00100240 		.word	1073876992
 287              		.section	.text.LL_RCC_SetAHBPrescaler,"ax",%progbits
 288              		.align	1
 289              		.syntax unified
 290              		.code	16
 291              		.thumb_func
 293              	LL_RCC_SetAHBPrescaler:
 294              		@ args = 0, pretend = 0, frame = 8
 295              		@ frame_needed = 1, uses_anonymous_args = 0
 296 0000 80B5     		push	{r7, lr}
 297 0002 82B0     		sub	sp, sp, #8
 298 0004 00AF     		add	r7, sp, #0
 299 0006 7860     		str	r0, [r7, #4]
 300 0008 064B     		ldr	r3, .L36
 301 000a 5B68     		ldr	r3, [r3, #4]
 302 000c F022     		movs	r2, #240
 303 000e 9343     		bics	r3, r2
 304 0010 1900     		movs	r1, r3
 305 0012 044B     		ldr	r3, .L36
 306 0014 7A68     		ldr	r2, [r7, #4]
ARM GAS  /tmp/ccgYXqjj.s 			page 6


 307 0016 0A43     		orrs	r2, r1
 308 0018 5A60     		str	r2, [r3, #4]
 309 001a C046     		nop
 310 001c BD46     		mov	sp, r7
 311 001e 02B0     		add	sp, sp, #8
 312              		@ sp needed
 313 0020 80BD     		pop	{r7, pc}
 314              	.L37:
 315 0022 C046     		.align	2
 316              	.L36:
 317 0024 00100240 		.word	1073876992
 319              		.section	.text.LL_RCC_SetAPB1Prescaler,"ax",%progbits
 320              		.align	1
 321              		.syntax unified
 322              		.code	16
 323              		.thumb_func
 325              	LL_RCC_SetAPB1Prescaler:
 326              		@ args = 0, pretend = 0, frame = 8
 327              		@ frame_needed = 1, uses_anonymous_args = 0
 328 0000 80B5     		push	{r7, lr}
 329 0002 82B0     		sub	sp, sp, #8
 330 0004 00AF     		add	r7, sp, #0
 331 0006 7860     		str	r0, [r7, #4]
 332 0008 064B     		ldr	r3, .L39
 333 000a 5B68     		ldr	r3, [r3, #4]
 334 000c 064A     		ldr	r2, .L39+4
 335 000e 1340     		ands	r3, r2
 336 0010 1900     		movs	r1, r3
 337 0012 044B     		ldr	r3, .L39
 338 0014 7A68     		ldr	r2, [r7, #4]
 339 0016 0A43     		orrs	r2, r1
 340 0018 5A60     		str	r2, [r3, #4]
 341 001a C046     		nop
 342 001c BD46     		mov	sp, r7
 343 001e 02B0     		add	sp, sp, #8
 344              		@ sp needed
 345 0020 80BD     		pop	{r7, pc}
 346              	.L40:
 347 0022 C046     		.align	2
 348              	.L39:
 349 0024 00100240 		.word	1073876992
 350 0028 FFF8FFFF 		.word	-1793
 352              		.section	.text.LL_RCC_GetAHBPrescaler,"ax",%progbits
 353              		.align	1
 354              		.syntax unified
 355              		.code	16
 356              		.thumb_func
 358              	LL_RCC_GetAHBPrescaler:
 359              		@ args = 0, pretend = 0, frame = 0
 360              		@ frame_needed = 1, uses_anonymous_args = 0
 361 0000 80B5     		push	{r7, lr}
 362 0002 00AF     		add	r7, sp, #0
 363 0004 034B     		ldr	r3, .L43
 364 0006 5B68     		ldr	r3, [r3, #4]
 365 0008 F022     		movs	r2, #240
 366 000a 1340     		ands	r3, r2
 367 000c 1800     		movs	r0, r3
ARM GAS  /tmp/ccgYXqjj.s 			page 7


 368 000e BD46     		mov	sp, r7
 369              		@ sp needed
 370 0010 80BD     		pop	{r7, pc}
 371              	.L44:
 372 0012 C046     		.align	2
 373              	.L43:
 374 0014 00100240 		.word	1073876992
 376              		.section	.text.LL_RCC_PLL_Enable,"ax",%progbits
 377              		.align	1
 378              		.syntax unified
 379              		.code	16
 380              		.thumb_func
 382              	LL_RCC_PLL_Enable:
 383              		@ args = 0, pretend = 0, frame = 0
 384              		@ frame_needed = 1, uses_anonymous_args = 0
 385 0000 80B5     		push	{r7, lr}
 386 0002 00AF     		add	r7, sp, #0
 387 0004 044B     		ldr	r3, .L46
 388 0006 1A68     		ldr	r2, [r3]
 389 0008 034B     		ldr	r3, .L46
 390 000a 8021     		movs	r1, #128
 391 000c 4904     		lsls	r1, r1, #17
 392 000e 0A43     		orrs	r2, r1
 393 0010 1A60     		str	r2, [r3]
 394 0012 C046     		nop
 395 0014 BD46     		mov	sp, r7
 396              		@ sp needed
 397 0016 80BD     		pop	{r7, pc}
 398              	.L47:
 399              		.align	2
 400              	.L46:
 401 0018 00100240 		.word	1073876992
 403              		.section	.text.LL_RCC_PLL_IsReady,"ax",%progbits
 404              		.align	1
 405              		.syntax unified
 406              		.code	16
 407              		.thumb_func
 409              	LL_RCC_PLL_IsReady:
 410              		@ args = 0, pretend = 0, frame = 0
 411              		@ frame_needed = 1, uses_anonymous_args = 0
 412 0000 80B5     		push	{r7, lr}
 413 0002 00AF     		add	r7, sp, #0
 414 0004 054B     		ldr	r3, .L50
 415 0006 1A68     		ldr	r2, [r3]
 416 0008 8023     		movs	r3, #128
 417 000a 9B04     		lsls	r3, r3, #18
 418 000c 1340     		ands	r3, r2
 419 000e 9B01     		lsls	r3, r3, #6
 420 0010 DB0F     		lsrs	r3, r3, #31
 421 0012 DBB2     		uxtb	r3, r3
 422 0014 1800     		movs	r0, r3
 423 0016 BD46     		mov	sp, r7
 424              		@ sp needed
 425 0018 80BD     		pop	{r7, pc}
 426              	.L51:
 427 001a C046     		.align	2
 428              	.L50:
ARM GAS  /tmp/ccgYXqjj.s 			page 8


 429 001c 00100240 		.word	1073876992
 431              		.section	.text.LL_RCC_PLL_ConfigDomain_SYS,"ax",%progbits
 432              		.align	1
 433              		.syntax unified
 434              		.code	16
 435              		.thumb_func
 437              	LL_RCC_PLL_ConfigDomain_SYS:
 438              		@ args = 0, pretend = 0, frame = 16
 439              		@ frame_needed = 1, uses_anonymous_args = 0
 440 0000 80B5     		push	{r7, lr}
 441 0002 84B0     		sub	sp, sp, #16
 442 0004 00AF     		add	r7, sp, #0
 443 0006 F860     		str	r0, [r7, #12]
 444 0008 B960     		str	r1, [r7, #8]
 445 000a 7A60     		str	r2, [r7, #4]
 446 000c 0B4B     		ldr	r3, .L53
 447 000e 5B68     		ldr	r3, [r3, #4]
 448 0010 0B4A     		ldr	r2, .L53+4
 449 0012 1340     		ands	r3, r2
 450 0014 1900     		movs	r1, r3
 451 0016 FA68     		ldr	r2, [r7, #12]
 452 0018 BB68     		ldr	r3, [r7, #8]
 453 001a 1A43     		orrs	r2, r3
 454 001c 074B     		ldr	r3, .L53
 455 001e 0A43     		orrs	r2, r1
 456 0020 5A60     		str	r2, [r3, #4]
 457 0022 064B     		ldr	r3, .L53
 458 0024 DB6A     		ldr	r3, [r3, #44]
 459 0026 0F22     		movs	r2, #15
 460 0028 9343     		bics	r3, r2
 461 002a 1900     		movs	r1, r3
 462 002c 034B     		ldr	r3, .L53
 463 002e 7A68     		ldr	r2, [r7, #4]
 464 0030 0A43     		orrs	r2, r1
 465 0032 DA62     		str	r2, [r3, #44]
 466 0034 C046     		nop
 467 0036 BD46     		mov	sp, r7
 468 0038 04B0     		add	sp, sp, #16
 469              		@ sp needed
 470 003a 80BD     		pop	{r7, pc}
 471              	.L54:
 472              		.align	2
 473              	.L53:
 474 003c 00100240 		.word	1073876992
 475 0040 FF7FC2FF 		.word	-4030465
 477              		.section	.text.LL_InitTick,"ax",%progbits
 478              		.align	1
 479              		.syntax unified
 480              		.code	16
 481              		.thumb_func
 483              	LL_InitTick:
 484              		@ args = 0, pretend = 0, frame = 8
 485              		@ frame_needed = 1, uses_anonymous_args = 0
 486 0000 80B5     		push	{r7, lr}
 487 0002 82B0     		sub	sp, sp, #8
 488 0004 00AF     		add	r7, sp, #0
 489 0006 7860     		str	r0, [r7, #4]
ARM GAS  /tmp/ccgYXqjj.s 			page 9


 490 0008 3960     		str	r1, [r7]
 491 000a 3968     		ldr	r1, [r7]
 492 000c 7868     		ldr	r0, [r7, #4]
 493 000e FFF7FEFF 		bl	__aeabi_uidiv
 494 0012 0300     		movs	r3, r0
 495 0014 1A00     		movs	r2, r3
 496 0016 064B     		ldr	r3, .L56
 497 0018 013A     		subs	r2, r2, #1
 498 001a 5A60     		str	r2, [r3, #4]
 499 001c 044B     		ldr	r3, .L56
 500 001e 0022     		movs	r2, #0
 501 0020 9A60     		str	r2, [r3, #8]
 502 0022 034B     		ldr	r3, .L56
 503 0024 0522     		movs	r2, #5
 504 0026 1A60     		str	r2, [r3]
 505 0028 C046     		nop
 506 002a BD46     		mov	sp, r7
 507 002c 02B0     		add	sp, sp, #8
 508              		@ sp needed
 509 002e 80BD     		pop	{r7, pc}
 510              	.L57:
 511              		.align	2
 512              	.L56:
 513 0030 10E000E0 		.word	-536813552
 515              		.section	.text.LL_FLASH_SetLatency,"ax",%progbits
 516              		.align	1
 517              		.syntax unified
 518              		.code	16
 519              		.thumb_func
 521              	LL_FLASH_SetLatency:
 522              		@ args = 0, pretend = 0, frame = 8
 523              		@ frame_needed = 1, uses_anonymous_args = 0
 524 0000 80B5     		push	{r7, lr}
 525 0002 82B0     		sub	sp, sp, #8
 526 0004 00AF     		add	r7, sp, #0
 527 0006 7860     		str	r0, [r7, #4]
 528 0008 064B     		ldr	r3, .L59
 529 000a 1B68     		ldr	r3, [r3]
 530 000c 0122     		movs	r2, #1
 531 000e 9343     		bics	r3, r2
 532 0010 1900     		movs	r1, r3
 533 0012 044B     		ldr	r3, .L59
 534 0014 7A68     		ldr	r2, [r7, #4]
 535 0016 0A43     		orrs	r2, r1
 536 0018 1A60     		str	r2, [r3]
 537 001a C046     		nop
 538 001c BD46     		mov	sp, r7
 539 001e 02B0     		add	sp, sp, #8
 540              		@ sp needed
 541 0020 80BD     		pop	{r7, pc}
 542              	.L60:
 543 0022 C046     		.align	2
 544              	.L59:
 545 0024 00200240 		.word	1073881088
 547              		.section	.text.LL_FLASH_GetLatency,"ax",%progbits
 548              		.align	1
 549              		.syntax unified
ARM GAS  /tmp/ccgYXqjj.s 			page 10


 550              		.code	16
 551              		.thumb_func
 553              	LL_FLASH_GetLatency:
 554              		@ args = 0, pretend = 0, frame = 0
 555              		@ frame_needed = 1, uses_anonymous_args = 0
 556 0000 80B5     		push	{r7, lr}
 557 0002 00AF     		add	r7, sp, #0
 558 0004 034B     		ldr	r3, .L63
 559 0006 1B68     		ldr	r3, [r3]
 560 0008 0122     		movs	r2, #1
 561 000a 1340     		ands	r3, r2
 562 000c 1800     		movs	r0, r3
 563 000e BD46     		mov	sp, r7
 564              		@ sp needed
 565 0010 80BD     		pop	{r7, pc}
 566              	.L64:
 567 0012 C046     		.align	2
 568              	.L63:
 569 0014 00200240 		.word	1073881088
 571              		.section	.text.LL_Init1msTick,"ax",%progbits
 572              		.align	1
 573              		.global	LL_Init1msTick
 574              		.syntax unified
 575              		.code	16
 576              		.thumb_func
 578              	LL_Init1msTick:
 579              		@ args = 0, pretend = 0, frame = 8
 580              		@ frame_needed = 1, uses_anonymous_args = 0
 581 0000 80B5     		push	{r7, lr}
 582 0002 82B0     		sub	sp, sp, #8
 583 0004 00AF     		add	r7, sp, #0
 584 0006 7860     		str	r0, [r7, #4]
 585 0008 FA23     		movs	r3, #250
 586 000a 9A00     		lsls	r2, r3, #2
 587 000c 7B68     		ldr	r3, [r7, #4]
 588 000e 1100     		movs	r1, r2
 589 0010 1800     		movs	r0, r3
 590 0012 FFF7FEFF 		bl	LL_InitTick
 591 0016 C046     		nop
 592 0018 BD46     		mov	sp, r7
 593 001a 02B0     		add	sp, sp, #8
 594              		@ sp needed
 595 001c 80BD     		pop	{r7, pc}
 597              		.section	.text.LL_mDelay,"ax",%progbits
 598              		.align	1
 599              		.global	LL_mDelay
 600              		.syntax unified
 601              		.code	16
 602              		.thumb_func
 604              	LL_mDelay:
 605              		@ args = 0, pretend = 0, frame = 16
 606              		@ frame_needed = 1, uses_anonymous_args = 0
 607 0000 80B5     		push	{r7, lr}
 608 0002 84B0     		sub	sp, sp, #16
 609 0004 00AF     		add	r7, sp, #0
 610 0006 7860     		str	r0, [r7, #4]
 611 0008 0D4B     		ldr	r3, .L72
ARM GAS  /tmp/ccgYXqjj.s 			page 11


 612 000a 1B68     		ldr	r3, [r3]
 613 000c FB60     		str	r3, [r7, #12]
 614 000e FB68     		ldr	r3, [r7, #12]
 615 0010 7B68     		ldr	r3, [r7, #4]
 616 0012 0133     		adds	r3, r3, #1
 617 0014 0CD0     		beq	.L69
 618 0016 7B68     		ldr	r3, [r7, #4]
 619 0018 0133     		adds	r3, r3, #1
 620 001a 7B60     		str	r3, [r7, #4]
 621 001c 08E0     		b	.L69
 622              	.L70:
 623 001e 084B     		ldr	r3, .L72
 624 0020 1A68     		ldr	r2, [r3]
 625 0022 8023     		movs	r3, #128
 626 0024 5B02     		lsls	r3, r3, #9
 627 0026 1340     		ands	r3, r2
 628 0028 02D0     		beq	.L69
 629 002a 7B68     		ldr	r3, [r7, #4]
 630 002c 013B     		subs	r3, r3, #1
 631 002e 7B60     		str	r3, [r7, #4]
 632              	.L69:
 633 0030 7B68     		ldr	r3, [r7, #4]
 634 0032 002B     		cmp	r3, #0
 635 0034 F3D1     		bne	.L70
 636 0036 C046     		nop
 637 0038 C046     		nop
 638 003a BD46     		mov	sp, r7
 639 003c 04B0     		add	sp, sp, #16
 640              		@ sp needed
 641 003e 80BD     		pop	{r7, pc}
 642              	.L73:
 643              		.align	2
 644              	.L72:
 645 0040 10E000E0 		.word	-536813552
 647              		.section	.text.LL_SetSystemCoreClock,"ax",%progbits
 648              		.align	1
 649              		.global	LL_SetSystemCoreClock
 650              		.syntax unified
 651              		.code	16
 652              		.thumb_func
 654              	LL_SetSystemCoreClock:
 655              		@ args = 0, pretend = 0, frame = 8
 656              		@ frame_needed = 1, uses_anonymous_args = 0
 657 0000 80B5     		push	{r7, lr}
 658 0002 82B0     		sub	sp, sp, #8
 659 0004 00AF     		add	r7, sp, #0
 660 0006 7860     		str	r0, [r7, #4]
 661 0008 034B     		ldr	r3, .L75
 662 000a 7A68     		ldr	r2, [r7, #4]
 663 000c 1A60     		str	r2, [r3]
 664 000e C046     		nop
 665 0010 BD46     		mov	sp, r7
 666 0012 02B0     		add	sp, sp, #8
 667              		@ sp needed
 668 0014 80BD     		pop	{r7, pc}
 669              	.L76:
 670 0016 C046     		.align	2
ARM GAS  /tmp/ccgYXqjj.s 			page 12


 671              	.L75:
 672 0018 00000000 		.word	SystemCoreClock
 674              		.section	.text.LL_SetFlashLatency,"ax",%progbits
 675              		.align	1
 676              		.global	LL_SetFlashLatency
 677              		.syntax unified
 678              		.code	16
 679              		.thumb_func
 681              	LL_SetFlashLatency:
 682              		@ args = 0, pretend = 0, frame = 24
 683              		@ frame_needed = 1, uses_anonymous_args = 0
 684 0000 80B5     		push	{r7, lr}
 685 0002 86B0     		sub	sp, sp, #24
 686 0004 00AF     		add	r7, sp, #0
 687 0006 7860     		str	r0, [r7, #4]
 688 0008 0F21     		movs	r1, #15
 689 000a 7B18     		adds	r3, r7, r1
 690 000c 0022     		movs	r2, #0
 691 000e 1A70     		strb	r2, [r3]
 692 0010 7B68     		ldr	r3, [r7, #4]
 693 0012 002B     		cmp	r3, #0
 694 0014 03D1     		bne	.L78
 695 0016 7B18     		adds	r3, r7, r1
 696 0018 0122     		movs	r2, #1
 697 001a 1A70     		strb	r2, [r3]
 698 001c 24E0     		b	.L79
 699              	.L78:
 700 001e 7B68     		ldr	r3, [r7, #4]
 701 0020 154A     		ldr	r2, .L85
 702 0022 9342     		cmp	r3, r2
 703 0024 02D9     		bls	.L80
 704 0026 0123     		movs	r3, #1
 705 0028 3B61     		str	r3, [r7, #16]
 706 002a 01E0     		b	.L81
 707              	.L80:
 708 002c 0023     		movs	r3, #0
 709 002e 3B61     		str	r3, [r7, #16]
 710              	.L81:
 711 0030 3B69     		ldr	r3, [r7, #16]
 712 0032 1800     		movs	r0, r3
 713 0034 FFF7FEFF 		bl	LL_FLASH_SetLatency
 714 0038 0223     		movs	r3, #2
 715 003a 7B61     		str	r3, [r7, #20]
 716              	.L83:
 717 003c FFF7FEFF 		bl	LL_FLASH_GetLatency
 718 0040 0300     		movs	r3, r0
 719 0042 BB60     		str	r3, [r7, #8]
 720 0044 7B69     		ldr	r3, [r7, #20]
 721 0046 013B     		subs	r3, r3, #1
 722 0048 7B61     		str	r3, [r7, #20]
 723 004a BA68     		ldr	r2, [r7, #8]
 724 004c 3B69     		ldr	r3, [r7, #16]
 725 004e 9A42     		cmp	r2, r3
 726 0050 02D0     		beq	.L82
 727 0052 7B69     		ldr	r3, [r7, #20]
 728 0054 002B     		cmp	r3, #0
 729 0056 F1D1     		bne	.L83
ARM GAS  /tmp/ccgYXqjj.s 			page 13


 730              	.L82:
 731 0058 BA68     		ldr	r2, [r7, #8]
 732 005a 3B69     		ldr	r3, [r7, #16]
 733 005c 9A42     		cmp	r2, r3
 734 005e 03D0     		beq	.L79
 735 0060 0F23     		movs	r3, #15
 736 0062 FB18     		adds	r3, r7, r3
 737 0064 0122     		movs	r2, #1
 738 0066 1A70     		strb	r2, [r3]
 739              	.L79:
 740 0068 0F23     		movs	r3, #15
 741 006a FB18     		adds	r3, r7, r3
 742 006c 1B78     		ldrb	r3, [r3]
 743 006e 1800     		movs	r0, r3
 744 0070 BD46     		mov	sp, r7
 745 0072 06B0     		add	sp, sp, #24
 746              		@ sp needed
 747 0074 80BD     		pop	{r7, pc}
 748              	.L86:
 749 0076 C046     		.align	2
 750              	.L85:
 751 0078 00366E01 		.word	24000000
 753              		.section	.text.LL_PLL_ConfigSystemClock_HSI,"ax",%progbits
 754              		.align	1
 755              		.global	LL_PLL_ConfigSystemClock_HSI
 756              		.syntax unified
 757              		.code	16
 758              		.thumb_func
 760              	LL_PLL_ConfigSystemClock_HSI:
 761              		@ args = 0, pretend = 0, frame = 16
 762              		@ frame_needed = 1, uses_anonymous_args = 0
 763 0000 90B5     		push	{r4, r7, lr}
 764 0002 85B0     		sub	sp, sp, #20
 765 0004 00AF     		add	r7, sp, #0
 766 0006 7860     		str	r0, [r7, #4]
 767 0008 3960     		str	r1, [r7]
 768 000a 0F23     		movs	r3, #15
 769 000c FB18     		adds	r3, r7, r3
 770 000e 0022     		movs	r2, #0
 771 0010 1A70     		strb	r2, [r3]
 772 0012 0023     		movs	r3, #0
 773 0014 BB60     		str	r3, [r7, #8]
 774 0016 FFF7FEFF 		bl	UTILS_PLL_IsBusy
 775 001a 031E     		subs	r3, r0, #0
 776 001c 28D1     		bne	.L88
 777 001e 7B68     		ldr	r3, [r7, #4]
 778 0020 194A     		ldr	r2, .L93
 779 0022 1900     		movs	r1, r3
 780 0024 1000     		movs	r0, r2
 781 0026 FFF7FEFF 		bl	UTILS_GetPLLOutputFrequency
 782 002a 0300     		movs	r3, r0
 783 002c BB60     		str	r3, [r7, #8]
 784 002e FFF7FEFF 		bl	LL_RCC_HSI_IsReady
 785 0032 0300     		movs	r3, r0
 786 0034 012B     		cmp	r3, #1
 787 0036 07D0     		beq	.L89
 788 0038 FFF7FEFF 		bl	LL_RCC_HSI_Enable
ARM GAS  /tmp/ccgYXqjj.s 			page 14


 789 003c C046     		nop
 790              	.L90:
 791 003e FFF7FEFF 		bl	LL_RCC_HSI_IsReady
 792 0042 0300     		movs	r3, r0
 793 0044 012B     		cmp	r3, #1
 794 0046 FAD1     		bne	.L90
 795              	.L89:
 796 0048 7B68     		ldr	r3, [r7, #4]
 797 004a 1968     		ldr	r1, [r3]
 798 004c 7B68     		ldr	r3, [r7, #4]
 799 004e 5A68     		ldr	r2, [r3, #4]
 800 0050 8023     		movs	r3, #128
 801 0052 1B02     		lsls	r3, r3, #8
 802 0054 1800     		movs	r0, r3
 803 0056 FFF7FEFF 		bl	LL_RCC_PLL_ConfigDomain_SYS
 804 005a 0F23     		movs	r3, #15
 805 005c FC18     		adds	r4, r7, r3
 806 005e 3A68     		ldr	r2, [r7]
 807 0060 BB68     		ldr	r3, [r7, #8]
 808 0062 1100     		movs	r1, r2
 809 0064 1800     		movs	r0, r3
 810 0066 FFF7FEFF 		bl	UTILS_EnablePLLAndSwitchSystem
 811 006a 0300     		movs	r3, r0
 812 006c 2370     		strb	r3, [r4]
 813 006e 03E0     		b	.L91
 814              	.L88:
 815 0070 0F23     		movs	r3, #15
 816 0072 FB18     		adds	r3, r7, r3
 817 0074 0122     		movs	r2, #1
 818 0076 1A70     		strb	r2, [r3]
 819              	.L91:
 820 0078 0F23     		movs	r3, #15
 821 007a FB18     		adds	r3, r7, r3
 822 007c 1B78     		ldrb	r3, [r3]
 823 007e 1800     		movs	r0, r3
 824 0080 BD46     		mov	sp, r7
 825 0082 05B0     		add	sp, sp, #20
 826              		@ sp needed
 827 0084 90BD     		pop	{r4, r7, pc}
 828              	.L94:
 829 0086 C046     		.align	2
 830              	.L93:
 831 0088 00127A00 		.word	8000000
 833              		.section	.text.LL_PLL_ConfigSystemClock_HSI48,"ax",%progbits
 834              		.align	1
 835              		.global	LL_PLL_ConfigSystemClock_HSI48
 836              		.syntax unified
 837              		.code	16
 838              		.thumb_func
 840              	LL_PLL_ConfigSystemClock_HSI48:
 841              		@ args = 0, pretend = 0, frame = 16
 842              		@ frame_needed = 1, uses_anonymous_args = 0
 843 0000 90B5     		push	{r4, r7, lr}
 844 0002 85B0     		sub	sp, sp, #20
 845 0004 00AF     		add	r7, sp, #0
 846 0006 7860     		str	r0, [r7, #4]
 847 0008 3960     		str	r1, [r7]
ARM GAS  /tmp/ccgYXqjj.s 			page 15


 848 000a 0F23     		movs	r3, #15
 849 000c FB18     		adds	r3, r7, r3
 850 000e 0022     		movs	r2, #0
 851 0010 1A70     		strb	r2, [r3]
 852 0012 0023     		movs	r3, #0
 853 0014 BB60     		str	r3, [r7, #8]
 854 0016 FFF7FEFF 		bl	UTILS_PLL_IsBusy
 855 001a 031E     		subs	r3, r0, #0
 856 001c 28D1     		bne	.L96
 857 001e 7B68     		ldr	r3, [r7, #4]
 858 0020 194A     		ldr	r2, .L101
 859 0022 1900     		movs	r1, r3
 860 0024 1000     		movs	r0, r2
 861 0026 FFF7FEFF 		bl	UTILS_GetPLLOutputFrequency
 862 002a 0300     		movs	r3, r0
 863 002c BB60     		str	r3, [r7, #8]
 864 002e FFF7FEFF 		bl	LL_RCC_HSI48_IsReady
 865 0032 0300     		movs	r3, r0
 866 0034 012B     		cmp	r3, #1
 867 0036 07D0     		beq	.L97
 868 0038 FFF7FEFF 		bl	LL_RCC_HSI48_Enable
 869 003c C046     		nop
 870              	.L98:
 871 003e FFF7FEFF 		bl	LL_RCC_HSI48_IsReady
 872 0042 0300     		movs	r3, r0
 873 0044 012B     		cmp	r3, #1
 874 0046 FAD1     		bne	.L98
 875              	.L97:
 876 0048 7B68     		ldr	r3, [r7, #4]
 877 004a 1968     		ldr	r1, [r3]
 878 004c 7B68     		ldr	r3, [r7, #4]
 879 004e 5A68     		ldr	r2, [r3, #4]
 880 0050 C023     		movs	r3, #192
 881 0052 5B02     		lsls	r3, r3, #9
 882 0054 1800     		movs	r0, r3
 883 0056 FFF7FEFF 		bl	LL_RCC_PLL_ConfigDomain_SYS
 884 005a 0F23     		movs	r3, #15
 885 005c FC18     		adds	r4, r7, r3
 886 005e 3A68     		ldr	r2, [r7]
 887 0060 BB68     		ldr	r3, [r7, #8]
 888 0062 1100     		movs	r1, r2
 889 0064 1800     		movs	r0, r3
 890 0066 FFF7FEFF 		bl	UTILS_EnablePLLAndSwitchSystem
 891 006a 0300     		movs	r3, r0
 892 006c 2370     		strb	r3, [r4]
 893 006e 03E0     		b	.L99
 894              	.L96:
 895 0070 0F23     		movs	r3, #15
 896 0072 FB18     		adds	r3, r7, r3
 897 0074 0122     		movs	r2, #1
 898 0076 1A70     		strb	r2, [r3]
 899              	.L99:
 900 0078 0F23     		movs	r3, #15
 901 007a FB18     		adds	r3, r7, r3
 902 007c 1B78     		ldrb	r3, [r3]
 903 007e 1800     		movs	r0, r3
 904 0080 BD46     		mov	sp, r7
ARM GAS  /tmp/ccgYXqjj.s 			page 16


 905 0082 05B0     		add	sp, sp, #20
 906              		@ sp needed
 907 0084 90BD     		pop	{r4, r7, pc}
 908              	.L102:
 909 0086 C046     		.align	2
 910              	.L101:
 911 0088 006CDC02 		.word	48000000
 913              		.section	.text.LL_PLL_ConfigSystemClock_HSE,"ax",%progbits
 914              		.align	1
 915              		.global	LL_PLL_ConfigSystemClock_HSE
 916              		.syntax unified
 917              		.code	16
 918              		.thumb_func
 920              	LL_PLL_ConfigSystemClock_HSE:
 921              		@ args = 0, pretend = 0, frame = 24
 922              		@ frame_needed = 1, uses_anonymous_args = 0
 923 0000 90B5     		push	{r4, r7, lr}
 924 0002 87B0     		sub	sp, sp, #28
 925 0004 00AF     		add	r7, sp, #0
 926 0006 F860     		str	r0, [r7, #12]
 927 0008 B960     		str	r1, [r7, #8]
 928 000a 7A60     		str	r2, [r7, #4]
 929 000c 3B60     		str	r3, [r7]
 930 000e 1723     		movs	r3, #23
 931 0010 FB18     		adds	r3, r7, r3
 932 0012 0022     		movs	r2, #0
 933 0014 1A70     		strb	r2, [r3]
 934 0016 0023     		movs	r3, #0
 935 0018 3B61     		str	r3, [r7, #16]
 936 001a FFF7FEFF 		bl	UTILS_PLL_IsBusy
 937 001e 031E     		subs	r3, r0, #0
 938 0020 30D1     		bne	.L104
 939 0022 7A68     		ldr	r2, [r7, #4]
 940 0024 FB68     		ldr	r3, [r7, #12]
 941 0026 1100     		movs	r1, r2
 942 0028 1800     		movs	r0, r3
 943 002a FFF7FEFF 		bl	UTILS_GetPLLOutputFrequency
 944 002e 0300     		movs	r3, r0
 945 0030 3B61     		str	r3, [r7, #16]
 946 0032 FFF7FEFF 		bl	LL_RCC_HSE_IsReady
 947 0036 0300     		movs	r3, r0
 948 0038 012B     		cmp	r3, #1
 949 003a 0FD0     		beq	.L105
 950 003c BB68     		ldr	r3, [r7, #8]
 951 003e 012B     		cmp	r3, #1
 952 0040 02D1     		bne	.L106
 953 0042 FFF7FEFF 		bl	LL_RCC_HSE_EnableBypass
 954 0046 01E0     		b	.L107
 955              	.L106:
 956 0048 FFF7FEFF 		bl	LL_RCC_HSE_DisableBypass
 957              	.L107:
 958 004c FFF7FEFF 		bl	LL_RCC_HSE_Enable
 959 0050 C046     		nop
 960              	.L108:
 961 0052 FFF7FEFF 		bl	LL_RCC_HSE_IsReady
 962 0056 0300     		movs	r3, r0
 963 0058 012B     		cmp	r3, #1
ARM GAS  /tmp/ccgYXqjj.s 			page 17


 964 005a FAD1     		bne	.L108
 965              	.L105:
 966 005c 7B68     		ldr	r3, [r7, #4]
 967 005e 1968     		ldr	r1, [r3]
 968 0060 7B68     		ldr	r3, [r7, #4]
 969 0062 5A68     		ldr	r2, [r3, #4]
 970 0064 8023     		movs	r3, #128
 971 0066 5B02     		lsls	r3, r3, #9
 972 0068 1800     		movs	r0, r3
 973 006a FFF7FEFF 		bl	LL_RCC_PLL_ConfigDomain_SYS
 974 006e 1723     		movs	r3, #23
 975 0070 FC18     		adds	r4, r7, r3
 976 0072 3A68     		ldr	r2, [r7]
 977 0074 3B69     		ldr	r3, [r7, #16]
 978 0076 1100     		movs	r1, r2
 979 0078 1800     		movs	r0, r3
 980 007a FFF7FEFF 		bl	UTILS_EnablePLLAndSwitchSystem
 981 007e 0300     		movs	r3, r0
 982 0080 2370     		strb	r3, [r4]
 983 0082 03E0     		b	.L109
 984              	.L104:
 985 0084 1723     		movs	r3, #23
 986 0086 FB18     		adds	r3, r7, r3
 987 0088 0122     		movs	r2, #1
 988 008a 1A70     		strb	r2, [r3]
 989              	.L109:
 990 008c 1723     		movs	r3, #23
 991 008e FB18     		adds	r3, r7, r3
 992 0090 1B78     		ldrb	r3, [r3]
 993 0092 1800     		movs	r0, r3
 994 0094 BD46     		mov	sp, r7
 995 0096 07B0     		add	sp, sp, #28
 996              		@ sp needed
 997 0098 90BD     		pop	{r4, r7, pc}
 999              		.section	.text.UTILS_GetPLLOutputFrequency,"ax",%progbits
 1000              		.align	1
 1001              		.syntax unified
 1002              		.code	16
 1003              		.thumb_func
 1005              	UTILS_GetPLLOutputFrequency:
 1006              		@ args = 0, pretend = 0, frame = 16
 1007              		@ frame_needed = 1, uses_anonymous_args = 0
 1008 0000 80B5     		push	{r7, lr}
 1009 0002 84B0     		sub	sp, sp, #16
 1010 0004 00AF     		add	r7, sp, #0
 1011 0006 7860     		str	r0, [r7, #4]
 1012 0008 3960     		str	r1, [r7]
 1013 000a 0023     		movs	r3, #0
 1014 000c FB60     		str	r3, [r7, #12]
 1015 000e 3B68     		ldr	r3, [r7]
 1016 0010 5B68     		ldr	r3, [r3, #4]
 1017 0012 0F22     		movs	r2, #15
 1018 0014 1340     		ands	r3, r2
 1019 0016 0133     		adds	r3, r3, #1
 1020 0018 1900     		movs	r1, r3
 1021 001a 7868     		ldr	r0, [r7, #4]
 1022 001c FFF7FEFF 		bl	__aeabi_uidiv
ARM GAS  /tmp/ccgYXqjj.s 			page 18


 1023 0020 0300     		movs	r3, r0
 1024 0022 1900     		movs	r1, r3
 1025 0024 3B68     		ldr	r3, [r7]
 1026 0026 1B68     		ldr	r3, [r3]
 1027 0028 9B0C     		lsrs	r3, r3, #18
 1028 002a 0F22     		movs	r2, #15
 1029 002c 1340     		ands	r3, r2
 1030 002e 0233     		adds	r3, r3, #2
 1031 0030 4B43     		muls	r3, r1
 1032 0032 FB60     		str	r3, [r7, #12]
 1033 0034 FB68     		ldr	r3, [r7, #12]
 1034 0036 1800     		movs	r0, r3
 1035 0038 BD46     		mov	sp, r7
 1036 003a 04B0     		add	sp, sp, #16
 1037              		@ sp needed
 1038 003c 80BD     		pop	{r7, pc}
 1040              		.section	.text.UTILS_PLL_IsBusy,"ax",%progbits
 1041              		.align	1
 1042              		.syntax unified
 1043              		.code	16
 1044              		.thumb_func
 1046              	UTILS_PLL_IsBusy:
 1047              		@ args = 0, pretend = 0, frame = 8
 1048              		@ frame_needed = 1, uses_anonymous_args = 0
 1049 0000 80B5     		push	{r7, lr}
 1050 0002 82B0     		sub	sp, sp, #8
 1051 0004 00AF     		add	r7, sp, #0
 1052 0006 FB1D     		adds	r3, r7, #7
 1053 0008 0022     		movs	r2, #0
 1054 000a 1A70     		strb	r2, [r3]
 1055 000c FFF7FEFF 		bl	LL_RCC_PLL_IsReady
 1056 0010 031E     		subs	r3, r0, #0
 1057 0012 02D0     		beq	.L114
 1058 0014 FB1D     		adds	r3, r7, #7
 1059 0016 0122     		movs	r2, #1
 1060 0018 1A70     		strb	r2, [r3]
 1061              	.L114:
 1062 001a FB1D     		adds	r3, r7, #7
 1063 001c 1B78     		ldrb	r3, [r3]
 1064 001e 1800     		movs	r0, r3
 1065 0020 BD46     		mov	sp, r7
 1066 0022 02B0     		add	sp, sp, #8
 1067              		@ sp needed
 1068 0024 80BD     		pop	{r7, pc}
 1070              		.section	.text.UTILS_EnablePLLAndSwitchSystem,"ax",%progbits
 1071              		.align	1
 1072              		.syntax unified
 1073              		.code	16
 1074              		.thumb_func
 1076              	UTILS_EnablePLLAndSwitchSystem:
 1077              		@ args = 0, pretend = 0, frame = 16
 1078              		@ frame_needed = 1, uses_anonymous_args = 0
 1079 0000 B0B5     		push	{r4, r5, r7, lr}
 1080 0002 84B0     		sub	sp, sp, #16
 1081 0004 00AF     		add	r7, sp, #0
 1082 0006 7860     		str	r0, [r7, #4]
 1083 0008 3960     		str	r1, [r7]
ARM GAS  /tmp/ccgYXqjj.s 			page 19


 1084 000a 0F25     		movs	r5, #15
 1085 000c 7B19     		adds	r3, r7, r5
 1086 000e 0022     		movs	r2, #0
 1087 0010 1A70     		strb	r2, [r3]
 1088 0012 0023     		movs	r3, #0
 1089 0014 BB60     		str	r3, [r7, #8]
 1090 0016 2D4B     		ldr	r3, .L124
 1091 0018 1C68     		ldr	r4, [r3]
 1092 001a FFF7FEFF 		bl	LL_RCC_GetAHBPrescaler
 1093 001e 0300     		movs	r3, r0
 1094 0020 1B09     		lsrs	r3, r3, #4
 1095 0022 2B4A     		ldr	r2, .L124+4
 1096 0024 D35C     		ldrb	r3, [r2, r3]
 1097 0026 9C40     		lsls	r4, r4, r3
 1098 0028 2300     		movs	r3, r4
 1099 002a BB60     		str	r3, [r7, #8]
 1100 002c BA68     		ldr	r2, [r7, #8]
 1101 002e 7B68     		ldr	r3, [r7, #4]
 1102 0030 9A42     		cmp	r2, r3
 1103 0032 06D2     		bcs	.L117
 1104 0034 7C19     		adds	r4, r7, r5
 1105 0036 7B68     		ldr	r3, [r7, #4]
 1106 0038 1800     		movs	r0, r3
 1107 003a FFF7FEFF 		bl	LL_SetFlashLatency
 1108 003e 0300     		movs	r3, r0
 1109 0040 2370     		strb	r3, [r4]
 1110              	.L117:
 1111 0042 0F23     		movs	r3, #15
 1112 0044 FB18     		adds	r3, r7, r3
 1113 0046 1B78     		ldrb	r3, [r3]
 1114 0048 002B     		cmp	r3, #0
 1115 004a 1AD1     		bne	.L118
 1116 004c FFF7FEFF 		bl	LL_RCC_PLL_Enable
 1117 0050 C046     		nop
 1118              	.L119:
 1119 0052 FFF7FEFF 		bl	LL_RCC_PLL_IsReady
 1120 0056 0300     		movs	r3, r0
 1121 0058 012B     		cmp	r3, #1
 1122 005a FAD1     		bne	.L119
 1123 005c 3B68     		ldr	r3, [r7]
 1124 005e 1B68     		ldr	r3, [r3]
 1125 0060 1800     		movs	r0, r3
 1126 0062 FFF7FEFF 		bl	LL_RCC_SetAHBPrescaler
 1127 0066 0220     		movs	r0, #2
 1128 0068 FFF7FEFF 		bl	LL_RCC_SetSysClkSource
 1129 006c C046     		nop
 1130              	.L120:
 1131 006e FFF7FEFF 		bl	LL_RCC_GetSysClkSource
 1132 0072 0300     		movs	r3, r0
 1133 0074 082B     		cmp	r3, #8
 1134 0076 FAD1     		bne	.L120
 1135 0078 3B68     		ldr	r3, [r7]
 1136 007a 5B68     		ldr	r3, [r3, #4]
 1137 007c 1800     		movs	r0, r3
 1138 007e FFF7FEFF 		bl	LL_RCC_SetAPB1Prescaler
 1139              	.L118:
 1140 0082 BA68     		ldr	r2, [r7, #8]
ARM GAS  /tmp/ccgYXqjj.s 			page 20


 1141 0084 7B68     		ldr	r3, [r7, #4]
 1142 0086 9A42     		cmp	r2, r3
 1143 0088 07D9     		bls	.L121
 1144 008a 0F23     		movs	r3, #15
 1145 008c FC18     		adds	r4, r7, r3
 1146 008e 7B68     		ldr	r3, [r7, #4]
 1147 0090 1800     		movs	r0, r3
 1148 0092 FFF7FEFF 		bl	LL_SetFlashLatency
 1149 0096 0300     		movs	r3, r0
 1150 0098 2370     		strb	r3, [r4]
 1151              	.L121:
 1152 009a 0F23     		movs	r3, #15
 1153 009c FB18     		adds	r3, r7, r3
 1154 009e 1B78     		ldrb	r3, [r3]
 1155 00a0 002B     		cmp	r3, #0
 1156 00a2 0CD1     		bne	.L122
 1157 00a4 3B68     		ldr	r3, [r7]
 1158 00a6 1B68     		ldr	r3, [r3]
 1159 00a8 1B09     		lsrs	r3, r3, #4
 1160 00aa 0F22     		movs	r2, #15
 1161 00ac 1340     		ands	r3, r2
 1162 00ae 084A     		ldr	r2, .L124+4
 1163 00b0 D35C     		ldrb	r3, [r2, r3]
 1164 00b2 1A00     		movs	r2, r3
 1165 00b4 7B68     		ldr	r3, [r7, #4]
 1166 00b6 D340     		lsrs	r3, r3, r2
 1167 00b8 1800     		movs	r0, r3
 1168 00ba FFF7FEFF 		bl	LL_SetSystemCoreClock
 1169              	.L122:
 1170 00be 0F23     		movs	r3, #15
 1171 00c0 FB18     		adds	r3, r7, r3
 1172 00c2 1B78     		ldrb	r3, [r3]
 1173 00c4 1800     		movs	r0, r3
 1174 00c6 BD46     		mov	sp, r7
 1175 00c8 04B0     		add	sp, sp, #16
 1176              		@ sp needed
 1177 00ca B0BD     		pop	{r4, r5, r7, pc}
 1178              	.L125:
 1179              		.align	2
 1180              	.L124:
 1181 00cc 00000000 		.word	SystemCoreClock
 1182 00d0 00000000 		.word	AHBPrescTable
 1184              		.global	__aeabi_uidiv
 1185              		.ident	"GCC: (crosstool-NG 1.28.0 - arm-cortexm0-eabi) 15.2.0"
ARM GAS  /tmp/ccgYXqjj.s 			page 21


DEFINED SYMBOLS
                            *ABS*:00000000 stm32f0xx_ll_utils.c
     /tmp/ccgYXqjj.s:15     .text.LL_RCC_HSE_EnableBypass:00000000 $t
     /tmp/ccgYXqjj.s:20     .text.LL_RCC_HSE_EnableBypass:00000000 LL_RCC_HSE_EnableBypass
     /tmp/ccgYXqjj.s:39     .text.LL_RCC_HSE_EnableBypass:00000018 $d
     /tmp/ccgYXqjj.s:42     .text.LL_RCC_HSE_DisableBypass:00000000 $t
     /tmp/ccgYXqjj.s:47     .text.LL_RCC_HSE_DisableBypass:00000000 LL_RCC_HSE_DisableBypass
     /tmp/ccgYXqjj.s:65     .text.LL_RCC_HSE_DisableBypass:00000018 $d
     /tmp/ccgYXqjj.s:69     .text.LL_RCC_HSE_Enable:00000000 $t
     /tmp/ccgYXqjj.s:74     .text.LL_RCC_HSE_Enable:00000000 LL_RCC_HSE_Enable
     /tmp/ccgYXqjj.s:93     .text.LL_RCC_HSE_Enable:00000018 $d
     /tmp/ccgYXqjj.s:96     .text.LL_RCC_HSE_IsReady:00000000 $t
     /tmp/ccgYXqjj.s:101    .text.LL_RCC_HSE_IsReady:00000000 LL_RCC_HSE_IsReady
     /tmp/ccgYXqjj.s:121    .text.LL_RCC_HSE_IsReady:0000001c $d
     /tmp/ccgYXqjj.s:124    .text.LL_RCC_HSI_Enable:00000000 $t
     /tmp/ccgYXqjj.s:129    .text.LL_RCC_HSI_Enable:00000000 LL_RCC_HSI_Enable
     /tmp/ccgYXqjj.s:147    .text.LL_RCC_HSI_Enable:00000018 $d
     /tmp/ccgYXqjj.s:150    .text.LL_RCC_HSI_IsReady:00000000 $t
     /tmp/ccgYXqjj.s:155    .text.LL_RCC_HSI_IsReady:00000000 LL_RCC_HSI_IsReady
     /tmp/ccgYXqjj.s:174    .text.LL_RCC_HSI_IsReady:00000018 $d
     /tmp/ccgYXqjj.s:177    .text.LL_RCC_HSI48_Enable:00000000 $t
     /tmp/ccgYXqjj.s:182    .text.LL_RCC_HSI48_Enable:00000000 LL_RCC_HSI48_Enable
     /tmp/ccgYXqjj.s:201    .text.LL_RCC_HSI48_Enable:00000018 $d
     /tmp/ccgYXqjj.s:204    .text.LL_RCC_HSI48_IsReady:00000000 $t
     /tmp/ccgYXqjj.s:209    .text.LL_RCC_HSI48_IsReady:00000000 LL_RCC_HSI48_IsReady
     /tmp/ccgYXqjj.s:229    .text.LL_RCC_HSI48_IsReady:0000001c $d
     /tmp/ccgYXqjj.s:232    .text.LL_RCC_SetSysClkSource:00000000 $t
     /tmp/ccgYXqjj.s:237    .text.LL_RCC_SetSysClkSource:00000000 LL_RCC_SetSysClkSource
     /tmp/ccgYXqjj.s:261    .text.LL_RCC_SetSysClkSource:00000024 $d
     /tmp/ccgYXqjj.s:264    .text.LL_RCC_GetSysClkSource:00000000 $t
     /tmp/ccgYXqjj.s:269    .text.LL_RCC_GetSysClkSource:00000000 LL_RCC_GetSysClkSource
     /tmp/ccgYXqjj.s:285    .text.LL_RCC_GetSysClkSource:00000014 $d
     /tmp/ccgYXqjj.s:288    .text.LL_RCC_SetAHBPrescaler:00000000 $t
     /tmp/ccgYXqjj.s:293    .text.LL_RCC_SetAHBPrescaler:00000000 LL_RCC_SetAHBPrescaler
     /tmp/ccgYXqjj.s:317    .text.LL_RCC_SetAHBPrescaler:00000024 $d
     /tmp/ccgYXqjj.s:320    .text.LL_RCC_SetAPB1Prescaler:00000000 $t
     /tmp/ccgYXqjj.s:325    .text.LL_RCC_SetAPB1Prescaler:00000000 LL_RCC_SetAPB1Prescaler
     /tmp/ccgYXqjj.s:349    .text.LL_RCC_SetAPB1Prescaler:00000024 $d
     /tmp/ccgYXqjj.s:353    .text.LL_RCC_GetAHBPrescaler:00000000 $t
     /tmp/ccgYXqjj.s:358    .text.LL_RCC_GetAHBPrescaler:00000000 LL_RCC_GetAHBPrescaler
     /tmp/ccgYXqjj.s:374    .text.LL_RCC_GetAHBPrescaler:00000014 $d
     /tmp/ccgYXqjj.s:377    .text.LL_RCC_PLL_Enable:00000000 $t
     /tmp/ccgYXqjj.s:382    .text.LL_RCC_PLL_Enable:00000000 LL_RCC_PLL_Enable
     /tmp/ccgYXqjj.s:401    .text.LL_RCC_PLL_Enable:00000018 $d
     /tmp/ccgYXqjj.s:404    .text.LL_RCC_PLL_IsReady:00000000 $t
     /tmp/ccgYXqjj.s:409    .text.LL_RCC_PLL_IsReady:00000000 LL_RCC_PLL_IsReady
     /tmp/ccgYXqjj.s:429    .text.LL_RCC_PLL_IsReady:0000001c $d
     /tmp/ccgYXqjj.s:432    .text.LL_RCC_PLL_ConfigDomain_SYS:00000000 $t
     /tmp/ccgYXqjj.s:437    .text.LL_RCC_PLL_ConfigDomain_SYS:00000000 LL_RCC_PLL_ConfigDomain_SYS
     /tmp/ccgYXqjj.s:474    .text.LL_RCC_PLL_ConfigDomain_SYS:0000003c $d
     /tmp/ccgYXqjj.s:478    .text.LL_InitTick:00000000 $t
     /tmp/ccgYXqjj.s:483    .text.LL_InitTick:00000000 LL_InitTick
     /tmp/ccgYXqjj.s:513    .text.LL_InitTick:00000030 $d
     /tmp/ccgYXqjj.s:516    .text.LL_FLASH_SetLatency:00000000 $t
     /tmp/ccgYXqjj.s:521    .text.LL_FLASH_SetLatency:00000000 LL_FLASH_SetLatency
     /tmp/ccgYXqjj.s:545    .text.LL_FLASH_SetLatency:00000024 $d
     /tmp/ccgYXqjj.s:548    .text.LL_FLASH_GetLatency:00000000 $t
ARM GAS  /tmp/ccgYXqjj.s 			page 22


     /tmp/ccgYXqjj.s:553    .text.LL_FLASH_GetLatency:00000000 LL_FLASH_GetLatency
     /tmp/ccgYXqjj.s:569    .text.LL_FLASH_GetLatency:00000014 $d
     /tmp/ccgYXqjj.s:572    .text.LL_Init1msTick:00000000 $t
     /tmp/ccgYXqjj.s:578    .text.LL_Init1msTick:00000000 LL_Init1msTick
     /tmp/ccgYXqjj.s:598    .text.LL_mDelay:00000000 $t
     /tmp/ccgYXqjj.s:604    .text.LL_mDelay:00000000 LL_mDelay
     /tmp/ccgYXqjj.s:645    .text.LL_mDelay:00000040 $d
     /tmp/ccgYXqjj.s:648    .text.LL_SetSystemCoreClock:00000000 $t
     /tmp/ccgYXqjj.s:654    .text.LL_SetSystemCoreClock:00000000 LL_SetSystemCoreClock
     /tmp/ccgYXqjj.s:672    .text.LL_SetSystemCoreClock:00000018 $d
     /tmp/ccgYXqjj.s:675    .text.LL_SetFlashLatency:00000000 $t
     /tmp/ccgYXqjj.s:681    .text.LL_SetFlashLatency:00000000 LL_SetFlashLatency
     /tmp/ccgYXqjj.s:751    .text.LL_SetFlashLatency:00000078 $d
     /tmp/ccgYXqjj.s:754    .text.LL_PLL_ConfigSystemClock_HSI:00000000 $t
     /tmp/ccgYXqjj.s:760    .text.LL_PLL_ConfigSystemClock_HSI:00000000 LL_PLL_ConfigSystemClock_HSI
     /tmp/ccgYXqjj.s:1046   .text.UTILS_PLL_IsBusy:00000000 UTILS_PLL_IsBusy
     /tmp/ccgYXqjj.s:1005   .text.UTILS_GetPLLOutputFrequency:00000000 UTILS_GetPLLOutputFrequency
     /tmp/ccgYXqjj.s:1076   .text.UTILS_EnablePLLAndSwitchSystem:00000000 UTILS_EnablePLLAndSwitchSystem
     /tmp/ccgYXqjj.s:831    .text.LL_PLL_ConfigSystemClock_HSI:00000088 $d
     /tmp/ccgYXqjj.s:834    .text.LL_PLL_ConfigSystemClock_HSI48:00000000 $t
     /tmp/ccgYXqjj.s:840    .text.LL_PLL_ConfigSystemClock_HSI48:00000000 LL_PLL_ConfigSystemClock_HSI48
     /tmp/ccgYXqjj.s:911    .text.LL_PLL_ConfigSystemClock_HSI48:00000088 $d
     /tmp/ccgYXqjj.s:914    .text.LL_PLL_ConfigSystemClock_HSE:00000000 $t
     /tmp/ccgYXqjj.s:920    .text.LL_PLL_ConfigSystemClock_HSE:00000000 LL_PLL_ConfigSystemClock_HSE
     /tmp/ccgYXqjj.s:1000   .text.UTILS_GetPLLOutputFrequency:00000000 $t
     /tmp/ccgYXqjj.s:1041   .text.UTILS_PLL_IsBusy:00000000 $t
     /tmp/ccgYXqjj.s:1071   .text.UTILS_EnablePLLAndSwitchSystem:00000000 $t
     /tmp/ccgYXqjj.s:1181   .text.UTILS_EnablePLLAndSwitchSystem:000000cc $d

UNDEFINED SYMBOLS
__aeabi_uidiv
SystemCoreClock
AHBPrescTable
