ARM GAS  /tmp/ccODGKEV.s 			page 1


   1              		.arch armv6s-m
   2              		.fpu softvfp
   3              		.eabi_attribute 20, 1
   4              		.eabi_attribute 21, 1
   5              		.eabi_attribute 23, 3
   6              		.eabi_attribute 24, 1
   7              		.eabi_attribute 25, 1
   8              		.eabi_attribute 26, 1
   9              		.eabi_attribute 30, 6
  10              		.eabi_attribute 34, 0
  11              		.eabi_attribute 18, 4
  12              		.file	"stm32f0xx_ll_tim.c"
  13              		.text
  14              		.section	.rodata.OFFSET_TAB_CCMRx,"a"
  15              		.align	2
  18              	OFFSET_TAB_CCMRx:
  19 0000 00000000 		.ascii	"\000\000\000\000\004\004\004"
  19      040404
  20              		.section	.rodata.SHIFT_TAB_OCxx,"a"
  21              		.align	2
  24              	SHIFT_TAB_OCxx:
  25 0000 00000800 		.ascii	"\000\000\010\000\000\000\010"
  25      000008
  26              		.section	.rodata.SHIFT_TAB_ICxx,"a"
  27              		.align	2
  30              	SHIFT_TAB_ICxx:
  31 0000 00000800 		.ascii	"\000\000\010\000\000\000\010"
  31      000008
  32              		.section	.rodata.SHIFT_TAB_CCxP,"a"
  33              		.align	2
  36              	SHIFT_TAB_CCxP:
  37 0000 00020406 		.ascii	"\000\002\004\006\010\012\014"
  37      080A0C
  38              		.section	.rodata.SHIFT_TAB_OISx,"a"
  39              		.align	2
  42              	SHIFT_TAB_OISx:
  43 0000 00010203 		.ascii	"\000\001\002\003\004\005\006"
  43      040506
  44              		.section	.text.LL_TIM_SetPrescaler,"ax",%progbits
  45              		.align	1
  46              		.syntax unified
  47              		.code	16
  48              		.thumb_func
  50              	LL_TIM_SetPrescaler:
  51              		@ args = 0, pretend = 0, frame = 8
  52              		@ frame_needed = 1, uses_anonymous_args = 0
  53 0000 80B5     		push	{r7, lr}
  54 0002 82B0     		sub	sp, sp, #8
  55 0004 00AF     		add	r7, sp, #0
  56 0006 7860     		str	r0, [r7, #4]
  57 0008 3960     		str	r1, [r7]
  58 000a 7B68     		ldr	r3, [r7, #4]
  59 000c 3A68     		ldr	r2, [r7]
  60 000e 9A62     		str	r2, [r3, #40]
  61 0010 C046     		nop
  62 0012 BD46     		mov	sp, r7
  63 0014 02B0     		add	sp, sp, #8
ARM GAS  /tmp/ccODGKEV.s 			page 2


  64              		@ sp needed
  65 0016 80BD     		pop	{r7, pc}
  67              		.section	.text.LL_TIM_SetAutoReload,"ax",%progbits
  68              		.align	1
  69              		.syntax unified
  70              		.code	16
  71              		.thumb_func
  73              	LL_TIM_SetAutoReload:
  74              		@ args = 0, pretend = 0, frame = 8
  75              		@ frame_needed = 1, uses_anonymous_args = 0
  76 0000 80B5     		push	{r7, lr}
  77 0002 82B0     		sub	sp, sp, #8
  78 0004 00AF     		add	r7, sp, #0
  79 0006 7860     		str	r0, [r7, #4]
  80 0008 3960     		str	r1, [r7]
  81 000a 7B68     		ldr	r3, [r7, #4]
  82 000c 3A68     		ldr	r2, [r7]
  83 000e DA62     		str	r2, [r3, #44]
  84 0010 C046     		nop
  85 0012 BD46     		mov	sp, r7
  86 0014 02B0     		add	sp, sp, #8
  87              		@ sp needed
  88 0016 80BD     		pop	{r7, pc}
  90              		.section	.text.LL_TIM_SetRepetitionCounter,"ax",%progbits
  91              		.align	1
  92              		.syntax unified
  93              		.code	16
  94              		.thumb_func
  96              	LL_TIM_SetRepetitionCounter:
  97              		@ args = 0, pretend = 0, frame = 8
  98              		@ frame_needed = 1, uses_anonymous_args = 0
  99 0000 80B5     		push	{r7, lr}
 100 0002 82B0     		sub	sp, sp, #8
 101 0004 00AF     		add	r7, sp, #0
 102 0006 7860     		str	r0, [r7, #4]
 103 0008 3960     		str	r1, [r7]
 104 000a 7B68     		ldr	r3, [r7, #4]
 105 000c 3A68     		ldr	r2, [r7]
 106 000e 1A63     		str	r2, [r3, #48]
 107 0010 C046     		nop
 108 0012 BD46     		mov	sp, r7
 109 0014 02B0     		add	sp, sp, #8
 110              		@ sp needed
 111 0016 80BD     		pop	{r7, pc}
 113              		.section	.text.LL_TIM_OC_SetCompareCH1,"ax",%progbits
 114              		.align	1
 115              		.syntax unified
 116              		.code	16
 117              		.thumb_func
 119              	LL_TIM_OC_SetCompareCH1:
 120              		@ args = 0, pretend = 0, frame = 8
 121              		@ frame_needed = 1, uses_anonymous_args = 0
 122 0000 80B5     		push	{r7, lr}
 123 0002 82B0     		sub	sp, sp, #8
 124 0004 00AF     		add	r7, sp, #0
 125 0006 7860     		str	r0, [r7, #4]
 126 0008 3960     		str	r1, [r7]
ARM GAS  /tmp/ccODGKEV.s 			page 3


 127 000a 7B68     		ldr	r3, [r7, #4]
 128 000c 3A68     		ldr	r2, [r7]
 129 000e 5A63     		str	r2, [r3, #52]
 130 0010 C046     		nop
 131 0012 BD46     		mov	sp, r7
 132 0014 02B0     		add	sp, sp, #8
 133              		@ sp needed
 134 0016 80BD     		pop	{r7, pc}
 136              		.section	.text.LL_TIM_OC_SetCompareCH2,"ax",%progbits
 137              		.align	1
 138              		.syntax unified
 139              		.code	16
 140              		.thumb_func
 142              	LL_TIM_OC_SetCompareCH2:
 143              		@ args = 0, pretend = 0, frame = 8
 144              		@ frame_needed = 1, uses_anonymous_args = 0
 145 0000 80B5     		push	{r7, lr}
 146 0002 82B0     		sub	sp, sp, #8
 147 0004 00AF     		add	r7, sp, #0
 148 0006 7860     		str	r0, [r7, #4]
 149 0008 3960     		str	r1, [r7]
 150 000a 7B68     		ldr	r3, [r7, #4]
 151 000c 3A68     		ldr	r2, [r7]
 152 000e 9A63     		str	r2, [r3, #56]
 153 0010 C046     		nop
 154 0012 BD46     		mov	sp, r7
 155 0014 02B0     		add	sp, sp, #8
 156              		@ sp needed
 157 0016 80BD     		pop	{r7, pc}
 159              		.section	.text.LL_TIM_OC_SetCompareCH3,"ax",%progbits
 160              		.align	1
 161              		.syntax unified
 162              		.code	16
 163              		.thumb_func
 165              	LL_TIM_OC_SetCompareCH3:
 166              		@ args = 0, pretend = 0, frame = 8
 167              		@ frame_needed = 1, uses_anonymous_args = 0
 168 0000 80B5     		push	{r7, lr}
 169 0002 82B0     		sub	sp, sp, #8
 170 0004 00AF     		add	r7, sp, #0
 171 0006 7860     		str	r0, [r7, #4]
 172 0008 3960     		str	r1, [r7]
 173 000a 7B68     		ldr	r3, [r7, #4]
 174 000c 3A68     		ldr	r2, [r7]
 175 000e DA63     		str	r2, [r3, #60]
 176 0010 C046     		nop
 177 0012 BD46     		mov	sp, r7
 178 0014 02B0     		add	sp, sp, #8
 179              		@ sp needed
 180 0016 80BD     		pop	{r7, pc}
 182              		.section	.text.LL_TIM_OC_SetCompareCH4,"ax",%progbits
 183              		.align	1
 184              		.syntax unified
 185              		.code	16
 186              		.thumb_func
 188              	LL_TIM_OC_SetCompareCH4:
 189              		@ args = 0, pretend = 0, frame = 8
ARM GAS  /tmp/ccODGKEV.s 			page 4


 190              		@ frame_needed = 1, uses_anonymous_args = 0
 191 0000 80B5     		push	{r7, lr}
 192 0002 82B0     		sub	sp, sp, #8
 193 0004 00AF     		add	r7, sp, #0
 194 0006 7860     		str	r0, [r7, #4]
 195 0008 3960     		str	r1, [r7]
 196 000a 7B68     		ldr	r3, [r7, #4]
 197 000c 3A68     		ldr	r2, [r7]
 198 000e 1A64     		str	r2, [r3, #64]
 199 0010 C046     		nop
 200 0012 BD46     		mov	sp, r7
 201 0014 02B0     		add	sp, sp, #8
 202              		@ sp needed
 203 0016 80BD     		pop	{r7, pc}
 205              		.section	.text.LL_TIM_SetEncoderMode,"ax",%progbits
 206              		.align	1
 207              		.syntax unified
 208              		.code	16
 209              		.thumb_func
 211              	LL_TIM_SetEncoderMode:
 212              		@ args = 0, pretend = 0, frame = 8
 213              		@ frame_needed = 1, uses_anonymous_args = 0
 214 0000 80B5     		push	{r7, lr}
 215 0002 82B0     		sub	sp, sp, #8
 216 0004 00AF     		add	r7, sp, #0
 217 0006 7860     		str	r0, [r7, #4]
 218 0008 3960     		str	r1, [r7]
 219 000a 7B68     		ldr	r3, [r7, #4]
 220 000c 9B68     		ldr	r3, [r3, #8]
 221 000e 0722     		movs	r2, #7
 222 0010 9343     		bics	r3, r2
 223 0012 1A00     		movs	r2, r3
 224 0014 3B68     		ldr	r3, [r7]
 225 0016 1A43     		orrs	r2, r3
 226 0018 7B68     		ldr	r3, [r7, #4]
 227 001a 9A60     		str	r2, [r3, #8]
 228 001c C046     		nop
 229 001e BD46     		mov	sp, r7
 230 0020 02B0     		add	sp, sp, #8
 231              		@ sp needed
 232 0022 80BD     		pop	{r7, pc}
 234              		.section	.text.LL_TIM_GenerateEvent_UPDATE,"ax",%progbits
 235              		.align	1
 236              		.syntax unified
 237              		.code	16
 238              		.thumb_func
 240              	LL_TIM_GenerateEvent_UPDATE:
 241              		@ args = 0, pretend = 0, frame = 8
 242              		@ frame_needed = 1, uses_anonymous_args = 0
 243 0000 80B5     		push	{r7, lr}
 244 0002 82B0     		sub	sp, sp, #8
 245 0004 00AF     		add	r7, sp, #0
 246 0006 7860     		str	r0, [r7, #4]
 247 0008 7B68     		ldr	r3, [r7, #4]
 248 000a 5B69     		ldr	r3, [r3, #20]
 249 000c 0122     		movs	r2, #1
 250 000e 1A43     		orrs	r2, r3
ARM GAS  /tmp/ccODGKEV.s 			page 5


 251 0010 7B68     		ldr	r3, [r7, #4]
 252 0012 5A61     		str	r2, [r3, #20]
 253 0014 C046     		nop
 254 0016 BD46     		mov	sp, r7
 255 0018 02B0     		add	sp, sp, #8
 256              		@ sp needed
 257 001a 80BD     		pop	{r7, pc}
 259              		.section	.text.LL_APB1_GRP1_ForceReset,"ax",%progbits
 260              		.align	1
 261              		.syntax unified
 262              		.code	16
 263              		.thumb_func
 265              	LL_APB1_GRP1_ForceReset:
 266              		@ args = 0, pretend = 0, frame = 8
 267              		@ frame_needed = 1, uses_anonymous_args = 0
 268 0000 80B5     		push	{r7, lr}
 269 0002 82B0     		sub	sp, sp, #8
 270 0004 00AF     		add	r7, sp, #0
 271 0006 7860     		str	r0, [r7, #4]
 272 0008 044B     		ldr	r3, .L11
 273 000a 1969     		ldr	r1, [r3, #16]
 274 000c 034B     		ldr	r3, .L11
 275 000e 7A68     		ldr	r2, [r7, #4]
 276 0010 0A43     		orrs	r2, r1
 277 0012 1A61     		str	r2, [r3, #16]
 278 0014 C046     		nop
 279 0016 BD46     		mov	sp, r7
 280 0018 02B0     		add	sp, sp, #8
 281              		@ sp needed
 282 001a 80BD     		pop	{r7, pc}
 283              	.L12:
 284              		.align	2
 285              	.L11:
 286 001c 00100240 		.word	1073876992
 288              		.section	.text.LL_APB1_GRP1_ReleaseReset,"ax",%progbits
 289              		.align	1
 290              		.syntax unified
 291              		.code	16
 292              		.thumb_func
 294              	LL_APB1_GRP1_ReleaseReset:
 295              		@ args = 0, pretend = 0, frame = 8
 296              		@ frame_needed = 1, uses_anonymous_args = 0
 297 0000 80B5     		push	{r7, lr}
 298 0002 82B0     		sub	sp, sp, #8
 299 0004 00AF     		add	r7, sp, #0
 300 0006 7860     		str	r0, [r7, #4]
 301 0008 054B     		ldr	r3, .L14
 302 000a 1A69     		ldr	r2, [r3, #16]
 303 000c 7B68     		ldr	r3, [r7, #4]
 304 000e D943     		mvns	r1, r3
 305 0010 034B     		ldr	r3, .L14
 306 0012 0A40     		ands	r2, r1
 307 0014 1A61     		str	r2, [r3, #16]
 308 0016 C046     		nop
 309 0018 BD46     		mov	sp, r7
 310 001a 02B0     		add	sp, sp, #8
 311              		@ sp needed
ARM GAS  /tmp/ccODGKEV.s 			page 6


 312 001c 80BD     		pop	{r7, pc}
 313              	.L15:
 314 001e C046     		.align	2
 315              	.L14:
 316 0020 00100240 		.word	1073876992
 318              		.section	.text.LL_APB1_GRP2_ForceReset,"ax",%progbits
 319              		.align	1
 320              		.syntax unified
 321              		.code	16
 322              		.thumb_func
 324              	LL_APB1_GRP2_ForceReset:
 325              		@ args = 0, pretend = 0, frame = 8
 326              		@ frame_needed = 1, uses_anonymous_args = 0
 327 0000 80B5     		push	{r7, lr}
 328 0002 82B0     		sub	sp, sp, #8
 329 0004 00AF     		add	r7, sp, #0
 330 0006 7860     		str	r0, [r7, #4]
 331 0008 044B     		ldr	r3, .L17
 332 000a D968     		ldr	r1, [r3, #12]
 333 000c 034B     		ldr	r3, .L17
 334 000e 7A68     		ldr	r2, [r7, #4]
 335 0010 0A43     		orrs	r2, r1
 336 0012 DA60     		str	r2, [r3, #12]
 337 0014 C046     		nop
 338 0016 BD46     		mov	sp, r7
 339 0018 02B0     		add	sp, sp, #8
 340              		@ sp needed
 341 001a 80BD     		pop	{r7, pc}
 342              	.L18:
 343              		.align	2
 344              	.L17:
 345 001c 00100240 		.word	1073876992
 347              		.section	.text.LL_APB1_GRP2_ReleaseReset,"ax",%progbits
 348              		.align	1
 349              		.syntax unified
 350              		.code	16
 351              		.thumb_func
 353              	LL_APB1_GRP2_ReleaseReset:
 354              		@ args = 0, pretend = 0, frame = 8
 355              		@ frame_needed = 1, uses_anonymous_args = 0
 356 0000 80B5     		push	{r7, lr}
 357 0002 82B0     		sub	sp, sp, #8
 358 0004 00AF     		add	r7, sp, #0
 359 0006 7860     		str	r0, [r7, #4]
 360 0008 054B     		ldr	r3, .L20
 361 000a DA68     		ldr	r2, [r3, #12]
 362 000c 7B68     		ldr	r3, [r7, #4]
 363 000e D943     		mvns	r1, r3
 364 0010 034B     		ldr	r3, .L20
 365 0012 0A40     		ands	r2, r1
 366 0014 DA60     		str	r2, [r3, #12]
 367 0016 C046     		nop
 368 0018 BD46     		mov	sp, r7
 369 001a 02B0     		add	sp, sp, #8
 370              		@ sp needed
 371 001c 80BD     		pop	{r7, pc}
 372              	.L21:
ARM GAS  /tmp/ccODGKEV.s 			page 7


 373 001e C046     		.align	2
 374              	.L20:
 375 0020 00100240 		.word	1073876992
 377              		.section	.text.LL_TIM_DeInit,"ax",%progbits
 378              		.align	1
 379              		.global	LL_TIM_DeInit
 380              		.syntax unified
 381              		.code	16
 382              		.thumb_func
 384              	LL_TIM_DeInit:
 385              		@ args = 0, pretend = 0, frame = 16
 386              		@ frame_needed = 1, uses_anonymous_args = 0
 387 0000 80B5     		push	{r7, lr}
 388 0002 84B0     		sub	sp, sp, #16
 389 0004 00AF     		add	r7, sp, #0
 390 0006 7860     		str	r0, [r7, #4]
 391 0008 0F23     		movs	r3, #15
 392 000a FB18     		adds	r3, r7, r3
 393 000c 0022     		movs	r2, #0
 394 000e 1A70     		strb	r2, [r3]
 395 0010 7B68     		ldr	r3, [r7, #4]
 396 0012 414A     		ldr	r2, .L34
 397 0014 9342     		cmp	r3, r2
 398 0016 0AD1     		bne	.L23
 399 0018 8023     		movs	r3, #128
 400 001a 1B01     		lsls	r3, r3, #4
 401 001c 1800     		movs	r0, r3
 402 001e FFF7FEFF 		bl	LL_APB1_GRP2_ForceReset
 403 0022 8023     		movs	r3, #128
 404 0024 1B01     		lsls	r3, r3, #4
 405 0026 1800     		movs	r0, r3
 406 0028 FFF7FEFF 		bl	LL_APB1_GRP2_ReleaseReset
 407 002c 6CE0     		b	.L24
 408              	.L23:
 409 002e 7A68     		ldr	r2, [r7, #4]
 410 0030 8023     		movs	r3, #128
 411 0032 DB05     		lsls	r3, r3, #23
 412 0034 9A42     		cmp	r2, r3
 413 0036 06D1     		bne	.L25
 414 0038 0120     		movs	r0, #1
 415 003a FFF7FEFF 		bl	LL_APB1_GRP1_ForceReset
 416 003e 0120     		movs	r0, #1
 417 0040 FFF7FEFF 		bl	LL_APB1_GRP1_ReleaseReset
 418 0044 60E0     		b	.L24
 419              	.L25:
 420 0046 7B68     		ldr	r3, [r7, #4]
 421 0048 344A     		ldr	r2, .L34+4
 422 004a 9342     		cmp	r3, r2
 423 004c 06D1     		bne	.L26
 424 004e 0220     		movs	r0, #2
 425 0050 FFF7FEFF 		bl	LL_APB1_GRP1_ForceReset
 426 0054 0220     		movs	r0, #2
 427 0056 FFF7FEFF 		bl	LL_APB1_GRP1_ReleaseReset
 428 005a 55E0     		b	.L24
 429              	.L26:
 430 005c 7B68     		ldr	r3, [r7, #4]
 431 005e 304A     		ldr	r2, .L34+8
ARM GAS  /tmp/ccODGKEV.s 			page 8


 432 0060 9342     		cmp	r3, r2
 433 0062 06D1     		bne	.L27
 434 0064 1020     		movs	r0, #16
 435 0066 FFF7FEFF 		bl	LL_APB1_GRP1_ForceReset
 436 006a 1020     		movs	r0, #16
 437 006c FFF7FEFF 		bl	LL_APB1_GRP1_ReleaseReset
 438 0070 4AE0     		b	.L24
 439              	.L27:
 440 0072 7B68     		ldr	r3, [r7, #4]
 441 0074 2B4A     		ldr	r2, .L34+12
 442 0076 9342     		cmp	r3, r2
 443 0078 06D1     		bne	.L28
 444 007a 2020     		movs	r0, #32
 445 007c FFF7FEFF 		bl	LL_APB1_GRP1_ForceReset
 446 0080 2020     		movs	r0, #32
 447 0082 FFF7FEFF 		bl	LL_APB1_GRP1_ReleaseReset
 448 0086 3FE0     		b	.L24
 449              	.L28:
 450 0088 7B68     		ldr	r3, [r7, #4]
 451 008a 274A     		ldr	r2, .L34+16
 452 008c 9342     		cmp	r3, r2
 453 008e 0AD1     		bne	.L29
 454 0090 8023     		movs	r3, #128
 455 0092 5B00     		lsls	r3, r3, #1
 456 0094 1800     		movs	r0, r3
 457 0096 FFF7FEFF 		bl	LL_APB1_GRP1_ForceReset
 458 009a 8023     		movs	r3, #128
 459 009c 5B00     		lsls	r3, r3, #1
 460 009e 1800     		movs	r0, r3
 461 00a0 FFF7FEFF 		bl	LL_APB1_GRP1_ReleaseReset
 462 00a4 30E0     		b	.L24
 463              	.L29:
 464 00a6 7B68     		ldr	r3, [r7, #4]
 465 00a8 204A     		ldr	r2, .L34+20
 466 00aa 9342     		cmp	r3, r2
 467 00ac 0AD1     		bne	.L30
 468 00ae 8023     		movs	r3, #128
 469 00b0 5B02     		lsls	r3, r3, #9
 470 00b2 1800     		movs	r0, r3
 471 00b4 FFF7FEFF 		bl	LL_APB1_GRP2_ForceReset
 472 00b8 8023     		movs	r3, #128
 473 00ba 5B02     		lsls	r3, r3, #9
 474 00bc 1800     		movs	r0, r3
 475 00be FFF7FEFF 		bl	LL_APB1_GRP2_ReleaseReset
 476 00c2 21E0     		b	.L24
 477              	.L30:
 478 00c4 7B68     		ldr	r3, [r7, #4]
 479 00c6 1A4A     		ldr	r2, .L34+24
 480 00c8 9342     		cmp	r3, r2
 481 00ca 0AD1     		bne	.L31
 482 00cc 8023     		movs	r3, #128
 483 00ce 9B02     		lsls	r3, r3, #10
 484 00d0 1800     		movs	r0, r3
 485 00d2 FFF7FEFF 		bl	LL_APB1_GRP2_ForceReset
 486 00d6 8023     		movs	r3, #128
 487 00d8 9B02     		lsls	r3, r3, #10
 488 00da 1800     		movs	r0, r3
ARM GAS  /tmp/ccODGKEV.s 			page 9


 489 00dc FFF7FEFF 		bl	LL_APB1_GRP2_ReleaseReset
 490 00e0 12E0     		b	.L24
 491              	.L31:
 492 00e2 7B68     		ldr	r3, [r7, #4]
 493 00e4 134A     		ldr	r2, .L34+28
 494 00e6 9342     		cmp	r3, r2
 495 00e8 0AD1     		bne	.L32
 496 00ea 8023     		movs	r3, #128
 497 00ec DB02     		lsls	r3, r3, #11
 498 00ee 1800     		movs	r0, r3
 499 00f0 FFF7FEFF 		bl	LL_APB1_GRP2_ForceReset
 500 00f4 8023     		movs	r3, #128
 501 00f6 DB02     		lsls	r3, r3, #11
 502 00f8 1800     		movs	r0, r3
 503 00fa FFF7FEFF 		bl	LL_APB1_GRP2_ReleaseReset
 504 00fe 03E0     		b	.L24
 505              	.L32:
 506 0100 0F23     		movs	r3, #15
 507 0102 FB18     		adds	r3, r7, r3
 508 0104 0122     		movs	r2, #1
 509 0106 1A70     		strb	r2, [r3]
 510              	.L24:
 511 0108 0F23     		movs	r3, #15
 512 010a FB18     		adds	r3, r7, r3
 513 010c 1B78     		ldrb	r3, [r3]
 514 010e 1800     		movs	r0, r3
 515 0110 BD46     		mov	sp, r7
 516 0112 04B0     		add	sp, sp, #16
 517              		@ sp needed
 518 0114 80BD     		pop	{r7, pc}
 519              	.L35:
 520 0116 C046     		.align	2
 521              	.L34:
 522 0118 002C0140 		.word	1073818624
 523 011c 00040040 		.word	1073742848
 524 0120 00100040 		.word	1073745920
 525 0124 00140040 		.word	1073746944
 526 0128 00200040 		.word	1073750016
 527 012c 00400140 		.word	1073823744
 528 0130 00440140 		.word	1073824768
 529 0134 00480140 		.word	1073825792
 531              		.section	.text.LL_TIM_StructInit,"ax",%progbits
 532              		.align	1
 533              		.global	LL_TIM_StructInit
 534              		.syntax unified
 535              		.code	16
 536              		.thumb_func
 538              	LL_TIM_StructInit:
 539              		@ args = 0, pretend = 0, frame = 8
 540              		@ frame_needed = 1, uses_anonymous_args = 0
 541 0000 80B5     		push	{r7, lr}
 542 0002 82B0     		sub	sp, sp, #8
 543 0004 00AF     		add	r7, sp, #0
 544 0006 7860     		str	r0, [r7, #4]
 545 0008 7B68     		ldr	r3, [r7, #4]
 546 000a 0022     		movs	r2, #0
 547 000c 1A80     		strh	r2, [r3]
ARM GAS  /tmp/ccODGKEV.s 			page 10


 548 000e 7B68     		ldr	r3, [r7, #4]
 549 0010 0022     		movs	r2, #0
 550 0012 5A60     		str	r2, [r3, #4]
 551 0014 7B68     		ldr	r3, [r7, #4]
 552 0016 0122     		movs	r2, #1
 553 0018 5242     		rsbs	r2, r2, #0
 554 001a 9A60     		str	r2, [r3, #8]
 555 001c 7B68     		ldr	r3, [r7, #4]
 556 001e 0022     		movs	r2, #0
 557 0020 DA60     		str	r2, [r3, #12]
 558 0022 7B68     		ldr	r3, [r7, #4]
 559 0024 0022     		movs	r2, #0
 560 0026 1A61     		str	r2, [r3, #16]
 561 0028 C046     		nop
 562 002a BD46     		mov	sp, r7
 563 002c 02B0     		add	sp, sp, #8
 564              		@ sp needed
 565 002e 80BD     		pop	{r7, pc}
 567              		.section	.text.LL_TIM_Init,"ax",%progbits
 568              		.align	1
 569              		.global	LL_TIM_Init
 570              		.syntax unified
 571              		.code	16
 572              		.thumb_func
 574              	LL_TIM_Init:
 575              		@ args = 0, pretend = 0, frame = 16
 576              		@ frame_needed = 1, uses_anonymous_args = 0
 577 0000 80B5     		push	{r7, lr}
 578 0002 84B0     		sub	sp, sp, #16
 579 0004 00AF     		add	r7, sp, #0
 580 0006 7860     		str	r0, [r7, #4]
 581 0008 3960     		str	r1, [r7]
 582 000a 7B68     		ldr	r3, [r7, #4]
 583 000c 1B68     		ldr	r3, [r3]
 584 000e FB60     		str	r3, [r7, #12]
 585 0010 7B68     		ldr	r3, [r7, #4]
 586 0012 354A     		ldr	r2, .L45
 587 0014 9342     		cmp	r3, r2
 588 0016 08D0     		beq	.L38
 589 0018 7A68     		ldr	r2, [r7, #4]
 590 001a 8023     		movs	r3, #128
 591 001c DB05     		lsls	r3, r3, #23
 592 001e 9A42     		cmp	r2, r3
 593 0020 03D0     		beq	.L38
 594 0022 7B68     		ldr	r3, [r7, #4]
 595 0024 314A     		ldr	r2, .L45+4
 596 0026 9342     		cmp	r3, r2
 597 0028 07D1     		bne	.L39
 598              	.L38:
 599 002a FB68     		ldr	r3, [r7, #12]
 600 002c 7022     		movs	r2, #112
 601 002e 9343     		bics	r3, r2
 602 0030 1A00     		movs	r2, r3
 603 0032 3B68     		ldr	r3, [r7]
 604 0034 5B68     		ldr	r3, [r3, #4]
 605 0036 1343     		orrs	r3, r2
 606 0038 FB60     		str	r3, [r7, #12]
ARM GAS  /tmp/ccODGKEV.s 			page 11


 607              	.L39:
 608 003a 7B68     		ldr	r3, [r7, #4]
 609 003c 2A4A     		ldr	r2, .L45
 610 003e 9342     		cmp	r3, r2
 611 0040 18D0     		beq	.L40
 612 0042 7A68     		ldr	r2, [r7, #4]
 613 0044 8023     		movs	r3, #128
 614 0046 DB05     		lsls	r3, r3, #23
 615 0048 9A42     		cmp	r2, r3
 616 004a 13D0     		beq	.L40
 617 004c 7B68     		ldr	r3, [r7, #4]
 618 004e 274A     		ldr	r2, .L45+4
 619 0050 9342     		cmp	r3, r2
 620 0052 0FD0     		beq	.L40
 621 0054 7B68     		ldr	r3, [r7, #4]
 622 0056 264A     		ldr	r2, .L45+8
 623 0058 9342     		cmp	r3, r2
 624 005a 0BD0     		beq	.L40
 625 005c 7B68     		ldr	r3, [r7, #4]
 626 005e 254A     		ldr	r2, .L45+12
 627 0060 9342     		cmp	r3, r2
 628 0062 07D0     		beq	.L40
 629 0064 7B68     		ldr	r3, [r7, #4]
 630 0066 244A     		ldr	r2, .L45+16
 631 0068 9342     		cmp	r3, r2
 632 006a 03D0     		beq	.L40
 633 006c 7B68     		ldr	r3, [r7, #4]
 634 006e 234A     		ldr	r2, .L45+20
 635 0070 9342     		cmp	r3, r2
 636 0072 06D1     		bne	.L41
 637              	.L40:
 638 0074 FB68     		ldr	r3, [r7, #12]
 639 0076 224A     		ldr	r2, .L45+24
 640 0078 1A40     		ands	r2, r3
 641 007a 3B68     		ldr	r3, [r7]
 642 007c DB68     		ldr	r3, [r3, #12]
 643 007e 1343     		orrs	r3, r2
 644 0080 FB60     		str	r3, [r7, #12]
 645              	.L41:
 646 0082 7B68     		ldr	r3, [r7, #4]
 647 0084 FA68     		ldr	r2, [r7, #12]
 648 0086 1A60     		str	r2, [r3]
 649 0088 3B68     		ldr	r3, [r7]
 650 008a 9A68     		ldr	r2, [r3, #8]
 651 008c 7B68     		ldr	r3, [r7, #4]
 652 008e 1100     		movs	r1, r2
 653 0090 1800     		movs	r0, r3
 654 0092 FFF7FEFF 		bl	LL_TIM_SetAutoReload
 655 0096 3B68     		ldr	r3, [r7]
 656 0098 1B88     		ldrh	r3, [r3]
 657 009a 1A00     		movs	r2, r3
 658 009c 7B68     		ldr	r3, [r7, #4]
 659 009e 1100     		movs	r1, r2
 660 00a0 1800     		movs	r0, r3
 661 00a2 FFF7FEFF 		bl	LL_TIM_SetPrescaler
 662 00a6 7B68     		ldr	r3, [r7, #4]
 663 00a8 0F4A     		ldr	r2, .L45
ARM GAS  /tmp/ccODGKEV.s 			page 12


 664 00aa 9342     		cmp	r3, r2
 665 00ac 0BD0     		beq	.L42
 666 00ae 7B68     		ldr	r3, [r7, #4]
 667 00b0 104A     		ldr	r2, .L45+12
 668 00b2 9342     		cmp	r3, r2
 669 00b4 07D0     		beq	.L42
 670 00b6 7B68     		ldr	r3, [r7, #4]
 671 00b8 0F4A     		ldr	r2, .L45+16
 672 00ba 9342     		cmp	r3, r2
 673 00bc 03D0     		beq	.L42
 674 00be 7B68     		ldr	r3, [r7, #4]
 675 00c0 0E4A     		ldr	r2, .L45+20
 676 00c2 9342     		cmp	r3, r2
 677 00c4 06D1     		bne	.L43
 678              	.L42:
 679 00c6 3B68     		ldr	r3, [r7]
 680 00c8 1A69     		ldr	r2, [r3, #16]
 681 00ca 7B68     		ldr	r3, [r7, #4]
 682 00cc 1100     		movs	r1, r2
 683 00ce 1800     		movs	r0, r3
 684 00d0 FFF7FEFF 		bl	LL_TIM_SetRepetitionCounter
 685              	.L43:
 686 00d4 7B68     		ldr	r3, [r7, #4]
 687 00d6 1800     		movs	r0, r3
 688 00d8 FFF7FEFF 		bl	LL_TIM_GenerateEvent_UPDATE
 689 00dc 0023     		movs	r3, #0
 690 00de 1800     		movs	r0, r3
 691 00e0 BD46     		mov	sp, r7
 692 00e2 04B0     		add	sp, sp, #16
 693              		@ sp needed
 694 00e4 80BD     		pop	{r7, pc}
 695              	.L46:
 696 00e6 C046     		.align	2
 697              	.L45:
 698 00e8 002C0140 		.word	1073818624
 699 00ec 00040040 		.word	1073742848
 700 00f0 00200040 		.word	1073750016
 701 00f4 00400140 		.word	1073823744
 702 00f8 00440140 		.word	1073824768
 703 00fc 00480140 		.word	1073825792
 704 0100 FFFCFFFF 		.word	-769
 706              		.section	.text.LL_TIM_OC_StructInit,"ax",%progbits
 707              		.align	1
 708              		.global	LL_TIM_OC_StructInit
 709              		.syntax unified
 710              		.code	16
 711              		.thumb_func
 713              	LL_TIM_OC_StructInit:
 714              		@ args = 0, pretend = 0, frame = 8
 715              		@ frame_needed = 1, uses_anonymous_args = 0
 716 0000 80B5     		push	{r7, lr}
 717 0002 82B0     		sub	sp, sp, #8
 718 0004 00AF     		add	r7, sp, #0
 719 0006 7860     		str	r0, [r7, #4]
 720 0008 7B68     		ldr	r3, [r7, #4]
 721 000a 0022     		movs	r2, #0
 722 000c 1A60     		str	r2, [r3]
ARM GAS  /tmp/ccODGKEV.s 			page 13


 723 000e 7B68     		ldr	r3, [r7, #4]
 724 0010 0022     		movs	r2, #0
 725 0012 5A60     		str	r2, [r3, #4]
 726 0014 7B68     		ldr	r3, [r7, #4]
 727 0016 0022     		movs	r2, #0
 728 0018 9A60     		str	r2, [r3, #8]
 729 001a 7B68     		ldr	r3, [r7, #4]
 730 001c 0022     		movs	r2, #0
 731 001e DA60     		str	r2, [r3, #12]
 732 0020 7B68     		ldr	r3, [r7, #4]
 733 0022 0022     		movs	r2, #0
 734 0024 1A61     		str	r2, [r3, #16]
 735 0026 7B68     		ldr	r3, [r7, #4]
 736 0028 0022     		movs	r2, #0
 737 002a 5A61     		str	r2, [r3, #20]
 738 002c 7B68     		ldr	r3, [r7, #4]
 739 002e 0022     		movs	r2, #0
 740 0030 9A61     		str	r2, [r3, #24]
 741 0032 7B68     		ldr	r3, [r7, #4]
 742 0034 0022     		movs	r2, #0
 743 0036 DA61     		str	r2, [r3, #28]
 744 0038 C046     		nop
 745 003a BD46     		mov	sp, r7
 746 003c 02B0     		add	sp, sp, #8
 747              		@ sp needed
 748 003e 80BD     		pop	{r7, pc}
 750              		.section	.text.LL_TIM_OC_Init,"ax",%progbits
 751              		.align	1
 752              		.global	LL_TIM_OC_Init
 753              		.syntax unified
 754              		.code	16
 755              		.thumb_func
 757              	LL_TIM_OC_Init:
 758              		@ args = 0, pretend = 0, frame = 24
 759              		@ frame_needed = 1, uses_anonymous_args = 0
 760 0000 90B5     		push	{r4, r7, lr}
 761 0002 87B0     		sub	sp, sp, #28
 762 0004 00AF     		add	r7, sp, #0
 763 0006 F860     		str	r0, [r7, #12]
 764 0008 B960     		str	r1, [r7, #8]
 765 000a 7A60     		str	r2, [r7, #4]
 766 000c 1723     		movs	r3, #23
 767 000e FB18     		adds	r3, r7, r3
 768 0010 0122     		movs	r2, #1
 769 0012 1A70     		strb	r2, [r3]
 770 0014 BA68     		ldr	r2, [r7, #8]
 771 0016 8023     		movs	r3, #128
 772 0018 5B01     		lsls	r3, r3, #5
 773 001a 9A42     		cmp	r2, r3
 774 001c 36D0     		beq	.L49
 775 001e BA68     		ldr	r2, [r7, #8]
 776 0020 8023     		movs	r3, #128
 777 0022 5B01     		lsls	r3, r3, #5
 778 0024 9A42     		cmp	r2, r3
 779 0026 3CD8     		bhi	.L56
 780 0028 BA68     		ldr	r2, [r7, #8]
 781 002a 8023     		movs	r3, #128
ARM GAS  /tmp/ccODGKEV.s 			page 14


 782 002c 5B00     		lsls	r3, r3, #1
 783 002e 9A42     		cmp	r2, r3
 784 0030 21D0     		beq	.L51
 785 0032 BA68     		ldr	r2, [r7, #8]
 786 0034 8023     		movs	r3, #128
 787 0036 5B00     		lsls	r3, r3, #1
 788 0038 9A42     		cmp	r2, r3
 789 003a 32D8     		bhi	.L56
 790 003c BB68     		ldr	r3, [r7, #8]
 791 003e 012B     		cmp	r3, #1
 792 0040 03D0     		beq	.L52
 793 0042 BB68     		ldr	r3, [r7, #8]
 794 0044 102B     		cmp	r3, #16
 795 0046 0BD0     		beq	.L53
 796 0048 2BE0     		b	.L56
 797              	.L52:
 798 004a 1723     		movs	r3, #23
 799 004c FC18     		adds	r4, r7, r3
 800 004e 7A68     		ldr	r2, [r7, #4]
 801 0050 FB68     		ldr	r3, [r7, #12]
 802 0052 1100     		movs	r1, r2
 803 0054 1800     		movs	r0, r3
 804 0056 FFF7FEFF 		bl	OC1Config
 805 005a 0300     		movs	r3, r0
 806 005c 2370     		strb	r3, [r4]
 807 005e 21E0     		b	.L54
 808              	.L53:
 809 0060 1723     		movs	r3, #23
 810 0062 FC18     		adds	r4, r7, r3
 811 0064 7A68     		ldr	r2, [r7, #4]
 812 0066 FB68     		ldr	r3, [r7, #12]
 813 0068 1100     		movs	r1, r2
 814 006a 1800     		movs	r0, r3
 815 006c FFF7FEFF 		bl	OC2Config
 816 0070 0300     		movs	r3, r0
 817 0072 2370     		strb	r3, [r4]
 818 0074 16E0     		b	.L54
 819              	.L51:
 820 0076 1723     		movs	r3, #23
 821 0078 FC18     		adds	r4, r7, r3
 822 007a 7A68     		ldr	r2, [r7, #4]
 823 007c FB68     		ldr	r3, [r7, #12]
 824 007e 1100     		movs	r1, r2
 825 0080 1800     		movs	r0, r3
 826 0082 FFF7FEFF 		bl	OC3Config
 827 0086 0300     		movs	r3, r0
 828 0088 2370     		strb	r3, [r4]
 829 008a 0BE0     		b	.L54
 830              	.L49:
 831 008c 1723     		movs	r3, #23
 832 008e FC18     		adds	r4, r7, r3
 833 0090 7A68     		ldr	r2, [r7, #4]
 834 0092 FB68     		ldr	r3, [r7, #12]
 835 0094 1100     		movs	r1, r2
 836 0096 1800     		movs	r0, r3
 837 0098 FFF7FEFF 		bl	OC4Config
 838 009c 0300     		movs	r3, r0
ARM GAS  /tmp/ccODGKEV.s 			page 15


 839 009e 2370     		strb	r3, [r4]
 840 00a0 00E0     		b	.L54
 841              	.L56:
 842 00a2 C046     		nop
 843              	.L54:
 844 00a4 1723     		movs	r3, #23
 845 00a6 FB18     		adds	r3, r7, r3
 846 00a8 1B78     		ldrb	r3, [r3]
 847 00aa 1800     		movs	r0, r3
 848 00ac BD46     		mov	sp, r7
 849 00ae 07B0     		add	sp, sp, #28
 850              		@ sp needed
 851 00b0 90BD     		pop	{r4, r7, pc}
 853              		.section	.text.LL_TIM_IC_StructInit,"ax",%progbits
 854              		.align	1
 855              		.global	LL_TIM_IC_StructInit
 856              		.syntax unified
 857              		.code	16
 858              		.thumb_func
 860              	LL_TIM_IC_StructInit:
 861              		@ args = 0, pretend = 0, frame = 8
 862              		@ frame_needed = 1, uses_anonymous_args = 0
 863 0000 80B5     		push	{r7, lr}
 864 0002 82B0     		sub	sp, sp, #8
 865 0004 00AF     		add	r7, sp, #0
 866 0006 7860     		str	r0, [r7, #4]
 867 0008 7B68     		ldr	r3, [r7, #4]
 868 000a 0022     		movs	r2, #0
 869 000c 1A60     		str	r2, [r3]
 870 000e 7B68     		ldr	r3, [r7, #4]
 871 0010 8022     		movs	r2, #128
 872 0012 5202     		lsls	r2, r2, #9
 873 0014 5A60     		str	r2, [r3, #4]
 874 0016 7B68     		ldr	r3, [r7, #4]
 875 0018 0022     		movs	r2, #0
 876 001a 9A60     		str	r2, [r3, #8]
 877 001c 7B68     		ldr	r3, [r7, #4]
 878 001e 0022     		movs	r2, #0
 879 0020 DA60     		str	r2, [r3, #12]
 880 0022 C046     		nop
 881 0024 BD46     		mov	sp, r7
 882 0026 02B0     		add	sp, sp, #8
 883              		@ sp needed
 884 0028 80BD     		pop	{r7, pc}
 886              		.section	.text.LL_TIM_IC_Init,"ax",%progbits
 887              		.align	1
 888              		.global	LL_TIM_IC_Init
 889              		.syntax unified
 890              		.code	16
 891              		.thumb_func
 893              	LL_TIM_IC_Init:
 894              		@ args = 0, pretend = 0, frame = 24
 895              		@ frame_needed = 1, uses_anonymous_args = 0
 896 0000 90B5     		push	{r4, r7, lr}
 897 0002 87B0     		sub	sp, sp, #28
 898 0004 00AF     		add	r7, sp, #0
 899 0006 F860     		str	r0, [r7, #12]
ARM GAS  /tmp/ccODGKEV.s 			page 16


 900 0008 B960     		str	r1, [r7, #8]
 901 000a 7A60     		str	r2, [r7, #4]
 902 000c 1723     		movs	r3, #23
 903 000e FB18     		adds	r3, r7, r3
 904 0010 0122     		movs	r2, #1
 905 0012 1A70     		strb	r2, [r3]
 906 0014 BA68     		ldr	r2, [r7, #8]
 907 0016 8023     		movs	r3, #128
 908 0018 5B01     		lsls	r3, r3, #5
 909 001a 9A42     		cmp	r2, r3
 910 001c 36D0     		beq	.L59
 911 001e BA68     		ldr	r2, [r7, #8]
 912 0020 8023     		movs	r3, #128
 913 0022 5B01     		lsls	r3, r3, #5
 914 0024 9A42     		cmp	r2, r3
 915 0026 3CD8     		bhi	.L66
 916 0028 BA68     		ldr	r2, [r7, #8]
 917 002a 8023     		movs	r3, #128
 918 002c 5B00     		lsls	r3, r3, #1
 919 002e 9A42     		cmp	r2, r3
 920 0030 21D0     		beq	.L61
 921 0032 BA68     		ldr	r2, [r7, #8]
 922 0034 8023     		movs	r3, #128
 923 0036 5B00     		lsls	r3, r3, #1
 924 0038 9A42     		cmp	r2, r3
 925 003a 32D8     		bhi	.L66
 926 003c BB68     		ldr	r3, [r7, #8]
 927 003e 012B     		cmp	r3, #1
 928 0040 03D0     		beq	.L62
 929 0042 BB68     		ldr	r3, [r7, #8]
 930 0044 102B     		cmp	r3, #16
 931 0046 0BD0     		beq	.L63
 932 0048 2BE0     		b	.L66
 933              	.L62:
 934 004a 1723     		movs	r3, #23
 935 004c FC18     		adds	r4, r7, r3
 936 004e 7A68     		ldr	r2, [r7, #4]
 937 0050 FB68     		ldr	r3, [r7, #12]
 938 0052 1100     		movs	r1, r2
 939 0054 1800     		movs	r0, r3
 940 0056 FFF7FEFF 		bl	IC1Config
 941 005a 0300     		movs	r3, r0
 942 005c 2370     		strb	r3, [r4]
 943 005e 21E0     		b	.L64
 944              	.L63:
 945 0060 1723     		movs	r3, #23
 946 0062 FC18     		adds	r4, r7, r3
 947 0064 7A68     		ldr	r2, [r7, #4]
 948 0066 FB68     		ldr	r3, [r7, #12]
 949 0068 1100     		movs	r1, r2
 950 006a 1800     		movs	r0, r3
 951 006c FFF7FEFF 		bl	IC2Config
 952 0070 0300     		movs	r3, r0
 953 0072 2370     		strb	r3, [r4]
 954 0074 16E0     		b	.L64
 955              	.L61:
 956 0076 1723     		movs	r3, #23
ARM GAS  /tmp/ccODGKEV.s 			page 17


 957 0078 FC18     		adds	r4, r7, r3
 958 007a 7A68     		ldr	r2, [r7, #4]
 959 007c FB68     		ldr	r3, [r7, #12]
 960 007e 1100     		movs	r1, r2
 961 0080 1800     		movs	r0, r3
 962 0082 FFF7FEFF 		bl	IC3Config
 963 0086 0300     		movs	r3, r0
 964 0088 2370     		strb	r3, [r4]
 965 008a 0BE0     		b	.L64
 966              	.L59:
 967 008c 1723     		movs	r3, #23
 968 008e FC18     		adds	r4, r7, r3
 969 0090 7A68     		ldr	r2, [r7, #4]
 970 0092 FB68     		ldr	r3, [r7, #12]
 971 0094 1100     		movs	r1, r2
 972 0096 1800     		movs	r0, r3
 973 0098 FFF7FEFF 		bl	IC4Config
 974 009c 0300     		movs	r3, r0
 975 009e 2370     		strb	r3, [r4]
 976 00a0 00E0     		b	.L64
 977              	.L66:
 978 00a2 C046     		nop
 979              	.L64:
 980 00a4 1723     		movs	r3, #23
 981 00a6 FB18     		adds	r3, r7, r3
 982 00a8 1B78     		ldrb	r3, [r3]
 983 00aa 1800     		movs	r0, r3
 984 00ac BD46     		mov	sp, r7
 985 00ae 07B0     		add	sp, sp, #28
 986              		@ sp needed
 987 00b0 90BD     		pop	{r4, r7, pc}
 989              		.section	.text.LL_TIM_ENCODER_StructInit,"ax",%progbits
 990              		.align	1
 991              		.global	LL_TIM_ENCODER_StructInit
 992              		.syntax unified
 993              		.code	16
 994              		.thumb_func
 996              	LL_TIM_ENCODER_StructInit:
 997              		@ args = 0, pretend = 0, frame = 8
 998              		@ frame_needed = 1, uses_anonymous_args = 0
 999 0000 80B5     		push	{r7, lr}
 1000 0002 82B0     		sub	sp, sp, #8
 1001 0004 00AF     		add	r7, sp, #0
 1002 0006 7860     		str	r0, [r7, #4]
 1003 0008 7B68     		ldr	r3, [r7, #4]
 1004 000a 0122     		movs	r2, #1
 1005 000c 1A60     		str	r2, [r3]
 1006 000e 7B68     		ldr	r3, [r7, #4]
 1007 0010 0022     		movs	r2, #0
 1008 0012 5A60     		str	r2, [r3, #4]
 1009 0014 7B68     		ldr	r3, [r7, #4]
 1010 0016 8022     		movs	r2, #128
 1011 0018 5202     		lsls	r2, r2, #9
 1012 001a 9A60     		str	r2, [r3, #8]
 1013 001c 7B68     		ldr	r3, [r7, #4]
 1014 001e 0022     		movs	r2, #0
 1015 0020 DA60     		str	r2, [r3, #12]
ARM GAS  /tmp/ccODGKEV.s 			page 18


 1016 0022 7B68     		ldr	r3, [r7, #4]
 1017 0024 0022     		movs	r2, #0
 1018 0026 1A61     		str	r2, [r3, #16]
 1019 0028 7B68     		ldr	r3, [r7, #4]
 1020 002a 0022     		movs	r2, #0
 1021 002c 5A61     		str	r2, [r3, #20]
 1022 002e 7B68     		ldr	r3, [r7, #4]
 1023 0030 8022     		movs	r2, #128
 1024 0032 5202     		lsls	r2, r2, #9
 1025 0034 9A61     		str	r2, [r3, #24]
 1026 0036 7B68     		ldr	r3, [r7, #4]
 1027 0038 0022     		movs	r2, #0
 1028 003a DA61     		str	r2, [r3, #28]
 1029 003c 7B68     		ldr	r3, [r7, #4]
 1030 003e 0022     		movs	r2, #0
 1031 0040 1A62     		str	r2, [r3, #32]
 1032 0042 C046     		nop
 1033 0044 BD46     		mov	sp, r7
 1034 0046 02B0     		add	sp, sp, #8
 1035              		@ sp needed
 1036 0048 80BD     		pop	{r7, pc}
 1038              		.section	.text.LL_TIM_ENCODER_Init,"ax",%progbits
 1039              		.align	1
 1040              		.global	LL_TIM_ENCODER_Init
 1041              		.syntax unified
 1042              		.code	16
 1043              		.thumb_func
 1045              	LL_TIM_ENCODER_Init:
 1046              		@ args = 0, pretend = 0, frame = 16
 1047              		@ frame_needed = 1, uses_anonymous_args = 0
 1048 0000 80B5     		push	{r7, lr}
 1049 0002 84B0     		sub	sp, sp, #16
 1050 0004 00AF     		add	r7, sp, #0
 1051 0006 7860     		str	r0, [r7, #4]
 1052 0008 3960     		str	r1, [r7]
 1053 000a 7B68     		ldr	r3, [r7, #4]
 1054 000c 1B6A     		ldr	r3, [r3, #32]
 1055 000e 1122     		movs	r2, #17
 1056 0010 9343     		bics	r3, r2
 1057 0012 1A00     		movs	r2, r3
 1058 0014 7B68     		ldr	r3, [r7, #4]
 1059 0016 1A62     		str	r2, [r3, #32]
 1060 0018 7B68     		ldr	r3, [r7, #4]
 1061 001a 9B69     		ldr	r3, [r3, #24]
 1062 001c FB60     		str	r3, [r7, #12]
 1063 001e 7B68     		ldr	r3, [r7, #4]
 1064 0020 1B6A     		ldr	r3, [r3, #32]
 1065 0022 BB60     		str	r3, [r7, #8]
 1066 0024 FB68     		ldr	r3, [r7, #12]
 1067 0026 FF22     		movs	r2, #255
 1068 0028 9343     		bics	r3, r2
 1069 002a FB60     		str	r3, [r7, #12]
 1070 002c 3B68     		ldr	r3, [r7]
 1071 002e 9B68     		ldr	r3, [r3, #8]
 1072 0030 1B0C     		lsrs	r3, r3, #16
 1073 0032 FA68     		ldr	r2, [r7, #12]
 1074 0034 1343     		orrs	r3, r2
ARM GAS  /tmp/ccODGKEV.s 			page 19


 1075 0036 FB60     		str	r3, [r7, #12]
 1076 0038 3B68     		ldr	r3, [r7]
 1077 003a 1B69     		ldr	r3, [r3, #16]
 1078 003c 1B0C     		lsrs	r3, r3, #16
 1079 003e FA68     		ldr	r2, [r7, #12]
 1080 0040 1343     		orrs	r3, r2
 1081 0042 FB60     		str	r3, [r7, #12]
 1082 0044 3B68     		ldr	r3, [r7]
 1083 0046 DB68     		ldr	r3, [r3, #12]
 1084 0048 1B0C     		lsrs	r3, r3, #16
 1085 004a FA68     		ldr	r2, [r7, #12]
 1086 004c 1343     		orrs	r3, r2
 1087 004e FB60     		str	r3, [r7, #12]
 1088 0050 FB68     		ldr	r3, [r7, #12]
 1089 0052 1D4A     		ldr	r2, .L70
 1090 0054 1340     		ands	r3, r2
 1091 0056 FB60     		str	r3, [r7, #12]
 1092 0058 3B68     		ldr	r3, [r7]
 1093 005a 9B69     		ldr	r3, [r3, #24]
 1094 005c 1B0A     		lsrs	r3, r3, #8
 1095 005e FA68     		ldr	r2, [r7, #12]
 1096 0060 1343     		orrs	r3, r2
 1097 0062 FB60     		str	r3, [r7, #12]
 1098 0064 3B68     		ldr	r3, [r7]
 1099 0066 1B6A     		ldr	r3, [r3, #32]
 1100 0068 1B0A     		lsrs	r3, r3, #8
 1101 006a FA68     		ldr	r2, [r7, #12]
 1102 006c 1343     		orrs	r3, r2
 1103 006e FB60     		str	r3, [r7, #12]
 1104 0070 3B68     		ldr	r3, [r7]
 1105 0072 DB69     		ldr	r3, [r3, #28]
 1106 0074 1B0A     		lsrs	r3, r3, #8
 1107 0076 FA68     		ldr	r2, [r7, #12]
 1108 0078 1343     		orrs	r3, r2
 1109 007a FB60     		str	r3, [r7, #12]
 1110 007c BB68     		ldr	r3, [r7, #8]
 1111 007e AA22     		movs	r2, #170
 1112 0080 9343     		bics	r3, r2
 1113 0082 BB60     		str	r3, [r7, #8]
 1114 0084 3B68     		ldr	r3, [r7]
 1115 0086 5B68     		ldr	r3, [r3, #4]
 1116 0088 BA68     		ldr	r2, [r7, #8]
 1117 008a 1343     		orrs	r3, r2
 1118 008c BB60     		str	r3, [r7, #8]
 1119 008e 3B68     		ldr	r3, [r7]
 1120 0090 5B69     		ldr	r3, [r3, #20]
 1121 0092 1B01     		lsls	r3, r3, #4
 1122 0094 BA68     		ldr	r2, [r7, #8]
 1123 0096 1343     		orrs	r3, r2
 1124 0098 BB60     		str	r3, [r7, #8]
 1125 009a BB68     		ldr	r3, [r7, #8]
 1126 009c 1122     		movs	r2, #17
 1127 009e 1343     		orrs	r3, r2
 1128 00a0 BB60     		str	r3, [r7, #8]
 1129 00a2 3B68     		ldr	r3, [r7]
 1130 00a4 1A68     		ldr	r2, [r3]
 1131 00a6 7B68     		ldr	r3, [r7, #4]
ARM GAS  /tmp/ccODGKEV.s 			page 20


 1132 00a8 1100     		movs	r1, r2
 1133 00aa 1800     		movs	r0, r3
 1134 00ac FFF7FEFF 		bl	LL_TIM_SetEncoderMode
 1135 00b0 7B68     		ldr	r3, [r7, #4]
 1136 00b2 FA68     		ldr	r2, [r7, #12]
 1137 00b4 9A61     		str	r2, [r3, #24]
 1138 00b6 7B68     		ldr	r3, [r7, #4]
 1139 00b8 BA68     		ldr	r2, [r7, #8]
 1140 00ba 1A62     		str	r2, [r3, #32]
 1141 00bc 0023     		movs	r3, #0
 1142 00be 1800     		movs	r0, r3
 1143 00c0 BD46     		mov	sp, r7
 1144 00c2 04B0     		add	sp, sp, #16
 1145              		@ sp needed
 1146 00c4 80BD     		pop	{r7, pc}
 1147              	.L71:
 1148 00c6 C046     		.align	2
 1149              	.L70:
 1150 00c8 FF00FFFF 		.word	-65281
 1152              		.section	.text.LL_TIM_HALLSENSOR_StructInit,"ax",%progbits
 1153              		.align	1
 1154              		.global	LL_TIM_HALLSENSOR_StructInit
 1155              		.syntax unified
 1156              		.code	16
 1157              		.thumb_func
 1159              	LL_TIM_HALLSENSOR_StructInit:
 1160              		@ args = 0, pretend = 0, frame = 8
 1161              		@ frame_needed = 1, uses_anonymous_args = 0
 1162 0000 80B5     		push	{r7, lr}
 1163 0002 82B0     		sub	sp, sp, #8
 1164 0004 00AF     		add	r7, sp, #0
 1165 0006 7860     		str	r0, [r7, #4]
 1166 0008 7B68     		ldr	r3, [r7, #4]
 1167 000a 0022     		movs	r2, #0
 1168 000c 1A60     		str	r2, [r3]
 1169 000e 7B68     		ldr	r3, [r7, #4]
 1170 0010 0022     		movs	r2, #0
 1171 0012 5A60     		str	r2, [r3, #4]
 1172 0014 7B68     		ldr	r3, [r7, #4]
 1173 0016 0022     		movs	r2, #0
 1174 0018 9A60     		str	r2, [r3, #8]
 1175 001a 7B68     		ldr	r3, [r7, #4]
 1176 001c 0022     		movs	r2, #0
 1177 001e DA60     		str	r2, [r3, #12]
 1178 0020 C046     		nop
 1179 0022 BD46     		mov	sp, r7
 1180 0024 02B0     		add	sp, sp, #8
 1181              		@ sp needed
 1182 0026 80BD     		pop	{r7, pc}
 1184              		.section	.text.LL_TIM_HALLSENSOR_Init,"ax",%progbits
 1185              		.align	1
 1186              		.global	LL_TIM_HALLSENSOR_Init
 1187              		.syntax unified
 1188              		.code	16
 1189              		.thumb_func
 1191              	LL_TIM_HALLSENSOR_Init:
 1192              		@ args = 0, pretend = 0, frame = 24
ARM GAS  /tmp/ccODGKEV.s 			page 21


 1193              		@ frame_needed = 1, uses_anonymous_args = 0
 1194 0000 80B5     		push	{r7, lr}
 1195 0002 86B0     		sub	sp, sp, #24
 1196 0004 00AF     		add	r7, sp, #0
 1197 0006 7860     		str	r0, [r7, #4]
 1198 0008 3960     		str	r1, [r7]
 1199 000a 7B68     		ldr	r3, [r7, #4]
 1200 000c 1B6A     		ldr	r3, [r3, #32]
 1201 000e 1122     		movs	r2, #17
 1202 0010 9343     		bics	r3, r2
 1203 0012 1A00     		movs	r2, r3
 1204 0014 7B68     		ldr	r3, [r7, #4]
 1205 0016 1A62     		str	r2, [r3, #32]
 1206 0018 7B68     		ldr	r3, [r7, #4]
 1207 001a 5B68     		ldr	r3, [r3, #4]
 1208 001c 7B61     		str	r3, [r7, #20]
 1209 001e 7B68     		ldr	r3, [r7, #4]
 1210 0020 9B69     		ldr	r3, [r3, #24]
 1211 0022 3B61     		str	r3, [r7, #16]
 1212 0024 7B68     		ldr	r3, [r7, #4]
 1213 0026 1B6A     		ldr	r3, [r3, #32]
 1214 0028 FB60     		str	r3, [r7, #12]
 1215 002a 7B68     		ldr	r3, [r7, #4]
 1216 002c 9B68     		ldr	r3, [r3, #8]
 1217 002e BB60     		str	r3, [r7, #8]
 1218 0030 7B69     		ldr	r3, [r7, #20]
 1219 0032 8022     		movs	r2, #128
 1220 0034 1343     		orrs	r3, r2
 1221 0036 7B61     		str	r3, [r7, #20]
 1222 0038 7B69     		ldr	r3, [r7, #20]
 1223 003a 5022     		movs	r2, #80
 1224 003c 1343     		orrs	r3, r2
 1225 003e 7B61     		str	r3, [r7, #20]
 1226 0040 BB68     		ldr	r3, [r7, #8]
 1227 0042 7722     		movs	r2, #119
 1228 0044 9343     		bics	r3, r2
 1229 0046 BB60     		str	r3, [r7, #8]
 1230 0048 BB68     		ldr	r3, [r7, #8]
 1231 004a 4022     		movs	r2, #64
 1232 004c 1343     		orrs	r3, r2
 1233 004e BB60     		str	r3, [r7, #8]
 1234 0050 BB68     		ldr	r3, [r7, #8]
 1235 0052 0422     		movs	r2, #4
 1236 0054 1343     		orrs	r3, r2
 1237 0056 BB60     		str	r3, [r7, #8]
 1238 0058 3B69     		ldr	r3, [r7, #16]
 1239 005a FF22     		movs	r2, #255
 1240 005c 9343     		bics	r3, r2
 1241 005e 3B61     		str	r3, [r7, #16]
 1242 0060 3B69     		ldr	r3, [r7, #16]
 1243 0062 0322     		movs	r2, #3
 1244 0064 1343     		orrs	r3, r2
 1245 0066 3B61     		str	r3, [r7, #16]
 1246 0068 3B68     		ldr	r3, [r7]
 1247 006a 9B68     		ldr	r3, [r3, #8]
 1248 006c 1B0C     		lsrs	r3, r3, #16
 1249 006e 3A69     		ldr	r2, [r7, #16]
ARM GAS  /tmp/ccODGKEV.s 			page 22


 1250 0070 1343     		orrs	r3, r2
 1251 0072 3B61     		str	r3, [r7, #16]
 1252 0074 3B68     		ldr	r3, [r7]
 1253 0076 5B68     		ldr	r3, [r3, #4]
 1254 0078 1B0C     		lsrs	r3, r3, #16
 1255 007a 3A69     		ldr	r2, [r7, #16]
 1256 007c 1343     		orrs	r3, r2
 1257 007e 3B61     		str	r3, [r7, #16]
 1258 0080 3B69     		ldr	r3, [r7, #16]
 1259 0082 164A     		ldr	r2, .L75
 1260 0084 1340     		ands	r3, r2
 1261 0086 3B61     		str	r3, [r7, #16]
 1262 0088 3B69     		ldr	r3, [r7, #16]
 1263 008a E022     		movs	r2, #224
 1264 008c D201     		lsls	r2, r2, #7
 1265 008e 1343     		orrs	r3, r2
 1266 0090 3B61     		str	r3, [r7, #16]
 1267 0092 FB68     		ldr	r3, [r7, #12]
 1268 0094 AA22     		movs	r2, #170
 1269 0096 9343     		bics	r3, r2
 1270 0098 FB60     		str	r3, [r7, #12]
 1271 009a 3B68     		ldr	r3, [r7]
 1272 009c 1B68     		ldr	r3, [r3]
 1273 009e FA68     		ldr	r2, [r7, #12]
 1274 00a0 1343     		orrs	r3, r2
 1275 00a2 FB60     		str	r3, [r7, #12]
 1276 00a4 FB68     		ldr	r3, [r7, #12]
 1277 00a6 1122     		movs	r2, #17
 1278 00a8 1343     		orrs	r3, r2
 1279 00aa FB60     		str	r3, [r7, #12]
 1280 00ac 7B68     		ldr	r3, [r7, #4]
 1281 00ae 7A69     		ldr	r2, [r7, #20]
 1282 00b0 5A60     		str	r2, [r3, #4]
 1283 00b2 7B68     		ldr	r3, [r7, #4]
 1284 00b4 BA68     		ldr	r2, [r7, #8]
 1285 00b6 9A60     		str	r2, [r3, #8]
 1286 00b8 7B68     		ldr	r3, [r7, #4]
 1287 00ba 3A69     		ldr	r2, [r7, #16]
 1288 00bc 9A61     		str	r2, [r3, #24]
 1289 00be 7B68     		ldr	r3, [r7, #4]
 1290 00c0 FA68     		ldr	r2, [r7, #12]
 1291 00c2 1A62     		str	r2, [r3, #32]
 1292 00c4 3B68     		ldr	r3, [r7]
 1293 00c6 DA68     		ldr	r2, [r3, #12]
 1294 00c8 7B68     		ldr	r3, [r7, #4]
 1295 00ca 1100     		movs	r1, r2
 1296 00cc 1800     		movs	r0, r3
 1297 00ce FFF7FEFF 		bl	LL_TIM_OC_SetCompareCH2
 1298 00d2 0023     		movs	r3, #0
 1299 00d4 1800     		movs	r0, r3
 1300 00d6 BD46     		mov	sp, r7
 1301 00d8 06B0     		add	sp, sp, #24
 1302              		@ sp needed
 1303 00da 80BD     		pop	{r7, pc}
 1304              	.L76:
 1305              		.align	2
 1306              	.L75:
ARM GAS  /tmp/ccODGKEV.s 			page 23


 1307 00dc FF03FFFF 		.word	-64513
 1309              		.section	.text.LL_TIM_BDTR_StructInit,"ax",%progbits
 1310              		.align	1
 1311              		.global	LL_TIM_BDTR_StructInit
 1312              		.syntax unified
 1313              		.code	16
 1314              		.thumb_func
 1316              	LL_TIM_BDTR_StructInit:
 1317              		@ args = 0, pretend = 0, frame = 8
 1318              		@ frame_needed = 1, uses_anonymous_args = 0
 1319 0000 80B5     		push	{r7, lr}
 1320 0002 82B0     		sub	sp, sp, #8
 1321 0004 00AF     		add	r7, sp, #0
 1322 0006 7860     		str	r0, [r7, #4]
 1323 0008 7B68     		ldr	r3, [r7, #4]
 1324 000a 0022     		movs	r2, #0
 1325 000c 1A60     		str	r2, [r3]
 1326 000e 7B68     		ldr	r3, [r7, #4]
 1327 0010 0022     		movs	r2, #0
 1328 0012 5A60     		str	r2, [r3, #4]
 1329 0014 7B68     		ldr	r3, [r7, #4]
 1330 0016 0022     		movs	r2, #0
 1331 0018 9A60     		str	r2, [r3, #8]
 1332 001a 7B68     		ldr	r3, [r7, #4]
 1333 001c 0022     		movs	r2, #0
 1334 001e 1A73     		strb	r2, [r3, #12]
 1335 0020 7B68     		ldr	r3, [r7, #4]
 1336 0022 0022     		movs	r2, #0
 1337 0024 DA81     		strh	r2, [r3, #14]
 1338 0026 7B68     		ldr	r3, [r7, #4]
 1339 0028 0022     		movs	r2, #0
 1340 002a 1A61     		str	r2, [r3, #16]
 1341 002c 7B68     		ldr	r3, [r7, #4]
 1342 002e 0022     		movs	r2, #0
 1343 0030 5A61     		str	r2, [r3, #20]
 1344 0032 C046     		nop
 1345 0034 BD46     		mov	sp, r7
 1346 0036 02B0     		add	sp, sp, #8
 1347              		@ sp needed
 1348 0038 80BD     		pop	{r7, pc}
 1350              		.section	.text.LL_TIM_BDTR_Init,"ax",%progbits
 1351              		.align	1
 1352              		.global	LL_TIM_BDTR_Init
 1353              		.syntax unified
 1354              		.code	16
 1355              		.thumb_func
 1357              	LL_TIM_BDTR_Init:
 1358              		@ args = 0, pretend = 0, frame = 16
 1359              		@ frame_needed = 1, uses_anonymous_args = 0
 1360 0000 80B5     		push	{r7, lr}
 1361 0002 84B0     		sub	sp, sp, #16
 1362 0004 00AF     		add	r7, sp, #0
 1363 0006 7860     		str	r0, [r7, #4]
 1364 0008 3960     		str	r1, [r7]
 1365 000a 0023     		movs	r3, #0
 1366 000c FB60     		str	r3, [r7, #12]
 1367 000e FB68     		ldr	r3, [r7, #12]
ARM GAS  /tmp/ccODGKEV.s 			page 24


 1368 0010 FF22     		movs	r2, #255
 1369 0012 9343     		bics	r3, r2
 1370 0014 3A68     		ldr	r2, [r7]
 1371 0016 127B     		ldrb	r2, [r2, #12]
 1372 0018 1343     		orrs	r3, r2
 1373 001a FB60     		str	r3, [r7, #12]
 1374 001c FB68     		ldr	r3, [r7, #12]
 1375 001e 184A     		ldr	r2, .L80
 1376 0020 1A40     		ands	r2, r3
 1377 0022 3B68     		ldr	r3, [r7]
 1378 0024 9B68     		ldr	r3, [r3, #8]
 1379 0026 1343     		orrs	r3, r2
 1380 0028 FB60     		str	r3, [r7, #12]
 1381 002a FB68     		ldr	r3, [r7, #12]
 1382 002c 154A     		ldr	r2, .L80+4
 1383 002e 1A40     		ands	r2, r3
 1384 0030 3B68     		ldr	r3, [r7]
 1385 0032 5B68     		ldr	r3, [r3, #4]
 1386 0034 1343     		orrs	r3, r2
 1387 0036 FB60     		str	r3, [r7, #12]
 1388 0038 FB68     		ldr	r3, [r7, #12]
 1389 003a 134A     		ldr	r2, .L80+8
 1390 003c 1A40     		ands	r2, r3
 1391 003e 3B68     		ldr	r3, [r7]
 1392 0040 1B68     		ldr	r3, [r3]
 1393 0042 1343     		orrs	r3, r2
 1394 0044 FB60     		str	r3, [r7, #12]
 1395 0046 FB68     		ldr	r3, [r7, #12]
 1396 0048 104A     		ldr	r2, .L80+12
 1397 004a 1340     		ands	r3, r2
 1398 004c 3A68     		ldr	r2, [r7]
 1399 004e D289     		ldrh	r2, [r2, #14]
 1400 0050 1343     		orrs	r3, r2
 1401 0052 FB60     		str	r3, [r7, #12]
 1402 0054 FB68     		ldr	r3, [r7, #12]
 1403 0056 0E4A     		ldr	r2, .L80+16
 1404 0058 1A40     		ands	r2, r3
 1405 005a 3B68     		ldr	r3, [r7]
 1406 005c 1B69     		ldr	r3, [r3, #16]
 1407 005e 1343     		orrs	r3, r2
 1408 0060 FB60     		str	r3, [r7, #12]
 1409 0062 FB68     		ldr	r3, [r7, #12]
 1410 0064 0B4A     		ldr	r2, .L80+20
 1411 0066 1A40     		ands	r2, r3
 1412 0068 3B68     		ldr	r3, [r7]
 1413 006a 5B69     		ldr	r3, [r3, #20]
 1414 006c 1343     		orrs	r3, r2
 1415 006e FB60     		str	r3, [r7, #12]
 1416 0070 7B68     		ldr	r3, [r7, #4]
 1417 0072 FA68     		ldr	r2, [r7, #12]
 1418 0074 5A64     		str	r2, [r3, #68]
 1419 0076 0023     		movs	r3, #0
 1420 0078 1800     		movs	r0, r3
 1421 007a BD46     		mov	sp, r7
 1422 007c 04B0     		add	sp, sp, #16
 1423              		@ sp needed
 1424 007e 80BD     		pop	{r7, pc}
ARM GAS  /tmp/ccODGKEV.s 			page 25


 1425              	.L81:
 1426              		.align	2
 1427              	.L80:
 1428 0080 FFFCFFFF 		.word	-769
 1429 0084 FFFBFFFF 		.word	-1025
 1430 0088 FFF7FFFF 		.word	-2049
 1431 008c FFEFFFFF 		.word	-4097
 1432 0090 FFDFFFFF 		.word	-8193
 1433 0094 FFBFFFFF 		.word	-16385
 1435              		.section	.text.OC1Config,"ax",%progbits
 1436              		.align	1
 1437              		.syntax unified
 1438              		.code	16
 1439              		.thumb_func
 1441              	OC1Config:
 1442              		@ args = 0, pretend = 0, frame = 24
 1443              		@ frame_needed = 1, uses_anonymous_args = 0
 1444 0000 80B5     		push	{r7, lr}
 1445 0002 86B0     		sub	sp, sp, #24
 1446 0004 00AF     		add	r7, sp, #0
 1447 0006 7860     		str	r0, [r7, #4]
 1448 0008 3960     		str	r1, [r7]
 1449 000a 7B68     		ldr	r3, [r7, #4]
 1450 000c 1B6A     		ldr	r3, [r3, #32]
 1451 000e 0122     		movs	r2, #1
 1452 0010 9343     		bics	r3, r2
 1453 0012 1A00     		movs	r2, r3
 1454 0014 7B68     		ldr	r3, [r7, #4]
 1455 0016 1A62     		str	r2, [r3, #32]
 1456 0018 7B68     		ldr	r3, [r7, #4]
 1457 001a 1B6A     		ldr	r3, [r3, #32]
 1458 001c 7B61     		str	r3, [r7, #20]
 1459 001e 7B68     		ldr	r3, [r7, #4]
 1460 0020 5B68     		ldr	r3, [r3, #4]
 1461 0022 3B61     		str	r3, [r7, #16]
 1462 0024 7B68     		ldr	r3, [r7, #4]
 1463 0026 9B69     		ldr	r3, [r3, #24]
 1464 0028 FB60     		str	r3, [r7, #12]
 1465 002a FB68     		ldr	r3, [r7, #12]
 1466 002c 0322     		movs	r2, #3
 1467 002e 9343     		bics	r3, r2
 1468 0030 FB60     		str	r3, [r7, #12]
 1469 0032 FB68     		ldr	r3, [r7, #12]
 1470 0034 7022     		movs	r2, #112
 1471 0036 9343     		bics	r3, r2
 1472 0038 1A00     		movs	r2, r3
 1473 003a 3B68     		ldr	r3, [r7]
 1474 003c 1B68     		ldr	r3, [r3]
 1475 003e 1343     		orrs	r3, r2
 1476 0040 FB60     		str	r3, [r7, #12]
 1477 0042 7B69     		ldr	r3, [r7, #20]
 1478 0044 0222     		movs	r2, #2
 1479 0046 9343     		bics	r3, r2
 1480 0048 1A00     		movs	r2, r3
 1481 004a 3B68     		ldr	r3, [r7]
 1482 004c 1B69     		ldr	r3, [r3, #16]
 1483 004e 1343     		orrs	r3, r2
ARM GAS  /tmp/ccODGKEV.s 			page 26


 1484 0050 7B61     		str	r3, [r7, #20]
 1485 0052 7B69     		ldr	r3, [r7, #20]
 1486 0054 0122     		movs	r2, #1
 1487 0056 9343     		bics	r3, r2
 1488 0058 1A00     		movs	r2, r3
 1489 005a 3B68     		ldr	r3, [r7]
 1490 005c 5B68     		ldr	r3, [r3, #4]
 1491 005e 1343     		orrs	r3, r2
 1492 0060 7B61     		str	r3, [r7, #20]
 1493 0062 7B68     		ldr	r3, [r7, #4]
 1494 0064 224A     		ldr	r2, .L86
 1495 0066 9342     		cmp	r3, r2
 1496 0068 0BD0     		beq	.L83
 1497 006a 7B68     		ldr	r3, [r7, #4]
 1498 006c 214A     		ldr	r2, .L86+4
 1499 006e 9342     		cmp	r3, r2
 1500 0070 07D0     		beq	.L83
 1501 0072 7B68     		ldr	r3, [r7, #4]
 1502 0074 204A     		ldr	r2, .L86+8
 1503 0076 9342     		cmp	r3, r2
 1504 0078 03D0     		beq	.L83
 1505 007a 7B68     		ldr	r3, [r7, #4]
 1506 007c 1F4A     		ldr	r2, .L86+12
 1507 007e 9342     		cmp	r3, r2
 1508 0080 20D1     		bne	.L84
 1509              	.L83:
 1510 0082 7B69     		ldr	r3, [r7, #20]
 1511 0084 0822     		movs	r2, #8
 1512 0086 9343     		bics	r3, r2
 1513 0088 1A00     		movs	r2, r3
 1514 008a 3B68     		ldr	r3, [r7]
 1515 008c 5B69     		ldr	r3, [r3, #20]
 1516 008e 9B00     		lsls	r3, r3, #2
 1517 0090 1343     		orrs	r3, r2
 1518 0092 7B61     		str	r3, [r7, #20]
 1519 0094 7B69     		ldr	r3, [r7, #20]
 1520 0096 0422     		movs	r2, #4
 1521 0098 9343     		bics	r3, r2
 1522 009a 1A00     		movs	r2, r3
 1523 009c 3B68     		ldr	r3, [r7]
 1524 009e 9B68     		ldr	r3, [r3, #8]
 1525 00a0 9B00     		lsls	r3, r3, #2
 1526 00a2 1343     		orrs	r3, r2
 1527 00a4 7B61     		str	r3, [r7, #20]
 1528 00a6 3B69     		ldr	r3, [r7, #16]
 1529 00a8 154A     		ldr	r2, .L86+16
 1530 00aa 1A40     		ands	r2, r3
 1531 00ac 3B68     		ldr	r3, [r7]
 1532 00ae 9B69     		ldr	r3, [r3, #24]
 1533 00b0 1343     		orrs	r3, r2
 1534 00b2 3B61     		str	r3, [r7, #16]
 1535 00b4 3B69     		ldr	r3, [r7, #16]
 1536 00b6 134A     		ldr	r2, .L86+20
 1537 00b8 1A40     		ands	r2, r3
 1538 00ba 3B68     		ldr	r3, [r7]
 1539 00bc DB69     		ldr	r3, [r3, #28]
 1540 00be 5B00     		lsls	r3, r3, #1
ARM GAS  /tmp/ccODGKEV.s 			page 27


 1541 00c0 1343     		orrs	r3, r2
 1542 00c2 3B61     		str	r3, [r7, #16]
 1543              	.L84:
 1544 00c4 7B68     		ldr	r3, [r7, #4]
 1545 00c6 3A69     		ldr	r2, [r7, #16]
 1546 00c8 5A60     		str	r2, [r3, #4]
 1547 00ca 7B68     		ldr	r3, [r7, #4]
 1548 00cc FA68     		ldr	r2, [r7, #12]
 1549 00ce 9A61     		str	r2, [r3, #24]
 1550 00d0 3B68     		ldr	r3, [r7]
 1551 00d2 DA68     		ldr	r2, [r3, #12]
 1552 00d4 7B68     		ldr	r3, [r7, #4]
 1553 00d6 1100     		movs	r1, r2
 1554 00d8 1800     		movs	r0, r3
 1555 00da FFF7FEFF 		bl	LL_TIM_OC_SetCompareCH1
 1556 00de 7B68     		ldr	r3, [r7, #4]
 1557 00e0 7A69     		ldr	r2, [r7, #20]
 1558 00e2 1A62     		str	r2, [r3, #32]
 1559 00e4 0023     		movs	r3, #0
 1560 00e6 1800     		movs	r0, r3
 1561 00e8 BD46     		mov	sp, r7
 1562 00ea 06B0     		add	sp, sp, #24
 1563              		@ sp needed
 1564 00ec 80BD     		pop	{r7, pc}
 1565              	.L87:
 1566 00ee C046     		.align	2
 1567              	.L86:
 1568 00f0 002C0140 		.word	1073818624
 1569 00f4 00400140 		.word	1073823744
 1570 00f8 00440140 		.word	1073824768
 1571 00fc 00480140 		.word	1073825792
 1572 0100 FFFEFFFF 		.word	-257
 1573 0104 FFFDFFFF 		.word	-513
 1575              		.section	.text.OC2Config,"ax",%progbits
 1576              		.align	1
 1577              		.syntax unified
 1578              		.code	16
 1579              		.thumb_func
 1581              	OC2Config:
 1582              		@ args = 0, pretend = 0, frame = 24
 1583              		@ frame_needed = 1, uses_anonymous_args = 0
 1584 0000 80B5     		push	{r7, lr}
 1585 0002 86B0     		sub	sp, sp, #24
 1586 0004 00AF     		add	r7, sp, #0
 1587 0006 7860     		str	r0, [r7, #4]
 1588 0008 3960     		str	r1, [r7]
 1589 000a 7B68     		ldr	r3, [r7, #4]
 1590 000c 1B6A     		ldr	r3, [r3, #32]
 1591 000e 1022     		movs	r2, #16
 1592 0010 9343     		bics	r3, r2
 1593 0012 1A00     		movs	r2, r3
 1594 0014 7B68     		ldr	r3, [r7, #4]
 1595 0016 1A62     		str	r2, [r3, #32]
 1596 0018 7B68     		ldr	r3, [r7, #4]
 1597 001a 1B6A     		ldr	r3, [r3, #32]
 1598 001c 7B61     		str	r3, [r7, #20]
 1599 001e 7B68     		ldr	r3, [r7, #4]
ARM GAS  /tmp/ccODGKEV.s 			page 28


 1600 0020 5B68     		ldr	r3, [r3, #4]
 1601 0022 3B61     		str	r3, [r7, #16]
 1602 0024 7B68     		ldr	r3, [r7, #4]
 1603 0026 9B69     		ldr	r3, [r3, #24]
 1604 0028 FB60     		str	r3, [r7, #12]
 1605 002a FB68     		ldr	r3, [r7, #12]
 1606 002c 314A     		ldr	r2, .L92
 1607 002e 1340     		ands	r3, r2
 1608 0030 FB60     		str	r3, [r7, #12]
 1609 0032 FB68     		ldr	r3, [r7, #12]
 1610 0034 304A     		ldr	r2, .L92+4
 1611 0036 1A40     		ands	r2, r3
 1612 0038 3B68     		ldr	r3, [r7]
 1613 003a 1B68     		ldr	r3, [r3]
 1614 003c 1B02     		lsls	r3, r3, #8
 1615 003e 1343     		orrs	r3, r2
 1616 0040 FB60     		str	r3, [r7, #12]
 1617 0042 7B69     		ldr	r3, [r7, #20]
 1618 0044 2022     		movs	r2, #32
 1619 0046 9343     		bics	r3, r2
 1620 0048 1A00     		movs	r2, r3
 1621 004a 3B68     		ldr	r3, [r7]
 1622 004c 1B69     		ldr	r3, [r3, #16]
 1623 004e 1B01     		lsls	r3, r3, #4
 1624 0050 1343     		orrs	r3, r2
 1625 0052 7B61     		str	r3, [r7, #20]
 1626 0054 7B69     		ldr	r3, [r7, #20]
 1627 0056 1022     		movs	r2, #16
 1628 0058 9343     		bics	r3, r2
 1629 005a 1A00     		movs	r2, r3
 1630 005c 3B68     		ldr	r3, [r7]
 1631 005e 5B68     		ldr	r3, [r3, #4]
 1632 0060 1B01     		lsls	r3, r3, #4
 1633 0062 1343     		orrs	r3, r2
 1634 0064 7B61     		str	r3, [r7, #20]
 1635 0066 7B68     		ldr	r3, [r7, #4]
 1636 0068 244A     		ldr	r2, .L92+8
 1637 006a 9342     		cmp	r3, r2
 1638 006c 0BD0     		beq	.L89
 1639 006e 7B68     		ldr	r3, [r7, #4]
 1640 0070 234A     		ldr	r2, .L92+12
 1641 0072 9342     		cmp	r3, r2
 1642 0074 07D0     		beq	.L89
 1643 0076 7B68     		ldr	r3, [r7, #4]
 1644 0078 224A     		ldr	r2, .L92+16
 1645 007a 9342     		cmp	r3, r2
 1646 007c 03D0     		beq	.L89
 1647 007e 7B68     		ldr	r3, [r7, #4]
 1648 0080 214A     		ldr	r2, .L92+20
 1649 0082 9342     		cmp	r3, r2
 1650 0084 21D1     		bne	.L90
 1651              	.L89:
 1652 0086 7B69     		ldr	r3, [r7, #20]
 1653 0088 8022     		movs	r2, #128
 1654 008a 9343     		bics	r3, r2
 1655 008c 1A00     		movs	r2, r3
 1656 008e 3B68     		ldr	r3, [r7]
ARM GAS  /tmp/ccODGKEV.s 			page 29


 1657 0090 5B69     		ldr	r3, [r3, #20]
 1658 0092 9B01     		lsls	r3, r3, #6
 1659 0094 1343     		orrs	r3, r2
 1660 0096 7B61     		str	r3, [r7, #20]
 1661 0098 7B69     		ldr	r3, [r7, #20]
 1662 009a 4022     		movs	r2, #64
 1663 009c 9343     		bics	r3, r2
 1664 009e 1A00     		movs	r2, r3
 1665 00a0 3B68     		ldr	r3, [r7]
 1666 00a2 9B68     		ldr	r3, [r3, #8]
 1667 00a4 9B01     		lsls	r3, r3, #6
 1668 00a6 1343     		orrs	r3, r2
 1669 00a8 7B61     		str	r3, [r7, #20]
 1670 00aa 3B69     		ldr	r3, [r7, #16]
 1671 00ac 174A     		ldr	r2, .L92+24
 1672 00ae 1A40     		ands	r2, r3
 1673 00b0 3B68     		ldr	r3, [r7]
 1674 00b2 9B69     		ldr	r3, [r3, #24]
 1675 00b4 9B00     		lsls	r3, r3, #2
 1676 00b6 1343     		orrs	r3, r2
 1677 00b8 3B61     		str	r3, [r7, #16]
 1678 00ba 3B69     		ldr	r3, [r7, #16]
 1679 00bc 144A     		ldr	r2, .L92+28
 1680 00be 1A40     		ands	r2, r3
 1681 00c0 3B68     		ldr	r3, [r7]
 1682 00c2 DB69     		ldr	r3, [r3, #28]
 1683 00c4 DB00     		lsls	r3, r3, #3
 1684 00c6 1343     		orrs	r3, r2
 1685 00c8 3B61     		str	r3, [r7, #16]
 1686              	.L90:
 1687 00ca 7B68     		ldr	r3, [r7, #4]
 1688 00cc 3A69     		ldr	r2, [r7, #16]
 1689 00ce 5A60     		str	r2, [r3, #4]
 1690 00d0 7B68     		ldr	r3, [r7, #4]
 1691 00d2 FA68     		ldr	r2, [r7, #12]
 1692 00d4 9A61     		str	r2, [r3, #24]
 1693 00d6 3B68     		ldr	r3, [r7]
 1694 00d8 DA68     		ldr	r2, [r3, #12]
 1695 00da 7B68     		ldr	r3, [r7, #4]
 1696 00dc 1100     		movs	r1, r2
 1697 00de 1800     		movs	r0, r3
 1698 00e0 FFF7FEFF 		bl	LL_TIM_OC_SetCompareCH2
 1699 00e4 7B68     		ldr	r3, [r7, #4]
 1700 00e6 7A69     		ldr	r2, [r7, #20]
 1701 00e8 1A62     		str	r2, [r3, #32]
 1702 00ea 0023     		movs	r3, #0
 1703 00ec 1800     		movs	r0, r3
 1704 00ee BD46     		mov	sp, r7
 1705 00f0 06B0     		add	sp, sp, #24
 1706              		@ sp needed
 1707 00f2 80BD     		pop	{r7, pc}
 1708              	.L93:
 1709              		.align	2
 1710              	.L92:
 1711 00f4 FFFCFFFF 		.word	-769
 1712 00f8 FF8FFFFF 		.word	-28673
 1713 00fc 002C0140 		.word	1073818624
ARM GAS  /tmp/ccODGKEV.s 			page 30


 1714 0100 00400140 		.word	1073823744
 1715 0104 00440140 		.word	1073824768
 1716 0108 00480140 		.word	1073825792
 1717 010c FFFBFFFF 		.word	-1025
 1718 0110 FFF7FFFF 		.word	-2049
 1720              		.section	.text.OC3Config,"ax",%progbits
 1721              		.align	1
 1722              		.syntax unified
 1723              		.code	16
 1724              		.thumb_func
 1726              	OC3Config:
 1727              		@ args = 0, pretend = 0, frame = 24
 1728              		@ frame_needed = 1, uses_anonymous_args = 0
 1729 0000 80B5     		push	{r7, lr}
 1730 0002 86B0     		sub	sp, sp, #24
 1731 0004 00AF     		add	r7, sp, #0
 1732 0006 7860     		str	r0, [r7, #4]
 1733 0008 3960     		str	r1, [r7]
 1734 000a 7B68     		ldr	r3, [r7, #4]
 1735 000c 1B6A     		ldr	r3, [r3, #32]
 1736 000e 374A     		ldr	r2, .L98
 1737 0010 1A40     		ands	r2, r3
 1738 0012 7B68     		ldr	r3, [r7, #4]
 1739 0014 1A62     		str	r2, [r3, #32]
 1740 0016 7B68     		ldr	r3, [r7, #4]
 1741 0018 1B6A     		ldr	r3, [r3, #32]
 1742 001a 7B61     		str	r3, [r7, #20]
 1743 001c 7B68     		ldr	r3, [r7, #4]
 1744 001e 5B68     		ldr	r3, [r3, #4]
 1745 0020 3B61     		str	r3, [r7, #16]
 1746 0022 7B68     		ldr	r3, [r7, #4]
 1747 0024 DB69     		ldr	r3, [r3, #28]
 1748 0026 FB60     		str	r3, [r7, #12]
 1749 0028 FB68     		ldr	r3, [r7, #12]
 1750 002a 0322     		movs	r2, #3
 1751 002c 9343     		bics	r3, r2
 1752 002e FB60     		str	r3, [r7, #12]
 1753 0030 FB68     		ldr	r3, [r7, #12]
 1754 0032 7022     		movs	r2, #112
 1755 0034 9343     		bics	r3, r2
 1756 0036 1A00     		movs	r2, r3
 1757 0038 3B68     		ldr	r3, [r7]
 1758 003a 1B68     		ldr	r3, [r3]
 1759 003c 1343     		orrs	r3, r2
 1760 003e FB60     		str	r3, [r7, #12]
 1761 0040 7B69     		ldr	r3, [r7, #20]
 1762 0042 2B4A     		ldr	r2, .L98+4
 1763 0044 1A40     		ands	r2, r3
 1764 0046 3B68     		ldr	r3, [r7]
 1765 0048 1B69     		ldr	r3, [r3, #16]
 1766 004a 1B02     		lsls	r3, r3, #8
 1767 004c 1343     		orrs	r3, r2
 1768 004e 7B61     		str	r3, [r7, #20]
 1769 0050 7B69     		ldr	r3, [r7, #20]
 1770 0052 264A     		ldr	r2, .L98
 1771 0054 1A40     		ands	r2, r3
 1772 0056 3B68     		ldr	r3, [r7]
ARM GAS  /tmp/ccODGKEV.s 			page 31


 1773 0058 5B68     		ldr	r3, [r3, #4]
 1774 005a 1B02     		lsls	r3, r3, #8
 1775 005c 1343     		orrs	r3, r2
 1776 005e 7B61     		str	r3, [r7, #20]
 1777 0060 7B68     		ldr	r3, [r7, #4]
 1778 0062 244A     		ldr	r2, .L98+8
 1779 0064 9342     		cmp	r3, r2
 1780 0066 0BD0     		beq	.L95
 1781 0068 7B68     		ldr	r3, [r7, #4]
 1782 006a 234A     		ldr	r2, .L98+12
 1783 006c 9342     		cmp	r3, r2
 1784 006e 07D0     		beq	.L95
 1785 0070 7B68     		ldr	r3, [r7, #4]
 1786 0072 224A     		ldr	r2, .L98+16
 1787 0074 9342     		cmp	r3, r2
 1788 0076 03D0     		beq	.L95
 1789 0078 7B68     		ldr	r3, [r7, #4]
 1790 007a 214A     		ldr	r2, .L98+20
 1791 007c 9342     		cmp	r3, r2
 1792 007e 1FD1     		bne	.L96
 1793              	.L95:
 1794 0080 7B69     		ldr	r3, [r7, #20]
 1795 0082 204A     		ldr	r2, .L98+24
 1796 0084 1A40     		ands	r2, r3
 1797 0086 3B68     		ldr	r3, [r7]
 1798 0088 5B69     		ldr	r3, [r3, #20]
 1799 008a 9B02     		lsls	r3, r3, #10
 1800 008c 1343     		orrs	r3, r2
 1801 008e 7B61     		str	r3, [r7, #20]
 1802 0090 7B69     		ldr	r3, [r7, #20]
 1803 0092 1D4A     		ldr	r2, .L98+28
 1804 0094 1A40     		ands	r2, r3
 1805 0096 3B68     		ldr	r3, [r7]
 1806 0098 9B68     		ldr	r3, [r3, #8]
 1807 009a 9B02     		lsls	r3, r3, #10
 1808 009c 1343     		orrs	r3, r2
 1809 009e 7B61     		str	r3, [r7, #20]
 1810 00a0 3B69     		ldr	r3, [r7, #16]
 1811 00a2 1A4A     		ldr	r2, .L98+32
 1812 00a4 1A40     		ands	r2, r3
 1813 00a6 3B68     		ldr	r3, [r7]
 1814 00a8 9B69     		ldr	r3, [r3, #24]
 1815 00aa 1B01     		lsls	r3, r3, #4
 1816 00ac 1343     		orrs	r3, r2
 1817 00ae 3B61     		str	r3, [r7, #16]
 1818 00b0 3B69     		ldr	r3, [r7, #16]
 1819 00b2 174A     		ldr	r2, .L98+36
 1820 00b4 1A40     		ands	r2, r3
 1821 00b6 3B68     		ldr	r3, [r7]
 1822 00b8 DB69     		ldr	r3, [r3, #28]
 1823 00ba 5B01     		lsls	r3, r3, #5
 1824 00bc 1343     		orrs	r3, r2
 1825 00be 3B61     		str	r3, [r7, #16]
 1826              	.L96:
 1827 00c0 7B68     		ldr	r3, [r7, #4]
 1828 00c2 3A69     		ldr	r2, [r7, #16]
 1829 00c4 5A60     		str	r2, [r3, #4]
ARM GAS  /tmp/ccODGKEV.s 			page 32


 1830 00c6 7B68     		ldr	r3, [r7, #4]
 1831 00c8 FA68     		ldr	r2, [r7, #12]
 1832 00ca DA61     		str	r2, [r3, #28]
 1833 00cc 3B68     		ldr	r3, [r7]
 1834 00ce DA68     		ldr	r2, [r3, #12]
 1835 00d0 7B68     		ldr	r3, [r7, #4]
 1836 00d2 1100     		movs	r1, r2
 1837 00d4 1800     		movs	r0, r3
 1838 00d6 FFF7FEFF 		bl	LL_TIM_OC_SetCompareCH3
 1839 00da 7B68     		ldr	r3, [r7, #4]
 1840 00dc 7A69     		ldr	r2, [r7, #20]
 1841 00de 1A62     		str	r2, [r3, #32]
 1842 00e0 0023     		movs	r3, #0
 1843 00e2 1800     		movs	r0, r3
 1844 00e4 BD46     		mov	sp, r7
 1845 00e6 06B0     		add	sp, sp, #24
 1846              		@ sp needed
 1847 00e8 80BD     		pop	{r7, pc}
 1848              	.L99:
 1849 00ea C046     		.align	2
 1850              	.L98:
 1851 00ec FFFEFFFF 		.word	-257
 1852 00f0 FFFDFFFF 		.word	-513
 1853 00f4 002C0140 		.word	1073818624
 1854 00f8 00400140 		.word	1073823744
 1855 00fc 00440140 		.word	1073824768
 1856 0100 00480140 		.word	1073825792
 1857 0104 FFF7FFFF 		.word	-2049
 1858 0108 FFFBFFFF 		.word	-1025
 1859 010c FFEFFFFF 		.word	-4097
 1860 0110 FFDFFFFF 		.word	-8193
 1862              		.section	.text.OC4Config,"ax",%progbits
 1863              		.align	1
 1864              		.syntax unified
 1865              		.code	16
 1866              		.thumb_func
 1868              	OC4Config:
 1869              		@ args = 0, pretend = 0, frame = 24
 1870              		@ frame_needed = 1, uses_anonymous_args = 0
 1871 0000 80B5     		push	{r7, lr}
 1872 0002 86B0     		sub	sp, sp, #24
 1873 0004 00AF     		add	r7, sp, #0
 1874 0006 7860     		str	r0, [r7, #4]
 1875 0008 3960     		str	r1, [r7]
 1876 000a 7B68     		ldr	r3, [r7, #4]
 1877 000c 1B6A     		ldr	r3, [r3, #32]
 1878 000e 2B4A     		ldr	r2, .L104
 1879 0010 1A40     		ands	r2, r3
 1880 0012 7B68     		ldr	r3, [r7, #4]
 1881 0014 1A62     		str	r2, [r3, #32]
 1882 0016 7B68     		ldr	r3, [r7, #4]
 1883 0018 1B6A     		ldr	r3, [r3, #32]
 1884 001a 3B61     		str	r3, [r7, #16]
 1885 001c 7B68     		ldr	r3, [r7, #4]
 1886 001e 5B68     		ldr	r3, [r3, #4]
 1887 0020 7B61     		str	r3, [r7, #20]
 1888 0022 7B68     		ldr	r3, [r7, #4]
ARM GAS  /tmp/ccODGKEV.s 			page 33


 1889 0024 DB69     		ldr	r3, [r3, #28]
 1890 0026 FB60     		str	r3, [r7, #12]
 1891 0028 FB68     		ldr	r3, [r7, #12]
 1892 002a 254A     		ldr	r2, .L104+4
 1893 002c 1340     		ands	r3, r2
 1894 002e FB60     		str	r3, [r7, #12]
 1895 0030 FB68     		ldr	r3, [r7, #12]
 1896 0032 244A     		ldr	r2, .L104+8
 1897 0034 1A40     		ands	r2, r3
 1898 0036 3B68     		ldr	r3, [r7]
 1899 0038 1B68     		ldr	r3, [r3]
 1900 003a 1B02     		lsls	r3, r3, #8
 1901 003c 1343     		orrs	r3, r2
 1902 003e FB60     		str	r3, [r7, #12]
 1903 0040 3B69     		ldr	r3, [r7, #16]
 1904 0042 214A     		ldr	r2, .L104+12
 1905 0044 1A40     		ands	r2, r3
 1906 0046 3B68     		ldr	r3, [r7]
 1907 0048 1B69     		ldr	r3, [r3, #16]
 1908 004a 1B03     		lsls	r3, r3, #12
 1909 004c 1343     		orrs	r3, r2
 1910 004e 3B61     		str	r3, [r7, #16]
 1911 0050 3B69     		ldr	r3, [r7, #16]
 1912 0052 1A4A     		ldr	r2, .L104
 1913 0054 1A40     		ands	r2, r3
 1914 0056 3B68     		ldr	r3, [r7]
 1915 0058 5B68     		ldr	r3, [r3, #4]
 1916 005a 1B03     		lsls	r3, r3, #12
 1917 005c 1343     		orrs	r3, r2
 1918 005e 3B61     		str	r3, [r7, #16]
 1919 0060 7B68     		ldr	r3, [r7, #4]
 1920 0062 1A4A     		ldr	r2, .L104+16
 1921 0064 9342     		cmp	r3, r2
 1922 0066 0BD0     		beq	.L101
 1923 0068 7B68     		ldr	r3, [r7, #4]
 1924 006a 194A     		ldr	r2, .L104+20
 1925 006c 9342     		cmp	r3, r2
 1926 006e 07D0     		beq	.L101
 1927 0070 7B68     		ldr	r3, [r7, #4]
 1928 0072 184A     		ldr	r2, .L104+24
 1929 0074 9342     		cmp	r3, r2
 1930 0076 03D0     		beq	.L101
 1931 0078 7B68     		ldr	r3, [r7, #4]
 1932 007a 174A     		ldr	r2, .L104+28
 1933 007c 9342     		cmp	r3, r2
 1934 007e 07D1     		bne	.L102
 1935              	.L101:
 1936 0080 7B69     		ldr	r3, [r7, #20]
 1937 0082 164A     		ldr	r2, .L104+32
 1938 0084 1A40     		ands	r2, r3
 1939 0086 3B68     		ldr	r3, [r7]
 1940 0088 9B69     		ldr	r3, [r3, #24]
 1941 008a 9B01     		lsls	r3, r3, #6
 1942 008c 1343     		orrs	r3, r2
 1943 008e 7B61     		str	r3, [r7, #20]
 1944              	.L102:
 1945 0090 7B68     		ldr	r3, [r7, #4]
ARM GAS  /tmp/ccODGKEV.s 			page 34


 1946 0092 7A69     		ldr	r2, [r7, #20]
 1947 0094 5A60     		str	r2, [r3, #4]
 1948 0096 7B68     		ldr	r3, [r7, #4]
 1949 0098 FA68     		ldr	r2, [r7, #12]
 1950 009a DA61     		str	r2, [r3, #28]
 1951 009c 3B68     		ldr	r3, [r7]
 1952 009e DA68     		ldr	r2, [r3, #12]
 1953 00a0 7B68     		ldr	r3, [r7, #4]
 1954 00a2 1100     		movs	r1, r2
 1955 00a4 1800     		movs	r0, r3
 1956 00a6 FFF7FEFF 		bl	LL_TIM_OC_SetCompareCH4
 1957 00aa 7B68     		ldr	r3, [r7, #4]
 1958 00ac 3A69     		ldr	r2, [r7, #16]
 1959 00ae 1A62     		str	r2, [r3, #32]
 1960 00b0 0023     		movs	r3, #0
 1961 00b2 1800     		movs	r0, r3
 1962 00b4 BD46     		mov	sp, r7
 1963 00b6 06B0     		add	sp, sp, #24
 1964              		@ sp needed
 1965 00b8 80BD     		pop	{r7, pc}
 1966              	.L105:
 1967 00ba C046     		.align	2
 1968              	.L104:
 1969 00bc FFEFFFFF 		.word	-4097
 1970 00c0 FFFCFFFF 		.word	-769
 1971 00c4 FF8FFFFF 		.word	-28673
 1972 00c8 FFDFFFFF 		.word	-8193
 1973 00cc 002C0140 		.word	1073818624
 1974 00d0 00400140 		.word	1073823744
 1975 00d4 00440140 		.word	1073824768
 1976 00d8 00480140 		.word	1073825792
 1977 00dc FFBFFFFF 		.word	-16385
 1979              		.section	.text.IC1Config,"ax",%progbits
 1980              		.align	1
 1981              		.syntax unified
 1982              		.code	16
 1983              		.thumb_func
 1985              	IC1Config:
 1986              		@ args = 0, pretend = 0, frame = 8
 1987              		@ frame_needed = 1, uses_anonymous_args = 0
 1988 0000 80B5     		push	{r7, lr}
 1989 0002 82B0     		sub	sp, sp, #8
 1990 0004 00AF     		add	r7, sp, #0
 1991 0006 7860     		str	r0, [r7, #4]
 1992 0008 3960     		str	r1, [r7]
 1993 000a 7B68     		ldr	r3, [r7, #4]
 1994 000c 1B6A     		ldr	r3, [r3, #32]
 1995 000e 0122     		movs	r2, #1
 1996 0010 9343     		bics	r3, r2
 1997 0012 1A00     		movs	r2, r3
 1998 0014 7B68     		ldr	r3, [r7, #4]
 1999 0016 1A62     		str	r2, [r3, #32]
 2000 0018 7B68     		ldr	r3, [r7, #4]
 2001 001a 9B69     		ldr	r3, [r3, #24]
 2002 001c FF22     		movs	r2, #255
 2003 001e 9343     		bics	r3, r2
 2004 0020 1A00     		movs	r2, r3
ARM GAS  /tmp/ccODGKEV.s 			page 35


 2005 0022 3B68     		ldr	r3, [r7]
 2006 0024 5968     		ldr	r1, [r3, #4]
 2007 0026 3B68     		ldr	r3, [r7]
 2008 0028 DB68     		ldr	r3, [r3, #12]
 2009 002a 1943     		orrs	r1, r3
 2010 002c 3B68     		ldr	r3, [r7]
 2011 002e 9B68     		ldr	r3, [r3, #8]
 2012 0030 0B43     		orrs	r3, r1
 2013 0032 1B0C     		lsrs	r3, r3, #16
 2014 0034 1A43     		orrs	r2, r3
 2015 0036 7B68     		ldr	r3, [r7, #4]
 2016 0038 9A61     		str	r2, [r3, #24]
 2017 003a 7B68     		ldr	r3, [r7, #4]
 2018 003c 1B6A     		ldr	r3, [r3, #32]
 2019 003e 0A22     		movs	r2, #10
 2020 0040 9343     		bics	r3, r2
 2021 0042 1A00     		movs	r2, r3
 2022 0044 3B68     		ldr	r3, [r7]
 2023 0046 1B68     		ldr	r3, [r3]
 2024 0048 1343     		orrs	r3, r2
 2025 004a 0122     		movs	r2, #1
 2026 004c 1A43     		orrs	r2, r3
 2027 004e 7B68     		ldr	r3, [r7, #4]
 2028 0050 1A62     		str	r2, [r3, #32]
 2029 0052 0023     		movs	r3, #0
 2030 0054 1800     		movs	r0, r3
 2031 0056 BD46     		mov	sp, r7
 2032 0058 02B0     		add	sp, sp, #8
 2033              		@ sp needed
 2034 005a 80BD     		pop	{r7, pc}
 2036              		.section	.text.IC2Config,"ax",%progbits
 2037              		.align	1
 2038              		.syntax unified
 2039              		.code	16
 2040              		.thumb_func
 2042              	IC2Config:
 2043              		@ args = 0, pretend = 0, frame = 8
 2044              		@ frame_needed = 1, uses_anonymous_args = 0
 2045 0000 80B5     		push	{r7, lr}
 2046 0002 82B0     		sub	sp, sp, #8
 2047 0004 00AF     		add	r7, sp, #0
 2048 0006 7860     		str	r0, [r7, #4]
 2049 0008 3960     		str	r1, [r7]
 2050 000a 7B68     		ldr	r3, [r7, #4]
 2051 000c 1B6A     		ldr	r3, [r3, #32]
 2052 000e 1022     		movs	r2, #16
 2053 0010 9343     		bics	r3, r2
 2054 0012 1A00     		movs	r2, r3
 2055 0014 7B68     		ldr	r3, [r7, #4]
 2056 0016 1A62     		str	r2, [r3, #32]
 2057 0018 7B68     		ldr	r3, [r7, #4]
 2058 001a 9B69     		ldr	r3, [r3, #24]
 2059 001c 0F4A     		ldr	r2, .L110
 2060 001e 1A40     		ands	r2, r3
 2061 0020 3B68     		ldr	r3, [r7]
 2062 0022 5968     		ldr	r1, [r3, #4]
 2063 0024 3B68     		ldr	r3, [r7]
ARM GAS  /tmp/ccODGKEV.s 			page 36


 2064 0026 DB68     		ldr	r3, [r3, #12]
 2065 0028 1943     		orrs	r1, r3
 2066 002a 3B68     		ldr	r3, [r7]
 2067 002c 9B68     		ldr	r3, [r3, #8]
 2068 002e 0B43     		orrs	r3, r1
 2069 0030 1B0A     		lsrs	r3, r3, #8
 2070 0032 1A43     		orrs	r2, r3
 2071 0034 7B68     		ldr	r3, [r7, #4]
 2072 0036 9A61     		str	r2, [r3, #24]
 2073 0038 7B68     		ldr	r3, [r7, #4]
 2074 003a 1B6A     		ldr	r3, [r3, #32]
 2075 003c A022     		movs	r2, #160
 2076 003e 9343     		bics	r3, r2
 2077 0040 1A00     		movs	r2, r3
 2078 0042 3B68     		ldr	r3, [r7]
 2079 0044 1B68     		ldr	r3, [r3]
 2080 0046 1B01     		lsls	r3, r3, #4
 2081 0048 1343     		orrs	r3, r2
 2082 004a 1022     		movs	r2, #16
 2083 004c 1A43     		orrs	r2, r3
 2084 004e 7B68     		ldr	r3, [r7, #4]
 2085 0050 1A62     		str	r2, [r3, #32]
 2086 0052 0023     		movs	r3, #0
 2087 0054 1800     		movs	r0, r3
 2088 0056 BD46     		mov	sp, r7
 2089 0058 02B0     		add	sp, sp, #8
 2090              		@ sp needed
 2091 005a 80BD     		pop	{r7, pc}
 2092              	.L111:
 2093              		.align	2
 2094              	.L110:
 2095 005c FF00FFFF 		.word	-65281
 2097              		.section	.text.IC3Config,"ax",%progbits
 2098              		.align	1
 2099              		.syntax unified
 2100              		.code	16
 2101              		.thumb_func
 2103              	IC3Config:
 2104              		@ args = 0, pretend = 0, frame = 8
 2105              		@ frame_needed = 1, uses_anonymous_args = 0
 2106 0000 80B5     		push	{r7, lr}
 2107 0002 82B0     		sub	sp, sp, #8
 2108 0004 00AF     		add	r7, sp, #0
 2109 0006 7860     		str	r0, [r7, #4]
 2110 0008 3960     		str	r1, [r7]
 2111 000a 7B68     		ldr	r3, [r7, #4]
 2112 000c 1B6A     		ldr	r3, [r3, #32]
 2113 000e 134A     		ldr	r2, .L114
 2114 0010 1A40     		ands	r2, r3
 2115 0012 7B68     		ldr	r3, [r7, #4]
 2116 0014 1A62     		str	r2, [r3, #32]
 2117 0016 7B68     		ldr	r3, [r7, #4]
 2118 0018 DB69     		ldr	r3, [r3, #28]
 2119 001a FF22     		movs	r2, #255
 2120 001c 9343     		bics	r3, r2
 2121 001e 1A00     		movs	r2, r3
 2122 0020 3B68     		ldr	r3, [r7]
ARM GAS  /tmp/ccODGKEV.s 			page 37


 2123 0022 5968     		ldr	r1, [r3, #4]
 2124 0024 3B68     		ldr	r3, [r7]
 2125 0026 DB68     		ldr	r3, [r3, #12]
 2126 0028 1943     		orrs	r1, r3
 2127 002a 3B68     		ldr	r3, [r7]
 2128 002c 9B68     		ldr	r3, [r3, #8]
 2129 002e 0B43     		orrs	r3, r1
 2130 0030 1B0C     		lsrs	r3, r3, #16
 2131 0032 1A43     		orrs	r2, r3
 2132 0034 7B68     		ldr	r3, [r7, #4]
 2133 0036 DA61     		str	r2, [r3, #28]
 2134 0038 7B68     		ldr	r3, [r7, #4]
 2135 003a 1B6A     		ldr	r3, [r3, #32]
 2136 003c 084A     		ldr	r2, .L114+4
 2137 003e 1A40     		ands	r2, r3
 2138 0040 3B68     		ldr	r3, [r7]
 2139 0042 1B68     		ldr	r3, [r3]
 2140 0044 1B02     		lsls	r3, r3, #8
 2141 0046 1343     		orrs	r3, r2
 2142 0048 8022     		movs	r2, #128
 2143 004a 5200     		lsls	r2, r2, #1
 2144 004c 1A43     		orrs	r2, r3
 2145 004e 7B68     		ldr	r3, [r7, #4]
 2146 0050 1A62     		str	r2, [r3, #32]
 2147 0052 0023     		movs	r3, #0
 2148 0054 1800     		movs	r0, r3
 2149 0056 BD46     		mov	sp, r7
 2150 0058 02B0     		add	sp, sp, #8
 2151              		@ sp needed
 2152 005a 80BD     		pop	{r7, pc}
 2153              	.L115:
 2154              		.align	2
 2155              	.L114:
 2156 005c FFFEFFFF 		.word	-257
 2157 0060 FFF5FFFF 		.word	-2561
 2159              		.section	.text.IC4Config,"ax",%progbits
 2160              		.align	1
 2161              		.syntax unified
 2162              		.code	16
 2163              		.thumb_func
 2165              	IC4Config:
 2166              		@ args = 0, pretend = 0, frame = 8
 2167              		@ frame_needed = 1, uses_anonymous_args = 0
 2168 0000 80B5     		push	{r7, lr}
 2169 0002 82B0     		sub	sp, sp, #8
 2170 0004 00AF     		add	r7, sp, #0
 2171 0006 7860     		str	r0, [r7, #4]
 2172 0008 3960     		str	r1, [r7]
 2173 000a 7B68     		ldr	r3, [r7, #4]
 2174 000c 1B6A     		ldr	r3, [r3, #32]
 2175 000e 134A     		ldr	r2, .L118
 2176 0010 1A40     		ands	r2, r3
 2177 0012 7B68     		ldr	r3, [r7, #4]
 2178 0014 1A62     		str	r2, [r3, #32]
 2179 0016 7B68     		ldr	r3, [r7, #4]
 2180 0018 DB69     		ldr	r3, [r3, #28]
 2181 001a 114A     		ldr	r2, .L118+4
ARM GAS  /tmp/ccODGKEV.s 			page 38


 2182 001c 1A40     		ands	r2, r3
 2183 001e 3B68     		ldr	r3, [r7]
 2184 0020 5968     		ldr	r1, [r3, #4]
 2185 0022 3B68     		ldr	r3, [r7]
 2186 0024 DB68     		ldr	r3, [r3, #12]
 2187 0026 1943     		orrs	r1, r3
 2188 0028 3B68     		ldr	r3, [r7]
 2189 002a 9B68     		ldr	r3, [r3, #8]
 2190 002c 0B43     		orrs	r3, r1
 2191 002e 1B0A     		lsrs	r3, r3, #8
 2192 0030 1A43     		orrs	r2, r3
 2193 0032 7B68     		ldr	r3, [r7, #4]
 2194 0034 DA61     		str	r2, [r3, #28]
 2195 0036 7B68     		ldr	r3, [r7, #4]
 2196 0038 1B6A     		ldr	r3, [r3, #32]
 2197 003a 0A4A     		ldr	r2, .L118+8
 2198 003c 1A40     		ands	r2, r3
 2199 003e 3B68     		ldr	r3, [r7]
 2200 0040 1B68     		ldr	r3, [r3]
 2201 0042 1B03     		lsls	r3, r3, #12
 2202 0044 1343     		orrs	r3, r2
 2203 0046 8022     		movs	r2, #128
 2204 0048 5201     		lsls	r2, r2, #5
 2205 004a 1A43     		orrs	r2, r3
 2206 004c 7B68     		ldr	r3, [r7, #4]
 2207 004e 1A62     		str	r2, [r3, #32]
 2208 0050 0023     		movs	r3, #0
 2209 0052 1800     		movs	r0, r3
 2210 0054 BD46     		mov	sp, r7
 2211 0056 02B0     		add	sp, sp, #8
 2212              		@ sp needed
 2213 0058 80BD     		pop	{r7, pc}
 2214              	.L119:
 2215 005a C046     		.align	2
 2216              	.L118:
 2217 005c FFEFFFFF 		.word	-4097
 2218 0060 FF00FFFF 		.word	-65281
 2219 0064 FF5FFFFF 		.word	-40961
 2221              		.ident	"GCC: (crosstool-NG 1.28.0 - arm-cortexm0-eabi) 15.2.0"
ARM GAS  /tmp/ccODGKEV.s 			page 39


DEFINED SYMBOLS
                            *ABS*:00000000 stm32f0xx_ll_tim.c
     /tmp/ccODGKEV.s:15     .rodata.OFFSET_TAB_CCMRx:00000000 $d
     /tmp/ccODGKEV.s:18     .rodata.OFFSET_TAB_CCMRx:00000000 OFFSET_TAB_CCMRx
     /tmp/ccODGKEV.s:21     .rodata.SHIFT_TAB_OCxx:00000000 $d
     /tmp/ccODGKEV.s:24     .rodata.SHIFT_TAB_OCxx:00000000 SHIFT_TAB_OCxx
     /tmp/ccODGKEV.s:27     .rodata.SHIFT_TAB_ICxx:00000000 $d
     /tmp/ccODGKEV.s:30     .rodata.SHIFT_TAB_ICxx:00000000 SHIFT_TAB_ICxx
     /tmp/ccODGKEV.s:33     .rodata.SHIFT_TAB_CCxP:00000000 $d
     /tmp/ccODGKEV.s:36     .rodata.SHIFT_TAB_CCxP:00000000 SHIFT_TAB_CCxP
     /tmp/ccODGKEV.s:39     .rodata.SHIFT_TAB_OISx:00000000 $d
     /tmp/ccODGKEV.s:42     .rodata.SHIFT_TAB_OISx:00000000 SHIFT_TAB_OISx
     /tmp/ccODGKEV.s:45     .text.LL_TIM_SetPrescaler:00000000 $t
     /tmp/ccODGKEV.s:50     .text.LL_TIM_SetPrescaler:00000000 LL_TIM_SetPrescaler
     /tmp/ccODGKEV.s:68     .text.LL_TIM_SetAutoReload:00000000 $t
     /tmp/ccODGKEV.s:73     .text.LL_TIM_SetAutoReload:00000000 LL_TIM_SetAutoReload
     /tmp/ccODGKEV.s:91     .text.LL_TIM_SetRepetitionCounter:00000000 $t
     /tmp/ccODGKEV.s:96     .text.LL_TIM_SetRepetitionCounter:00000000 LL_TIM_SetRepetitionCounter
     /tmp/ccODGKEV.s:114    .text.LL_TIM_OC_SetCompareCH1:00000000 $t
     /tmp/ccODGKEV.s:119    .text.LL_TIM_OC_SetCompareCH1:00000000 LL_TIM_OC_SetCompareCH1
     /tmp/ccODGKEV.s:137    .text.LL_TIM_OC_SetCompareCH2:00000000 $t
     /tmp/ccODGKEV.s:142    .text.LL_TIM_OC_SetCompareCH2:00000000 LL_TIM_OC_SetCompareCH2
     /tmp/ccODGKEV.s:160    .text.LL_TIM_OC_SetCompareCH3:00000000 $t
     /tmp/ccODGKEV.s:165    .text.LL_TIM_OC_SetCompareCH3:00000000 LL_TIM_OC_SetCompareCH3
     /tmp/ccODGKEV.s:183    .text.LL_TIM_OC_SetCompareCH4:00000000 $t
     /tmp/ccODGKEV.s:188    .text.LL_TIM_OC_SetCompareCH4:00000000 LL_TIM_OC_SetCompareCH4
     /tmp/ccODGKEV.s:206    .text.LL_TIM_SetEncoderMode:00000000 $t
     /tmp/ccODGKEV.s:211    .text.LL_TIM_SetEncoderMode:00000000 LL_TIM_SetEncoderMode
     /tmp/ccODGKEV.s:235    .text.LL_TIM_GenerateEvent_UPDATE:00000000 $t
     /tmp/ccODGKEV.s:240    .text.LL_TIM_GenerateEvent_UPDATE:00000000 LL_TIM_GenerateEvent_UPDATE
     /tmp/ccODGKEV.s:260    .text.LL_APB1_GRP1_ForceReset:00000000 $t
     /tmp/ccODGKEV.s:265    .text.LL_APB1_GRP1_ForceReset:00000000 LL_APB1_GRP1_ForceReset
     /tmp/ccODGKEV.s:286    .text.LL_APB1_GRP1_ForceReset:0000001c $d
     /tmp/ccODGKEV.s:289    .text.LL_APB1_GRP1_ReleaseReset:00000000 $t
     /tmp/ccODGKEV.s:294    .text.LL_APB1_GRP1_ReleaseReset:00000000 LL_APB1_GRP1_ReleaseReset
     /tmp/ccODGKEV.s:316    .text.LL_APB1_GRP1_ReleaseReset:00000020 $d
     /tmp/ccODGKEV.s:319    .text.LL_APB1_GRP2_ForceReset:00000000 $t
     /tmp/ccODGKEV.s:324    .text.LL_APB1_GRP2_ForceReset:00000000 LL_APB1_GRP2_ForceReset
     /tmp/ccODGKEV.s:345    .text.LL_APB1_GRP2_ForceReset:0000001c $d
     /tmp/ccODGKEV.s:348    .text.LL_APB1_GRP2_ReleaseReset:00000000 $t
     /tmp/ccODGKEV.s:353    .text.LL_APB1_GRP2_ReleaseReset:00000000 LL_APB1_GRP2_ReleaseReset
     /tmp/ccODGKEV.s:375    .text.LL_APB1_GRP2_ReleaseReset:00000020 $d
     /tmp/ccODGKEV.s:378    .text.LL_TIM_DeInit:00000000 $t
     /tmp/ccODGKEV.s:384    .text.LL_TIM_DeInit:00000000 LL_TIM_DeInit
     /tmp/ccODGKEV.s:522    .text.LL_TIM_DeInit:00000118 $d
     /tmp/ccODGKEV.s:532    .text.LL_TIM_StructInit:00000000 $t
     /tmp/ccODGKEV.s:538    .text.LL_TIM_StructInit:00000000 LL_TIM_StructInit
     /tmp/ccODGKEV.s:568    .text.LL_TIM_Init:00000000 $t
     /tmp/ccODGKEV.s:574    .text.LL_TIM_Init:00000000 LL_TIM_Init
     /tmp/ccODGKEV.s:698    .text.LL_TIM_Init:000000e8 $d
     /tmp/ccODGKEV.s:707    .text.LL_TIM_OC_StructInit:00000000 $t
     /tmp/ccODGKEV.s:713    .text.LL_TIM_OC_StructInit:00000000 LL_TIM_OC_StructInit
     /tmp/ccODGKEV.s:751    .text.LL_TIM_OC_Init:00000000 $t
     /tmp/ccODGKEV.s:757    .text.LL_TIM_OC_Init:00000000 LL_TIM_OC_Init
     /tmp/ccODGKEV.s:1441   .text.OC1Config:00000000 OC1Config
     /tmp/ccODGKEV.s:1581   .text.OC2Config:00000000 OC2Config
     /tmp/ccODGKEV.s:1726   .text.OC3Config:00000000 OC3Config
ARM GAS  /tmp/ccODGKEV.s 			page 40


     /tmp/ccODGKEV.s:1868   .text.OC4Config:00000000 OC4Config
     /tmp/ccODGKEV.s:854    .text.LL_TIM_IC_StructInit:00000000 $t
     /tmp/ccODGKEV.s:860    .text.LL_TIM_IC_StructInit:00000000 LL_TIM_IC_StructInit
     /tmp/ccODGKEV.s:887    .text.LL_TIM_IC_Init:00000000 $t
     /tmp/ccODGKEV.s:893    .text.LL_TIM_IC_Init:00000000 LL_TIM_IC_Init
     /tmp/ccODGKEV.s:1985   .text.IC1Config:00000000 IC1Config
     /tmp/ccODGKEV.s:2042   .text.IC2Config:00000000 IC2Config
     /tmp/ccODGKEV.s:2103   .text.IC3Config:00000000 IC3Config
     /tmp/ccODGKEV.s:2165   .text.IC4Config:00000000 IC4Config
     /tmp/ccODGKEV.s:990    .text.LL_TIM_ENCODER_StructInit:00000000 $t
     /tmp/ccODGKEV.s:996    .text.LL_TIM_ENCODER_StructInit:00000000 LL_TIM_ENCODER_StructInit
     /tmp/ccODGKEV.s:1039   .text.LL_TIM_ENCODER_Init:00000000 $t
     /tmp/ccODGKEV.s:1045   .text.LL_TIM_ENCODER_Init:00000000 LL_TIM_ENCODER_Init
     /tmp/ccODGKEV.s:1150   .text.LL_TIM_ENCODER_Init:000000c8 $d
     /tmp/ccODGKEV.s:1153   .text.LL_TIM_HALLSENSOR_StructInit:00000000 $t
     /tmp/ccODGKEV.s:1159   .text.LL_TIM_HALLSENSOR_StructInit:00000000 LL_TIM_HALLSENSOR_StructInit
     /tmp/ccODGKEV.s:1185   .text.LL_TIM_HALLSENSOR_Init:00000000 $t
     /tmp/ccODGKEV.s:1191   .text.LL_TIM_HALLSENSOR_Init:00000000 LL_TIM_HALLSENSOR_Init
     /tmp/ccODGKEV.s:1307   .text.LL_TIM_HALLSENSOR_Init:000000dc $d
     /tmp/ccODGKEV.s:1310   .text.LL_TIM_BDTR_StructInit:00000000 $t
     /tmp/ccODGKEV.s:1316   .text.LL_TIM_BDTR_StructInit:00000000 LL_TIM_BDTR_StructInit
     /tmp/ccODGKEV.s:1351   .text.LL_TIM_BDTR_Init:00000000 $t
     /tmp/ccODGKEV.s:1357   .text.LL_TIM_BDTR_Init:00000000 LL_TIM_BDTR_Init
     /tmp/ccODGKEV.s:1428   .text.LL_TIM_BDTR_Init:00000080 $d
     /tmp/ccODGKEV.s:1436   .text.OC1Config:00000000 $t
     /tmp/ccODGKEV.s:1568   .text.OC1Config:000000f0 $d
     /tmp/ccODGKEV.s:1576   .text.OC2Config:00000000 $t
     /tmp/ccODGKEV.s:1711   .text.OC2Config:000000f4 $d
     /tmp/ccODGKEV.s:1721   .text.OC3Config:00000000 $t
     /tmp/ccODGKEV.s:1851   .text.OC3Config:000000ec $d
     /tmp/ccODGKEV.s:1863   .text.OC4Config:00000000 $t
     /tmp/ccODGKEV.s:1969   .text.OC4Config:000000bc $d
     /tmp/ccODGKEV.s:1980   .text.IC1Config:00000000 $t
     /tmp/ccODGKEV.s:2037   .text.IC2Config:00000000 $t
     /tmp/ccODGKEV.s:2095   .text.IC2Config:0000005c $d
     /tmp/ccODGKEV.s:2098   .text.IC3Config:00000000 $t
     /tmp/ccODGKEV.s:2156   .text.IC3Config:0000005c $d
     /tmp/ccODGKEV.s:2160   .text.IC4Config:00000000 $t
     /tmp/ccODGKEV.s:2217   .text.IC4Config:0000005c $d

NO UNDEFINED SYMBOLS
