ARM GAS  /tmp/ccjwoU2b.s 			page 1


   1              		.arch armv6s-m
   2              		.fpu softvfp
   3              		.eabi_attribute 20, 1
   4              		.eabi_attribute 21, 1
   5              		.eabi_attribute 23, 3
   6              		.eabi_attribute 24, 1
   7              		.eabi_attribute 25, 1
   8              		.eabi_attribute 26, 1
   9              		.eabi_attribute 30, 6
  10              		.eabi_attribute 34, 0
  11              		.eabi_attribute 18, 4
  12              		.file	"stm32f0xx_hal_msp.c"
  13              		.text
  14              		.section	.rodata.CHANNEL_OFFSET_TAB,"a"
  15              		.align	2
  18              	CHANNEL_OFFSET_TAB:
  19 0000 081C3044 		.ascii	"\010\0340DXl\200"
  19      586C80
  20              		.section	.text.HAL_MspInit,"ax",%progbits
  21              		.align	1
  22              		.global	HAL_MspInit
  23              		.syntax unified
  24              		.code	16
  25              		.thumb_func
  27              	HAL_MspInit:
  28              		@ args = 0, pretend = 0, frame = 8
  29              		@ frame_needed = 1, uses_anonymous_args = 0
  30 0000 80B5     		push	{r7, lr}
  31 0002 82B0     		sub	sp, sp, #8
  32 0004 00AF     		add	r7, sp, #0
  33 0006 0F4B     		ldr	r3, .L2
  34 0008 9A69     		ldr	r2, [r3, #24]
  35 000a 0E4B     		ldr	r3, .L2
  36 000c 0121     		movs	r1, #1
  37 000e 0A43     		orrs	r2, r1
  38 0010 9A61     		str	r2, [r3, #24]
  39 0012 0C4B     		ldr	r3, .L2
  40 0014 9B69     		ldr	r3, [r3, #24]
  41 0016 0122     		movs	r2, #1
  42 0018 1340     		ands	r3, r2
  43 001a 7B60     		str	r3, [r7, #4]
  44 001c 7B68     		ldr	r3, [r7, #4]
  45 001e 094B     		ldr	r3, .L2
  46 0020 DA69     		ldr	r2, [r3, #28]
  47 0022 084B     		ldr	r3, .L2
  48 0024 8021     		movs	r1, #128
  49 0026 4905     		lsls	r1, r1, #21
  50 0028 0A43     		orrs	r2, r1
  51 002a DA61     		str	r2, [r3, #28]
  52 002c 054B     		ldr	r3, .L2
  53 002e DA69     		ldr	r2, [r3, #28]
  54 0030 8023     		movs	r3, #128
  55 0032 5B05     		lsls	r3, r3, #21
  56 0034 1340     		ands	r3, r2
  57 0036 3B60     		str	r3, [r7]
  58 0038 3B68     		ldr	r3, [r7]
  59 003a C046     		nop
ARM GAS  /tmp/ccjwoU2b.s 			page 2


  60 003c BD46     		mov	sp, r7
  61 003e 02B0     		add	sp, sp, #8
  62              		@ sp needed
  63 0040 80BD     		pop	{r7, pc}
  64              	.L3:
  65 0042 C046     		.align	2
  66              	.L2:
  67 0044 00100240 		.word	1073876992
  69              		.ident	"GCC: (crosstool-NG 1.28.0 - arm-cortexm0-eabi) 15.2.0"
ARM GAS  /tmp/ccjwoU2b.s 			page 3


DEFINED SYMBOLS
                            *ABS*:00000000 stm32f0xx_hal_msp.c
     /tmp/ccjwoU2b.s:15     .rodata.CHANNEL_OFFSET_TAB:00000000 $d
     /tmp/ccjwoU2b.s:18     .rodata.CHANNEL_OFFSET_TAB:00000000 CHANNEL_OFFSET_TAB
     /tmp/ccjwoU2b.s:21     .text.HAL_MspInit:00000000 $t
     /tmp/ccjwoU2b.s:27     .text.HAL_MspInit:00000000 HAL_MspInit
     /tmp/ccjwoU2b.s:67     .text.HAL_MspInit:00000044 $d

NO UNDEFINED SYMBOLS
