ARM GAS  /tmp/ccvmLDjF.s 			page 1


   1              		.arch armv6s-m
   2              		.fpu softvfp
   3              		.eabi_attribute 20, 1
   4              		.eabi_attribute 21, 1
   5              		.eabi_attribute 23, 3
   6              		.eabi_attribute 24, 1
   7              		.eabi_attribute 25, 1
   8              		.eabi_attribute 26, 1
   9              		.eabi_attribute 30, 6
  10              		.eabi_attribute 34, 0
  11              		.eabi_attribute 18, 4
  12              		.file	"stm32f0xx_hal_rcc_ex.c"
  13              		.text
  14              		.section	.text.HAL_RCCEx_PeriphCLKConfig,"ax",%progbits
  15              		.align	1
  16              		.global	HAL_RCCEx_PeriphCLKConfig
  17              		.syntax unified
  18              		.code	16
  19              		.thumb_func
  21              	HAL_RCCEx_PeriphCLKConfig:
  22              		@ args = 0, pretend = 0, frame = 24
  23              		@ frame_needed = 1, uses_anonymous_args = 0
  24 0000 80B5     		push	{r7, lr}
  25 0002 86B0     		sub	sp, sp, #24
  26 0004 00AF     		add	r7, sp, #0
  27 0006 7860     		str	r0, [r7, #4]
  28 0008 0023     		movs	r3, #0
  29 000a 3B61     		str	r3, [r7, #16]
  30 000c 0023     		movs	r3, #0
  31 000e FB60     		str	r3, [r7, #12]
  32 0010 7B68     		ldr	r3, [r7, #4]
  33 0012 1A68     		ldr	r2, [r3]
  34 0014 8023     		movs	r3, #128
  35 0016 5B02     		lsls	r3, r3, #9
  36 0018 1340     		ands	r3, r2
  37 001a 00D1     		bne	.LCB18
  38 001c 8EE0     		b	.L2	@long jump
  39              	.LCB18:
  40 001e 1720     		movs	r0, #23
  41 0020 3B18     		adds	r3, r7, r0
  42 0022 0022     		movs	r2, #0
  43 0024 1A70     		strb	r2, [r3]
  44 0026 6E4B     		ldr	r3, .L16
  45 0028 DA69     		ldr	r2, [r3, #28]
  46 002a 8023     		movs	r3, #128
  47 002c 5B05     		lsls	r3, r3, #21
  48 002e 1340     		ands	r3, r2
  49 0030 10D1     		bne	.L3
  50 0032 6B4B     		ldr	r3, .L16
  51 0034 DA69     		ldr	r2, [r3, #28]
  52 0036 6A4B     		ldr	r3, .L16
  53 0038 8021     		movs	r1, #128
  54 003a 4905     		lsls	r1, r1, #21
  55 003c 0A43     		orrs	r2, r1
  56 003e DA61     		str	r2, [r3, #28]
  57 0040 674B     		ldr	r3, .L16
  58 0042 DA69     		ldr	r2, [r3, #28]
ARM GAS  /tmp/ccvmLDjF.s 			page 2


  59 0044 8023     		movs	r3, #128
  60 0046 5B05     		lsls	r3, r3, #21
  61 0048 1340     		ands	r3, r2
  62 004a BB60     		str	r3, [r7, #8]
  63 004c BB68     		ldr	r3, [r7, #8]
  64 004e 3B18     		adds	r3, r7, r0
  65 0050 0122     		movs	r2, #1
  66 0052 1A70     		strb	r2, [r3]
  67              	.L3:
  68 0054 634B     		ldr	r3, .L16+4
  69 0056 1A68     		ldr	r2, [r3]
  70 0058 8023     		movs	r3, #128
  71 005a 5B00     		lsls	r3, r3, #1
  72 005c 1340     		ands	r3, r2
  73 005e 1AD1     		bne	.L4
  74 0060 604B     		ldr	r3, .L16+4
  75 0062 1A68     		ldr	r2, [r3]
  76 0064 5F4B     		ldr	r3, .L16+4
  77 0066 8021     		movs	r1, #128
  78 0068 4900     		lsls	r1, r1, #1
  79 006a 0A43     		orrs	r2, r1
  80 006c 1A60     		str	r2, [r3]
  81 006e FFF7FEFF 		bl	HAL_GetTick
  82 0072 0300     		movs	r3, r0
  83 0074 3B61     		str	r3, [r7, #16]
  84 0076 08E0     		b	.L5
  85              	.L7:
  86 0078 FFF7FEFF 		bl	HAL_GetTick
  87 007c 0200     		movs	r2, r0
  88 007e 3B69     		ldr	r3, [r7, #16]
  89 0080 D31A     		subs	r3, r2, r3
  90 0082 642B     		cmp	r3, #100
  91 0084 01D9     		bls	.L5
  92 0086 0323     		movs	r3, #3
  93 0088 A6E0     		b	.L6
  94              	.L5:
  95 008a 564B     		ldr	r3, .L16+4
  96 008c 1A68     		ldr	r2, [r3]
  97 008e 8023     		movs	r3, #128
  98 0090 5B00     		lsls	r3, r3, #1
  99 0092 1340     		ands	r3, r2
 100 0094 F0D0     		beq	.L7
 101              	.L4:
 102 0096 524B     		ldr	r3, .L16
 103 0098 1A6A     		ldr	r2, [r3, #32]
 104 009a C023     		movs	r3, #192
 105 009c 9B00     		lsls	r3, r3, #2
 106 009e 1340     		ands	r3, r2
 107 00a0 FB60     		str	r3, [r7, #12]
 108 00a2 FB68     		ldr	r3, [r7, #12]
 109 00a4 002B     		cmp	r3, #0
 110 00a6 34D0     		beq	.L8
 111 00a8 7B68     		ldr	r3, [r7, #4]
 112 00aa 5A68     		ldr	r2, [r3, #4]
 113 00ac C023     		movs	r3, #192
 114 00ae 9B00     		lsls	r3, r3, #2
 115 00b0 1340     		ands	r3, r2
ARM GAS  /tmp/ccvmLDjF.s 			page 3


 116 00b2 FA68     		ldr	r2, [r7, #12]
 117 00b4 9A42     		cmp	r2, r3
 118 00b6 2CD0     		beq	.L8
 119 00b8 494B     		ldr	r3, .L16
 120 00ba 1B6A     		ldr	r3, [r3, #32]
 121 00bc 4A4A     		ldr	r2, .L16+8
 122 00be 1340     		ands	r3, r2
 123 00c0 FB60     		str	r3, [r7, #12]
 124 00c2 474B     		ldr	r3, .L16
 125 00c4 1A6A     		ldr	r2, [r3, #32]
 126 00c6 464B     		ldr	r3, .L16
 127 00c8 8021     		movs	r1, #128
 128 00ca 4902     		lsls	r1, r1, #9
 129 00cc 0A43     		orrs	r2, r1
 130 00ce 1A62     		str	r2, [r3, #32]
 131 00d0 434B     		ldr	r3, .L16
 132 00d2 1A6A     		ldr	r2, [r3, #32]
 133 00d4 424B     		ldr	r3, .L16
 134 00d6 4549     		ldr	r1, .L16+12
 135 00d8 0A40     		ands	r2, r1
 136 00da 1A62     		str	r2, [r3, #32]
 137 00dc 404B     		ldr	r3, .L16
 138 00de FA68     		ldr	r2, [r7, #12]
 139 00e0 1A62     		str	r2, [r3, #32]
 140 00e2 FB68     		ldr	r3, [r7, #12]
 141 00e4 0122     		movs	r2, #1
 142 00e6 1340     		ands	r3, r2
 143 00e8 13D0     		beq	.L8
 144 00ea FFF7FEFF 		bl	HAL_GetTick
 145 00ee 0300     		movs	r3, r0
 146 00f0 3B61     		str	r3, [r7, #16]
 147 00f2 09E0     		b	.L9
 148              	.L10:
 149 00f4 FFF7FEFF 		bl	HAL_GetTick
 150 00f8 0200     		movs	r2, r0
 151 00fa 3B69     		ldr	r3, [r7, #16]
 152 00fc D31A     		subs	r3, r2, r3
 153 00fe 3C4A     		ldr	r2, .L16+16
 154 0100 9342     		cmp	r3, r2
 155 0102 01D9     		bls	.L9
 156 0104 0323     		movs	r3, #3
 157 0106 67E0     		b	.L6
 158              	.L9:
 159 0108 354B     		ldr	r3, .L16
 160 010a 1B6A     		ldr	r3, [r3, #32]
 161 010c 0222     		movs	r2, #2
 162 010e 1340     		ands	r3, r2
 163 0110 F0D0     		beq	.L10
 164              	.L8:
 165 0112 334B     		ldr	r3, .L16
 166 0114 1B6A     		ldr	r3, [r3, #32]
 167 0116 344A     		ldr	r2, .L16+8
 168 0118 1340     		ands	r3, r2
 169 011a 1900     		movs	r1, r3
 170 011c 7B68     		ldr	r3, [r7, #4]
 171 011e 5A68     		ldr	r2, [r3, #4]
 172 0120 2F4B     		ldr	r3, .L16
ARM GAS  /tmp/ccvmLDjF.s 			page 4


 173 0122 0A43     		orrs	r2, r1
 174 0124 1A62     		str	r2, [r3, #32]
 175 0126 1723     		movs	r3, #23
 176 0128 FB18     		adds	r3, r7, r3
 177 012a 1B78     		ldrb	r3, [r3]
 178 012c 012B     		cmp	r3, #1
 179 012e 05D1     		bne	.L2
 180 0130 2B4B     		ldr	r3, .L16
 181 0132 DA69     		ldr	r2, [r3, #28]
 182 0134 2A4B     		ldr	r3, .L16
 183 0136 2F49     		ldr	r1, .L16+20
 184 0138 0A40     		ands	r2, r1
 185 013a DA61     		str	r2, [r3, #28]
 186              	.L2:
 187 013c 7B68     		ldr	r3, [r7, #4]
 188 013e 1B68     		ldr	r3, [r3]
 189 0140 0122     		movs	r2, #1
 190 0142 1340     		ands	r3, r2
 191 0144 09D0     		beq	.L11
 192 0146 264B     		ldr	r3, .L16
 193 0148 1B6B     		ldr	r3, [r3, #48]
 194 014a 0322     		movs	r2, #3
 195 014c 9343     		bics	r3, r2
 196 014e 1900     		movs	r1, r3
 197 0150 7B68     		ldr	r3, [r7, #4]
 198 0152 9A68     		ldr	r2, [r3, #8]
 199 0154 224B     		ldr	r3, .L16
 200 0156 0A43     		orrs	r2, r1
 201 0158 1A63     		str	r2, [r3, #48]
 202              	.L11:
 203 015a 7B68     		ldr	r3, [r7, #4]
 204 015c 1B68     		ldr	r3, [r3]
 205 015e 0222     		movs	r2, #2
 206 0160 1340     		ands	r3, r2
 207 0162 09D0     		beq	.L12
 208 0164 1E4B     		ldr	r3, .L16
 209 0166 1B6B     		ldr	r3, [r3, #48]
 210 0168 234A     		ldr	r2, .L16+24
 211 016a 1340     		ands	r3, r2
 212 016c 1900     		movs	r1, r3
 213 016e 7B68     		ldr	r3, [r7, #4]
 214 0170 DA68     		ldr	r2, [r3, #12]
 215 0172 1B4B     		ldr	r3, .L16
 216 0174 0A43     		orrs	r2, r1
 217 0176 1A63     		str	r2, [r3, #48]
 218              	.L12:
 219 0178 7B68     		ldr	r3, [r7, #4]
 220 017a 1B68     		ldr	r3, [r3]
 221 017c 2022     		movs	r2, #32
 222 017e 1340     		ands	r3, r2
 223 0180 09D0     		beq	.L13
 224 0182 174B     		ldr	r3, .L16
 225 0184 1B6B     		ldr	r3, [r3, #48]
 226 0186 1022     		movs	r2, #16
 227 0188 9343     		bics	r3, r2
 228 018a 1900     		movs	r1, r3
 229 018c 7B68     		ldr	r3, [r7, #4]
ARM GAS  /tmp/ccvmLDjF.s 			page 5


 230 018e 1A69     		ldr	r2, [r3, #16]
 231 0190 134B     		ldr	r3, .L16
 232 0192 0A43     		orrs	r2, r1
 233 0194 1A63     		str	r2, [r3, #48]
 234              	.L13:
 235 0196 7B68     		ldr	r3, [r7, #4]
 236 0198 1A68     		ldr	r2, [r3]
 237 019a 8023     		movs	r3, #128
 238 019c 9B02     		lsls	r3, r3, #10
 239 019e 1340     		ands	r3, r2
 240 01a0 09D0     		beq	.L14
 241 01a2 0F4B     		ldr	r3, .L16
 242 01a4 1B6B     		ldr	r3, [r3, #48]
 243 01a6 8022     		movs	r2, #128
 244 01a8 9343     		bics	r3, r2
 245 01aa 1900     		movs	r1, r3
 246 01ac 7B68     		ldr	r3, [r7, #4]
 247 01ae 9A69     		ldr	r2, [r3, #24]
 248 01b0 0B4B     		ldr	r3, .L16
 249 01b2 0A43     		orrs	r2, r1
 250 01b4 1A63     		str	r2, [r3, #48]
 251              	.L14:
 252 01b6 7B68     		ldr	r3, [r7, #4]
 253 01b8 1A68     		ldr	r2, [r3]
 254 01ba 8023     		movs	r3, #128
 255 01bc DB00     		lsls	r3, r3, #3
 256 01be 1340     		ands	r3, r2
 257 01c0 09D0     		beq	.L15
 258 01c2 074B     		ldr	r3, .L16
 259 01c4 1B6B     		ldr	r3, [r3, #48]
 260 01c6 4022     		movs	r2, #64
 261 01c8 9343     		bics	r3, r2
 262 01ca 1900     		movs	r1, r3
 263 01cc 7B68     		ldr	r3, [r7, #4]
 264 01ce 5A69     		ldr	r2, [r3, #20]
 265 01d0 034B     		ldr	r3, .L16
 266 01d2 0A43     		orrs	r2, r1
 267 01d4 1A63     		str	r2, [r3, #48]
 268              	.L15:
 269 01d6 0023     		movs	r3, #0
 270              	.L6:
 271 01d8 1800     		movs	r0, r3
 272 01da BD46     		mov	sp, r7
 273 01dc 06B0     		add	sp, sp, #24
 274              		@ sp needed
 275 01de 80BD     		pop	{r7, pc}
 276              	.L17:
 277              		.align	2
 278              	.L16:
 279 01e0 00100240 		.word	1073876992
 280 01e4 00700040 		.word	1073770496
 281 01e8 FFFCFFFF 		.word	-769
 282 01ec FFFFFEFF 		.word	-65537
 283 01f0 88130000 		.word	5000
 284 01f4 FFFFFFEF 		.word	-268435457
 285 01f8 FFFFFCFF 		.word	-196609
 287              		.section	.text.HAL_RCCEx_GetPeriphCLKConfig,"ax",%progbits
ARM GAS  /tmp/ccvmLDjF.s 			page 6


 288              		.align	1
 289              		.global	HAL_RCCEx_GetPeriphCLKConfig
 290              		.syntax unified
 291              		.code	16
 292              		.thumb_func
 294              	HAL_RCCEx_GetPeriphCLKConfig:
 295              		@ args = 0, pretend = 0, frame = 8
 296              		@ frame_needed = 1, uses_anonymous_args = 0
 297 0000 80B5     		push	{r7, lr}
 298 0002 82B0     		sub	sp, sp, #8
 299 0004 00AF     		add	r7, sp, #0
 300 0006 7860     		str	r0, [r7, #4]
 301 0008 7B68     		ldr	r3, [r7, #4]
 302 000a 204A     		ldr	r2, .L19
 303 000c 1A60     		str	r2, [r3]
 304 000e 204B     		ldr	r3, .L19+4
 305 0010 1A6A     		ldr	r2, [r3, #32]
 306 0012 C023     		movs	r3, #192
 307 0014 9B00     		lsls	r3, r3, #2
 308 0016 1A40     		ands	r2, r3
 309 0018 7B68     		ldr	r3, [r7, #4]
 310 001a 5A60     		str	r2, [r3, #4]
 311 001c 1C4B     		ldr	r3, .L19+4
 312 001e 1B6B     		ldr	r3, [r3, #48]
 313 0020 0322     		movs	r2, #3
 314 0022 1A40     		ands	r2, r3
 315 0024 7B68     		ldr	r3, [r7, #4]
 316 0026 9A60     		str	r2, [r3, #8]
 317 0028 194B     		ldr	r3, .L19+4
 318 002a 1B6B     		ldr	r3, [r3, #48]
 319 002c 1022     		movs	r2, #16
 320 002e 1A40     		ands	r2, r3
 321 0030 7B68     		ldr	r3, [r7, #4]
 322 0032 1A61     		str	r2, [r3, #16]
 323 0034 7B68     		ldr	r3, [r7, #4]
 324 0036 1B68     		ldr	r3, [r3]
 325 0038 0222     		movs	r2, #2
 326 003a 1A43     		orrs	r2, r3
 327 003c 7B68     		ldr	r3, [r7, #4]
 328 003e 1A60     		str	r2, [r3]
 329 0040 134B     		ldr	r3, .L19+4
 330 0042 1A6B     		ldr	r2, [r3, #48]
 331 0044 C023     		movs	r3, #192
 332 0046 9B02     		lsls	r3, r3, #10
 333 0048 1A40     		ands	r2, r3
 334 004a 7B68     		ldr	r3, [r7, #4]
 335 004c DA60     		str	r2, [r3, #12]
 336 004e 7B68     		ldr	r3, [r7, #4]
 337 0050 1B68     		ldr	r3, [r3]
 338 0052 8022     		movs	r2, #128
 339 0054 9202     		lsls	r2, r2, #10
 340 0056 1A43     		orrs	r2, r3
 341 0058 7B68     		ldr	r3, [r7, #4]
 342 005a 1A60     		str	r2, [r3]
 343 005c 0C4B     		ldr	r3, .L19+4
 344 005e 1B6B     		ldr	r3, [r3, #48]
 345 0060 8022     		movs	r2, #128
ARM GAS  /tmp/ccvmLDjF.s 			page 7


 346 0062 1A40     		ands	r2, r3
 347 0064 7B68     		ldr	r3, [r7, #4]
 348 0066 9A61     		str	r2, [r3, #24]
 349 0068 7B68     		ldr	r3, [r7, #4]
 350 006a 1B68     		ldr	r3, [r3]
 351 006c 8022     		movs	r2, #128
 352 006e D200     		lsls	r2, r2, #3
 353 0070 1A43     		orrs	r2, r3
 354 0072 7B68     		ldr	r3, [r7, #4]
 355 0074 1A60     		str	r2, [r3]
 356 0076 064B     		ldr	r3, .L19+4
 357 0078 1B6B     		ldr	r3, [r3, #48]
 358 007a 4022     		movs	r2, #64
 359 007c 1A40     		ands	r2, r3
 360 007e 7B68     		ldr	r3, [r7, #4]
 361 0080 5A61     		str	r2, [r3, #20]
 362 0082 C046     		nop
 363 0084 BD46     		mov	sp, r7
 364 0086 02B0     		add	sp, sp, #8
 365              		@ sp needed
 366 0088 80BD     		pop	{r7, pc}
 367              	.L20:
 368 008a C046     		.align	2
 369              	.L19:
 370 008c 21000100 		.word	65569
 371 0090 00100240 		.word	1073876992
 373              		.section	.text.HAL_RCCEx_GetPeriphCLKFreq,"ax",%progbits
 374              		.align	1
 375              		.global	HAL_RCCEx_GetPeriphCLKFreq
 376              		.syntax unified
 377              		.code	16
 378              		.thumb_func
 380              	HAL_RCCEx_GetPeriphCLKFreq:
 381              		@ args = 0, pretend = 0, frame = 32
 382              		@ frame_needed = 1, uses_anonymous_args = 0
 383 0000 80B5     		push	{r7, lr}
 384 0002 88B0     		sub	sp, sp, #32
 385 0004 00AF     		add	r7, sp, #0
 386 0006 7860     		str	r0, [r7, #4]
 387 0008 0023     		movs	r3, #0
 388 000a FB61     		str	r3, [r7, #28]
 389 000c 0023     		movs	r3, #0
 390 000e BB61     		str	r3, [r7, #24]
 391 0010 0023     		movs	r3, #0
 392 0012 7B61     		str	r3, [r7, #20]
 393 0014 0023     		movs	r3, #0
 394 0016 3B61     		str	r3, [r7, #16]
 395 0018 0023     		movs	r3, #0
 396 001a FB60     		str	r3, [r7, #12]
 397 001c 7A68     		ldr	r2, [r7, #4]
 398 001e 8023     		movs	r3, #128
 399 0020 9B02     		lsls	r3, r3, #10
 400 0022 9A42     		cmp	r2, r3
 401 0024 00D1     		bne	.LCB409
 402 0026 E4E0     		b	.L22	@long jump
 403              	.LCB409:
 404 0028 7A68     		ldr	r2, [r7, #4]
ARM GAS  /tmp/ccvmLDjF.s 			page 8


 405 002a 8023     		movs	r3, #128
 406 002c 9B02     		lsls	r3, r3, #10
 407 002e 9A42     		cmp	r2, r3
 408 0030 00D9     		bls	.LCB414
 409 0032 5BE1     		b	.L51	@long jump
 410              	.LCB414:
 411 0034 7A68     		ldr	r2, [r7, #4]
 412 0036 8023     		movs	r3, #128
 413 0038 5B02     		lsls	r3, r3, #9
 414 003a 9A42     		cmp	r2, r3
 415 003c 21D0     		beq	.L24
 416 003e 7A68     		ldr	r2, [r7, #4]
 417 0040 8023     		movs	r3, #128
 418 0042 5B02     		lsls	r3, r3, #9
 419 0044 9A42     		cmp	r2, r3
 420 0046 00D9     		bls	.LCB424
 421 0048 50E1     		b	.L51	@long jump
 422              	.LCB424:
 423 004a 7A68     		ldr	r2, [r7, #4]
 424 004c 8023     		movs	r3, #128
 425 004e DB00     		lsls	r3, r3, #3
 426 0050 9A42     		cmp	r2, r3
 427 0052 00D1     		bne	.LCB429
 428 0054 2CE1     		b	.L25	@long jump
 429              	.LCB429:
 430 0056 7A68     		ldr	r2, [r7, #4]
 431 0058 8023     		movs	r3, #128
 432 005a DB00     		lsls	r3, r3, #3
 433 005c 9A42     		cmp	r2, r3
 434 005e 00D9     		bls	.LCB434
 435 0060 44E1     		b	.L51	@long jump
 436              	.LCB434:
 437 0062 7B68     		ldr	r3, [r7, #4]
 438 0064 202B     		cmp	r3, #32
 439 0066 00D1     		bne	.LCB437
 440 0068 A9E0     		b	.L26	@long jump
 441              	.LCB437:
 442 006a 7B68     		ldr	r3, [r7, #4]
 443 006c 202B     		cmp	r3, #32
 444 006e 00D9     		bls	.LCB440
 445 0070 3CE1     		b	.L51	@long jump
 446              	.LCB440:
 447 0072 7B68     		ldr	r3, [r7, #4]
 448 0074 012B     		cmp	r3, #1
 449 0076 3BD0     		beq	.L27
 450 0078 7B68     		ldr	r3, [r7, #4]
 451 007a 022B     		cmp	r3, #2
 452 007c 00D1     		bne	.LCB446
 453 007e 67E0     		b	.L28	@long jump
 454              	.LCB446:
 455 0080 34E1     		b	.L51
 456              	.L24:
 457 0082 A34B     		ldr	r3, .L58
 458 0084 1A6A     		ldr	r2, [r3, #32]
 459 0086 C023     		movs	r3, #192
 460 0088 9B00     		lsls	r3, r3, #2
 461 008a 1340     		ands	r3, r2
ARM GAS  /tmp/ccvmLDjF.s 			page 9


 462 008c BB61     		str	r3, [r7, #24]
 463 008e BA69     		ldr	r2, [r7, #24]
 464 0090 8023     		movs	r3, #128
 465 0092 5B00     		lsls	r3, r3, #1
 466 0094 9A42     		cmp	r2, r3
 467 0096 09D1     		bne	.L29
 468 0098 9D4B     		ldr	r3, .L58
 469 009a 1B6A     		ldr	r3, [r3, #32]
 470 009c 0222     		movs	r2, #2
 471 009e 1340     		ands	r3, r2
 472 00a0 022B     		cmp	r3, #2
 473 00a2 03D1     		bne	.L29
 474 00a4 8023     		movs	r3, #128
 475 00a6 1B02     		lsls	r3, r3, #8
 476 00a8 FB61     		str	r3, [r7, #28]
 477 00aa 20E0     		b	.L30
 478              	.L29:
 479 00ac BA69     		ldr	r2, [r7, #24]
 480 00ae 8023     		movs	r3, #128
 481 00b0 9B00     		lsls	r3, r3, #2
 482 00b2 9A42     		cmp	r2, r3
 483 00b4 08D1     		bne	.L31
 484 00b6 964B     		ldr	r3, .L58
 485 00b8 5B6A     		ldr	r3, [r3, #36]
 486 00ba 0222     		movs	r2, #2
 487 00bc 1340     		ands	r3, r2
 488 00be 022B     		cmp	r3, #2
 489 00c0 02D1     		bne	.L31
 490 00c2 944B     		ldr	r3, .L58+4
 491 00c4 FB61     		str	r3, [r7, #28]
 492 00c6 12E0     		b	.L30
 493              	.L31:
 494 00c8 BA69     		ldr	r2, [r7, #24]
 495 00ca C023     		movs	r3, #192
 496 00cc 9B00     		lsls	r3, r3, #2
 497 00ce 9A42     		cmp	r2, r3
 498 00d0 00D0     		beq	.LCB496
 499 00d2 0DE1     		b	.L52	@long jump
 500              	.LCB496:
 501 00d4 8E4B     		ldr	r3, .L58
 502 00d6 1A68     		ldr	r2, [r3]
 503 00d8 8023     		movs	r3, #128
 504 00da 9B02     		lsls	r3, r3, #10
 505 00dc 1A40     		ands	r2, r3
 506 00de 8023     		movs	r3, #128
 507 00e0 9B02     		lsls	r3, r3, #10
 508 00e2 9A42     		cmp	r2, r3
 509 00e4 00D0     		beq	.LCB505
 510 00e6 03E1     		b	.L52	@long jump
 511              	.LCB505:
 512 00e8 8B4B     		ldr	r3, .L58+8
 513 00ea FB61     		str	r3, [r7, #28]
 514 00ec 00E1     		b	.L52
 515              	.L30:
 516 00ee FFE0     		b	.L52
 517              	.L27:
 518 00f0 874B     		ldr	r3, .L58
ARM GAS  /tmp/ccvmLDjF.s 			page 10


 519 00f2 1B6B     		ldr	r3, [r3, #48]
 520 00f4 0322     		movs	r2, #3
 521 00f6 1340     		ands	r3, r2
 522 00f8 BB61     		str	r3, [r7, #24]
 523 00fa BB69     		ldr	r3, [r7, #24]
 524 00fc 002B     		cmp	r3, #0
 525 00fe 04D1     		bne	.L33
 526 0100 FFF7FEFF 		bl	HAL_RCC_GetPCLK1Freq
 527 0104 0300     		movs	r3, r0
 528 0106 FB61     		str	r3, [r7, #28]
 529 0108 F4E0     		b	.L53
 530              	.L33:
 531 010a BB69     		ldr	r3, [r7, #24]
 532 010c 032B     		cmp	r3, #3
 533 010e 08D1     		bne	.L35
 534 0110 7F4B     		ldr	r3, .L58
 535 0112 1B68     		ldr	r3, [r3]
 536 0114 0222     		movs	r2, #2
 537 0116 1340     		ands	r3, r2
 538 0118 022B     		cmp	r3, #2
 539 011a 02D1     		bne	.L35
 540 011c 7F4B     		ldr	r3, .L58+12
 541 011e FB61     		str	r3, [r7, #28]
 542 0120 E8E0     		b	.L53
 543              	.L35:
 544 0122 BB69     		ldr	r3, [r7, #24]
 545 0124 012B     		cmp	r3, #1
 546 0126 04D1     		bne	.L36
 547 0128 FFF7FEFF 		bl	HAL_RCC_GetSysClockFreq
 548 012c 0300     		movs	r3, r0
 549 012e FB61     		str	r3, [r7, #28]
 550 0130 E0E0     		b	.L53
 551              	.L36:
 552 0132 BB69     		ldr	r3, [r7, #24]
 553 0134 022B     		cmp	r3, #2
 554 0136 00D0     		beq	.LCB558
 555 0138 DCE0     		b	.L53	@long jump
 556              	.LCB558:
 557 013a 754B     		ldr	r3, .L58
 558 013c 1B6A     		ldr	r3, [r3, #32]
 559 013e 0222     		movs	r2, #2
 560 0140 1340     		ands	r3, r2
 561 0142 022B     		cmp	r3, #2
 562 0144 00D0     		beq	.LCB564
 563 0146 D5E0     		b	.L53	@long jump
 564              	.LCB564:
 565 0148 8023     		movs	r3, #128
 566 014a 1B02     		lsls	r3, r3, #8
 567 014c FB61     		str	r3, [r7, #28]
 568 014e D1E0     		b	.L53
 569              	.L28:
 570 0150 6F4B     		ldr	r3, .L58
 571 0152 1A6B     		ldr	r2, [r3, #48]
 572 0154 C023     		movs	r3, #192
 573 0156 9B02     		lsls	r3, r3, #10
 574 0158 1340     		ands	r3, r2
 575 015a BB61     		str	r3, [r7, #24]
ARM GAS  /tmp/ccvmLDjF.s 			page 11


 576 015c BB69     		ldr	r3, [r7, #24]
 577 015e 002B     		cmp	r3, #0
 578 0160 04D1     		bne	.L37
 579 0162 FFF7FEFF 		bl	HAL_RCC_GetPCLK1Freq
 580 0166 0300     		movs	r3, r0
 581 0168 FB61     		str	r3, [r7, #28]
 582 016a C5E0     		b	.L54
 583              	.L37:
 584 016c BA69     		ldr	r2, [r7, #24]
 585 016e C023     		movs	r3, #192
 586 0170 9B02     		lsls	r3, r3, #10
 587 0172 9A42     		cmp	r2, r3
 588 0174 08D1     		bne	.L39
 589 0176 664B     		ldr	r3, .L58
 590 0178 1B68     		ldr	r3, [r3]
 591 017a 0222     		movs	r2, #2
 592 017c 1340     		ands	r3, r2
 593 017e 022B     		cmp	r3, #2
 594 0180 02D1     		bne	.L39
 595 0182 664B     		ldr	r3, .L58+12
 596 0184 FB61     		str	r3, [r7, #28]
 597 0186 B7E0     		b	.L54
 598              	.L39:
 599 0188 BA69     		ldr	r2, [r7, #24]
 600 018a 8023     		movs	r3, #128
 601 018c 5B02     		lsls	r3, r3, #9
 602 018e 9A42     		cmp	r2, r3
 603 0190 04D1     		bne	.L40
 604 0192 FFF7FEFF 		bl	HAL_RCC_GetSysClockFreq
 605 0196 0300     		movs	r3, r0
 606 0198 FB61     		str	r3, [r7, #28]
 607 019a ADE0     		b	.L54
 608              	.L40:
 609 019c BA69     		ldr	r2, [r7, #24]
 610 019e 8023     		movs	r3, #128
 611 01a0 9B02     		lsls	r3, r3, #10
 612 01a2 9A42     		cmp	r2, r3
 613 01a4 00D0     		beq	.LCB621
 614 01a6 A7E0     		b	.L54	@long jump
 615              	.LCB621:
 616 01a8 594B     		ldr	r3, .L58
 617 01aa 1B6A     		ldr	r3, [r3, #32]
 618 01ac 0222     		movs	r2, #2
 619 01ae 1340     		ands	r3, r2
 620 01b0 022B     		cmp	r3, #2
 621 01b2 00D0     		beq	.LCB627
 622 01b4 A0E0     		b	.L54	@long jump
 623              	.LCB627:
 624 01b6 8023     		movs	r3, #128
 625 01b8 1B02     		lsls	r3, r3, #8
 626 01ba FB61     		str	r3, [r7, #28]
 627 01bc 9CE0     		b	.L54
 628              	.L26:
 629 01be 544B     		ldr	r3, .L58
 630 01c0 1B6B     		ldr	r3, [r3, #48]
 631 01c2 1022     		movs	r2, #16
 632 01c4 1340     		ands	r3, r2
ARM GAS  /tmp/ccvmLDjF.s 			page 12


 633 01c6 BB61     		str	r3, [r7, #24]
 634 01c8 BB69     		ldr	r3, [r7, #24]
 635 01ca 002B     		cmp	r3, #0
 636 01cc 08D1     		bne	.L41
 637 01ce 504B     		ldr	r3, .L58
 638 01d0 1B68     		ldr	r3, [r3]
 639 01d2 0222     		movs	r2, #2
 640 01d4 1340     		ands	r3, r2
 641 01d6 022B     		cmp	r3, #2
 642 01d8 02D1     		bne	.L41
 643 01da 504B     		ldr	r3, .L58+12
 644 01dc FB61     		str	r3, [r7, #28]
 645 01de 8DE0     		b	.L55
 646              	.L41:
 647 01e0 BB69     		ldr	r3, [r7, #24]
 648 01e2 102B     		cmp	r3, #16
 649 01e4 00D0     		beq	.LCB657
 650 01e6 89E0     		b	.L55	@long jump
 651              	.LCB657:
 652 01e8 FFF7FEFF 		bl	HAL_RCC_GetSysClockFreq
 653 01ec 0300     		movs	r3, r0
 654 01ee FB61     		str	r3, [r7, #28]
 655 01f0 84E0     		b	.L55
 656              	.L22:
 657 01f2 474B     		ldr	r3, .L58
 658 01f4 1B6B     		ldr	r3, [r3, #48]
 659 01f6 8022     		movs	r2, #128
 660 01f8 1340     		ands	r3, r2
 661 01fa BB61     		str	r3, [r7, #24]
 662 01fc BB69     		ldr	r3, [r7, #24]
 663 01fe 802B     		cmp	r3, #128
 664 0200 46D1     		bne	.L43
 665 0202 434B     		ldr	r3, .L58
 666 0204 1A68     		ldr	r2, [r3]
 667 0206 8023     		movs	r3, #128
 668 0208 9B04     		lsls	r3, r3, #18
 669 020a 1A40     		ands	r2, r3
 670 020c 8023     		movs	r3, #128
 671 020e 9B04     		lsls	r3, r3, #18
 672 0210 9A42     		cmp	r2, r3
 673 0212 3DD1     		bne	.L43
 674 0214 3E4B     		ldr	r3, .L58
 675 0216 5A68     		ldr	r2, [r3, #4]
 676 0218 F023     		movs	r3, #240
 677 021a 9B03     		lsls	r3, r3, #14
 678 021c 1340     		ands	r3, r2
 679 021e 7B61     		str	r3, [r7, #20]
 680 0220 3B4B     		ldr	r3, .L58
 681 0222 5A68     		ldr	r2, [r3, #4]
 682 0224 C023     		movs	r3, #192
 683 0226 5B02     		lsls	r3, r3, #9
 684 0228 1340     		ands	r3, r2
 685 022a 3B61     		str	r3, [r7, #16]
 686 022c 7B69     		ldr	r3, [r7, #20]
 687 022e 9B0C     		lsrs	r3, r3, #18
 688 0230 0233     		adds	r3, r3, #2
 689 0232 7B61     		str	r3, [r7, #20]
ARM GAS  /tmp/ccvmLDjF.s 			page 13


 690 0234 364B     		ldr	r3, .L58
 691 0236 DB6A     		ldr	r3, [r3, #44]
 692 0238 0F22     		movs	r2, #15
 693 023a 1340     		ands	r3, r2
 694 023c 0133     		adds	r3, r3, #1
 695 023e FB60     		str	r3, [r7, #12]
 696 0240 3A69     		ldr	r2, [r7, #16]
 697 0242 8023     		movs	r3, #128
 698 0244 5B02     		lsls	r3, r3, #9
 699 0246 9A42     		cmp	r2, r3
 700 0248 09D1     		bne	.L44
 701 024a F968     		ldr	r1, [r7, #12]
 702 024c 3348     		ldr	r0, .L58+12
 703 024e FFF7FEFF 		bl	__aeabi_uidiv
 704 0252 0300     		movs	r3, r0
 705 0254 1A00     		movs	r2, r3
 706 0256 7B69     		ldr	r3, [r7, #20]
 707 0258 5343     		muls	r3, r2
 708 025a FB61     		str	r3, [r7, #28]
 709 025c 27E0     		b	.L47
 710              	.L44:
 711 025e 3A69     		ldr	r2, [r7, #16]
 712 0260 C023     		movs	r3, #192
 713 0262 5B02     		lsls	r3, r3, #9
 714 0264 9A42     		cmp	r2, r3
 715 0266 09D1     		bne	.L46
 716 0268 F968     		ldr	r1, [r7, #12]
 717 026a 2D48     		ldr	r0, .L58+16
 718 026c FFF7FEFF 		bl	__aeabi_uidiv
 719 0270 0300     		movs	r3, r0
 720 0272 1A00     		movs	r2, r3
 721 0274 7B69     		ldr	r3, [r7, #20]
 722 0276 5343     		muls	r3, r2
 723 0278 FB61     		str	r3, [r7, #28]
 724 027a 18E0     		b	.L47
 725              	.L46:
 726 027c F968     		ldr	r1, [r7, #12]
 727 027e 2748     		ldr	r0, .L58+12
 728 0280 FFF7FEFF 		bl	__aeabi_uidiv
 729 0284 0300     		movs	r3, r0
 730 0286 1A00     		movs	r2, r3
 731 0288 7B69     		ldr	r3, [r7, #20]
 732 028a 5343     		muls	r3, r2
 733 028c FB61     		str	r3, [r7, #28]
 734 028e 0EE0     		b	.L47
 735              	.L43:
 736 0290 BB69     		ldr	r3, [r7, #24]
 737 0292 002B     		cmp	r3, #0
 738 0294 34D1     		bne	.L56
 739 0296 1E4B     		ldr	r3, .L58
 740 0298 5A6B     		ldr	r2, [r3, #52]
 741 029a 8023     		movs	r3, #128
 742 029c 9B02     		lsls	r3, r3, #10
 743 029e 1A40     		ands	r2, r3
 744 02a0 8023     		movs	r3, #128
 745 02a2 9B02     		lsls	r3, r3, #10
 746 02a4 9A42     		cmp	r2, r3
ARM GAS  /tmp/ccvmLDjF.s 			page 14


 747 02a6 2BD1     		bne	.L56
 748 02a8 1D4B     		ldr	r3, .L58+16
 749 02aa FB61     		str	r3, [r7, #28]
 750 02ac 28E0     		b	.L56
 751              	.L47:
 752 02ae 27E0     		b	.L56
 753              	.L25:
 754 02b0 174B     		ldr	r3, .L58
 755 02b2 1B6B     		ldr	r3, [r3, #48]
 756 02b4 4022     		movs	r2, #64
 757 02b6 1340     		ands	r3, r2
 758 02b8 BB61     		str	r3, [r7, #24]
 759 02ba BB69     		ldr	r3, [r7, #24]
 760 02bc 002B     		cmp	r3, #0
 761 02be 08D1     		bne	.L48
 762 02c0 134B     		ldr	r3, .L58
 763 02c2 1B68     		ldr	r3, [r3]
 764 02c4 0222     		movs	r2, #2
 765 02c6 1340     		ands	r3, r2
 766 02c8 022B     		cmp	r3, #2
 767 02ca 02D1     		bne	.L48
 768 02cc 134B     		ldr	r3, .L58+12
 769 02ce FB61     		str	r3, [r7, #28]
 770 02d0 18E0     		b	.L57
 771              	.L48:
 772 02d2 BB69     		ldr	r3, [r7, #24]
 773 02d4 402B     		cmp	r3, #64
 774 02d6 15D1     		bne	.L57
 775 02d8 0D4B     		ldr	r3, .L58
 776 02da 1B6A     		ldr	r3, [r3, #32]
 777 02dc 0222     		movs	r2, #2
 778 02de 1340     		ands	r3, r2
 779 02e0 022B     		cmp	r3, #2
 780 02e2 0FD1     		bne	.L57
 781 02e4 8023     		movs	r3, #128
 782 02e6 1B02     		lsls	r3, r3, #8
 783 02e8 FB61     		str	r3, [r7, #28]
 784 02ea 0BE0     		b	.L57
 785              	.L51:
 786 02ec C046     		nop
 787 02ee 0AE0     		b	.L32
 788              	.L52:
 789 02f0 C046     		nop
 790 02f2 08E0     		b	.L32
 791              	.L53:
 792 02f4 C046     		nop
 793 02f6 06E0     		b	.L32
 794              	.L54:
 795 02f8 C046     		nop
 796 02fa 04E0     		b	.L32
 797              	.L55:
 798 02fc C046     		nop
 799 02fe 02E0     		b	.L32
 800              	.L56:
 801 0300 C046     		nop
 802 0302 00E0     		b	.L32
 803              	.L57:
ARM GAS  /tmp/ccvmLDjF.s 			page 15


 804 0304 C046     		nop
 805              	.L32:
 806 0306 FB69     		ldr	r3, [r7, #28]
 807 0308 1800     		movs	r0, r3
 808 030a BD46     		mov	sp, r7
 809 030c 08B0     		add	sp, sp, #32
 810              		@ sp needed
 811 030e 80BD     		pop	{r7, pc}
 812              	.L59:
 813              		.align	2
 814              	.L58:
 815 0310 00100240 		.word	1073876992
 816 0314 409C0000 		.word	40000
 817 0318 90D00300 		.word	250000
 818 031c 00127A00 		.word	8000000
 819 0320 006CDC02 		.word	48000000
 821              		.section	.text.HAL_RCCEx_CRSConfig,"ax",%progbits
 822              		.align	1
 823              		.global	HAL_RCCEx_CRSConfig
 824              		.syntax unified
 825              		.code	16
 826              		.thumb_func
 828              	HAL_RCCEx_CRSConfig:
 829              		@ args = 0, pretend = 0, frame = 16
 830              		@ frame_needed = 1, uses_anonymous_args = 0
 831 0000 80B5     		push	{r7, lr}
 832 0002 84B0     		sub	sp, sp, #16
 833 0004 00AF     		add	r7, sp, #0
 834 0006 7860     		str	r0, [r7, #4]
 835 0008 0023     		movs	r3, #0
 836 000a FB60     		str	r3, [r7, #12]
 837 000c 1C4B     		ldr	r3, .L61
 838 000e 1A69     		ldr	r2, [r3, #16]
 839 0010 1B4B     		ldr	r3, .L61
 840 0012 8021     		movs	r1, #128
 841 0014 0905     		lsls	r1, r1, #20
 842 0016 0A43     		orrs	r2, r1
 843 0018 1A61     		str	r2, [r3, #16]
 844 001a 194B     		ldr	r3, .L61
 845 001c 1A69     		ldr	r2, [r3, #16]
 846 001e 184B     		ldr	r3, .L61
 847 0020 1849     		ldr	r1, .L61+4
 848 0022 0A40     		ands	r2, r1
 849 0024 1A61     		str	r2, [r3, #16]
 850 0026 7B68     		ldr	r3, [r7, #4]
 851 0028 1A68     		ldr	r2, [r3]
 852 002a 7B68     		ldr	r3, [r7, #4]
 853 002c 5B68     		ldr	r3, [r3, #4]
 854 002e 1A43     		orrs	r2, r3
 855 0030 7B68     		ldr	r3, [r7, #4]
 856 0032 9B68     		ldr	r3, [r3, #8]
 857 0034 1343     		orrs	r3, r2
 858 0036 FB60     		str	r3, [r7, #12]
 859 0038 7B68     		ldr	r3, [r7, #4]
 860 003a DB68     		ldr	r3, [r3, #12]
 861 003c FA68     		ldr	r2, [r7, #12]
 862 003e 1343     		orrs	r3, r2
ARM GAS  /tmp/ccvmLDjF.s 			page 16


 863 0040 FB60     		str	r3, [r7, #12]
 864 0042 7B68     		ldr	r3, [r7, #4]
 865 0044 1B69     		ldr	r3, [r3, #16]
 866 0046 1B04     		lsls	r3, r3, #16
 867 0048 FA68     		ldr	r2, [r7, #12]
 868 004a 1343     		orrs	r3, r2
 869 004c FB60     		str	r3, [r7, #12]
 870 004e 0E4B     		ldr	r3, .L61+8
 871 0050 FA68     		ldr	r2, [r7, #12]
 872 0052 5A60     		str	r2, [r3, #4]
 873 0054 0C4B     		ldr	r3, .L61+8
 874 0056 1B68     		ldr	r3, [r3]
 875 0058 0C4A     		ldr	r2, .L61+12
 876 005a 1340     		ands	r3, r2
 877 005c 1900     		movs	r1, r3
 878 005e 7B68     		ldr	r3, [r7, #4]
 879 0060 5B69     		ldr	r3, [r3, #20]
 880 0062 1A02     		lsls	r2, r3, #8
 881 0064 084B     		ldr	r3, .L61+8
 882 0066 0A43     		orrs	r2, r1
 883 0068 1A60     		str	r2, [r3]
 884 006a 074B     		ldr	r3, .L61+8
 885 006c 1A68     		ldr	r2, [r3]
 886 006e 064B     		ldr	r3, .L61+8
 887 0070 6021     		movs	r1, #96
 888 0072 0A43     		orrs	r2, r1
 889 0074 1A60     		str	r2, [r3]
 890 0076 C046     		nop
 891 0078 BD46     		mov	sp, r7
 892 007a 04B0     		add	sp, sp, #16
 893              		@ sp needed
 894 007c 80BD     		pop	{r7, pc}
 895              	.L62:
 896 007e C046     		.align	2
 897              	.L61:
 898 0080 00100240 		.word	1073876992
 899 0084 FFFFFFF7 		.word	-134217729
 900 0088 006C0040 		.word	1073769472
 901 008c FFC0FFFF 		.word	-16129
 903              		.section	.text.HAL_RCCEx_CRSSoftwareSynchronizationGenerate,"ax",%progbits
 904              		.align	1
 905              		.global	HAL_RCCEx_CRSSoftwareSynchronizationGenerate
 906              		.syntax unified
 907              		.code	16
 908              		.thumb_func
 910              	HAL_RCCEx_CRSSoftwareSynchronizationGenerate:
 911              		@ args = 0, pretend = 0, frame = 0
 912              		@ frame_needed = 1, uses_anonymous_args = 0
 913 0000 80B5     		push	{r7, lr}
 914 0002 00AF     		add	r7, sp, #0
 915 0004 044B     		ldr	r3, .L64
 916 0006 1A68     		ldr	r2, [r3]
 917 0008 034B     		ldr	r3, .L64
 918 000a 8021     		movs	r1, #128
 919 000c 0A43     		orrs	r2, r1
 920 000e 1A60     		str	r2, [r3]
 921 0010 C046     		nop
ARM GAS  /tmp/ccvmLDjF.s 			page 17


 922 0012 BD46     		mov	sp, r7
 923              		@ sp needed
 924 0014 80BD     		pop	{r7, pc}
 925              	.L65:
 926 0016 C046     		.align	2
 927              	.L64:
 928 0018 006C0040 		.word	1073769472
 930              		.section	.text.HAL_RCCEx_CRSGetSynchronizationInfo,"ax",%progbits
 931              		.align	1
 932              		.global	HAL_RCCEx_CRSGetSynchronizationInfo
 933              		.syntax unified
 934              		.code	16
 935              		.thumb_func
 937              	HAL_RCCEx_CRSGetSynchronizationInfo:
 938              		@ args = 0, pretend = 0, frame = 8
 939              		@ frame_needed = 1, uses_anonymous_args = 0
 940 0000 80B5     		push	{r7, lr}
 941 0002 82B0     		sub	sp, sp, #8
 942 0004 00AF     		add	r7, sp, #0
 943 0006 7860     		str	r0, [r7, #4]
 944 0008 0F4B     		ldr	r3, .L67
 945 000a 5B68     		ldr	r3, [r3, #4]
 946 000c 1B04     		lsls	r3, r3, #16
 947 000e 1A0C     		lsrs	r2, r3, #16
 948 0010 7B68     		ldr	r3, [r7, #4]
 949 0012 1A60     		str	r2, [r3]
 950 0014 0C4B     		ldr	r3, .L67
 951 0016 1B68     		ldr	r3, [r3]
 952 0018 1B0A     		lsrs	r3, r3, #8
 953 001a 3F22     		movs	r2, #63
 954 001c 1A40     		ands	r2, r3
 955 001e 7B68     		ldr	r3, [r7, #4]
 956 0020 5A60     		str	r2, [r3, #4]
 957 0022 094B     		ldr	r3, .L67
 958 0024 9B68     		ldr	r3, [r3, #8]
 959 0026 1B0C     		lsrs	r3, r3, #16
 960 0028 1B04     		lsls	r3, r3, #16
 961 002a 1A0C     		lsrs	r2, r3, #16
 962 002c 7B68     		ldr	r3, [r7, #4]
 963 002e 9A60     		str	r2, [r3, #8]
 964 0030 054B     		ldr	r3, .L67
 965 0032 9A68     		ldr	r2, [r3, #8]
 966 0034 8023     		movs	r3, #128
 967 0036 1B02     		lsls	r3, r3, #8
 968 0038 1A40     		ands	r2, r3
 969 003a 7B68     		ldr	r3, [r7, #4]
 970 003c DA60     		str	r2, [r3, #12]
 971 003e C046     		nop
 972 0040 BD46     		mov	sp, r7
 973 0042 02B0     		add	sp, sp, #8
 974              		@ sp needed
 975 0044 80BD     		pop	{r7, pc}
 976              	.L68:
 977 0046 C046     		.align	2
 978              	.L67:
 979 0048 006C0040 		.word	1073769472
 981              		.section	.text.HAL_RCCEx_CRSWaitSynchronization,"ax",%progbits
ARM GAS  /tmp/ccvmLDjF.s 			page 18


 982              		.align	1
 983              		.global	HAL_RCCEx_CRSWaitSynchronization
 984              		.syntax unified
 985              		.code	16
 986              		.thumb_func
 988              	HAL_RCCEx_CRSWaitSynchronization:
 989              		@ args = 0, pretend = 0, frame = 16
 990              		@ frame_needed = 1, uses_anonymous_args = 0
 991 0000 80B5     		push	{r7, lr}
 992 0002 84B0     		sub	sp, sp, #16
 993 0004 00AF     		add	r7, sp, #0
 994 0006 7860     		str	r0, [r7, #4]
 995 0008 0023     		movs	r3, #0
 996 000a FB60     		str	r3, [r7, #12]
 997 000c 0023     		movs	r3, #0
 998 000e BB60     		str	r3, [r7, #8]
 999 0010 FFF7FEFF 		bl	HAL_GetTick
 1000 0014 0300     		movs	r3, r0
 1001 0016 BB60     		str	r3, [r7, #8]
 1002              	.L78:
 1003 0018 7B68     		ldr	r3, [r7, #4]
 1004 001a 0133     		adds	r3, r3, #1
 1005 001c 0CD0     		beq	.L70
 1006 001e 7B68     		ldr	r3, [r7, #4]
 1007 0020 002B     		cmp	r3, #0
 1008 0022 07D0     		beq	.L71
 1009 0024 FFF7FEFF 		bl	HAL_GetTick
 1010 0028 0200     		movs	r2, r0
 1011 002a BB68     		ldr	r3, [r7, #8]
 1012 002c D31A     		subs	r3, r2, r3
 1013 002e 7A68     		ldr	r2, [r7, #4]
 1014 0030 9A42     		cmp	r2, r3
 1015 0032 01D2     		bcs	.L70
 1016              	.L71:
 1017 0034 0123     		movs	r3, #1
 1018 0036 FB60     		str	r3, [r7, #12]
 1019              	.L70:
 1020 0038 2D4B     		ldr	r3, .L81
 1021 003a 9B68     		ldr	r3, [r3, #8]
 1022 003c 0122     		movs	r2, #1
 1023 003e 1340     		ands	r3, r2
 1024 0040 012B     		cmp	r3, #1
 1025 0042 06D1     		bne	.L72
 1026 0044 FB68     		ldr	r3, [r7, #12]
 1027 0046 0222     		movs	r2, #2
 1028 0048 1343     		orrs	r3, r2
 1029 004a FB60     		str	r3, [r7, #12]
 1030 004c 284B     		ldr	r3, .L81
 1031 004e 0122     		movs	r2, #1
 1032 0050 DA60     		str	r2, [r3, #12]
 1033              	.L72:
 1034 0052 274B     		ldr	r3, .L81
 1035 0054 9B68     		ldr	r3, [r3, #8]
 1036 0056 0222     		movs	r2, #2
 1037 0058 1340     		ands	r3, r2
 1038 005a 022B     		cmp	r3, #2
 1039 005c 06D1     		bne	.L73
ARM GAS  /tmp/ccvmLDjF.s 			page 19


 1040 005e FB68     		ldr	r3, [r7, #12]
 1041 0060 0422     		movs	r2, #4
 1042 0062 1343     		orrs	r3, r2
 1043 0064 FB60     		str	r3, [r7, #12]
 1044 0066 224B     		ldr	r3, .L81
 1045 0068 0222     		movs	r2, #2
 1046 006a DA60     		str	r2, [r3, #12]
 1047              	.L73:
 1048 006c 204B     		ldr	r3, .L81
 1049 006e 9A68     		ldr	r2, [r3, #8]
 1050 0070 8023     		movs	r3, #128
 1051 0072 DB00     		lsls	r3, r3, #3
 1052 0074 1A40     		ands	r2, r3
 1053 0076 8023     		movs	r3, #128
 1054 0078 DB00     		lsls	r3, r3, #3
 1055 007a 9A42     		cmp	r2, r3
 1056 007c 06D1     		bne	.L74
 1057 007e FB68     		ldr	r3, [r7, #12]
 1058 0080 2022     		movs	r2, #32
 1059 0082 1343     		orrs	r3, r2
 1060 0084 FB60     		str	r3, [r7, #12]
 1061 0086 1A4B     		ldr	r3, .L81
 1062 0088 0422     		movs	r2, #4
 1063 008a DA60     		str	r2, [r3, #12]
 1064              	.L74:
 1065 008c 184B     		ldr	r3, .L81
 1066 008e 9A68     		ldr	r2, [r3, #8]
 1067 0090 8023     		movs	r3, #128
 1068 0092 5B00     		lsls	r3, r3, #1
 1069 0094 1A40     		ands	r2, r3
 1070 0096 8023     		movs	r3, #128
 1071 0098 5B00     		lsls	r3, r3, #1
 1072 009a 9A42     		cmp	r2, r3
 1073 009c 06D1     		bne	.L75
 1074 009e FB68     		ldr	r3, [r7, #12]
 1075 00a0 0822     		movs	r2, #8
 1076 00a2 1343     		orrs	r3, r2
 1077 00a4 FB60     		str	r3, [r7, #12]
 1078 00a6 124B     		ldr	r3, .L81
 1079 00a8 0422     		movs	r2, #4
 1080 00aa DA60     		str	r2, [r3, #12]
 1081              	.L75:
 1082 00ac 104B     		ldr	r3, .L81
 1083 00ae 9A68     		ldr	r2, [r3, #8]
 1084 00b0 8023     		movs	r3, #128
 1085 00b2 9B00     		lsls	r3, r3, #2
 1086 00b4 1A40     		ands	r2, r3
 1087 00b6 8023     		movs	r3, #128
 1088 00b8 9B00     		lsls	r3, r3, #2
 1089 00ba 9A42     		cmp	r2, r3
 1090 00bc 06D1     		bne	.L76
 1091 00be FB68     		ldr	r3, [r7, #12]
 1092 00c0 1022     		movs	r2, #16
 1093 00c2 1343     		orrs	r3, r2
 1094 00c4 FB60     		str	r3, [r7, #12]
 1095 00c6 0A4B     		ldr	r3, .L81
 1096 00c8 0422     		movs	r2, #4
ARM GAS  /tmp/ccvmLDjF.s 			page 20


 1097 00ca DA60     		str	r2, [r3, #12]
 1098              	.L76:
 1099 00cc 084B     		ldr	r3, .L81
 1100 00ce 9B68     		ldr	r3, [r3, #8]
 1101 00d0 0822     		movs	r2, #8
 1102 00d2 1340     		ands	r3, r2
 1103 00d4 082B     		cmp	r3, #8
 1104 00d6 02D1     		bne	.L77
 1105 00d8 054B     		ldr	r3, .L81
 1106 00da 0822     		movs	r2, #8
 1107 00dc DA60     		str	r2, [r3, #12]
 1108              	.L77:
 1109 00de FB68     		ldr	r3, [r7, #12]
 1110 00e0 002B     		cmp	r3, #0
 1111 00e2 99D0     		beq	.L78
 1112 00e4 FB68     		ldr	r3, [r7, #12]
 1113 00e6 1800     		movs	r0, r3
 1114 00e8 BD46     		mov	sp, r7
 1115 00ea 04B0     		add	sp, sp, #16
 1116              		@ sp needed
 1117 00ec 80BD     		pop	{r7, pc}
 1118              	.L82:
 1119 00ee C046     		.align	2
 1120              	.L81:
 1121 00f0 006C0040 		.word	1073769472
 1123              		.section	.text.HAL_RCCEx_CRS_IRQHandler,"ax",%progbits
 1124              		.align	1
 1125              		.global	HAL_RCCEx_CRS_IRQHandler
 1126              		.syntax unified
 1127              		.code	16
 1128              		.thumb_func
 1130              	HAL_RCCEx_CRS_IRQHandler:
 1131              		@ args = 0, pretend = 0, frame = 16
 1132              		@ frame_needed = 1, uses_anonymous_args = 0
 1133 0000 80B5     		push	{r7, lr}
 1134 0002 84B0     		sub	sp, sp, #16
 1135 0004 00AF     		add	r7, sp, #0
 1136 0006 0023     		movs	r3, #0
 1137 0008 FB60     		str	r3, [r7, #12]
 1138 000a 2F4B     		ldr	r3, .L92
 1139 000c 9B68     		ldr	r3, [r3, #8]
 1140 000e BB60     		str	r3, [r7, #8]
 1141 0010 2D4B     		ldr	r3, .L92
 1142 0012 1B68     		ldr	r3, [r3]
 1143 0014 7B60     		str	r3, [r7, #4]
 1144 0016 BB68     		ldr	r3, [r7, #8]
 1145 0018 0122     		movs	r2, #1
 1146 001a 1340     		ands	r3, r2
 1147 001c 09D0     		beq	.L84
 1148 001e 7B68     		ldr	r3, [r7, #4]
 1149 0020 0122     		movs	r2, #1
 1150 0022 1340     		ands	r3, r2
 1151 0024 05D0     		beq	.L84
 1152 0026 284B     		ldr	r3, .L92
 1153 0028 0122     		movs	r2, #1
 1154 002a DA60     		str	r2, [r3, #12]
 1155 002c FFF7FEFF 		bl	HAL_RCCEx_CRS_SyncOkCallback
ARM GAS  /tmp/ccvmLDjF.s 			page 21


 1156 0030 46E0     		b	.L85
 1157              	.L84:
 1158 0032 BB68     		ldr	r3, [r7, #8]
 1159 0034 0222     		movs	r2, #2
 1160 0036 1340     		ands	r3, r2
 1161 0038 09D0     		beq	.L86
 1162 003a 7B68     		ldr	r3, [r7, #4]
 1163 003c 0222     		movs	r2, #2
 1164 003e 1340     		ands	r3, r2
 1165 0040 05D0     		beq	.L86
 1166 0042 214B     		ldr	r3, .L92
 1167 0044 0222     		movs	r2, #2
 1168 0046 DA60     		str	r2, [r3, #12]
 1169 0048 FFF7FEFF 		bl	HAL_RCCEx_CRS_SyncWarnCallback
 1170 004c 38E0     		b	.L85
 1171              	.L86:
 1172 004e BB68     		ldr	r3, [r7, #8]
 1173 0050 0822     		movs	r2, #8
 1174 0052 1340     		ands	r3, r2
 1175 0054 09D0     		beq	.L87
 1176 0056 7B68     		ldr	r3, [r7, #4]
 1177 0058 0822     		movs	r2, #8
 1178 005a 1340     		ands	r3, r2
 1179 005c 05D0     		beq	.L87
 1180 005e 1A4B     		ldr	r3, .L92
 1181 0060 0822     		movs	r2, #8
 1182 0062 DA60     		str	r2, [r3, #12]
 1183 0064 FFF7FEFF 		bl	HAL_RCCEx_CRS_ExpectedSyncCallback
 1184 0068 2AE0     		b	.L85
 1185              	.L87:
 1186 006a BB68     		ldr	r3, [r7, #8]
 1187 006c 0422     		movs	r2, #4
 1188 006e 1340     		ands	r3, r2
 1189 0070 26D0     		beq	.L91
 1190 0072 7B68     		ldr	r3, [r7, #4]
 1191 0074 0422     		movs	r2, #4
 1192 0076 1340     		ands	r3, r2
 1193 0078 22D0     		beq	.L91
 1194 007a BA68     		ldr	r2, [r7, #8]
 1195 007c 8023     		movs	r3, #128
 1196 007e 5B00     		lsls	r3, r3, #1
 1197 0080 1340     		ands	r3, r2
 1198 0082 03D0     		beq	.L88
 1199 0084 FB68     		ldr	r3, [r7, #12]
 1200 0086 0822     		movs	r2, #8
 1201 0088 1343     		orrs	r3, r2
 1202 008a FB60     		str	r3, [r7, #12]
 1203              	.L88:
 1204 008c BA68     		ldr	r2, [r7, #8]
 1205 008e 8023     		movs	r3, #128
 1206 0090 9B00     		lsls	r3, r3, #2
 1207 0092 1340     		ands	r3, r2
 1208 0094 03D0     		beq	.L89
 1209 0096 FB68     		ldr	r3, [r7, #12]
 1210 0098 1022     		movs	r2, #16
 1211 009a 1343     		orrs	r3, r2
 1212 009c FB60     		str	r3, [r7, #12]
ARM GAS  /tmp/ccvmLDjF.s 			page 22


 1213              	.L89:
 1214 009e BA68     		ldr	r2, [r7, #8]
 1215 00a0 8023     		movs	r3, #128
 1216 00a2 DB00     		lsls	r3, r3, #3
 1217 00a4 1340     		ands	r3, r2
 1218 00a6 03D0     		beq	.L90
 1219 00a8 FB68     		ldr	r3, [r7, #12]
 1220 00aa 2022     		movs	r2, #32
 1221 00ac 1343     		orrs	r3, r2
 1222 00ae FB60     		str	r3, [r7, #12]
 1223              	.L90:
 1224 00b0 054B     		ldr	r3, .L92
 1225 00b2 0422     		movs	r2, #4
 1226 00b4 DA60     		str	r2, [r3, #12]
 1227 00b6 FB68     		ldr	r3, [r7, #12]
 1228 00b8 1800     		movs	r0, r3
 1229 00ba FFF7FEFF 		bl	HAL_RCCEx_CRS_ErrorCallback
 1230 00be FFE7     		b	.L91
 1231              	.L85:
 1232              	.L91:
 1233 00c0 C046     		nop
 1234 00c2 BD46     		mov	sp, r7
 1235 00c4 04B0     		add	sp, sp, #16
 1236              		@ sp needed
 1237 00c6 80BD     		pop	{r7, pc}
 1238              	.L93:
 1239              		.align	2
 1240              	.L92:
 1241 00c8 006C0040 		.word	1073769472
 1243              		.section	.text.HAL_RCCEx_CRS_SyncOkCallback,"ax",%progbits
 1244              		.align	1
 1245              		.weak	HAL_RCCEx_CRS_SyncOkCallback
 1246              		.syntax unified
 1247              		.code	16
 1248              		.thumb_func
 1250              	HAL_RCCEx_CRS_SyncOkCallback:
 1251              		@ args = 0, pretend = 0, frame = 0
 1252              		@ frame_needed = 1, uses_anonymous_args = 0
 1253 0000 80B5     		push	{r7, lr}
 1254 0002 00AF     		add	r7, sp, #0
 1255 0004 C046     		nop
 1256 0006 BD46     		mov	sp, r7
 1257              		@ sp needed
 1258 0008 80BD     		pop	{r7, pc}
 1260              		.section	.text.HAL_RCCEx_CRS_SyncWarnCallback,"ax",%progbits
 1261              		.align	1
 1262              		.weak	HAL_RCCEx_CRS_SyncWarnCallback
 1263              		.syntax unified
 1264              		.code	16
 1265              		.thumb_func
 1267              	HAL_RCCEx_CRS_SyncWarnCallback:
 1268              		@ args = 0, pretend = 0, frame = 0
 1269              		@ frame_needed = 1, uses_anonymous_args = 0
 1270 0000 80B5     		push	{r7, lr}
 1271 0002 00AF     		add	r7, sp, #0
 1272 0004 C046     		nop
 1273 0006 BD46     		mov	sp, r7
ARM GAS  /tmp/ccvmLDjF.s 			page 23


 1274              		@ sp needed
 1275 0008 80BD     		pop	{r7, pc}
 1277              		.section	.text.HAL_RCCEx_CRS_ExpectedSyncCallback,"ax",%progbits
 1278              		.align	1
 1279              		.weak	HAL_RCCEx_CRS_ExpectedSyncCallback
 1280              		.syntax unified
 1281              		.code	16
 1282              		.thumb_func
 1284              	HAL_RCCEx_CRS_ExpectedSyncCallback:
 1285              		@ args = 0, pretend = 0, frame = 0
 1286              		@ frame_needed = 1, uses_anonymous_args = 0
 1287 0000 80B5     		push	{r7, lr}
 1288 0002 00AF     		add	r7, sp, #0
 1289 0004 C046     		nop
 1290 0006 BD46     		mov	sp, r7
 1291              		@ sp needed
 1292 0008 80BD     		pop	{r7, pc}
 1294              		.section	.text.HAL_RCCEx_CRS_ErrorCallback,"ax",%progbits
 1295              		.align	1
 1296              		.weak	HAL_RCCEx_CRS_ErrorCallback
 1297              		.syntax unified
 1298              		.code	16
 1299              		.thumb_func
 1301              	HAL_RCCEx_CRS_ErrorCallback:
 1302              		@ args = 0, pretend = 0, frame = 8
 1303              		@ frame_needed = 1, uses_anonymous_args = 0
 1304 0000 80B5     		push	{r7, lr}
 1305 0002 82B0     		sub	sp, sp, #8
 1306 0004 00AF     		add	r7, sp, #0
 1307 0006 7860     		str	r0, [r7, #4]
 1308 0008 C046     		nop
 1309 000a BD46     		mov	sp, r7
 1310 000c 02B0     		add	sp, sp, #8
 1311              		@ sp needed
 1312 000e 80BD     		pop	{r7, pc}
 1314              		.global	__aeabi_uidiv
 1315              		.ident	"GCC: (crosstool-NG 1.28.0 - arm-cortexm0-eabi) 15.2.0"
ARM GAS  /tmp/ccvmLDjF.s 			page 24


DEFINED SYMBOLS
                            *ABS*:00000000 stm32f0xx_hal_rcc_ex.c
     /tmp/ccvmLDjF.s:15     .text.HAL_RCCEx_PeriphCLKConfig:00000000 $t
     /tmp/ccvmLDjF.s:21     .text.HAL_RCCEx_PeriphCLKConfig:00000000 HAL_RCCEx_PeriphCLKConfig
     /tmp/ccvmLDjF.s:279    .text.HAL_RCCEx_PeriphCLKConfig:000001e0 $d
     /tmp/ccvmLDjF.s:288    .text.HAL_RCCEx_GetPeriphCLKConfig:00000000 $t
     /tmp/ccvmLDjF.s:294    .text.HAL_RCCEx_GetPeriphCLKConfig:00000000 HAL_RCCEx_GetPeriphCLKConfig
     /tmp/ccvmLDjF.s:370    .text.HAL_RCCEx_GetPeriphCLKConfig:0000008c $d
     /tmp/ccvmLDjF.s:374    .text.HAL_RCCEx_GetPeriphCLKFreq:00000000 $t
     /tmp/ccvmLDjF.s:380    .text.HAL_RCCEx_GetPeriphCLKFreq:00000000 HAL_RCCEx_GetPeriphCLKFreq
     /tmp/ccvmLDjF.s:815    .text.HAL_RCCEx_GetPeriphCLKFreq:00000310 $d
     /tmp/ccvmLDjF.s:822    .text.HAL_RCCEx_CRSConfig:00000000 $t
     /tmp/ccvmLDjF.s:828    .text.HAL_RCCEx_CRSConfig:00000000 HAL_RCCEx_CRSConfig
     /tmp/ccvmLDjF.s:898    .text.HAL_RCCEx_CRSConfig:00000080 $d
     /tmp/ccvmLDjF.s:904    .text.HAL_RCCEx_CRSSoftwareSynchronizationGenerate:00000000 $t
     /tmp/ccvmLDjF.s:910    .text.HAL_RCCEx_CRSSoftwareSynchronizationGenerate:00000000 HAL_RCCEx_CRSSoftwareSynchronizationGenerate
     /tmp/ccvmLDjF.s:928    .text.HAL_RCCEx_CRSSoftwareSynchronizationGenerate:00000018 $d
     /tmp/ccvmLDjF.s:931    .text.HAL_RCCEx_CRSGetSynchronizationInfo:00000000 $t
     /tmp/ccvmLDjF.s:937    .text.HAL_RCCEx_CRSGetSynchronizationInfo:00000000 HAL_RCCEx_CRSGetSynchronizationInfo
     /tmp/ccvmLDjF.s:979    .text.HAL_RCCEx_CRSGetSynchronizationInfo:00000048 $d
     /tmp/ccvmLDjF.s:982    .text.HAL_RCCEx_CRSWaitSynchronization:00000000 $t
     /tmp/ccvmLDjF.s:988    .text.HAL_RCCEx_CRSWaitSynchronization:00000000 HAL_RCCEx_CRSWaitSynchronization
     /tmp/ccvmLDjF.s:1121   .text.HAL_RCCEx_CRSWaitSynchronization:000000f0 $d
     /tmp/ccvmLDjF.s:1124   .text.HAL_RCCEx_CRS_IRQHandler:00000000 $t
     /tmp/ccvmLDjF.s:1130   .text.HAL_RCCEx_CRS_IRQHandler:00000000 HAL_RCCEx_CRS_IRQHandler
     /tmp/ccvmLDjF.s:1250   .text.HAL_RCCEx_CRS_SyncOkCallback:00000000 HAL_RCCEx_CRS_SyncOkCallback
     /tmp/ccvmLDjF.s:1267   .text.HAL_RCCEx_CRS_SyncWarnCallback:00000000 HAL_RCCEx_CRS_SyncWarnCallback
     /tmp/ccvmLDjF.s:1284   .text.HAL_RCCEx_CRS_ExpectedSyncCallback:00000000 HAL_RCCEx_CRS_ExpectedSyncCallback
     /tmp/ccvmLDjF.s:1301   .text.HAL_RCCEx_CRS_ErrorCallback:00000000 HAL_RCCEx_CRS_ErrorCallback
     /tmp/ccvmLDjF.s:1241   .text.HAL_RCCEx_CRS_IRQHandler:000000c8 $d
     /tmp/ccvmLDjF.s:1244   .text.HAL_RCCEx_CRS_SyncOkCallback:00000000 $t
     /tmp/ccvmLDjF.s:1261   .text.HAL_RCCEx_CRS_SyncWarnCallback:00000000 $t
     /tmp/ccvmLDjF.s:1278   .text.HAL_RCCEx_CRS_ExpectedSyncCallback:00000000 $t
     /tmp/ccvmLDjF.s:1295   .text.HAL_RCCEx_CRS_ErrorCallback:00000000 $t

UNDEFINED SYMBOLS
HAL_GetTick
HAL_RCC_GetPCLK1Freq
HAL_RCC_GetSysClockFreq
__aeabi_uidiv
