ARM GAS  /tmp/ccwQd0KI.s 			page 1


   1              		.arch armv6s-m
   2              		.fpu softvfp
   3              		.eabi_attribute 20, 1
   4              		.eabi_attribute 21, 1
   5              		.eabi_attribute 23, 3
   6              		.eabi_attribute 24, 1
   7              		.eabi_attribute 25, 1
   8              		.eabi_attribute 26, 1
   9              		.eabi_attribute 30, 6
  10              		.eabi_attribute 34, 0
  11              		.eabi_attribute 18, 4
  12              		.file	"stm32f0xx_hal_flash_ex.c"
  13              		.text
  14              		.section	.text.HAL_FLASHEx_Erase,"ax",%progbits
  15              		.align	1
  16              		.global	HAL_FLASHEx_Erase
  17              		.syntax unified
  18              		.code	16
  19              		.thumb_func
  21              	HAL_FLASHEx_Erase:
  22              		@ args = 0, pretend = 0, frame = 16
  23              		@ frame_needed = 1, uses_anonymous_args = 0
  24 0000 B0B5     		push	{r4, r5, r7, lr}
  25 0002 84B0     		sub	sp, sp, #16
  26 0004 00AF     		add	r7, sp, #0
  27 0006 7860     		str	r0, [r7, #4]
  28 0008 3960     		str	r1, [r7]
  29 000a 0F23     		movs	r3, #15
  30 000c FB18     		adds	r3, r7, r3
  31 000e 0122     		movs	r2, #1
  32 0010 1A70     		strb	r2, [r3]
  33 0012 0023     		movs	r3, #0
  34 0014 BB60     		str	r3, [r7, #8]
  35 0016 324B     		ldr	r3, .L9
  36 0018 1B7E     		ldrb	r3, [r3, #24]
  37 001a 012B     		cmp	r3, #1
  38 001c 01D1     		bne	.L2
  39 001e 0223     		movs	r3, #2
  40 0020 5AE0     		b	.L3
  41              	.L2:
  42 0022 2F4B     		ldr	r3, .L9
  43 0024 0122     		movs	r2, #1
  44 0026 1A76     		strb	r2, [r3, #24]
  45 0028 7B68     		ldr	r3, [r7, #4]
  46 002a 1B68     		ldr	r3, [r3]
  47 002c 012B     		cmp	r3, #1
  48 002e 16D1     		bne	.L4
  49 0030 2C4B     		ldr	r3, .L9+4
  50 0032 1800     		movs	r0, r3
  51 0034 FFF7FEFF 		bl	FLASH_WaitForLastOperation
  52 0038 031E     		subs	r3, r0, #0
  53 003a 47D1     		bne	.L5
  54 003c FFF7FEFF 		bl	FLASH_MassErase
  55 0040 0F23     		movs	r3, #15
  56 0042 FC18     		adds	r4, r7, r3
  57 0044 274B     		ldr	r3, .L9+4
  58 0046 1800     		movs	r0, r3
ARM GAS  /tmp/ccwQd0KI.s 			page 2


  59 0048 FFF7FEFF 		bl	FLASH_WaitForLastOperation
  60 004c 0300     		movs	r3, r0
  61 004e 2370     		strb	r3, [r4]
  62 0050 254B     		ldr	r3, .L9+8
  63 0052 1A69     		ldr	r2, [r3, #16]
  64 0054 244B     		ldr	r3, .L9+8
  65 0056 0421     		movs	r1, #4
  66 0058 8A43     		bics	r2, r1
  67 005a 1A61     		str	r2, [r3, #16]
  68 005c 36E0     		b	.L5
  69              	.L4:
  70 005e 214B     		ldr	r3, .L9+4
  71 0060 1800     		movs	r0, r3
  72 0062 FFF7FEFF 		bl	FLASH_WaitForLastOperation
  73 0066 031E     		subs	r3, r0, #0
  74 0068 30D1     		bne	.L5
  75 006a 3B68     		ldr	r3, [r7]
  76 006c 0122     		movs	r2, #1
  77 006e 5242     		rsbs	r2, r2, #0
  78 0070 1A60     		str	r2, [r3]
  79 0072 7B68     		ldr	r3, [r7, #4]
  80 0074 5B68     		ldr	r3, [r3, #4]
  81 0076 BB60     		str	r3, [r7, #8]
  82 0078 1FE0     		b	.L6
  83              	.L8:
  84 007a BB68     		ldr	r3, [r7, #8]
  85 007c 1800     		movs	r0, r3
  86 007e FFF7FEFF 		bl	FLASH_PageErase
  87 0082 0F25     		movs	r5, #15
  88 0084 7C19     		adds	r4, r7, r5
  89 0086 174B     		ldr	r3, .L9+4
  90 0088 1800     		movs	r0, r3
  91 008a FFF7FEFF 		bl	FLASH_WaitForLastOperation
  92 008e 0300     		movs	r3, r0
  93 0090 2370     		strb	r3, [r4]
  94 0092 154B     		ldr	r3, .L9+8
  95 0094 1A69     		ldr	r2, [r3, #16]
  96 0096 144B     		ldr	r3, .L9+8
  97 0098 0221     		movs	r1, #2
  98 009a 8A43     		bics	r2, r1
  99 009c 1A61     		str	r2, [r3, #16]
 100 009e 7B19     		adds	r3, r7, r5
 101 00a0 1B78     		ldrb	r3, [r3]
 102 00a2 002B     		cmp	r3, #0
 103 00a4 03D0     		beq	.L7
 104 00a6 3B68     		ldr	r3, [r7]
 105 00a8 BA68     		ldr	r2, [r7, #8]
 106 00aa 1A60     		str	r2, [r3]
 107 00ac 0EE0     		b	.L5
 108              	.L7:
 109 00ae BB68     		ldr	r3, [r7, #8]
 110 00b0 8022     		movs	r2, #128
 111 00b2 1201     		lsls	r2, r2, #4
 112 00b4 9446     		mov	ip, r2
 113 00b6 6344     		add	r3, r3, ip
 114 00b8 BB60     		str	r3, [r7, #8]
 115              	.L6:
ARM GAS  /tmp/ccwQd0KI.s 			page 3


 116 00ba 7B68     		ldr	r3, [r7, #4]
 117 00bc 9B68     		ldr	r3, [r3, #8]
 118 00be DA02     		lsls	r2, r3, #11
 119 00c0 7B68     		ldr	r3, [r7, #4]
 120 00c2 5B68     		ldr	r3, [r3, #4]
 121 00c4 D318     		adds	r3, r2, r3
 122 00c6 BA68     		ldr	r2, [r7, #8]
 123 00c8 9A42     		cmp	r2, r3
 124 00ca D6D3     		bcc	.L8
 125              	.L5:
 126 00cc 044B     		ldr	r3, .L9
 127 00ce 0022     		movs	r2, #0
 128 00d0 1A76     		strb	r2, [r3, #24]
 129 00d2 0F23     		movs	r3, #15
 130 00d4 FB18     		adds	r3, r7, r3
 131 00d6 1B78     		ldrb	r3, [r3]
 132              	.L3:
 133 00d8 1800     		movs	r0, r3
 134 00da BD46     		mov	sp, r7
 135 00dc 04B0     		add	sp, sp, #16
 136              		@ sp needed
 137 00de B0BD     		pop	{r4, r5, r7, pc}
 138              	.L10:
 139              		.align	2
 140              	.L9:
 141 00e0 00000000 		.word	pFlash
 142 00e4 50C30000 		.word	50000
 143 00e8 00200240 		.word	1073881088
 145              		.section	.text.HAL_FLASHEx_Erase_IT,"ax",%progbits
 146              		.align	1
 147              		.global	HAL_FLASHEx_Erase_IT
 148              		.syntax unified
 149              		.code	16
 150              		.thumb_func
 152              	HAL_FLASHEx_Erase_IT:
 153              		@ args = 0, pretend = 0, frame = 16
 154              		@ frame_needed = 1, uses_anonymous_args = 0
 155 0000 80B5     		push	{r7, lr}
 156 0002 84B0     		sub	sp, sp, #16
 157 0004 00AF     		add	r7, sp, #0
 158 0006 7860     		str	r0, [r7, #4]
 159 0008 0F23     		movs	r3, #15
 160 000a FB18     		adds	r3, r7, r3
 161 000c 0022     		movs	r2, #0
 162 000e 1A70     		strb	r2, [r3]
 163 0010 1B4B     		ldr	r3, .L17
 164 0012 1B7E     		ldrb	r3, [r3, #24]
 165 0014 012B     		cmp	r3, #1
 166 0016 01D1     		bne	.L12
 167 0018 0223     		movs	r3, #2
 168 001a 2DE0     		b	.L13
 169              	.L12:
 170 001c 184B     		ldr	r3, .L17
 171 001e 0122     		movs	r2, #1
 172 0020 1A76     		strb	r2, [r3, #24]
 173 0022 174B     		ldr	r3, .L17
 174 0024 1B78     		ldrb	r3, [r3]
ARM GAS  /tmp/ccwQd0KI.s 			page 4


 175 0026 DBB2     		uxtb	r3, r3
 176 0028 002B     		cmp	r3, #0
 177 002a 01D0     		beq	.L14
 178 002c 0123     		movs	r3, #1
 179 002e 23E0     		b	.L13
 180              	.L14:
 181 0030 144B     		ldr	r3, .L17+4
 182 0032 1A69     		ldr	r2, [r3, #16]
 183 0034 134B     		ldr	r3, .L17+4
 184 0036 A021     		movs	r1, #160
 185 0038 4901     		lsls	r1, r1, #5
 186 003a 0A43     		orrs	r2, r1
 187 003c 1A61     		str	r2, [r3, #16]
 188 003e 7B68     		ldr	r3, [r7, #4]
 189 0040 1B68     		ldr	r3, [r3]
 190 0042 012B     		cmp	r3, #1
 191 0044 05D1     		bne	.L15
 192 0046 0E4B     		ldr	r3, .L17
 193 0048 0222     		movs	r2, #2
 194 004a 1A70     		strb	r2, [r3]
 195 004c FFF7FEFF 		bl	FLASH_MassErase
 196 0050 0FE0     		b	.L16
 197              	.L15:
 198 0052 0B4B     		ldr	r3, .L17
 199 0054 0122     		movs	r2, #1
 200 0056 1A70     		strb	r2, [r3]
 201 0058 7B68     		ldr	r3, [r7, #4]
 202 005a 9A68     		ldr	r2, [r3, #8]
 203 005c 084B     		ldr	r3, .L17
 204 005e 5A60     		str	r2, [r3, #4]
 205 0060 7B68     		ldr	r3, [r7, #4]
 206 0062 5A68     		ldr	r2, [r3, #4]
 207 0064 064B     		ldr	r3, .L17
 208 0066 9A60     		str	r2, [r3, #8]
 209 0068 7B68     		ldr	r3, [r7, #4]
 210 006a 5B68     		ldr	r3, [r3, #4]
 211 006c 1800     		movs	r0, r3
 212 006e FFF7FEFF 		bl	FLASH_PageErase
 213              	.L16:
 214 0072 0F23     		movs	r3, #15
 215 0074 FB18     		adds	r3, r7, r3
 216 0076 1B78     		ldrb	r3, [r3]
 217              	.L13:
 218 0078 1800     		movs	r0, r3
 219 007a BD46     		mov	sp, r7
 220 007c 04B0     		add	sp, sp, #16
 221              		@ sp needed
 222 007e 80BD     		pop	{r7, pc}
 223              	.L18:
 224              		.align	2
 225              	.L17:
 226 0080 00000000 		.word	pFlash
 227 0084 00200240 		.word	1073881088
 229              		.section	.text.HAL_FLASHEx_OBErase,"ax",%progbits
 230              		.align	1
 231              		.global	HAL_FLASHEx_OBErase
 232              		.syntax unified
ARM GAS  /tmp/ccwQd0KI.s 			page 5


 233              		.code	16
 234              		.thumb_func
 236              	HAL_FLASHEx_OBErase:
 237              		@ args = 0, pretend = 0, frame = 8
 238              		@ frame_needed = 1, uses_anonymous_args = 0
 239 0000 90B5     		push	{r4, r7, lr}
 240 0002 83B0     		sub	sp, sp, #12
 241 0004 00AF     		add	r7, sp, #0
 242 0006 BB1D     		adds	r3, r7, #6
 243 0008 AA22     		movs	r2, #170
 244 000a 1A70     		strb	r2, [r3]
 245 000c FB1D     		adds	r3, r7, #7
 246 000e 0122     		movs	r2, #1
 247 0010 1A70     		strb	r2, [r3]
 248 0012 FFF7FEFF 		bl	FLASH_OB_GetRDP
 249 0016 0200     		movs	r2, r0
 250 0018 BB1D     		adds	r3, r7, #6
 251 001a 1A70     		strb	r2, [r3]
 252 001c FC1D     		adds	r4, r7, #7
 253 001e 1C4B     		ldr	r3, .L22
 254 0020 1800     		movs	r0, r3
 255 0022 FFF7FEFF 		bl	FLASH_WaitForLastOperation
 256 0026 0300     		movs	r3, r0
 257 0028 2370     		strb	r3, [r4]
 258 002a FB1D     		adds	r3, r7, #7
 259 002c 1B78     		ldrb	r3, [r3]
 260 002e 002B     		cmp	r3, #0
 261 0030 27D1     		bne	.L20
 262 0032 184B     		ldr	r3, .L22+4
 263 0034 0022     		movs	r2, #0
 264 0036 DA61     		str	r2, [r3, #28]
 265 0038 174B     		ldr	r3, .L22+8
 266 003a 1A69     		ldr	r2, [r3, #16]
 267 003c 164B     		ldr	r3, .L22+8
 268 003e 2021     		movs	r1, #32
 269 0040 0A43     		orrs	r2, r1
 270 0042 1A61     		str	r2, [r3, #16]
 271 0044 144B     		ldr	r3, .L22+8
 272 0046 1A69     		ldr	r2, [r3, #16]
 273 0048 134B     		ldr	r3, .L22+8
 274 004a 4021     		movs	r1, #64
 275 004c 0A43     		orrs	r2, r1
 276 004e 1A61     		str	r2, [r3, #16]
 277 0050 FC1D     		adds	r4, r7, #7
 278 0052 0F4B     		ldr	r3, .L22
 279 0054 1800     		movs	r0, r3
 280 0056 FFF7FEFF 		bl	FLASH_WaitForLastOperation
 281 005a 0300     		movs	r3, r0
 282 005c 2370     		strb	r3, [r4]
 283 005e 0E4B     		ldr	r3, .L22+8
 284 0060 1A69     		ldr	r2, [r3, #16]
 285 0062 0D4B     		ldr	r3, .L22+8
 286 0064 2021     		movs	r1, #32
 287 0066 8A43     		bics	r2, r1
 288 0068 1A61     		str	r2, [r3, #16]
 289 006a FB1D     		adds	r3, r7, #7
 290 006c 1B78     		ldrb	r3, [r3]
ARM GAS  /tmp/ccwQd0KI.s 			page 6


 291 006e 002B     		cmp	r3, #0
 292 0070 07D1     		bne	.L20
 293 0072 FC1D     		adds	r4, r7, #7
 294 0074 BB1D     		adds	r3, r7, #6
 295 0076 1B78     		ldrb	r3, [r3]
 296 0078 1800     		movs	r0, r3
 297 007a FFF7FEFF 		bl	FLASH_OB_RDP_LevelConfig
 298 007e 0300     		movs	r3, r0
 299 0080 2370     		strb	r3, [r4]
 300              	.L20:
 301 0082 FB1D     		adds	r3, r7, #7
 302 0084 1B78     		ldrb	r3, [r3]
 303 0086 1800     		movs	r0, r3
 304 0088 BD46     		mov	sp, r7
 305 008a 03B0     		add	sp, sp, #12
 306              		@ sp needed
 307 008c 90BD     		pop	{r4, r7, pc}
 308              	.L23:
 309 008e C046     		.align	2
 310              	.L22:
 311 0090 50C30000 		.word	50000
 312 0094 00000000 		.word	pFlash
 313 0098 00200240 		.word	1073881088
 315              		.section	.text.HAL_FLASHEx_OBProgram,"ax",%progbits
 316              		.align	1
 317              		.global	HAL_FLASHEx_OBProgram
 318              		.syntax unified
 319              		.code	16
 320              		.thumb_func
 322              	HAL_FLASHEx_OBProgram:
 323              		@ args = 0, pretend = 0, frame = 16
 324              		@ frame_needed = 1, uses_anonymous_args = 0
 325 0000 B0B5     		push	{r4, r5, r7, lr}
 326 0002 84B0     		sub	sp, sp, #16
 327 0004 00AF     		add	r7, sp, #0
 328 0006 7860     		str	r0, [r7, #4]
 329 0008 0F23     		movs	r3, #15
 330 000a FB18     		adds	r3, r7, r3
 331 000c 0122     		movs	r2, #1
 332 000e 1A70     		strb	r2, [r3]
 333 0010 434B     		ldr	r3, .L33
 334 0012 1B7E     		ldrb	r3, [r3, #24]
 335 0014 012B     		cmp	r3, #1
 336 0016 01D1     		bne	.L25
 337 0018 0223     		movs	r3, #2
 338 001a 7DE0     		b	.L26
 339              	.L25:
 340 001c 404B     		ldr	r3, .L33
 341 001e 0122     		movs	r2, #1
 342 0020 1A76     		strb	r2, [r3, #24]
 343 0022 7B68     		ldr	r3, [r7, #4]
 344 0024 1B68     		ldr	r3, [r3]
 345 0026 0122     		movs	r2, #1
 346 0028 1340     		ands	r3, r2
 347 002a 21D0     		beq	.L27
 348 002c 7B68     		ldr	r3, [r7, #4]
 349 002e 5B68     		ldr	r3, [r3, #4]
ARM GAS  /tmp/ccwQd0KI.s 			page 7


 350 0030 012B     		cmp	r3, #1
 351 0032 09D1     		bne	.L28
 352 0034 7B68     		ldr	r3, [r7, #4]
 353 0036 9B68     		ldr	r3, [r3, #8]
 354 0038 0F22     		movs	r2, #15
 355 003a BC18     		adds	r4, r7, r2
 356 003c 1800     		movs	r0, r3
 357 003e FFF7FEFF 		bl	FLASH_OB_EnableWRP
 358 0042 0300     		movs	r3, r0
 359 0044 2370     		strb	r3, [r4]
 360 0046 08E0     		b	.L29
 361              	.L28:
 362 0048 7B68     		ldr	r3, [r7, #4]
 363 004a 9B68     		ldr	r3, [r3, #8]
 364 004c 0F22     		movs	r2, #15
 365 004e BC18     		adds	r4, r7, r2
 366 0050 1800     		movs	r0, r3
 367 0052 FFF7FEFF 		bl	FLASH_OB_DisableWRP
 368 0056 0300     		movs	r3, r0
 369 0058 2370     		strb	r3, [r4]
 370              	.L29:
 371 005a 0F21     		movs	r1, #15
 372 005c 7B18     		adds	r3, r7, r1
 373 005e 1B78     		ldrb	r3, [r3]
 374 0060 002B     		cmp	r3, #0
 375 0062 05D0     		beq	.L27
 376 0064 2E4B     		ldr	r3, .L33
 377 0066 0022     		movs	r2, #0
 378 0068 1A76     		strb	r2, [r3, #24]
 379 006a 7B18     		adds	r3, r7, r1
 380 006c 1B78     		ldrb	r3, [r3]
 381 006e 53E0     		b	.L26
 382              	.L27:
 383 0070 7B68     		ldr	r3, [r7, #4]
 384 0072 1B68     		ldr	r3, [r3]
 385 0074 0222     		movs	r2, #2
 386 0076 1340     		ands	r3, r2
 387 0078 13D0     		beq	.L30
 388 007a 7B68     		ldr	r3, [r7, #4]
 389 007c 1B7B     		ldrb	r3, [r3, #12]
 390 007e 0F25     		movs	r5, #15
 391 0080 7C19     		adds	r4, r7, r5
 392 0082 1800     		movs	r0, r3
 393 0084 FFF7FEFF 		bl	FLASH_OB_RDP_LevelConfig
 394 0088 0300     		movs	r3, r0
 395 008a 2370     		strb	r3, [r4]
 396 008c 2900     		movs	r1, r5
 397 008e 7B18     		adds	r3, r7, r1
 398 0090 1B78     		ldrb	r3, [r3]
 399 0092 002B     		cmp	r3, #0
 400 0094 05D0     		beq	.L30
 401 0096 224B     		ldr	r3, .L33
 402 0098 0022     		movs	r2, #0
 403 009a 1A76     		strb	r2, [r3, #24]
 404 009c 7B18     		adds	r3, r7, r1
 405 009e 1B78     		ldrb	r3, [r3]
 406 00a0 3AE0     		b	.L26
ARM GAS  /tmp/ccwQd0KI.s 			page 8


 407              	.L30:
 408 00a2 7B68     		ldr	r3, [r7, #4]
 409 00a4 1B68     		ldr	r3, [r3]
 410 00a6 0422     		movs	r2, #4
 411 00a8 1340     		ands	r3, r2
 412 00aa 13D0     		beq	.L31
 413 00ac 7B68     		ldr	r3, [r7, #4]
 414 00ae 5B7B     		ldrb	r3, [r3, #13]
 415 00b0 0F25     		movs	r5, #15
 416 00b2 7C19     		adds	r4, r7, r5
 417 00b4 1800     		movs	r0, r3
 418 00b6 FFF7FEFF 		bl	FLASH_OB_UserConfig
 419 00ba 0300     		movs	r3, r0
 420 00bc 2370     		strb	r3, [r4]
 421 00be 2900     		movs	r1, r5
 422 00c0 7B18     		adds	r3, r7, r1
 423 00c2 1B78     		ldrb	r3, [r3]
 424 00c4 002B     		cmp	r3, #0
 425 00c6 05D0     		beq	.L31
 426 00c8 154B     		ldr	r3, .L33
 427 00ca 0022     		movs	r2, #0
 428 00cc 1A76     		strb	r2, [r3, #24]
 429 00ce 7B18     		adds	r3, r7, r1
 430 00d0 1B78     		ldrb	r3, [r3]
 431 00d2 21E0     		b	.L26
 432              	.L31:
 433 00d4 7B68     		ldr	r3, [r7, #4]
 434 00d6 1B68     		ldr	r3, [r3]
 435 00d8 0822     		movs	r2, #8
 436 00da 1340     		ands	r3, r2
 437 00dc 16D0     		beq	.L32
 438 00de 7B68     		ldr	r3, [r7, #4]
 439 00e0 1A69     		ldr	r2, [r3, #16]
 440 00e2 7B68     		ldr	r3, [r7, #4]
 441 00e4 1B7D     		ldrb	r3, [r3, #20]
 442 00e6 0F25     		movs	r5, #15
 443 00e8 7C19     		adds	r4, r7, r5
 444 00ea 1900     		movs	r1, r3
 445 00ec 1000     		movs	r0, r2
 446 00ee FFF7FEFF 		bl	FLASH_OB_ProgramData
 447 00f2 0300     		movs	r3, r0
 448 00f4 2370     		strb	r3, [r4]
 449 00f6 2900     		movs	r1, r5
 450 00f8 7B18     		adds	r3, r7, r1
 451 00fa 1B78     		ldrb	r3, [r3]
 452 00fc 002B     		cmp	r3, #0
 453 00fe 05D0     		beq	.L32
 454 0100 074B     		ldr	r3, .L33
 455 0102 0022     		movs	r2, #0
 456 0104 1A76     		strb	r2, [r3, #24]
 457 0106 7B18     		adds	r3, r7, r1
 458 0108 1B78     		ldrb	r3, [r3]
 459 010a 05E0     		b	.L26
 460              	.L32:
 461 010c 044B     		ldr	r3, .L33
 462 010e 0022     		movs	r2, #0
 463 0110 1A76     		strb	r2, [r3, #24]
ARM GAS  /tmp/ccwQd0KI.s 			page 9


 464 0112 0F23     		movs	r3, #15
 465 0114 FB18     		adds	r3, r7, r3
 466 0116 1B78     		ldrb	r3, [r3]
 467              	.L26:
 468 0118 1800     		movs	r0, r3
 469 011a BD46     		mov	sp, r7
 470 011c 04B0     		add	sp, sp, #16
 471              		@ sp needed
 472 011e B0BD     		pop	{r4, r5, r7, pc}
 473              	.L34:
 474              		.align	2
 475              	.L33:
 476 0120 00000000 		.word	pFlash
 478              		.section	.text.HAL_FLASHEx_OBGetConfig,"ax",%progbits
 479              		.align	1
 480              		.global	HAL_FLASHEx_OBGetConfig
 481              		.syntax unified
 482              		.code	16
 483              		.thumb_func
 485              	HAL_FLASHEx_OBGetConfig:
 486              		@ args = 0, pretend = 0, frame = 8
 487              		@ frame_needed = 1, uses_anonymous_args = 0
 488 0000 80B5     		push	{r7, lr}
 489 0002 82B0     		sub	sp, sp, #8
 490 0004 00AF     		add	r7, sp, #0
 491 0006 7860     		str	r0, [r7, #4]
 492 0008 7B68     		ldr	r3, [r7, #4]
 493 000a 0722     		movs	r2, #7
 494 000c 1A60     		str	r2, [r3]
 495 000e FFF7FEFF 		bl	FLASH_OB_GetWRP
 496 0012 0200     		movs	r2, r0
 497 0014 7B68     		ldr	r3, [r7, #4]
 498 0016 9A60     		str	r2, [r3, #8]
 499 0018 FFF7FEFF 		bl	FLASH_OB_GetRDP
 500 001c 0300     		movs	r3, r0
 501 001e DAB2     		uxtb	r2, r3
 502 0020 7B68     		ldr	r3, [r7, #4]
 503 0022 1A73     		strb	r2, [r3, #12]
 504 0024 FFF7FEFF 		bl	FLASH_OB_GetUser
 505 0028 0300     		movs	r3, r0
 506 002a 1A00     		movs	r2, r3
 507 002c 7B68     		ldr	r3, [r7, #4]
 508 002e 5A73     		strb	r2, [r3, #13]
 509 0030 C046     		nop
 510 0032 BD46     		mov	sp, r7
 511 0034 02B0     		add	sp, sp, #8
 512              		@ sp needed
 513 0036 80BD     		pop	{r7, pc}
 515              		.section	.text.HAL_FLASHEx_OBGetUserData,"ax",%progbits
 516              		.align	1
 517              		.global	HAL_FLASHEx_OBGetUserData
 518              		.syntax unified
 519              		.code	16
 520              		.thumb_func
 522              	HAL_FLASHEx_OBGetUserData:
 523              		@ args = 0, pretend = 0, frame = 16
 524              		@ frame_needed = 1, uses_anonymous_args = 0
ARM GAS  /tmp/ccwQd0KI.s 			page 10


 525 0000 80B5     		push	{r7, lr}
 526 0002 84B0     		sub	sp, sp, #16
 527 0004 00AF     		add	r7, sp, #0
 528 0006 7860     		str	r0, [r7, #4]
 529 0008 0023     		movs	r3, #0
 530 000a FB60     		str	r3, [r7, #12]
 531 000c 7B68     		ldr	r3, [r7, #4]
 532 000e 0A4A     		ldr	r2, .L40
 533 0010 9342     		cmp	r3, r2
 534 0012 06D1     		bne	.L37
 535 0014 094B     		ldr	r3, .L40+4
 536 0016 DB69     		ldr	r3, [r3, #28]
 537 0018 1B0C     		lsrs	r3, r3, #16
 538 001a FF22     		movs	r2, #255
 539 001c 1340     		ands	r3, r2
 540 001e FB60     		str	r3, [r7, #12]
 541 0020 05E0     		b	.L38
 542              	.L37:
 543 0022 064B     		ldr	r3, .L40+4
 544 0024 DB69     		ldr	r3, [r3, #28]
 545 0026 1B0E     		lsrs	r3, r3, #24
 546 0028 FF22     		movs	r2, #255
 547 002a 1340     		ands	r3, r2
 548 002c FB60     		str	r3, [r7, #12]
 549              	.L38:
 550 002e FB68     		ldr	r3, [r7, #12]
 551 0030 1800     		movs	r0, r3
 552 0032 BD46     		mov	sp, r7
 553 0034 04B0     		add	sp, sp, #16
 554              		@ sp needed
 555 0036 80BD     		pop	{r7, pc}
 556              	.L41:
 557              		.align	2
 558              	.L40:
 559 0038 04F8FF1F 		.word	536868868
 560 003c 00200240 		.word	1073881088
 562              		.section	.text.FLASH_MassErase,"ax",%progbits
 563              		.align	1
 564              		.syntax unified
 565              		.code	16
 566              		.thumb_func
 568              	FLASH_MassErase:
 569              		@ args = 0, pretend = 0, frame = 0
 570              		@ frame_needed = 1, uses_anonymous_args = 0
 571 0000 80B5     		push	{r7, lr}
 572 0002 00AF     		add	r7, sp, #0
 573 0004 084B     		ldr	r3, .L43
 574 0006 0022     		movs	r2, #0
 575 0008 DA61     		str	r2, [r3, #28]
 576 000a 084B     		ldr	r3, .L43+4
 577 000c 1A69     		ldr	r2, [r3, #16]
 578 000e 074B     		ldr	r3, .L43+4
 579 0010 0421     		movs	r1, #4
 580 0012 0A43     		orrs	r2, r1
 581 0014 1A61     		str	r2, [r3, #16]
 582 0016 054B     		ldr	r3, .L43+4
 583 0018 1A69     		ldr	r2, [r3, #16]
ARM GAS  /tmp/ccwQd0KI.s 			page 11


 584 001a 044B     		ldr	r3, .L43+4
 585 001c 4021     		movs	r1, #64
 586 001e 0A43     		orrs	r2, r1
 587 0020 1A61     		str	r2, [r3, #16]
 588 0022 C046     		nop
 589 0024 BD46     		mov	sp, r7
 590              		@ sp needed
 591 0026 80BD     		pop	{r7, pc}
 592              	.L44:
 593              		.align	2
 594              	.L43:
 595 0028 00000000 		.word	pFlash
 596 002c 00200240 		.word	1073881088
 598              		.section	.text.FLASH_OB_EnableWRP,"ax",%progbits
 599              		.align	1
 600              		.syntax unified
 601              		.code	16
 602              		.thumb_func
 604              	FLASH_OB_EnableWRP:
 605              		@ args = 0, pretend = 0, frame = 24
 606              		@ frame_needed = 1, uses_anonymous_args = 0
 607 0000 F0B5     		push	{r4, r5, r6, r7, lr}
 608 0002 87B0     		sub	sp, sp, #28
 609 0004 00AF     		add	r7, sp, #0
 610 0006 7860     		str	r0, [r7, #4]
 611 0008 1724     		movs	r4, #23
 612 000a 3B19     		adds	r3, r7, r4
 613 000c 0022     		movs	r2, #0
 614 000e 1A70     		strb	r2, [r3]
 615 0010 1426     		movs	r6, #20
 616 0012 BB19     		adds	r3, r7, r6
 617 0014 0122     		movs	r2, #1
 618 0016 5242     		rsbs	r2, r2, #0
 619 0018 1A80     		strh	r2, [r3]
 620 001a 1225     		movs	r5, #18
 621 001c 7B19     		adds	r3, r7, r5
 622 001e 0122     		movs	r2, #1
 623 0020 5242     		rsbs	r2, r2, #0
 624 0022 1A80     		strh	r2, [r3]
 625 0024 1023     		movs	r3, #16
 626 0026 FB18     		adds	r3, r7, r3
 627 0028 0122     		movs	r2, #1
 628 002a 5242     		rsbs	r2, r2, #0
 629 002c 1A80     		strh	r2, [r3]
 630 002e 0E22     		movs	r2, #14
 631 0030 BB18     		adds	r3, r7, r2
 632 0032 0122     		movs	r2, #1
 633 0034 5242     		rsbs	r2, r2, #0
 634 0036 1A80     		strh	r2, [r3]
 635 0038 FFF7FEFF 		bl	FLASH_OB_GetWRP
 636 003c 0200     		movs	r2, r0
 637 003e 7B68     		ldr	r3, [r7, #4]
 638 0040 DB43     		mvns	r3, r3
 639 0042 1340     		ands	r3, r2
 640 0044 7B60     		str	r3, [r7, #4]
 641 0046 7B68     		ldr	r3, [r7, #4]
 642 0048 9AB2     		uxth	r2, r3
ARM GAS  /tmp/ccwQd0KI.s 			page 12


 643 004a BB19     		adds	r3, r7, r6
 644 004c FF21     		movs	r1, #255
 645 004e 0A40     		ands	r2, r1
 646 0050 1A80     		strh	r2, [r3]
 647 0052 7B68     		ldr	r3, [r7, #4]
 648 0054 1B0A     		lsrs	r3, r3, #8
 649 0056 9AB2     		uxth	r2, r3
 650 0058 7B19     		adds	r3, r7, r5
 651 005a FF21     		movs	r1, #255
 652 005c 0A40     		ands	r2, r1
 653 005e 1A80     		strh	r2, [r3]
 654 0060 7B68     		ldr	r3, [r7, #4]
 655 0062 1B0C     		lsrs	r3, r3, #16
 656 0064 9AB2     		uxth	r2, r3
 657 0066 1023     		movs	r3, #16
 658 0068 FB18     		adds	r3, r7, r3
 659 006a FF21     		movs	r1, #255
 660 006c 0A40     		ands	r2, r1
 661 006e 1A80     		strh	r2, [r3]
 662 0070 7B68     		ldr	r3, [r7, #4]
 663 0072 1A0E     		lsrs	r2, r3, #24
 664 0074 0E23     		movs	r3, #14
 665 0076 FB18     		adds	r3, r7, r3
 666 0078 1A80     		strh	r2, [r3]
 667 007a 2500     		movs	r5, r4
 668 007c 3C19     		adds	r4, r7, r4
 669 007e 474B     		ldr	r3, .L52
 670 0080 1800     		movs	r0, r3
 671 0082 FFF7FEFF 		bl	FLASH_WaitForLastOperation
 672 0086 0300     		movs	r3, r0
 673 0088 2370     		strb	r3, [r4]
 674 008a 7B19     		adds	r3, r7, r5
 675 008c 1B78     		ldrb	r3, [r3]
 676 008e 002B     		cmp	r3, #0
 677 0090 00D0     		beq	.LCB728
 678 0092 7BE0     		b	.L46	@long jump
 679              	.LCB728:
 680 0094 424B     		ldr	r3, .L52+4
 681 0096 0022     		movs	r2, #0
 682 0098 DA61     		str	r2, [r3, #28]
 683 009a 7C19     		adds	r4, r7, r5
 684 009c FFF7FEFF 		bl	HAL_FLASHEx_OBErase
 685 00a0 0300     		movs	r3, r0
 686 00a2 2370     		strb	r3, [r4]
 687 00a4 2800     		movs	r0, r5
 688 00a6 7B19     		adds	r3, r7, r5
 689 00a8 1B78     		ldrb	r3, [r3]
 690 00aa 002B     		cmp	r3, #0
 691 00ac 00D0     		beq	.LCB742
 692 00ae 6DE0     		b	.L46	@long jump
 693              	.LCB742:
 694 00b0 3C4B     		ldr	r3, .L52+8
 695 00b2 1A69     		ldr	r2, [r3, #16]
 696 00b4 3B4B     		ldr	r3, .L52+8
 697 00b6 1021     		movs	r1, #16
 698 00b8 0A43     		orrs	r2, r1
 699 00ba 1A61     		str	r2, [r3, #16]
ARM GAS  /tmp/ccwQd0KI.s 			page 13


 700 00bc BB19     		adds	r3, r7, r6
 701 00be 1B88     		ldrh	r3, [r3]
 702 00c0 FF2B     		cmp	r3, #255
 703 00c2 0FD0     		beq	.L47
 704 00c4 384B     		ldr	r3, .L52+12
 705 00c6 1B89     		ldrh	r3, [r3, #8]
 706 00c8 9BB2     		uxth	r3, r3
 707 00ca 3749     		ldr	r1, .L52+12
 708 00cc BA19     		adds	r2, r7, r6
 709 00ce 1288     		ldrh	r2, [r2]
 710 00d0 1340     		ands	r3, r2
 711 00d2 9BB2     		uxth	r3, r3
 712 00d4 0B81     		strh	r3, [r1, #8]
 713 00d6 3C18     		adds	r4, r7, r0
 714 00d8 304B     		ldr	r3, .L52
 715 00da 1800     		movs	r0, r3
 716 00dc FFF7FEFF 		bl	FLASH_WaitForLastOperation
 717 00e0 0300     		movs	r3, r0
 718 00e2 2370     		strb	r3, [r4]
 719              	.L47:
 720 00e4 1720     		movs	r0, #23
 721 00e6 3B18     		adds	r3, r7, r0
 722 00e8 1B78     		ldrb	r3, [r3]
 723 00ea 002B     		cmp	r3, #0
 724 00ec 14D1     		bne	.L48
 725 00ee 1222     		movs	r2, #18
 726 00f0 BB18     		adds	r3, r7, r2
 727 00f2 1B88     		ldrh	r3, [r3]
 728 00f4 FF2B     		cmp	r3, #255
 729 00f6 0FD0     		beq	.L48
 730 00f8 2B4B     		ldr	r3, .L52+12
 731 00fa 5B89     		ldrh	r3, [r3, #10]
 732 00fc 9BB2     		uxth	r3, r3
 733 00fe 2A49     		ldr	r1, .L52+12
 734 0100 BA18     		adds	r2, r7, r2
 735 0102 1288     		ldrh	r2, [r2]
 736 0104 1340     		ands	r3, r2
 737 0106 9BB2     		uxth	r3, r3
 738 0108 4B81     		strh	r3, [r1, #10]
 739 010a 3C18     		adds	r4, r7, r0
 740 010c 234B     		ldr	r3, .L52
 741 010e 1800     		movs	r0, r3
 742 0110 FFF7FEFF 		bl	FLASH_WaitForLastOperation
 743 0114 0300     		movs	r3, r0
 744 0116 2370     		strb	r3, [r4]
 745              	.L48:
 746 0118 1720     		movs	r0, #23
 747 011a 3B18     		adds	r3, r7, r0
 748 011c 1B78     		ldrb	r3, [r3]
 749 011e 002B     		cmp	r3, #0
 750 0120 14D1     		bne	.L49
 751 0122 1022     		movs	r2, #16
 752 0124 BB18     		adds	r3, r7, r2
 753 0126 1B88     		ldrh	r3, [r3]
 754 0128 FF2B     		cmp	r3, #255
 755 012a 0FD0     		beq	.L49
 756 012c 1E4B     		ldr	r3, .L52+12
ARM GAS  /tmp/ccwQd0KI.s 			page 14


 757 012e 9B89     		ldrh	r3, [r3, #12]
 758 0130 9BB2     		uxth	r3, r3
 759 0132 1D49     		ldr	r1, .L52+12
 760 0134 BA18     		adds	r2, r7, r2
 761 0136 1288     		ldrh	r2, [r2]
 762 0138 1340     		ands	r3, r2
 763 013a 9BB2     		uxth	r3, r3
 764 013c 8B81     		strh	r3, [r1, #12]
 765 013e 3C18     		adds	r4, r7, r0
 766 0140 164B     		ldr	r3, .L52
 767 0142 1800     		movs	r0, r3
 768 0144 FFF7FEFF 		bl	FLASH_WaitForLastOperation
 769 0148 0300     		movs	r3, r0
 770 014a 2370     		strb	r3, [r4]
 771              	.L49:
 772 014c 1720     		movs	r0, #23
 773 014e 3B18     		adds	r3, r7, r0
 774 0150 1B78     		ldrb	r3, [r3]
 775 0152 002B     		cmp	r3, #0
 776 0154 14D1     		bne	.L50
 777 0156 0E22     		movs	r2, #14
 778 0158 BB18     		adds	r3, r7, r2
 779 015a 1B88     		ldrh	r3, [r3]
 780 015c FF2B     		cmp	r3, #255
 781 015e 0FD0     		beq	.L50
 782 0160 114B     		ldr	r3, .L52+12
 783 0162 DB89     		ldrh	r3, [r3, #14]
 784 0164 9BB2     		uxth	r3, r3
 785 0166 1049     		ldr	r1, .L52+12
 786 0168 BA18     		adds	r2, r7, r2
 787 016a 1288     		ldrh	r2, [r2]
 788 016c 1340     		ands	r3, r2
 789 016e 9BB2     		uxth	r3, r3
 790 0170 CB81     		strh	r3, [r1, #14]
 791 0172 3C18     		adds	r4, r7, r0
 792 0174 094B     		ldr	r3, .L52
 793 0176 1800     		movs	r0, r3
 794 0178 FFF7FEFF 		bl	FLASH_WaitForLastOperation
 795 017c 0300     		movs	r3, r0
 796 017e 2370     		strb	r3, [r4]
 797              	.L50:
 798 0180 084B     		ldr	r3, .L52+8
 799 0182 1A69     		ldr	r2, [r3, #16]
 800 0184 074B     		ldr	r3, .L52+8
 801 0186 1021     		movs	r1, #16
 802 0188 8A43     		bics	r2, r1
 803 018a 1A61     		str	r2, [r3, #16]
 804              	.L46:
 805 018c 1723     		movs	r3, #23
 806 018e FB18     		adds	r3, r7, r3
 807 0190 1B78     		ldrb	r3, [r3]
 808 0192 1800     		movs	r0, r3
 809 0194 BD46     		mov	sp, r7
 810 0196 07B0     		add	sp, sp, #28
 811              		@ sp needed
 812 0198 F0BD     		pop	{r4, r5, r6, r7, pc}
 813              	.L53:
ARM GAS  /tmp/ccwQd0KI.s 			page 15


 814 019a C046     		.align	2
 815              	.L52:
 816 019c 50C30000 		.word	50000
 817 01a0 00000000 		.word	pFlash
 818 01a4 00200240 		.word	1073881088
 819 01a8 00F8FF1F 		.word	536868864
 821              		.section	.text.FLASH_OB_DisableWRP,"ax",%progbits
 822              		.align	1
 823              		.syntax unified
 824              		.code	16
 825              		.thumb_func
 827              	FLASH_OB_DisableWRP:
 828              		@ args = 0, pretend = 0, frame = 24
 829              		@ frame_needed = 1, uses_anonymous_args = 0
 830 0000 F0B5     		push	{r4, r5, r6, r7, lr}
 831 0002 87B0     		sub	sp, sp, #28
 832 0004 00AF     		add	r7, sp, #0
 833 0006 7860     		str	r0, [r7, #4]
 834 0008 1724     		movs	r4, #23
 835 000a 3B19     		adds	r3, r7, r4
 836 000c 0022     		movs	r2, #0
 837 000e 1A70     		strb	r2, [r3]
 838 0010 1426     		movs	r6, #20
 839 0012 BB19     		adds	r3, r7, r6
 840 0014 0122     		movs	r2, #1
 841 0016 5242     		rsbs	r2, r2, #0
 842 0018 1A80     		strh	r2, [r3]
 843 001a 1225     		movs	r5, #18
 844 001c 7B19     		adds	r3, r7, r5
 845 001e 0122     		movs	r2, #1
 846 0020 5242     		rsbs	r2, r2, #0
 847 0022 1A80     		strh	r2, [r3]
 848 0024 1023     		movs	r3, #16
 849 0026 FB18     		adds	r3, r7, r3
 850 0028 0122     		movs	r2, #1
 851 002a 5242     		rsbs	r2, r2, #0
 852 002c 1A80     		strh	r2, [r3]
 853 002e 0E22     		movs	r2, #14
 854 0030 BB18     		adds	r3, r7, r2
 855 0032 0122     		movs	r2, #1
 856 0034 5242     		rsbs	r2, r2, #0
 857 0036 1A80     		strh	r2, [r3]
 858 0038 FFF7FEFF 		bl	FLASH_OB_GetWRP
 859 003c 0200     		movs	r2, r0
 860 003e 7B68     		ldr	r3, [r7, #4]
 861 0040 1343     		orrs	r3, r2
 862 0042 7B60     		str	r3, [r7, #4]
 863 0044 7B68     		ldr	r3, [r7, #4]
 864 0046 9AB2     		uxth	r2, r3
 865 0048 BB19     		adds	r3, r7, r6
 866 004a FF21     		movs	r1, #255
 867 004c 0A40     		ands	r2, r1
 868 004e 1A80     		strh	r2, [r3]
 869 0050 7B68     		ldr	r3, [r7, #4]
 870 0052 1B0A     		lsrs	r3, r3, #8
 871 0054 9AB2     		uxth	r2, r3
 872 0056 7B19     		adds	r3, r7, r5
ARM GAS  /tmp/ccwQd0KI.s 			page 16


 873 0058 FF21     		movs	r1, #255
 874 005a 0A40     		ands	r2, r1
 875 005c 1A80     		strh	r2, [r3]
 876 005e 7B68     		ldr	r3, [r7, #4]
 877 0060 1B0C     		lsrs	r3, r3, #16
 878 0062 9AB2     		uxth	r2, r3
 879 0064 1023     		movs	r3, #16
 880 0066 FB18     		adds	r3, r7, r3
 881 0068 FF21     		movs	r1, #255
 882 006a 0A40     		ands	r2, r1
 883 006c 1A80     		strh	r2, [r3]
 884 006e 7B68     		ldr	r3, [r7, #4]
 885 0070 1A0E     		lsrs	r2, r3, #24
 886 0072 0E23     		movs	r3, #14
 887 0074 FB18     		adds	r3, r7, r3
 888 0076 1A80     		strh	r2, [r3]
 889 0078 2500     		movs	r5, r4
 890 007a 3C19     		adds	r4, r7, r4
 891 007c 464B     		ldr	r3, .L61
 892 007e 1800     		movs	r0, r3
 893 0080 FFF7FEFF 		bl	FLASH_WaitForLastOperation
 894 0084 0300     		movs	r3, r0
 895 0086 2370     		strb	r3, [r4]
 896 0088 7B19     		adds	r3, r7, r5
 897 008a 1B78     		ldrb	r3, [r3]
 898 008c 002B     		cmp	r3, #0
 899 008e 00D0     		beq	.LCB977
 900 0090 7BE0     		b	.L55	@long jump
 901              	.LCB977:
 902 0092 424B     		ldr	r3, .L61+4
 903 0094 0022     		movs	r2, #0
 904 0096 DA61     		str	r2, [r3, #28]
 905 0098 7C19     		adds	r4, r7, r5
 906 009a FFF7FEFF 		bl	HAL_FLASHEx_OBErase
 907 009e 0300     		movs	r3, r0
 908 00a0 2370     		strb	r3, [r4]
 909 00a2 2800     		movs	r0, r5
 910 00a4 7B19     		adds	r3, r7, r5
 911 00a6 1B78     		ldrb	r3, [r3]
 912 00a8 002B     		cmp	r3, #0
 913 00aa 00D0     		beq	.LCB991
 914 00ac 6DE0     		b	.L55	@long jump
 915              	.LCB991:
 916 00ae 3C4B     		ldr	r3, .L61+8
 917 00b0 1A69     		ldr	r2, [r3, #16]
 918 00b2 3B4B     		ldr	r3, .L61+8
 919 00b4 1021     		movs	r1, #16
 920 00b6 0A43     		orrs	r2, r1
 921 00b8 1A61     		str	r2, [r3, #16]
 922 00ba BB19     		adds	r3, r7, r6
 923 00bc 1B88     		ldrh	r3, [r3]
 924 00be FF2B     		cmp	r3, #255
 925 00c0 0FD0     		beq	.L56
 926 00c2 384B     		ldr	r3, .L61+12
 927 00c4 1B89     		ldrh	r3, [r3, #8]
 928 00c6 9BB2     		uxth	r3, r3
 929 00c8 3649     		ldr	r1, .L61+12
ARM GAS  /tmp/ccwQd0KI.s 			page 17


 930 00ca BA19     		adds	r2, r7, r6
 931 00cc 1288     		ldrh	r2, [r2]
 932 00ce 1340     		ands	r3, r2
 933 00d0 9BB2     		uxth	r3, r3
 934 00d2 0B81     		strh	r3, [r1, #8]
 935 00d4 3C18     		adds	r4, r7, r0
 936 00d6 304B     		ldr	r3, .L61
 937 00d8 1800     		movs	r0, r3
 938 00da FFF7FEFF 		bl	FLASH_WaitForLastOperation
 939 00de 0300     		movs	r3, r0
 940 00e0 2370     		strb	r3, [r4]
 941              	.L56:
 942 00e2 1720     		movs	r0, #23
 943 00e4 3B18     		adds	r3, r7, r0
 944 00e6 1B78     		ldrb	r3, [r3]
 945 00e8 002B     		cmp	r3, #0
 946 00ea 14D1     		bne	.L57
 947 00ec 1222     		movs	r2, #18
 948 00ee BB18     		adds	r3, r7, r2
 949 00f0 1B88     		ldrh	r3, [r3]
 950 00f2 FF2B     		cmp	r3, #255
 951 00f4 0FD0     		beq	.L57
 952 00f6 2B4B     		ldr	r3, .L61+12
 953 00f8 5B89     		ldrh	r3, [r3, #10]
 954 00fa 9BB2     		uxth	r3, r3
 955 00fc 2949     		ldr	r1, .L61+12
 956 00fe BA18     		adds	r2, r7, r2
 957 0100 1288     		ldrh	r2, [r2]
 958 0102 1340     		ands	r3, r2
 959 0104 9BB2     		uxth	r3, r3
 960 0106 4B81     		strh	r3, [r1, #10]
 961 0108 3C18     		adds	r4, r7, r0
 962 010a 234B     		ldr	r3, .L61
 963 010c 1800     		movs	r0, r3
 964 010e FFF7FEFF 		bl	FLASH_WaitForLastOperation
 965 0112 0300     		movs	r3, r0
 966 0114 2370     		strb	r3, [r4]
 967              	.L57:
 968 0116 1720     		movs	r0, #23
 969 0118 3B18     		adds	r3, r7, r0
 970 011a 1B78     		ldrb	r3, [r3]
 971 011c 002B     		cmp	r3, #0
 972 011e 14D1     		bne	.L58
 973 0120 1022     		movs	r2, #16
 974 0122 BB18     		adds	r3, r7, r2
 975 0124 1B88     		ldrh	r3, [r3]
 976 0126 FF2B     		cmp	r3, #255
 977 0128 0FD0     		beq	.L58
 978 012a 1E4B     		ldr	r3, .L61+12
 979 012c 9B89     		ldrh	r3, [r3, #12]
 980 012e 9BB2     		uxth	r3, r3
 981 0130 1C49     		ldr	r1, .L61+12
 982 0132 BA18     		adds	r2, r7, r2
 983 0134 1288     		ldrh	r2, [r2]
 984 0136 1340     		ands	r3, r2
 985 0138 9BB2     		uxth	r3, r3
 986 013a 8B81     		strh	r3, [r1, #12]
ARM GAS  /tmp/ccwQd0KI.s 			page 18


 987 013c 3C18     		adds	r4, r7, r0
 988 013e 164B     		ldr	r3, .L61
 989 0140 1800     		movs	r0, r3
 990 0142 FFF7FEFF 		bl	FLASH_WaitForLastOperation
 991 0146 0300     		movs	r3, r0
 992 0148 2370     		strb	r3, [r4]
 993              	.L58:
 994 014a 1720     		movs	r0, #23
 995 014c 3B18     		adds	r3, r7, r0
 996 014e 1B78     		ldrb	r3, [r3]
 997 0150 002B     		cmp	r3, #0
 998 0152 14D1     		bne	.L59
 999 0154 0E22     		movs	r2, #14
 1000 0156 BB18     		adds	r3, r7, r2
 1001 0158 1B88     		ldrh	r3, [r3]
 1002 015a FF2B     		cmp	r3, #255
 1003 015c 0FD0     		beq	.L59
 1004 015e 114B     		ldr	r3, .L61+12
 1005 0160 DB89     		ldrh	r3, [r3, #14]
 1006 0162 9BB2     		uxth	r3, r3
 1007 0164 0F49     		ldr	r1, .L61+12
 1008 0166 BA18     		adds	r2, r7, r2
 1009 0168 1288     		ldrh	r2, [r2]
 1010 016a 1340     		ands	r3, r2
 1011 016c 9BB2     		uxth	r3, r3
 1012 016e CB81     		strh	r3, [r1, #14]
 1013 0170 3C18     		adds	r4, r7, r0
 1014 0172 094B     		ldr	r3, .L61
 1015 0174 1800     		movs	r0, r3
 1016 0176 FFF7FEFF 		bl	FLASH_WaitForLastOperation
 1017 017a 0300     		movs	r3, r0
 1018 017c 2370     		strb	r3, [r4]
 1019              	.L59:
 1020 017e 084B     		ldr	r3, .L61+8
 1021 0180 1A69     		ldr	r2, [r3, #16]
 1022 0182 074B     		ldr	r3, .L61+8
 1023 0184 1021     		movs	r1, #16
 1024 0186 8A43     		bics	r2, r1
 1025 0188 1A61     		str	r2, [r3, #16]
 1026              	.L55:
 1027 018a 1723     		movs	r3, #23
 1028 018c FB18     		adds	r3, r7, r3
 1029 018e 1B78     		ldrb	r3, [r3]
 1030 0190 1800     		movs	r0, r3
 1031 0192 BD46     		mov	sp, r7
 1032 0194 07B0     		add	sp, sp, #28
 1033              		@ sp needed
 1034 0196 F0BD     		pop	{r4, r5, r6, r7, pc}
 1035              	.L62:
 1036              		.align	2
 1037              	.L61:
 1038 0198 50C30000 		.word	50000
 1039 019c 00000000 		.word	pFlash
 1040 01a0 00200240 		.word	1073881088
 1041 01a4 00F8FF1F 		.word	536868864
 1043              		.section	.text.FLASH_OB_RDP_LevelConfig,"ax",%progbits
 1044              		.align	1
ARM GAS  /tmp/ccwQd0KI.s 			page 19


 1045              		.syntax unified
 1046              		.code	16
 1047              		.thumb_func
 1049              	FLASH_OB_RDP_LevelConfig:
 1050              		@ args = 0, pretend = 0, frame = 16
 1051              		@ frame_needed = 1, uses_anonymous_args = 0
 1052 0000 B0B5     		push	{r4, r5, r7, lr}
 1053 0002 84B0     		sub	sp, sp, #16
 1054 0004 00AF     		add	r7, sp, #0
 1055 0006 0200     		movs	r2, r0
 1056 0008 FB1D     		adds	r3, r7, #7
 1057 000a 1A70     		strb	r2, [r3]
 1058 000c 0F25     		movs	r5, #15
 1059 000e 7B19     		adds	r3, r7, r5
 1060 0010 0022     		movs	r2, #0
 1061 0012 1A70     		strb	r2, [r3]
 1062 0014 7C19     		adds	r4, r7, r5
 1063 0016 264B     		ldr	r3, .L66
 1064 0018 1800     		movs	r0, r3
 1065 001a FFF7FEFF 		bl	FLASH_WaitForLastOperation
 1066 001e 0300     		movs	r3, r0
 1067 0020 2370     		strb	r3, [r4]
 1068 0022 2800     		movs	r0, r5
 1069 0024 3B18     		adds	r3, r7, r0
 1070 0026 1B78     		ldrb	r3, [r3]
 1071 0028 002B     		cmp	r3, #0
 1072 002a 39D1     		bne	.L64
 1073 002c 214B     		ldr	r3, .L66+4
 1074 002e 0022     		movs	r2, #0
 1075 0030 DA61     		str	r2, [r3, #28]
 1076 0032 214B     		ldr	r3, .L66+8
 1077 0034 1A69     		ldr	r2, [r3, #16]
 1078 0036 204B     		ldr	r3, .L66+8
 1079 0038 2021     		movs	r1, #32
 1080 003a 0A43     		orrs	r2, r1
 1081 003c 1A61     		str	r2, [r3, #16]
 1082 003e 1E4B     		ldr	r3, .L66+8
 1083 0040 1A69     		ldr	r2, [r3, #16]
 1084 0042 1D4B     		ldr	r3, .L66+8
 1085 0044 4021     		movs	r1, #64
 1086 0046 0A43     		orrs	r2, r1
 1087 0048 1A61     		str	r2, [r3, #16]
 1088 004a 0500     		movs	r5, r0
 1089 004c 3C18     		adds	r4, r7, r0
 1090 004e 184B     		ldr	r3, .L66
 1091 0050 1800     		movs	r0, r3
 1092 0052 FFF7FEFF 		bl	FLASH_WaitForLastOperation
 1093 0056 0300     		movs	r3, r0
 1094 0058 2370     		strb	r3, [r4]
 1095 005a 174B     		ldr	r3, .L66+8
 1096 005c 1A69     		ldr	r2, [r3, #16]
 1097 005e 164B     		ldr	r3, .L66+8
 1098 0060 2021     		movs	r1, #32
 1099 0062 8A43     		bics	r2, r1
 1100 0064 1A61     		str	r2, [r3, #16]
 1101 0066 2800     		movs	r0, r5
 1102 0068 3B18     		adds	r3, r7, r0
ARM GAS  /tmp/ccwQd0KI.s 			page 20


 1103 006a 1B78     		ldrb	r3, [r3]
 1104 006c 002B     		cmp	r3, #0
 1105 006e 17D1     		bne	.L64
 1106 0070 114B     		ldr	r3, .L66+8
 1107 0072 1A69     		ldr	r2, [r3, #16]
 1108 0074 104B     		ldr	r3, .L66+8
 1109 0076 1021     		movs	r1, #16
 1110 0078 0A43     		orrs	r2, r1
 1111 007a 1A61     		str	r2, [r3, #16]
 1112 007c 0F4A     		ldr	r2, .L66+12
 1113 007e FB1D     		adds	r3, r7, #7
 1114 0080 1B78     		ldrb	r3, [r3]
 1115 0082 9BB2     		uxth	r3, r3
 1116 0084 1380     		strh	r3, [r2]
 1117 0086 3C18     		adds	r4, r7, r0
 1118 0088 094B     		ldr	r3, .L66
 1119 008a 1800     		movs	r0, r3
 1120 008c FFF7FEFF 		bl	FLASH_WaitForLastOperation
 1121 0090 0300     		movs	r3, r0
 1122 0092 2370     		strb	r3, [r4]
 1123 0094 084B     		ldr	r3, .L66+8
 1124 0096 1A69     		ldr	r2, [r3, #16]
 1125 0098 074B     		ldr	r3, .L66+8
 1126 009a 1021     		movs	r1, #16
 1127 009c 8A43     		bics	r2, r1
 1128 009e 1A61     		str	r2, [r3, #16]
 1129              	.L64:
 1130 00a0 0F23     		movs	r3, #15
 1131 00a2 FB18     		adds	r3, r7, r3
 1132 00a4 1B78     		ldrb	r3, [r3]
 1133 00a6 1800     		movs	r0, r3
 1134 00a8 BD46     		mov	sp, r7
 1135 00aa 04B0     		add	sp, sp, #16
 1136              		@ sp needed
 1137 00ac B0BD     		pop	{r4, r5, r7, pc}
 1138              	.L67:
 1139 00ae C046     		.align	2
 1140              	.L66:
 1141 00b0 50C30000 		.word	50000
 1142 00b4 00000000 		.word	pFlash
 1143 00b8 00200240 		.word	1073881088
 1144 00bc 00F8FF1F 		.word	536868864
 1146              		.section	.text.FLASH_OB_UserConfig,"ax",%progbits
 1147              		.align	1
 1148              		.syntax unified
 1149              		.code	16
 1150              		.thumb_func
 1152              	FLASH_OB_UserConfig:
 1153              		@ args = 0, pretend = 0, frame = 16
 1154              		@ frame_needed = 1, uses_anonymous_args = 0
 1155 0000 B0B5     		push	{r4, r5, r7, lr}
 1156 0002 84B0     		sub	sp, sp, #16
 1157 0004 00AF     		add	r7, sp, #0
 1158 0006 0200     		movs	r2, r0
 1159 0008 FB1D     		adds	r3, r7, #7
 1160 000a 1A70     		strb	r2, [r3]
 1161 000c 0F25     		movs	r5, #15
ARM GAS  /tmp/ccwQd0KI.s 			page 21


 1162 000e 7B19     		adds	r3, r7, r5
 1163 0010 0022     		movs	r2, #0
 1164 0012 1A70     		strb	r2, [r3]
 1165 0014 7C19     		adds	r4, r7, r5
 1166 0016 184B     		ldr	r3, .L71
 1167 0018 1800     		movs	r0, r3
 1168 001a FFF7FEFF 		bl	FLASH_WaitForLastOperation
 1169 001e 0300     		movs	r3, r0
 1170 0020 2370     		strb	r3, [r4]
 1171 0022 2800     		movs	r0, r5
 1172 0024 3B18     		adds	r3, r7, r0
 1173 0026 1B78     		ldrb	r3, [r3]
 1174 0028 002B     		cmp	r3, #0
 1175 002a 1DD1     		bne	.L69
 1176 002c 134B     		ldr	r3, .L71+4
 1177 002e 0022     		movs	r2, #0
 1178 0030 DA61     		str	r2, [r3, #28]
 1179 0032 134B     		ldr	r3, .L71+8
 1180 0034 1A69     		ldr	r2, [r3, #16]
 1181 0036 124B     		ldr	r3, .L71+8
 1182 0038 1021     		movs	r1, #16
 1183 003a 0A43     		orrs	r2, r1
 1184 003c 1A61     		str	r2, [r3, #16]
 1185 003e FB1D     		adds	r3, r7, #7
 1186 0040 1B78     		ldrb	r3, [r3]
 1187 0042 7822     		movs	r2, #120
 1188 0044 5242     		rsbs	r2, r2, #0
 1189 0046 1343     		orrs	r3, r2
 1190 0048 DAB2     		uxtb	r2, r3
 1191 004a 0E4B     		ldr	r3, .L71+12
 1192 004c 5A80     		strh	r2, [r3, #2]
 1193 004e 3C18     		adds	r4, r7, r0
 1194 0050 094B     		ldr	r3, .L71
 1195 0052 1800     		movs	r0, r3
 1196 0054 FFF7FEFF 		bl	FLASH_WaitForLastOperation
 1197 0058 0300     		movs	r3, r0
 1198 005a 2370     		strb	r3, [r4]
 1199 005c 084B     		ldr	r3, .L71+8
 1200 005e 1A69     		ldr	r2, [r3, #16]
 1201 0060 074B     		ldr	r3, .L71+8
 1202 0062 1021     		movs	r1, #16
 1203 0064 8A43     		bics	r2, r1
 1204 0066 1A61     		str	r2, [r3, #16]
 1205              	.L69:
 1206 0068 0F23     		movs	r3, #15
 1207 006a FB18     		adds	r3, r7, r3
 1208 006c 1B78     		ldrb	r3, [r3]
 1209 006e 1800     		movs	r0, r3
 1210 0070 BD46     		mov	sp, r7
 1211 0072 04B0     		add	sp, sp, #16
 1212              		@ sp needed
 1213 0074 B0BD     		pop	{r4, r5, r7, pc}
 1214              	.L72:
 1215 0076 C046     		.align	2
 1216              	.L71:
 1217 0078 50C30000 		.word	50000
 1218 007c 00000000 		.word	pFlash
ARM GAS  /tmp/ccwQd0KI.s 			page 22


 1219 0080 00200240 		.word	1073881088
 1220 0084 00F8FF1F 		.word	536868864
 1222              		.section	.text.FLASH_OB_ProgramData,"ax",%progbits
 1223              		.align	1
 1224              		.syntax unified
 1225              		.code	16
 1226              		.thumb_func
 1228              	FLASH_OB_ProgramData:
 1229              		@ args = 0, pretend = 0, frame = 16
 1230              		@ frame_needed = 1, uses_anonymous_args = 0
 1231 0000 B0B5     		push	{r4, r5, r7, lr}
 1232 0002 84B0     		sub	sp, sp, #16
 1233 0004 00AF     		add	r7, sp, #0
 1234 0006 7860     		str	r0, [r7, #4]
 1235 0008 0A00     		movs	r2, r1
 1236 000a FB1C     		adds	r3, r7, #3
 1237 000c 1A70     		strb	r2, [r3]
 1238 000e 0F25     		movs	r5, #15
 1239 0010 7B19     		adds	r3, r7, r5
 1240 0012 0122     		movs	r2, #1
 1241 0014 1A70     		strb	r2, [r3]
 1242 0016 7C19     		adds	r4, r7, r5
 1243 0018 164B     		ldr	r3, .L76
 1244 001a 1800     		movs	r0, r3
 1245 001c FFF7FEFF 		bl	FLASH_WaitForLastOperation
 1246 0020 0300     		movs	r3, r0
 1247 0022 2370     		strb	r3, [r4]
 1248 0024 2800     		movs	r0, r5
 1249 0026 3B18     		adds	r3, r7, r0
 1250 0028 1B78     		ldrb	r3, [r3]
 1251 002a 002B     		cmp	r3, #0
 1252 002c 1AD1     		bne	.L74
 1253 002e 124B     		ldr	r3, .L76+4
 1254 0030 0022     		movs	r2, #0
 1255 0032 DA61     		str	r2, [r3, #28]
 1256 0034 114B     		ldr	r3, .L76+8
 1257 0036 1A69     		ldr	r2, [r3, #16]
 1258 0038 104B     		ldr	r3, .L76+8
 1259 003a 1021     		movs	r1, #16
 1260 003c 0A43     		orrs	r2, r1
 1261 003e 1A61     		str	r2, [r3, #16]
 1262 0040 7B68     		ldr	r3, [r7, #4]
 1263 0042 FA1C     		adds	r2, r7, #3
 1264 0044 1278     		ldrb	r2, [r2]
 1265 0046 92B2     		uxth	r2, r2
 1266 0048 1A80     		strh	r2, [r3]
 1267 004a 3C18     		adds	r4, r7, r0
 1268 004c 094B     		ldr	r3, .L76
 1269 004e 1800     		movs	r0, r3
 1270 0050 FFF7FEFF 		bl	FLASH_WaitForLastOperation
 1271 0054 0300     		movs	r3, r0
 1272 0056 2370     		strb	r3, [r4]
 1273 0058 084B     		ldr	r3, .L76+8
 1274 005a 1A69     		ldr	r2, [r3, #16]
 1275 005c 074B     		ldr	r3, .L76+8
 1276 005e 1021     		movs	r1, #16
 1277 0060 8A43     		bics	r2, r1
ARM GAS  /tmp/ccwQd0KI.s 			page 23


 1278 0062 1A61     		str	r2, [r3, #16]
 1279              	.L74:
 1280 0064 0F23     		movs	r3, #15
 1281 0066 FB18     		adds	r3, r7, r3
 1282 0068 1B78     		ldrb	r3, [r3]
 1283 006a 1800     		movs	r0, r3
 1284 006c BD46     		mov	sp, r7
 1285 006e 04B0     		add	sp, sp, #16
 1286              		@ sp needed
 1287 0070 B0BD     		pop	{r4, r5, r7, pc}
 1288              	.L77:
 1289 0072 C046     		.align	2
 1290              	.L76:
 1291 0074 50C30000 		.word	50000
 1292 0078 00000000 		.word	pFlash
 1293 007c 00200240 		.word	1073881088
 1295              		.section	.text.FLASH_OB_GetWRP,"ax",%progbits
 1296              		.align	1
 1297              		.syntax unified
 1298              		.code	16
 1299              		.thumb_func
 1301              	FLASH_OB_GetWRP:
 1302              		@ args = 0, pretend = 0, frame = 0
 1303              		@ frame_needed = 1, uses_anonymous_args = 0
 1304 0000 80B5     		push	{r7, lr}
 1305 0002 00AF     		add	r7, sp, #0
 1306 0004 024B     		ldr	r3, .L80
 1307 0006 1B6A     		ldr	r3, [r3, #32]
 1308 0008 1800     		movs	r0, r3
 1309 000a BD46     		mov	sp, r7
 1310              		@ sp needed
 1311 000c 80BD     		pop	{r7, pc}
 1312              	.L81:
 1313 000e C046     		.align	2
 1314              	.L80:
 1315 0010 00200240 		.word	1073881088
 1317              		.section	.text.FLASH_OB_GetRDP,"ax",%progbits
 1318              		.align	1
 1319              		.syntax unified
 1320              		.code	16
 1321              		.thumb_func
 1323              	FLASH_OB_GetRDP:
 1324              		@ args = 0, pretend = 0, frame = 8
 1325              		@ frame_needed = 1, uses_anonymous_args = 0
 1326 0000 80B5     		push	{r7, lr}
 1327 0002 82B0     		sub	sp, sp, #8
 1328 0004 00AF     		add	r7, sp, #0
 1329 0006 0A4B     		ldr	r3, .L86
 1330 0008 DB69     		ldr	r3, [r3, #28]
 1331 000a 0622     		movs	r2, #6
 1332 000c 1340     		ands	r3, r2
 1333 000e 7B60     		str	r3, [r7, #4]
 1334 0010 7B68     		ldr	r3, [r7, #4]
 1335 0012 002B     		cmp	r3, #0
 1336 0014 01D1     		bne	.L83
 1337 0016 AA23     		movs	r3, #170
 1338 0018 06E0     		b	.L84
ARM GAS  /tmp/ccwQd0KI.s 			page 24


 1339              	.L83:
 1340 001a 7B68     		ldr	r3, [r7, #4]
 1341 001c 0422     		movs	r2, #4
 1342 001e 1340     		ands	r3, r2
 1343 0020 01D0     		beq	.L85
 1344 0022 CC23     		movs	r3, #204
 1345 0024 00E0     		b	.L84
 1346              	.L85:
 1347 0026 BB23     		movs	r3, #187
 1348              	.L84:
 1349 0028 1800     		movs	r0, r3
 1350 002a BD46     		mov	sp, r7
 1351 002c 02B0     		add	sp, sp, #8
 1352              		@ sp needed
 1353 002e 80BD     		pop	{r7, pc}
 1354              	.L87:
 1355              		.align	2
 1356              	.L86:
 1357 0030 00200240 		.word	1073881088
 1359              		.section	.text.FLASH_OB_GetUser,"ax",%progbits
 1360              		.align	1
 1361              		.syntax unified
 1362              		.code	16
 1363              		.thumb_func
 1365              	FLASH_OB_GetUser:
 1366              		@ args = 0, pretend = 0, frame = 0
 1367              		@ frame_needed = 1, uses_anonymous_args = 0
 1368 0000 80B5     		push	{r7, lr}
 1369 0002 00AF     		add	r7, sp, #0
 1370 0004 044B     		ldr	r3, .L90
 1371 0006 DB69     		ldr	r3, [r3, #28]
 1372 0008 1B0A     		lsrs	r3, r3, #8
 1373 000a DBB2     		uxtb	r3, r3
 1374 000c 7722     		movs	r2, #119
 1375 000e 1340     		ands	r3, r2
 1376 0010 DBB2     		uxtb	r3, r3
 1377 0012 1800     		movs	r0, r3
 1378 0014 BD46     		mov	sp, r7
 1379              		@ sp needed
 1380 0016 80BD     		pop	{r7, pc}
 1381              	.L91:
 1382              		.align	2
 1383              	.L90:
 1384 0018 00200240 		.word	1073881088
 1386              		.section	.text.FLASH_PageErase,"ax",%progbits
 1387              		.align	1
 1388              		.global	FLASH_PageErase
 1389              		.syntax unified
 1390              		.code	16
 1391              		.thumb_func
 1393              	FLASH_PageErase:
 1394              		@ args = 0, pretend = 0, frame = 8
 1395              		@ frame_needed = 1, uses_anonymous_args = 0
 1396 0000 80B5     		push	{r7, lr}
 1397 0002 82B0     		sub	sp, sp, #8
 1398 0004 00AF     		add	r7, sp, #0
 1399 0006 7860     		str	r0, [r7, #4]
ARM GAS  /tmp/ccwQd0KI.s 			page 25


 1400 0008 0A4B     		ldr	r3, .L93
 1401 000a 0022     		movs	r2, #0
 1402 000c DA61     		str	r2, [r3, #28]
 1403 000e 0A4B     		ldr	r3, .L93+4
 1404 0010 1A69     		ldr	r2, [r3, #16]
 1405 0012 094B     		ldr	r3, .L93+4
 1406 0014 0221     		movs	r1, #2
 1407 0016 0A43     		orrs	r2, r1
 1408 0018 1A61     		str	r2, [r3, #16]
 1409 001a 074B     		ldr	r3, .L93+4
 1410 001c 7A68     		ldr	r2, [r7, #4]
 1411 001e 5A61     		str	r2, [r3, #20]
 1412 0020 054B     		ldr	r3, .L93+4
 1413 0022 1A69     		ldr	r2, [r3, #16]
 1414 0024 044B     		ldr	r3, .L93+4
 1415 0026 4021     		movs	r1, #64
 1416 0028 0A43     		orrs	r2, r1
 1417 002a 1A61     		str	r2, [r3, #16]
 1418 002c C046     		nop
 1419 002e BD46     		mov	sp, r7
 1420 0030 02B0     		add	sp, sp, #8
 1421              		@ sp needed
 1422 0032 80BD     		pop	{r7, pc}
 1423              	.L94:
 1424              		.align	2
 1425              	.L93:
 1426 0034 00000000 		.word	pFlash
 1427 0038 00200240 		.word	1073881088
 1429              		.ident	"GCC: (crosstool-NG 1.28.0 - arm-cortexm0-eabi) 15.2.0"
ARM GAS  /tmp/ccwQd0KI.s 			page 26


DEFINED SYMBOLS
                            *ABS*:00000000 stm32f0xx_hal_flash_ex.c
     /tmp/ccwQd0KI.s:15     .text.HAL_FLASHEx_Erase:00000000 $t
     /tmp/ccwQd0KI.s:21     .text.HAL_FLASHEx_Erase:00000000 HAL_FLASHEx_Erase
     /tmp/ccwQd0KI.s:568    .text.FLASH_MassErase:00000000 FLASH_MassErase
     /tmp/ccwQd0KI.s:1393   .text.FLASH_PageErase:00000000 FLASH_PageErase
     /tmp/ccwQd0KI.s:141    .text.HAL_FLASHEx_Erase:000000e0 $d
     /tmp/ccwQd0KI.s:146    .text.HAL_FLASHEx_Erase_IT:00000000 $t
     /tmp/ccwQd0KI.s:152    .text.HAL_FLASHEx_Erase_IT:00000000 HAL_FLASHEx_Erase_IT
     /tmp/ccwQd0KI.s:226    .text.HAL_FLASHEx_Erase_IT:00000080 $d
     /tmp/ccwQd0KI.s:230    .text.HAL_FLASHEx_OBErase:00000000 $t
     /tmp/ccwQd0KI.s:236    .text.HAL_FLASHEx_OBErase:00000000 HAL_FLASHEx_OBErase
     /tmp/ccwQd0KI.s:1323   .text.FLASH_OB_GetRDP:00000000 FLASH_OB_GetRDP
     /tmp/ccwQd0KI.s:1049   .text.FLASH_OB_RDP_LevelConfig:00000000 FLASH_OB_RDP_LevelConfig
     /tmp/ccwQd0KI.s:311    .text.HAL_FLASHEx_OBErase:00000090 $d
     /tmp/ccwQd0KI.s:316    .text.HAL_FLASHEx_OBProgram:00000000 $t
     /tmp/ccwQd0KI.s:322    .text.HAL_FLASHEx_OBProgram:00000000 HAL_FLASHEx_OBProgram
     /tmp/ccwQd0KI.s:604    .text.FLASH_OB_EnableWRP:00000000 FLASH_OB_EnableWRP
     /tmp/ccwQd0KI.s:827    .text.FLASH_OB_DisableWRP:00000000 FLASH_OB_DisableWRP
     /tmp/ccwQd0KI.s:1152   .text.FLASH_OB_UserConfig:00000000 FLASH_OB_UserConfig
     /tmp/ccwQd0KI.s:1228   .text.FLASH_OB_ProgramData:00000000 FLASH_OB_ProgramData
     /tmp/ccwQd0KI.s:476    .text.HAL_FLASHEx_OBProgram:00000120 $d
     /tmp/ccwQd0KI.s:479    .text.HAL_FLASHEx_OBGetConfig:00000000 $t
     /tmp/ccwQd0KI.s:485    .text.HAL_FLASHEx_OBGetConfig:00000000 HAL_FLASHEx_OBGetConfig
     /tmp/ccwQd0KI.s:1301   .text.FLASH_OB_GetWRP:00000000 FLASH_OB_GetWRP
     /tmp/ccwQd0KI.s:1365   .text.FLASH_OB_GetUser:00000000 FLASH_OB_GetUser
     /tmp/ccwQd0KI.s:516    .text.HAL_FLASHEx_OBGetUserData:00000000 $t
     /tmp/ccwQd0KI.s:522    .text.HAL_FLASHEx_OBGetUserData:00000000 HAL_FLASHEx_OBGetUserData
     /tmp/ccwQd0KI.s:559    .text.HAL_FLASHEx_OBGetUserData:00000038 $d
     /tmp/ccwQd0KI.s:563    .text.FLASH_MassErase:00000000 $t
     /tmp/ccwQd0KI.s:595    .text.FLASH_MassErase:00000028 $d
     /tmp/ccwQd0KI.s:599    .text.FLASH_OB_EnableWRP:00000000 $t
     /tmp/ccwQd0KI.s:816    .text.FLASH_OB_EnableWRP:0000019c $d
     /tmp/ccwQd0KI.s:822    .text.FLASH_OB_DisableWRP:00000000 $t
     /tmp/ccwQd0KI.s:1038   .text.FLASH_OB_DisableWRP:00000198 $d
     /tmp/ccwQd0KI.s:1044   .text.FLASH_OB_RDP_LevelConfig:00000000 $t
     /tmp/ccwQd0KI.s:1141   .text.FLASH_OB_RDP_LevelConfig:000000b0 $d
     /tmp/ccwQd0KI.s:1147   .text.FLASH_OB_UserConfig:00000000 $t
     /tmp/ccwQd0KI.s:1217   .text.FLASH_OB_UserConfig:00000078 $d
     /tmp/ccwQd0KI.s:1223   .text.FLASH_OB_ProgramData:00000000 $t
     /tmp/ccwQd0KI.s:1291   .text.FLASH_OB_ProgramData:00000074 $d
     /tmp/ccwQd0KI.s:1296   .text.FLASH_OB_GetWRP:00000000 $t
     /tmp/ccwQd0KI.s:1315   .text.FLASH_OB_GetWRP:00000010 $d
     /tmp/ccwQd0KI.s:1318   .text.FLASH_OB_GetRDP:00000000 $t
     /tmp/ccwQd0KI.s:1357   .text.FLASH_OB_GetRDP:00000030 $d
     /tmp/ccwQd0KI.s:1360   .text.FLASH_OB_GetUser:00000000 $t
     /tmp/ccwQd0KI.s:1384   .text.FLASH_OB_GetUser:00000018 $d
     /tmp/ccwQd0KI.s:1387   .text.FLASH_PageErase:00000000 $t
     /tmp/ccwQd0KI.s:1426   .text.FLASH_PageErase:00000034 $d

UNDEFINED SYMBOLS
FLASH_WaitForLastOperation
pFlash
