ARM GAS  /tmp/cco2JoLR.s 			page 1


   1              		.arch armv6s-m
   2              		.fpu softvfp
   3              		.eabi_attribute 20, 1
   4              		.eabi_attribute 21, 1
   5              		.eabi_attribute 23, 3
   6              		.eabi_attribute 24, 1
   7              		.eabi_attribute 25, 1
   8              		.eabi_attribute 26, 1
   9              		.eabi_attribute 30, 6
  10              		.eabi_attribute 34, 0
  11              		.eabi_attribute 18, 4
  12              		.file	"stm32f0xx_ll_rcc.c"
  13              		.text
  14              		.section	.text.LL_RCC_HSE_DisableBypass,"ax",%progbits
  15              		.align	1
  16              		.syntax unified
  17              		.code	16
  18              		.thumb_func
  20              	LL_RCC_HSE_DisableBypass:
  21              		@ args = 0, pretend = 0, frame = 0
  22              		@ frame_needed = 1, uses_anonymous_args = 0
  23 0000 80B5     		push	{r7, lr}
  24 0002 00AF     		add	r7, sp, #0
  25 0004 044B     		ldr	r3, .L2
  26 0006 1A68     		ldr	r2, [r3]
  27 0008 034B     		ldr	r3, .L2
  28 000a 0449     		ldr	r1, .L2+4
  29 000c 0A40     		ands	r2, r1
  30 000e 1A60     		str	r2, [r3]
  31 0010 C046     		nop
  32 0012 BD46     		mov	sp, r7
  33              		@ sp needed
  34 0014 80BD     		pop	{r7, pc}
  35              	.L3:
  36 0016 C046     		.align	2
  37              	.L2:
  38 0018 00100240 		.word	1073876992
  39 001c FFFFFBFF 		.word	-262145
  41              		.section	.text.LL_RCC_HSI_Enable,"ax",%progbits
  42              		.align	1
  43              		.syntax unified
  44              		.code	16
  45              		.thumb_func
  47              	LL_RCC_HSI_Enable:
  48              		@ args = 0, pretend = 0, frame = 0
  49              		@ frame_needed = 1, uses_anonymous_args = 0
  50 0000 80B5     		push	{r7, lr}
  51 0002 00AF     		add	r7, sp, #0
  52 0004 044B     		ldr	r3, .L5
  53 0006 1A68     		ldr	r2, [r3]
  54 0008 034B     		ldr	r3, .L5
  55 000a 0121     		movs	r1, #1
  56 000c 0A43     		orrs	r2, r1
  57 000e 1A60     		str	r2, [r3]
  58 0010 C046     		nop
  59 0012 BD46     		mov	sp, r7
  60              		@ sp needed
ARM GAS  /tmp/cco2JoLR.s 			page 2


  61 0014 80BD     		pop	{r7, pc}
  62              	.L6:
  63 0016 C046     		.align	2
  64              	.L5:
  65 0018 00100240 		.word	1073876992
  67              		.section	.text.LL_RCC_HSI_IsReady,"ax",%progbits
  68              		.align	1
  69              		.syntax unified
  70              		.code	16
  71              		.thumb_func
  73              	LL_RCC_HSI_IsReady:
  74              		@ args = 0, pretend = 0, frame = 0
  75              		@ frame_needed = 1, uses_anonymous_args = 0
  76 0000 80B5     		push	{r7, lr}
  77 0002 00AF     		add	r7, sp, #0
  78 0004 044B     		ldr	r3, .L9
  79 0006 1B68     		ldr	r3, [r3]
  80 0008 0222     		movs	r2, #2
  81 000a 1340     		ands	r3, r2
  82 000c 9B07     		lsls	r3, r3, #30
  83 000e DB0F     		lsrs	r3, r3, #31
  84 0010 DBB2     		uxtb	r3, r3
  85 0012 1800     		movs	r0, r3
  86 0014 BD46     		mov	sp, r7
  87              		@ sp needed
  88 0016 80BD     		pop	{r7, pc}
  89              	.L10:
  90              		.align	2
  91              	.L9:
  92 0018 00100240 		.word	1073876992
  94              		.section	.text.LL_RCC_HSI_SetCalibTrimming,"ax",%progbits
  95              		.align	1
  96              		.syntax unified
  97              		.code	16
  98              		.thumb_func
 100              	LL_RCC_HSI_SetCalibTrimming:
 101              		@ args = 0, pretend = 0, frame = 8
 102              		@ frame_needed = 1, uses_anonymous_args = 0
 103 0000 80B5     		push	{r7, lr}
 104 0002 82B0     		sub	sp, sp, #8
 105 0004 00AF     		add	r7, sp, #0
 106 0006 7860     		str	r0, [r7, #4]
 107 0008 064B     		ldr	r3, .L12
 108 000a 1B68     		ldr	r3, [r3]
 109 000c F822     		movs	r2, #248
 110 000e 9343     		bics	r3, r2
 111 0010 1900     		movs	r1, r3
 112 0012 7B68     		ldr	r3, [r7, #4]
 113 0014 DA00     		lsls	r2, r3, #3
 114 0016 034B     		ldr	r3, .L12
 115 0018 0A43     		orrs	r2, r1
 116 001a 1A60     		str	r2, [r3]
 117 001c C046     		nop
 118 001e BD46     		mov	sp, r7
 119 0020 02B0     		add	sp, sp, #8
 120              		@ sp needed
 121 0022 80BD     		pop	{r7, pc}
ARM GAS  /tmp/cco2JoLR.s 			page 3


 122              	.L13:
 123              		.align	2
 124              	.L12:
 125 0024 00100240 		.word	1073876992
 127              		.section	.text.LL_RCC_HSI48_Disable,"ax",%progbits
 128              		.align	1
 129              		.syntax unified
 130              		.code	16
 131              		.thumb_func
 133              	LL_RCC_HSI48_Disable:
 134              		@ args = 0, pretend = 0, frame = 0
 135              		@ frame_needed = 1, uses_anonymous_args = 0
 136 0000 80B5     		push	{r7, lr}
 137 0002 00AF     		add	r7, sp, #0
 138 0004 044B     		ldr	r3, .L15
 139 0006 5A6B     		ldr	r2, [r3, #52]
 140 0008 034B     		ldr	r3, .L15
 141 000a 0449     		ldr	r1, .L15+4
 142 000c 0A40     		ands	r2, r1
 143 000e 5A63     		str	r2, [r3, #52]
 144 0010 C046     		nop
 145 0012 BD46     		mov	sp, r7
 146              		@ sp needed
 147 0014 80BD     		pop	{r7, pc}
 148              	.L16:
 149 0016 C046     		.align	2
 150              	.L15:
 151 0018 00100240 		.word	1073876992
 152 001c FFFFFEFF 		.word	-65537
 154              		.section	.text.LL_RCC_HSI48_IsReady,"ax",%progbits
 155              		.align	1
 156              		.syntax unified
 157              		.code	16
 158              		.thumb_func
 160              	LL_RCC_HSI48_IsReady:
 161              		@ args = 0, pretend = 0, frame = 0
 162              		@ frame_needed = 1, uses_anonymous_args = 0
 163 0000 80B5     		push	{r7, lr}
 164 0002 00AF     		add	r7, sp, #0
 165 0004 054B     		ldr	r3, .L19
 166 0006 5A6B     		ldr	r2, [r3, #52]
 167 0008 8023     		movs	r3, #128
 168 000a 9B02     		lsls	r3, r3, #10
 169 000c 1340     		ands	r3, r2
 170 000e 9B03     		lsls	r3, r3, #14
 171 0010 DB0F     		lsrs	r3, r3, #31
 172 0012 DBB2     		uxtb	r3, r3
 173 0014 1800     		movs	r0, r3
 174 0016 BD46     		mov	sp, r7
 175              		@ sp needed
 176 0018 80BD     		pop	{r7, pc}
 177              	.L20:
 178 001a C046     		.align	2
 179              	.L19:
 180 001c 00100240 		.word	1073876992
 182              		.section	.text.LL_RCC_HSI14_Disable,"ax",%progbits
 183              		.align	1
ARM GAS  /tmp/cco2JoLR.s 			page 4


 184              		.syntax unified
 185              		.code	16
 186              		.thumb_func
 188              	LL_RCC_HSI14_Disable:
 189              		@ args = 0, pretend = 0, frame = 0
 190              		@ frame_needed = 1, uses_anonymous_args = 0
 191 0000 80B5     		push	{r7, lr}
 192 0002 00AF     		add	r7, sp, #0
 193 0004 044B     		ldr	r3, .L22
 194 0006 5A6B     		ldr	r2, [r3, #52]
 195 0008 034B     		ldr	r3, .L22
 196 000a 0121     		movs	r1, #1
 197 000c 8A43     		bics	r2, r1
 198 000e 5A63     		str	r2, [r3, #52]
 199 0010 C046     		nop
 200 0012 BD46     		mov	sp, r7
 201              		@ sp needed
 202 0014 80BD     		pop	{r7, pc}
 203              	.L23:
 204 0016 C046     		.align	2
 205              	.L22:
 206 0018 00100240 		.word	1073876992
 208              		.section	.text.LL_RCC_HSI14_EnableADCControl,"ax",%progbits
 209              		.align	1
 210              		.syntax unified
 211              		.code	16
 212              		.thumb_func
 214              	LL_RCC_HSI14_EnableADCControl:
 215              		@ args = 0, pretend = 0, frame = 0
 216              		@ frame_needed = 1, uses_anonymous_args = 0
 217 0000 80B5     		push	{r7, lr}
 218 0002 00AF     		add	r7, sp, #0
 219 0004 044B     		ldr	r3, .L25
 220 0006 5A6B     		ldr	r2, [r3, #52]
 221 0008 034B     		ldr	r3, .L25
 222 000a 0421     		movs	r1, #4
 223 000c 8A43     		bics	r2, r1
 224 000e 5A63     		str	r2, [r3, #52]
 225 0010 C046     		nop
 226 0012 BD46     		mov	sp, r7
 227              		@ sp needed
 228 0014 80BD     		pop	{r7, pc}
 229              	.L26:
 230 0016 C046     		.align	2
 231              	.L25:
 232 0018 00100240 		.word	1073876992
 234              		.section	.text.LL_RCC_HSI14_SetCalibTrimming,"ax",%progbits
 235              		.align	1
 236              		.syntax unified
 237              		.code	16
 238              		.thumb_func
 240              	LL_RCC_HSI14_SetCalibTrimming:
 241              		@ args = 0, pretend = 0, frame = 8
 242              		@ frame_needed = 1, uses_anonymous_args = 0
 243 0000 80B5     		push	{r7, lr}
 244 0002 82B0     		sub	sp, sp, #8
 245 0004 00AF     		add	r7, sp, #0
ARM GAS  /tmp/cco2JoLR.s 			page 5


 246 0006 7860     		str	r0, [r7, #4]
 247 0008 064B     		ldr	r3, .L28
 248 000a 5B6B     		ldr	r3, [r3, #52]
 249 000c F822     		movs	r2, #248
 250 000e 9343     		bics	r3, r2
 251 0010 1900     		movs	r1, r3
 252 0012 7B68     		ldr	r3, [r7, #4]
 253 0014 DA00     		lsls	r2, r3, #3
 254 0016 034B     		ldr	r3, .L28
 255 0018 0A43     		orrs	r2, r1
 256 001a 5A63     		str	r2, [r3, #52]
 257 001c C046     		nop
 258 001e BD46     		mov	sp, r7
 259 0020 02B0     		add	sp, sp, #8
 260              		@ sp needed
 261 0022 80BD     		pop	{r7, pc}
 262              	.L29:
 263              		.align	2
 264              	.L28:
 265 0024 00100240 		.word	1073876992
 267              		.section	.text.LL_RCC_LSE_IsReady,"ax",%progbits
 268              		.align	1
 269              		.syntax unified
 270              		.code	16
 271              		.thumb_func
 273              	LL_RCC_LSE_IsReady:
 274              		@ args = 0, pretend = 0, frame = 0
 275              		@ frame_needed = 1, uses_anonymous_args = 0
 276 0000 80B5     		push	{r7, lr}
 277 0002 00AF     		add	r7, sp, #0
 278 0004 044B     		ldr	r3, .L32
 279 0006 1B6A     		ldr	r3, [r3, #32]
 280 0008 0222     		movs	r2, #2
 281 000a 1340     		ands	r3, r2
 282 000c 9B07     		lsls	r3, r3, #30
 283 000e DB0F     		lsrs	r3, r3, #31
 284 0010 DBB2     		uxtb	r3, r3
 285 0012 1800     		movs	r0, r3
 286 0014 BD46     		mov	sp, r7
 287              		@ sp needed
 288 0016 80BD     		pop	{r7, pc}
 289              	.L33:
 290              		.align	2
 291              	.L32:
 292 0018 00100240 		.word	1073876992
 294              		.section	.text.LL_RCC_GetSysClkSource,"ax",%progbits
 295              		.align	1
 296              		.syntax unified
 297              		.code	16
 298              		.thumb_func
 300              	LL_RCC_GetSysClkSource:
 301              		@ args = 0, pretend = 0, frame = 0
 302              		@ frame_needed = 1, uses_anonymous_args = 0
 303 0000 80B5     		push	{r7, lr}
 304 0002 00AF     		add	r7, sp, #0
 305 0004 034B     		ldr	r3, .L36
 306 0006 5B68     		ldr	r3, [r3, #4]
ARM GAS  /tmp/cco2JoLR.s 			page 6


 307 0008 0C22     		movs	r2, #12
 308 000a 1340     		ands	r3, r2
 309 000c 1800     		movs	r0, r3
 310 000e BD46     		mov	sp, r7
 311              		@ sp needed
 312 0010 80BD     		pop	{r7, pc}
 313              	.L37:
 314 0012 C046     		.align	2
 315              	.L36:
 316 0014 00100240 		.word	1073876992
 318              		.section	.text.LL_RCC_GetAHBPrescaler,"ax",%progbits
 319              		.align	1
 320              		.syntax unified
 321              		.code	16
 322              		.thumb_func
 324              	LL_RCC_GetAHBPrescaler:
 325              		@ args = 0, pretend = 0, frame = 0
 326              		@ frame_needed = 1, uses_anonymous_args = 0
 327 0000 80B5     		push	{r7, lr}
 328 0002 00AF     		add	r7, sp, #0
 329 0004 034B     		ldr	r3, .L40
 330 0006 5B68     		ldr	r3, [r3, #4]
 331 0008 F022     		movs	r2, #240
 332 000a 1340     		ands	r3, r2
 333 000c 1800     		movs	r0, r3
 334 000e BD46     		mov	sp, r7
 335              		@ sp needed
 336 0010 80BD     		pop	{r7, pc}
 337              	.L41:
 338 0012 C046     		.align	2
 339              	.L40:
 340 0014 00100240 		.word	1073876992
 342              		.section	.text.LL_RCC_GetAPB1Prescaler,"ax",%progbits
 343              		.align	1
 344              		.syntax unified
 345              		.code	16
 346              		.thumb_func
 348              	LL_RCC_GetAPB1Prescaler:
 349              		@ args = 0, pretend = 0, frame = 0
 350              		@ frame_needed = 1, uses_anonymous_args = 0
 351 0000 80B5     		push	{r7, lr}
 352 0002 00AF     		add	r7, sp, #0
 353 0004 034B     		ldr	r3, .L44
 354 0006 5A68     		ldr	r2, [r3, #4]
 355 0008 E023     		movs	r3, #224
 356 000a DB00     		lsls	r3, r3, #3
 357 000c 1340     		ands	r3, r2
 358 000e 1800     		movs	r0, r3
 359 0010 BD46     		mov	sp, r7
 360              		@ sp needed
 361 0012 80BD     		pop	{r7, pc}
 362              	.L45:
 363              		.align	2
 364              	.L44:
 365 0014 00100240 		.word	1073876992
 367              		.section	.text.LL_RCC_GetUSARTClockSource,"ax",%progbits
 368              		.align	1
ARM GAS  /tmp/cco2JoLR.s 			page 7


 369              		.syntax unified
 370              		.code	16
 371              		.thumb_func
 373              	LL_RCC_GetUSARTClockSource:
 374              		@ args = 0, pretend = 0, frame = 8
 375              		@ frame_needed = 1, uses_anonymous_args = 0
 376 0000 80B5     		push	{r7, lr}
 377 0002 82B0     		sub	sp, sp, #8
 378 0004 00AF     		add	r7, sp, #0
 379 0006 7860     		str	r0, [r7, #4]
 380 0008 064B     		ldr	r3, .L48
 381 000a 1B6B     		ldr	r3, [r3, #48]
 382 000c 0321     		movs	r1, #3
 383 000e 7A68     		ldr	r2, [r7, #4]
 384 0010 9140     		lsls	r1, r1, r2
 385 0012 0A00     		movs	r2, r1
 386 0014 1A40     		ands	r2, r3
 387 0016 7B68     		ldr	r3, [r7, #4]
 388 0018 1B06     		lsls	r3, r3, #24
 389 001a 1343     		orrs	r3, r2
 390 001c 1800     		movs	r0, r3
 391 001e BD46     		mov	sp, r7
 392 0020 02B0     		add	sp, sp, #8
 393              		@ sp needed
 394 0022 80BD     		pop	{r7, pc}
 395              	.L49:
 396              		.align	2
 397              	.L48:
 398 0024 00100240 		.word	1073876992
 400              		.section	.text.LL_RCC_GetI2CClockSource,"ax",%progbits
 401              		.align	1
 402              		.syntax unified
 403              		.code	16
 404              		.thumb_func
 406              	LL_RCC_GetI2CClockSource:
 407              		@ args = 0, pretend = 0, frame = 8
 408              		@ frame_needed = 1, uses_anonymous_args = 0
 409 0000 80B5     		push	{r7, lr}
 410 0002 82B0     		sub	sp, sp, #8
 411 0004 00AF     		add	r7, sp, #0
 412 0006 7860     		str	r0, [r7, #4]
 413 0008 034B     		ldr	r3, .L52
 414 000a 1B6B     		ldr	r3, [r3, #48]
 415 000c 7A68     		ldr	r2, [r7, #4]
 416 000e 1340     		ands	r3, r2
 417 0010 1800     		movs	r0, r3
 418 0012 BD46     		mov	sp, r7
 419 0014 02B0     		add	sp, sp, #8
 420              		@ sp needed
 421 0016 80BD     		pop	{r7, pc}
 422              	.L53:
 423              		.align	2
 424              	.L52:
 425 0018 00100240 		.word	1073876992
 427              		.section	.text.LL_RCC_GetCECClockSource,"ax",%progbits
 428              		.align	1
 429              		.syntax unified
ARM GAS  /tmp/cco2JoLR.s 			page 8


 430              		.code	16
 431              		.thumb_func
 433              	LL_RCC_GetCECClockSource:
 434              		@ args = 0, pretend = 0, frame = 8
 435              		@ frame_needed = 1, uses_anonymous_args = 0
 436 0000 80B5     		push	{r7, lr}
 437 0002 82B0     		sub	sp, sp, #8
 438 0004 00AF     		add	r7, sp, #0
 439 0006 7860     		str	r0, [r7, #4]
 440 0008 034B     		ldr	r3, .L56
 441 000a 1B6B     		ldr	r3, [r3, #48]
 442 000c 7A68     		ldr	r2, [r7, #4]
 443 000e 1340     		ands	r3, r2
 444 0010 1800     		movs	r0, r3
 445 0012 BD46     		mov	sp, r7
 446 0014 02B0     		add	sp, sp, #8
 447              		@ sp needed
 448 0016 80BD     		pop	{r7, pc}
 449              	.L57:
 450              		.align	2
 451              	.L56:
 452 0018 00100240 		.word	1073876992
 454              		.section	.text.LL_RCC_GetUSBClockSource,"ax",%progbits
 455              		.align	1
 456              		.syntax unified
 457              		.code	16
 458              		.thumb_func
 460              	LL_RCC_GetUSBClockSource:
 461              		@ args = 0, pretend = 0, frame = 8
 462              		@ frame_needed = 1, uses_anonymous_args = 0
 463 0000 80B5     		push	{r7, lr}
 464 0002 82B0     		sub	sp, sp, #8
 465 0004 00AF     		add	r7, sp, #0
 466 0006 7860     		str	r0, [r7, #4]
 467 0008 034B     		ldr	r3, .L60
 468 000a 1B6B     		ldr	r3, [r3, #48]
 469 000c 7A68     		ldr	r2, [r7, #4]
 470 000e 1340     		ands	r3, r2
 471 0010 1800     		movs	r0, r3
 472 0012 BD46     		mov	sp, r7
 473 0014 02B0     		add	sp, sp, #8
 474              		@ sp needed
 475 0016 80BD     		pop	{r7, pc}
 476              	.L61:
 477              		.align	2
 478              	.L60:
 479 0018 00100240 		.word	1073876992
 481              		.section	.text.LL_RCC_PLL_IsReady,"ax",%progbits
 482              		.align	1
 483              		.syntax unified
 484              		.code	16
 485              		.thumb_func
 487              	LL_RCC_PLL_IsReady:
 488              		@ args = 0, pretend = 0, frame = 0
 489              		@ frame_needed = 1, uses_anonymous_args = 0
 490 0000 80B5     		push	{r7, lr}
 491 0002 00AF     		add	r7, sp, #0
ARM GAS  /tmp/cco2JoLR.s 			page 9


 492 0004 054B     		ldr	r3, .L64
 493 0006 1A68     		ldr	r2, [r3]
 494 0008 8023     		movs	r3, #128
 495 000a 9B04     		lsls	r3, r3, #18
 496 000c 1340     		ands	r3, r2
 497 000e 9B01     		lsls	r3, r3, #6
 498 0010 DB0F     		lsrs	r3, r3, #31
 499 0012 DBB2     		uxtb	r3, r3
 500 0014 1800     		movs	r0, r3
 501 0016 BD46     		mov	sp, r7
 502              		@ sp needed
 503 0018 80BD     		pop	{r7, pc}
 504              	.L65:
 505 001a C046     		.align	2
 506              	.L64:
 507 001c 00100240 		.word	1073876992
 509              		.section	.text.LL_RCC_PLL_GetMainSource,"ax",%progbits
 510              		.align	1
 511              		.syntax unified
 512              		.code	16
 513              		.thumb_func
 515              	LL_RCC_PLL_GetMainSource:
 516              		@ args = 0, pretend = 0, frame = 0
 517              		@ frame_needed = 1, uses_anonymous_args = 0
 518 0000 80B5     		push	{r7, lr}
 519 0002 00AF     		add	r7, sp, #0
 520 0004 034B     		ldr	r3, .L68
 521 0006 5A68     		ldr	r2, [r3, #4]
 522 0008 C023     		movs	r3, #192
 523 000a 5B02     		lsls	r3, r3, #9
 524 000c 1340     		ands	r3, r2
 525 000e 1800     		movs	r0, r3
 526 0010 BD46     		mov	sp, r7
 527              		@ sp needed
 528 0012 80BD     		pop	{r7, pc}
 529              	.L69:
 530              		.align	2
 531              	.L68:
 532 0014 00100240 		.word	1073876992
 534              		.section	.text.LL_RCC_PLL_GetMultiplicator,"ax",%progbits
 535              		.align	1
 536              		.syntax unified
 537              		.code	16
 538              		.thumb_func
 540              	LL_RCC_PLL_GetMultiplicator:
 541              		@ args = 0, pretend = 0, frame = 0
 542              		@ frame_needed = 1, uses_anonymous_args = 0
 543 0000 80B5     		push	{r7, lr}
 544 0002 00AF     		add	r7, sp, #0
 545 0004 034B     		ldr	r3, .L72
 546 0006 5A68     		ldr	r2, [r3, #4]
 547 0008 F023     		movs	r3, #240
 548 000a 9B03     		lsls	r3, r3, #14
 549 000c 1340     		ands	r3, r2
 550 000e 1800     		movs	r0, r3
 551 0010 BD46     		mov	sp, r7
 552              		@ sp needed
ARM GAS  /tmp/cco2JoLR.s 			page 10


 553 0012 80BD     		pop	{r7, pc}
 554              	.L73:
 555              		.align	2
 556              	.L72:
 557 0014 00100240 		.word	1073876992
 559              		.section	.text.LL_RCC_PLL_GetPrediv,"ax",%progbits
 560              		.align	1
 561              		.syntax unified
 562              		.code	16
 563              		.thumb_func
 565              	LL_RCC_PLL_GetPrediv:
 566              		@ args = 0, pretend = 0, frame = 0
 567              		@ frame_needed = 1, uses_anonymous_args = 0
 568 0000 80B5     		push	{r7, lr}
 569 0002 00AF     		add	r7, sp, #0
 570 0004 034B     		ldr	r3, .L76
 571 0006 DB6A     		ldr	r3, [r3, #44]
 572 0008 0F22     		movs	r2, #15
 573 000a 1340     		ands	r3, r2
 574 000c 1800     		movs	r0, r3
 575 000e BD46     		mov	sp, r7
 576              		@ sp needed
 577 0010 80BD     		pop	{r7, pc}
 578              	.L77:
 579 0012 C046     		.align	2
 580              	.L76:
 581 0014 00100240 		.word	1073876992
 583              		.section	.text.LL_RCC_ClearResetFlags,"ax",%progbits
 584              		.align	1
 585              		.syntax unified
 586              		.code	16
 587              		.thumb_func
 589              	LL_RCC_ClearResetFlags:
 590              		@ args = 0, pretend = 0, frame = 0
 591              		@ frame_needed = 1, uses_anonymous_args = 0
 592 0000 80B5     		push	{r7, lr}
 593 0002 00AF     		add	r7, sp, #0
 594 0004 044B     		ldr	r3, .L79
 595 0006 5A6A     		ldr	r2, [r3, #36]
 596 0008 034B     		ldr	r3, .L79
 597 000a 8021     		movs	r1, #128
 598 000c 4904     		lsls	r1, r1, #17
 599 000e 0A43     		orrs	r2, r1
 600 0010 5A62     		str	r2, [r3, #36]
 601 0012 C046     		nop
 602 0014 BD46     		mov	sp, r7
 603              		@ sp needed
 604 0016 80BD     		pop	{r7, pc}
 605              	.L80:
 606              		.align	2
 607              	.L79:
 608 0018 00100240 		.word	1073876992
 610              		.section	.text.LL_RCC_DeInit,"ax",%progbits
 611              		.align	1
 612              		.global	LL_RCC_DeInit
 613              		.syntax unified
 614              		.code	16
ARM GAS  /tmp/cco2JoLR.s 			page 11


 615              		.thumb_func
 617              	LL_RCC_DeInit:
 618              		@ args = 0, pretend = 0, frame = 8
 619              		@ frame_needed = 1, uses_anonymous_args = 0
 620 0000 80B5     		push	{r7, lr}
 621 0002 82B0     		sub	sp, sp, #8
 622 0004 00AF     		add	r7, sp, #0
 623 0006 FFF7FEFF 		bl	LL_RCC_HSI_Enable
 624 000a C046     		nop
 625              	.L82:
 626 000c FFF7FEFF 		bl	LL_RCC_HSI_IsReady
 627 0010 0300     		movs	r3, r0
 628 0012 012B     		cmp	r3, #1
 629 0014 FAD1     		bne	.L82
 630 0016 1020     		movs	r0, #16
 631 0018 FFF7FEFF 		bl	LL_RCC_HSI_SetCalibTrimming
 632 001c 0123     		movs	r3, #1
 633 001e 5B42     		rsbs	r3, r3, #0
 634 0020 7B60     		str	r3, [r7, #4]
 635 0022 7B68     		ldr	r3, [r7, #4]
 636 0024 204A     		ldr	r2, .L86
 637 0026 1340     		ands	r3, r2
 638 0028 7B60     		str	r3, [r7, #4]
 639 002a 204B     		ldr	r3, .L86+4
 640 002c 7A68     		ldr	r2, [r7, #4]
 641 002e 5A60     		str	r2, [r3, #4]
 642 0030 C046     		nop
 643              	.L83:
 644 0032 FFF7FEFF 		bl	LL_RCC_GetSysClkSource
 645 0036 031E     		subs	r3, r0, #0
 646 0038 FBD1     		bne	.L83
 647 003a 1C4B     		ldr	r3, .L86+4
 648 003c 1B68     		ldr	r3, [r3]
 649 003e 7B60     		str	r3, [r7, #4]
 650 0040 7B68     		ldr	r3, [r7, #4]
 651 0042 1B4A     		ldr	r2, .L86+8
 652 0044 1340     		ands	r3, r2
 653 0046 7B60     		str	r3, [r7, #4]
 654 0048 184B     		ldr	r3, .L86+4
 655 004a 7A68     		ldr	r2, [r7, #4]
 656 004c 1A60     		str	r2, [r3]
 657 004e C046     		nop
 658              	.L84:
 659 0050 FFF7FEFF 		bl	LL_RCC_PLL_IsReady
 660 0054 031E     		subs	r3, r0, #0
 661 0056 FBD1     		bne	.L84
 662 0058 FFF7FEFF 		bl	LL_RCC_HSE_DisableBypass
 663 005c 134B     		ldr	r3, .L86+4
 664 005e 0022     		movs	r2, #0
 665 0060 5A60     		str	r2, [r3, #4]
 666 0062 124B     		ldr	r3, .L86+4
 667 0064 0022     		movs	r2, #0
 668 0066 5A63     		str	r2, [r3, #52]
 669 0068 FFF7FEFF 		bl	LL_RCC_HSI48_Disable
 670 006c 1020     		movs	r0, #16
 671 006e FFF7FEFF 		bl	LL_RCC_HSI14_SetCalibTrimming
 672 0072 FFF7FEFF 		bl	LL_RCC_HSI14_Disable
ARM GAS  /tmp/cco2JoLR.s 			page 12


 673 0076 FFF7FEFF 		bl	LL_RCC_HSI14_EnableADCControl
 674 007a 0C4B     		ldr	r3, .L86+4
 675 007c 0022     		movs	r2, #0
 676 007e DA62     		str	r2, [r3, #44]
 677 0080 0A4B     		ldr	r3, .L86+4
 678 0082 0022     		movs	r2, #0
 679 0084 1A63     		str	r2, [r3, #48]
 680 0086 FF23     		movs	r3, #255
 681 0088 1B04     		lsls	r3, r3, #16
 682 008a 7B60     		str	r3, [r7, #4]
 683 008c 074B     		ldr	r3, .L86+4
 684 008e 7A68     		ldr	r2, [r7, #4]
 685 0090 9A60     		str	r2, [r3, #8]
 686 0092 064B     		ldr	r3, .L86+4
 687 0094 0022     		movs	r2, #0
 688 0096 9A60     		str	r2, [r3, #8]
 689 0098 FFF7FEFF 		bl	LL_RCC_ClearResetFlags
 690 009c 0023     		movs	r3, #0
 691 009e 1800     		movs	r0, r3
 692 00a0 BD46     		mov	sp, r7
 693 00a2 02B0     		add	sp, sp, #8
 694              		@ sp needed
 695 00a4 80BD     		pop	{r7, pc}
 696              	.L87:
 697 00a6 C046     		.align	2
 698              	.L86:
 699 00a8 0CF8FFF0 		.word	-251660276
 700 00ac 00100240 		.word	1073876992
 701 00b0 FFFFF6FE 		.word	-17367041
 703              		.section	.text.LL_RCC_GetSystemClocksFreq,"ax",%progbits
 704              		.align	1
 705              		.global	LL_RCC_GetSystemClocksFreq
 706              		.syntax unified
 707              		.code	16
 708              		.thumb_func
 710              	LL_RCC_GetSystemClocksFreq:
 711              		@ args = 0, pretend = 0, frame = 8
 712              		@ frame_needed = 1, uses_anonymous_args = 0
 713 0000 80B5     		push	{r7, lr}
 714 0002 82B0     		sub	sp, sp, #8
 715 0004 00AF     		add	r7, sp, #0
 716 0006 7860     		str	r0, [r7, #4]
 717 0008 FFF7FEFF 		bl	RCC_GetSystemClockFreq
 718 000c 0200     		movs	r2, r0
 719 000e 7B68     		ldr	r3, [r7, #4]
 720 0010 1A60     		str	r2, [r3]
 721 0012 7B68     		ldr	r3, [r7, #4]
 722 0014 1B68     		ldr	r3, [r3]
 723 0016 1800     		movs	r0, r3
 724 0018 FFF7FEFF 		bl	RCC_GetHCLKClockFreq
 725 001c 0200     		movs	r2, r0
 726 001e 7B68     		ldr	r3, [r7, #4]
 727 0020 5A60     		str	r2, [r3, #4]
 728 0022 7B68     		ldr	r3, [r7, #4]
 729 0024 5B68     		ldr	r3, [r3, #4]
 730 0026 1800     		movs	r0, r3
 731 0028 FFF7FEFF 		bl	RCC_GetPCLK1ClockFreq
ARM GAS  /tmp/cco2JoLR.s 			page 13


 732 002c 0200     		movs	r2, r0
 733 002e 7B68     		ldr	r3, [r7, #4]
 734 0030 9A60     		str	r2, [r3, #8]
 735 0032 C046     		nop
 736 0034 BD46     		mov	sp, r7
 737 0036 02B0     		add	sp, sp, #8
 738              		@ sp needed
 739 0038 80BD     		pop	{r7, pc}
 741              		.section	.text.LL_RCC_GetUSARTClockFreq,"ax",%progbits
 742              		.align	1
 743              		.global	LL_RCC_GetUSARTClockFreq
 744              		.syntax unified
 745              		.code	16
 746              		.thumb_func
 748              	LL_RCC_GetUSARTClockFreq:
 749              		@ args = 0, pretend = 0, frame = 16
 750              		@ frame_needed = 1, uses_anonymous_args = 0
 751 0000 80B5     		push	{r7, lr}
 752 0002 84B0     		sub	sp, sp, #16
 753 0004 00AF     		add	r7, sp, #0
 754 0006 7860     		str	r0, [r7, #4]
 755 0008 0023     		movs	r3, #0
 756 000a FB60     		str	r3, [r7, #12]
 757 000c 7B68     		ldr	r3, [r7, #4]
 758 000e 002B     		cmp	r3, #0
 759 0010 30D1     		bne	.L90
 760 0012 7B68     		ldr	r3, [r7, #4]
 761 0014 1800     		movs	r0, r3
 762 0016 FFF7FEFF 		bl	LL_RCC_GetUSARTClockSource
 763 001a 0300     		movs	r3, r0
 764 001c 032B     		cmp	r3, #3
 765 001e 0AD0     		beq	.L91
 766 0020 18D8     		bhi	.L92
 767 0022 012B     		cmp	r3, #1
 768 0024 02D0     		beq	.L93
 769 0026 022B     		cmp	r3, #2
 770 0028 0CD0     		beq	.L94
 771 002a 13E0     		b	.L92
 772              	.L93:
 773 002c FFF7FEFF 		bl	RCC_GetSystemClockFreq
 774 0030 0300     		movs	r3, r0
 775 0032 FB60     		str	r3, [r7, #12]
 776 0034 1EE0     		b	.L90
 777              	.L91:
 778 0036 FFF7FEFF 		bl	LL_RCC_HSI_IsReady
 779 003a 031E     		subs	r3, r0, #0
 780 003c 17D0     		beq	.L105
 781 003e 2C4B     		ldr	r3, .L109
 782 0040 FB60     		str	r3, [r7, #12]
 783 0042 14E0     		b	.L105
 784              	.L94:
 785 0044 FFF7FEFF 		bl	LL_RCC_LSE_IsReady
 786 0048 031E     		subs	r3, r0, #0
 787 004a 12D0     		beq	.L106
 788 004c 8023     		movs	r3, #128
 789 004e 1B02     		lsls	r3, r3, #8
 790 0050 FB60     		str	r3, [r7, #12]
ARM GAS  /tmp/cco2JoLR.s 			page 14


 791 0052 0EE0     		b	.L106
 792              	.L92:
 793 0054 FFF7FEFF 		bl	RCC_GetSystemClockFreq
 794 0058 0300     		movs	r3, r0
 795 005a 1800     		movs	r0, r3
 796 005c FFF7FEFF 		bl	RCC_GetHCLKClockFreq
 797 0060 0300     		movs	r3, r0
 798 0062 1800     		movs	r0, r3
 799 0064 FFF7FEFF 		bl	RCC_GetPCLK1ClockFreq
 800 0068 0300     		movs	r3, r0
 801 006a FB60     		str	r3, [r7, #12]
 802 006c 02E0     		b	.L90
 803              	.L105:
 804 006e C046     		nop
 805 0070 00E0     		b	.L90
 806              	.L106:
 807 0072 C046     		nop
 808              	.L90:
 809 0074 7B68     		ldr	r3, [r7, #4]
 810 0076 102B     		cmp	r3, #16
 811 0078 35D1     		bne	.L97
 812 007a 7B68     		ldr	r3, [r7, #4]
 813 007c 1800     		movs	r0, r3
 814 007e FFF7FEFF 		bl	LL_RCC_GetUSARTClockSource
 815 0082 0300     		movs	r3, r0
 816 0084 1B4A     		ldr	r2, .L109+4
 817 0086 9342     		cmp	r3, r2
 818 0088 0ED0     		beq	.L98
 819 008a 1A4A     		ldr	r2, .L109+4
 820 008c 9342     		cmp	r3, r2
 821 008e 1AD8     		bhi	.L99
 822 0090 194A     		ldr	r2, .L109+8
 823 0092 9342     		cmp	r3, r2
 824 0094 03D0     		beq	.L100
 825 0096 194A     		ldr	r2, .L109+12
 826 0098 9342     		cmp	r3, r2
 827 009a 0CD0     		beq	.L101
 828 009c 13E0     		b	.L99
 829              	.L100:
 830 009e FFF7FEFF 		bl	RCC_GetSystemClockFreq
 831 00a2 0300     		movs	r3, r0
 832 00a4 FB60     		str	r3, [r7, #12]
 833 00a6 1EE0     		b	.L97
 834              	.L98:
 835 00a8 FFF7FEFF 		bl	LL_RCC_HSI_IsReady
 836 00ac 031E     		subs	r3, r0, #0
 837 00ae 17D0     		beq	.L107
 838 00b0 0F4B     		ldr	r3, .L109
 839 00b2 FB60     		str	r3, [r7, #12]
 840 00b4 14E0     		b	.L107
 841              	.L101:
 842 00b6 FFF7FEFF 		bl	LL_RCC_LSE_IsReady
 843 00ba 031E     		subs	r3, r0, #0
 844 00bc 12D0     		beq	.L108
 845 00be 8023     		movs	r3, #128
 846 00c0 1B02     		lsls	r3, r3, #8
 847 00c2 FB60     		str	r3, [r7, #12]
ARM GAS  /tmp/cco2JoLR.s 			page 15


 848 00c4 0EE0     		b	.L108
 849              	.L99:
 850 00c6 FFF7FEFF 		bl	RCC_GetSystemClockFreq
 851 00ca 0300     		movs	r3, r0
 852 00cc 1800     		movs	r0, r3
 853 00ce FFF7FEFF 		bl	RCC_GetHCLKClockFreq
 854 00d2 0300     		movs	r3, r0
 855 00d4 1800     		movs	r0, r3
 856 00d6 FFF7FEFF 		bl	RCC_GetPCLK1ClockFreq
 857 00da 0300     		movs	r3, r0
 858 00dc FB60     		str	r3, [r7, #12]
 859 00de 02E0     		b	.L97
 860              	.L107:
 861 00e0 C046     		nop
 862 00e2 00E0     		b	.L97
 863              	.L108:
 864 00e4 C046     		nop
 865              	.L97:
 866 00e6 FB68     		ldr	r3, [r7, #12]
 867 00e8 1800     		movs	r0, r3
 868 00ea BD46     		mov	sp, r7
 869 00ec 04B0     		add	sp, sp, #16
 870              		@ sp needed
 871 00ee 80BD     		pop	{r7, pc}
 872              	.L110:
 873              		.align	2
 874              	.L109:
 875 00f0 00127A00 		.word	8000000
 876 00f4 00000310 		.word	268632064
 877 00f8 00000110 		.word	268500992
 878 00fc 00000210 		.word	268566528
 880              		.section	.text.LL_RCC_GetI2CClockFreq,"ax",%progbits
 881              		.align	1
 882              		.global	LL_RCC_GetI2CClockFreq
 883              		.syntax unified
 884              		.code	16
 885              		.thumb_func
 887              	LL_RCC_GetI2CClockFreq:
 888              		@ args = 0, pretend = 0, frame = 16
 889              		@ frame_needed = 1, uses_anonymous_args = 0
 890 0000 80B5     		push	{r7, lr}
 891 0002 84B0     		sub	sp, sp, #16
 892 0004 00AF     		add	r7, sp, #0
 893 0006 7860     		str	r0, [r7, #4]
 894 0008 0023     		movs	r3, #0
 895 000a FB60     		str	r3, [r7, #12]
 896 000c 7B68     		ldr	r3, [r7, #4]
 897 000e 102B     		cmp	r3, #16
 898 0010 12D1     		bne	.L112
 899 0012 7B68     		ldr	r3, [r7, #4]
 900 0014 1800     		movs	r0, r3
 901 0016 FFF7FEFF 		bl	LL_RCC_GetI2CClockSource
 902 001a 0300     		movs	r3, r0
 903 001c 102B     		cmp	r3, #16
 904 001e 04D1     		bne	.L113
 905 0020 FFF7FEFF 		bl	RCC_GetSystemClockFreq
 906 0024 0300     		movs	r3, r0
ARM GAS  /tmp/cco2JoLR.s 			page 16


 907 0026 FB60     		str	r3, [r7, #12]
 908 0028 06E0     		b	.L112
 909              	.L113:
 910 002a FFF7FEFF 		bl	LL_RCC_HSI_IsReady
 911 002e 031E     		subs	r3, r0, #0
 912 0030 01D0     		beq	.L116
 913 0032 044B     		ldr	r3, .L117
 914 0034 FB60     		str	r3, [r7, #12]
 915              	.L116:
 916 0036 C046     		nop
 917              	.L112:
 918 0038 FB68     		ldr	r3, [r7, #12]
 919 003a 1800     		movs	r0, r3
 920 003c BD46     		mov	sp, r7
 921 003e 04B0     		add	sp, sp, #16
 922              		@ sp needed
 923 0040 80BD     		pop	{r7, pc}
 924              	.L118:
 925 0042 C046     		.align	2
 926              	.L117:
 927 0044 00127A00 		.word	8000000
 929              		.section	.text.LL_RCC_GetUSBClockFreq,"ax",%progbits
 930              		.align	1
 931              		.global	LL_RCC_GetUSBClockFreq
 932              		.syntax unified
 933              		.code	16
 934              		.thumb_func
 936              	LL_RCC_GetUSBClockFreq:
 937              		@ args = 0, pretend = 0, frame = 16
 938              		@ frame_needed = 1, uses_anonymous_args = 0
 939 0000 80B5     		push	{r7, lr}
 940 0002 84B0     		sub	sp, sp, #16
 941 0004 00AF     		add	r7, sp, #0
 942 0006 7860     		str	r0, [r7, #4]
 943 0008 0023     		movs	r3, #0
 944 000a FB60     		str	r3, [r7, #12]
 945 000c 7B68     		ldr	r3, [r7, #4]
 946 000e 1800     		movs	r0, r3
 947 0010 FFF7FEFF 		bl	LL_RCC_GetUSBClockSource
 948 0014 0300     		movs	r3, r0
 949 0016 802B     		cmp	r3, #128
 950 0018 08D1     		bne	.L120
 951 001a FFF7FEFF 		bl	LL_RCC_PLL_IsReady
 952 001e 031E     		subs	r3, r0, #0
 953 0020 0BD0     		beq	.L125
 954 0022 FFF7FEFF 		bl	RCC_PLL_GetFreqDomain_SYS
 955 0026 0300     		movs	r3, r0
 956 0028 FB60     		str	r3, [r7, #12]
 957 002a 06E0     		b	.L125
 958              	.L120:
 959 002c FFF7FEFF 		bl	LL_RCC_HSI48_IsReady
 960 0030 031E     		subs	r3, r0, #0
 961 0032 04D0     		beq	.L126
 962 0034 054B     		ldr	r3, .L127
 963 0036 FB60     		str	r3, [r7, #12]
 964 0038 01E0     		b	.L126
 965              	.L125:
ARM GAS  /tmp/cco2JoLR.s 			page 17


 966 003a C046     		nop
 967 003c 00E0     		b	.L122
 968              	.L126:
 969 003e C046     		nop
 970              	.L122:
 971 0040 FB68     		ldr	r3, [r7, #12]
 972 0042 1800     		movs	r0, r3
 973 0044 BD46     		mov	sp, r7
 974 0046 04B0     		add	sp, sp, #16
 975              		@ sp needed
 976 0048 80BD     		pop	{r7, pc}
 977              	.L128:
 978 004a C046     		.align	2
 979              	.L127:
 980 004c 006CDC02 		.word	48000000
 982              		.section	.text.LL_RCC_GetCECClockFreq,"ax",%progbits
 983              		.align	1
 984              		.global	LL_RCC_GetCECClockFreq
 985              		.syntax unified
 986              		.code	16
 987              		.thumb_func
 989              	LL_RCC_GetCECClockFreq:
 990              		@ args = 0, pretend = 0, frame = 16
 991              		@ frame_needed = 1, uses_anonymous_args = 0
 992 0000 80B5     		push	{r7, lr}
 993 0002 84B0     		sub	sp, sp, #16
 994 0004 00AF     		add	r7, sp, #0
 995 0006 7860     		str	r0, [r7, #4]
 996 0008 0023     		movs	r3, #0
 997 000a FB60     		str	r3, [r7, #12]
 998 000c 7B68     		ldr	r3, [r7, #4]
 999 000e 1800     		movs	r0, r3
 1000 0010 FFF7FEFF 		bl	LL_RCC_GetCECClockSource
 1001 0014 031E     		subs	r3, r0, #0
 1002 0016 06D1     		bne	.L130
 1003 0018 FFF7FEFF 		bl	LL_RCC_HSI_IsReady
 1004 001c 031E     		subs	r3, r0, #0
 1005 001e 0AD0     		beq	.L135
 1006 0020 094B     		ldr	r3, .L137
 1007 0022 FB60     		str	r3, [r7, #12]
 1008 0024 07E0     		b	.L135
 1009              	.L130:
 1010 0026 FFF7FEFF 		bl	LL_RCC_LSE_IsReady
 1011 002a 031E     		subs	r3, r0, #0
 1012 002c 05D0     		beq	.L136
 1013 002e 8023     		movs	r3, #128
 1014 0030 1B02     		lsls	r3, r3, #8
 1015 0032 FB60     		str	r3, [r7, #12]
 1016 0034 01E0     		b	.L136
 1017              	.L135:
 1018 0036 C046     		nop
 1019 0038 00E0     		b	.L132
 1020              	.L136:
 1021 003a C046     		nop
 1022              	.L132:
 1023 003c FB68     		ldr	r3, [r7, #12]
 1024 003e 1800     		movs	r0, r3
ARM GAS  /tmp/cco2JoLR.s 			page 18


 1025 0040 BD46     		mov	sp, r7
 1026 0042 04B0     		add	sp, sp, #16
 1027              		@ sp needed
 1028 0044 80BD     		pop	{r7, pc}
 1029              	.L138:
 1030 0046 C046     		.align	2
 1031              	.L137:
 1032 0048 12800000 		.word	32786
 1034              		.section	.text.RCC_GetSystemClockFreq,"ax",%progbits
 1035              		.align	1
 1036              		.global	RCC_GetSystemClockFreq
 1037              		.syntax unified
 1038              		.code	16
 1039              		.thumb_func
 1041              	RCC_GetSystemClockFreq:
 1042              		@ args = 0, pretend = 0, frame = 8
 1043              		@ frame_needed = 1, uses_anonymous_args = 0
 1044 0000 80B5     		push	{r7, lr}
 1045 0002 82B0     		sub	sp, sp, #8
 1046 0004 00AF     		add	r7, sp, #0
 1047 0006 0023     		movs	r3, #0
 1048 0008 7B60     		str	r3, [r7, #4]
 1049 000a FFF7FEFF 		bl	LL_RCC_GetSysClkSource
 1050 000e 0300     		movs	r3, r0
 1051 0010 0C2B     		cmp	r3, #12
 1052 0012 13D0     		beq	.L140
 1053 0014 15D8     		bhi	.L141
 1054 0016 082B     		cmp	r3, #8
 1055 0018 0BD0     		beq	.L142
 1056 001a 12D8     		bhi	.L141
 1057 001c 002B     		cmp	r3, #0
 1058 001e 02D0     		beq	.L143
 1059 0020 042B     		cmp	r3, #4
 1060 0022 03D0     		beq	.L144
 1061 0024 0DE0     		b	.L141
 1062              	.L143:
 1063 0026 0B4B     		ldr	r3, .L147
 1064 0028 7B60     		str	r3, [r7, #4]
 1065 002a 0DE0     		b	.L145
 1066              	.L144:
 1067 002c 094B     		ldr	r3, .L147
 1068 002e 7B60     		str	r3, [r7, #4]
 1069 0030 0AE0     		b	.L145
 1070              	.L142:
 1071 0032 FFF7FEFF 		bl	RCC_PLL_GetFreqDomain_SYS
 1072 0036 0300     		movs	r3, r0
 1073 0038 7B60     		str	r3, [r7, #4]
 1074 003a 05E0     		b	.L145
 1075              	.L140:
 1076 003c 064B     		ldr	r3, .L147+4
 1077 003e 7B60     		str	r3, [r7, #4]
 1078 0040 02E0     		b	.L145
 1079              	.L141:
 1080 0042 044B     		ldr	r3, .L147
 1081 0044 7B60     		str	r3, [r7, #4]
 1082 0046 C046     		nop
 1083              	.L145:
ARM GAS  /tmp/cco2JoLR.s 			page 19


 1084 0048 7B68     		ldr	r3, [r7, #4]
 1085 004a 1800     		movs	r0, r3
 1086 004c BD46     		mov	sp, r7
 1087 004e 02B0     		add	sp, sp, #8
 1088              		@ sp needed
 1089 0050 80BD     		pop	{r7, pc}
 1090              	.L148:
 1091 0052 C046     		.align	2
 1092              	.L147:
 1093 0054 00127A00 		.word	8000000
 1094 0058 006CDC02 		.word	48000000
 1096              		.section	.text.RCC_GetHCLKClockFreq,"ax",%progbits
 1097              		.align	1
 1098              		.global	RCC_GetHCLKClockFreq
 1099              		.syntax unified
 1100              		.code	16
 1101              		.thumb_func
 1103              	RCC_GetHCLKClockFreq:
 1104              		@ args = 0, pretend = 0, frame = 8
 1105              		@ frame_needed = 1, uses_anonymous_args = 0
 1106 0000 80B5     		push	{r7, lr}
 1107 0002 82B0     		sub	sp, sp, #8
 1108 0004 00AF     		add	r7, sp, #0
 1109 0006 7860     		str	r0, [r7, #4]
 1110 0008 FFF7FEFF 		bl	LL_RCC_GetAHBPrescaler
 1111 000c 0300     		movs	r3, r0
 1112 000e 1B09     		lsrs	r3, r3, #4
 1113 0010 0F22     		movs	r2, #15
 1114 0012 1340     		ands	r3, r2
 1115 0014 044A     		ldr	r2, .L151
 1116 0016 D35C     		ldrb	r3, [r2, r3]
 1117 0018 1A00     		movs	r2, r3
 1118 001a 7B68     		ldr	r3, [r7, #4]
 1119 001c D340     		lsrs	r3, r3, r2
 1120 001e 1800     		movs	r0, r3
 1121 0020 BD46     		mov	sp, r7
 1122 0022 02B0     		add	sp, sp, #8
 1123              		@ sp needed
 1124 0024 80BD     		pop	{r7, pc}
 1125              	.L152:
 1126 0026 C046     		.align	2
 1127              	.L151:
 1128 0028 00000000 		.word	AHBPrescTable
 1130              		.section	.text.RCC_GetPCLK1ClockFreq,"ax",%progbits
 1131              		.align	1
 1132              		.global	RCC_GetPCLK1ClockFreq
 1133              		.syntax unified
 1134              		.code	16
 1135              		.thumb_func
 1137              	RCC_GetPCLK1ClockFreq:
 1138              		@ args = 0, pretend = 0, frame = 8
 1139              		@ frame_needed = 1, uses_anonymous_args = 0
 1140 0000 80B5     		push	{r7, lr}
 1141 0002 82B0     		sub	sp, sp, #8
 1142 0004 00AF     		add	r7, sp, #0
 1143 0006 7860     		str	r0, [r7, #4]
 1144 0008 FFF7FEFF 		bl	LL_RCC_GetAPB1Prescaler
ARM GAS  /tmp/cco2JoLR.s 			page 20


 1145 000c 0300     		movs	r3, r0
 1146 000e 1B0A     		lsrs	r3, r3, #8
 1147 0010 044A     		ldr	r2, .L155
 1148 0012 D35C     		ldrb	r3, [r2, r3]
 1149 0014 1A00     		movs	r2, r3
 1150 0016 7B68     		ldr	r3, [r7, #4]
 1151 0018 D340     		lsrs	r3, r3, r2
 1152 001a 1800     		movs	r0, r3
 1153 001c BD46     		mov	sp, r7
 1154 001e 02B0     		add	sp, sp, #8
 1155              		@ sp needed
 1156 0020 80BD     		pop	{r7, pc}
 1157              	.L156:
 1158 0022 C046     		.align	2
 1159              	.L155:
 1160 0024 00000000 		.word	APBPrescTable
 1162              		.section	.text.RCC_PLL_GetFreqDomain_SYS,"ax",%progbits
 1163              		.align	1
 1164              		.global	RCC_PLL_GetFreqDomain_SYS
 1165              		.syntax unified
 1166              		.code	16
 1167              		.thumb_func
 1169              	RCC_PLL_GetFreqDomain_SYS:
 1170              		@ args = 0, pretend = 0, frame = 8
 1171              		@ frame_needed = 1, uses_anonymous_args = 0
 1172 0000 90B5     		push	{r4, r7, lr}
 1173 0002 83B0     		sub	sp, sp, #12
 1174 0004 00AF     		add	r7, sp, #0
 1175 0006 0023     		movs	r3, #0
 1176 0008 7B60     		str	r3, [r7, #4]
 1177 000a 0023     		movs	r3, #0
 1178 000c 3B60     		str	r3, [r7]
 1179 000e FFF7FEFF 		bl	LL_RCC_PLL_GetMainSource
 1180 0012 0300     		movs	r3, r0
 1181 0014 3B60     		str	r3, [r7]
 1182 0016 3A68     		ldr	r2, [r7]
 1183 0018 C023     		movs	r3, #192
 1184 001a 5B02     		lsls	r3, r3, #9
 1185 001c 9A42     		cmp	r2, r3
 1186 001e 12D0     		beq	.L158
 1187 0020 3A68     		ldr	r2, [r7]
 1188 0022 C023     		movs	r3, #192
 1189 0024 5B02     		lsls	r3, r3, #9
 1190 0026 9A42     		cmp	r2, r3
 1191 0028 13D8     		bhi	.L159
 1192 002a 3A68     		ldr	r2, [r7]
 1193 002c 8023     		movs	r3, #128
 1194 002e 1B02     		lsls	r3, r3, #8
 1195 0030 9A42     		cmp	r2, r3
 1196 0032 05D0     		beq	.L160
 1197 0034 3A68     		ldr	r2, [r7]
 1198 0036 8023     		movs	r3, #128
 1199 0038 5B02     		lsls	r3, r3, #9
 1200 003a 9A42     		cmp	r2, r3
 1201 003c 06D0     		beq	.L161
 1202 003e 08E0     		b	.L159
 1203              	.L160:
ARM GAS  /tmp/cco2JoLR.s 			page 21


 1204 0040 114B     		ldr	r3, .L164
 1205 0042 7B60     		str	r3, [r7, #4]
 1206 0044 08E0     		b	.L162
 1207              	.L158:
 1208 0046 114B     		ldr	r3, .L164+4
 1209 0048 7B60     		str	r3, [r7, #4]
 1210 004a 05E0     		b	.L162
 1211              	.L161:
 1212 004c 0E4B     		ldr	r3, .L164
 1213 004e 7B60     		str	r3, [r7, #4]
 1214 0050 02E0     		b	.L162
 1215              	.L159:
 1216 0052 0D4B     		ldr	r3, .L164
 1217 0054 7B60     		str	r3, [r7, #4]
 1218 0056 C046     		nop
 1219              	.L162:
 1220 0058 FFF7FEFF 		bl	LL_RCC_PLL_GetPrediv
 1221 005c 0300     		movs	r3, r0
 1222 005e 0F22     		movs	r2, #15
 1223 0060 1340     		ands	r3, r2
 1224 0062 0133     		adds	r3, r3, #1
 1225 0064 1900     		movs	r1, r3
 1226 0066 7868     		ldr	r0, [r7, #4]
 1227 0068 FFF7FEFF 		bl	__aeabi_uidiv
 1228 006c 0300     		movs	r3, r0
 1229 006e 1C00     		movs	r4, r3
 1230 0070 FFF7FEFF 		bl	LL_RCC_PLL_GetMultiplicator
 1231 0074 0300     		movs	r3, r0
 1232 0076 9B0C     		lsrs	r3, r3, #18
 1233 0078 0F22     		movs	r2, #15
 1234 007a 1340     		ands	r3, r2
 1235 007c 0233     		adds	r3, r3, #2
 1236 007e 6343     		muls	r3, r4
 1237 0080 1800     		movs	r0, r3
 1238 0082 BD46     		mov	sp, r7
 1239 0084 03B0     		add	sp, sp, #12
 1240              		@ sp needed
 1241 0086 90BD     		pop	{r4, r7, pc}
 1242              	.L165:
 1243              		.align	2
 1244              	.L164:
 1245 0088 00127A00 		.word	8000000
 1246 008c 006CDC02 		.word	48000000
 1248              		.global	__aeabi_uidiv
 1249              		.ident	"GCC: (crosstool-NG 1.28.0 - arm-cortexm0-eabi) 15.2.0"
ARM GAS  /tmp/cco2JoLR.s 			page 22


DEFINED SYMBOLS
                            *ABS*:00000000 stm32f0xx_ll_rcc.c
     /tmp/cco2JoLR.s:15     .text.LL_RCC_HSE_DisableBypass:00000000 $t
     /tmp/cco2JoLR.s:20     .text.LL_RCC_HSE_DisableBypass:00000000 LL_RCC_HSE_DisableBypass
     /tmp/cco2JoLR.s:38     .text.LL_RCC_HSE_DisableBypass:00000018 $d
     /tmp/cco2JoLR.s:42     .text.LL_RCC_HSI_Enable:00000000 $t
     /tmp/cco2JoLR.s:47     .text.LL_RCC_HSI_Enable:00000000 LL_RCC_HSI_Enable
     /tmp/cco2JoLR.s:65     .text.LL_RCC_HSI_Enable:00000018 $d
     /tmp/cco2JoLR.s:68     .text.LL_RCC_HSI_IsReady:00000000 $t
     /tmp/cco2JoLR.s:73     .text.LL_RCC_HSI_IsReady:00000000 LL_RCC_HSI_IsReady
     /tmp/cco2JoLR.s:92     .text.LL_RCC_HSI_IsReady:00000018 $d
     /tmp/cco2JoLR.s:95     .text.LL_RCC_HSI_SetCalibTrimming:00000000 $t
     /tmp/cco2JoLR.s:100    .text.LL_RCC_HSI_SetCalibTrimming:00000000 LL_RCC_HSI_SetCalibTrimming
     /tmp/cco2JoLR.s:125    .text.LL_RCC_HSI_SetCalibTrimming:00000024 $d
     /tmp/cco2JoLR.s:128    .text.LL_RCC_HSI48_Disable:00000000 $t
     /tmp/cco2JoLR.s:133    .text.LL_RCC_HSI48_Disable:00000000 LL_RCC_HSI48_Disable
     /tmp/cco2JoLR.s:151    .text.LL_RCC_HSI48_Disable:00000018 $d
     /tmp/cco2JoLR.s:155    .text.LL_RCC_HSI48_IsReady:00000000 $t
     /tmp/cco2JoLR.s:160    .text.LL_RCC_HSI48_IsReady:00000000 LL_RCC_HSI48_IsReady
     /tmp/cco2JoLR.s:180    .text.LL_RCC_HSI48_IsReady:0000001c $d
     /tmp/cco2JoLR.s:183    .text.LL_RCC_HSI14_Disable:00000000 $t
     /tmp/cco2JoLR.s:188    .text.LL_RCC_HSI14_Disable:00000000 LL_RCC_HSI14_Disable
     /tmp/cco2JoLR.s:206    .text.LL_RCC_HSI14_Disable:00000018 $d
     /tmp/cco2JoLR.s:209    .text.LL_RCC_HSI14_EnableADCControl:00000000 $t
     /tmp/cco2JoLR.s:214    .text.LL_RCC_HSI14_EnableADCControl:00000000 LL_RCC_HSI14_EnableADCControl
     /tmp/cco2JoLR.s:232    .text.LL_RCC_HSI14_EnableADCControl:00000018 $d
     /tmp/cco2JoLR.s:235    .text.LL_RCC_HSI14_SetCalibTrimming:00000000 $t
     /tmp/cco2JoLR.s:240    .text.LL_RCC_HSI14_SetCalibTrimming:00000000 LL_RCC_HSI14_SetCalibTrimming
     /tmp/cco2JoLR.s:265    .text.LL_RCC_HSI14_SetCalibTrimming:00000024 $d
     /tmp/cco2JoLR.s:268    .text.LL_RCC_LSE_IsReady:00000000 $t
     /tmp/cco2JoLR.s:273    .text.LL_RCC_LSE_IsReady:00000000 LL_RCC_LSE_IsReady
     /tmp/cco2JoLR.s:292    .text.LL_RCC_LSE_IsReady:00000018 $d
     /tmp/cco2JoLR.s:295    .text.LL_RCC_GetSysClkSource:00000000 $t
     /tmp/cco2JoLR.s:300    .text.LL_RCC_GetSysClkSource:00000000 LL_RCC_GetSysClkSource
     /tmp/cco2JoLR.s:316    .text.LL_RCC_GetSysClkSource:00000014 $d
     /tmp/cco2JoLR.s:319    .text.LL_RCC_GetAHBPrescaler:00000000 $t
     /tmp/cco2JoLR.s:324    .text.LL_RCC_GetAHBPrescaler:00000000 LL_RCC_GetAHBPrescaler
     /tmp/cco2JoLR.s:340    .text.LL_RCC_GetAHBPrescaler:00000014 $d
     /tmp/cco2JoLR.s:343    .text.LL_RCC_GetAPB1Prescaler:00000000 $t
     /tmp/cco2JoLR.s:348    .text.LL_RCC_GetAPB1Prescaler:00000000 LL_RCC_GetAPB1Prescaler
     /tmp/cco2JoLR.s:365    .text.LL_RCC_GetAPB1Prescaler:00000014 $d
     /tmp/cco2JoLR.s:368    .text.LL_RCC_GetUSARTClockSource:00000000 $t
     /tmp/cco2JoLR.s:373    .text.LL_RCC_GetUSARTClockSource:00000000 LL_RCC_GetUSARTClockSource
     /tmp/cco2JoLR.s:398    .text.LL_RCC_GetUSARTClockSource:00000024 $d
     /tmp/cco2JoLR.s:401    .text.LL_RCC_GetI2CClockSource:00000000 $t
     /tmp/cco2JoLR.s:406    .text.LL_RCC_GetI2CClockSource:00000000 LL_RCC_GetI2CClockSource
     /tmp/cco2JoLR.s:425    .text.LL_RCC_GetI2CClockSource:00000018 $d
     /tmp/cco2JoLR.s:428    .text.LL_RCC_GetCECClockSource:00000000 $t
     /tmp/cco2JoLR.s:433    .text.LL_RCC_GetCECClockSource:00000000 LL_RCC_GetCECClockSource
     /tmp/cco2JoLR.s:452    .text.LL_RCC_GetCECClockSource:00000018 $d
     /tmp/cco2JoLR.s:455    .text.LL_RCC_GetUSBClockSource:00000000 $t
     /tmp/cco2JoLR.s:460    .text.LL_RCC_GetUSBClockSource:00000000 LL_RCC_GetUSBClockSource
     /tmp/cco2JoLR.s:479    .text.LL_RCC_GetUSBClockSource:00000018 $d
     /tmp/cco2JoLR.s:482    .text.LL_RCC_PLL_IsReady:00000000 $t
     /tmp/cco2JoLR.s:487    .text.LL_RCC_PLL_IsReady:00000000 LL_RCC_PLL_IsReady
     /tmp/cco2JoLR.s:507    .text.LL_RCC_PLL_IsReady:0000001c $d
     /tmp/cco2JoLR.s:510    .text.LL_RCC_PLL_GetMainSource:00000000 $t
ARM GAS  /tmp/cco2JoLR.s 			page 23


     /tmp/cco2JoLR.s:515    .text.LL_RCC_PLL_GetMainSource:00000000 LL_RCC_PLL_GetMainSource
     /tmp/cco2JoLR.s:532    .text.LL_RCC_PLL_GetMainSource:00000014 $d
     /tmp/cco2JoLR.s:535    .text.LL_RCC_PLL_GetMultiplicator:00000000 $t
     /tmp/cco2JoLR.s:540    .text.LL_RCC_PLL_GetMultiplicator:00000000 LL_RCC_PLL_GetMultiplicator
     /tmp/cco2JoLR.s:557    .text.LL_RCC_PLL_GetMultiplicator:00000014 $d
     /tmp/cco2JoLR.s:560    .text.LL_RCC_PLL_GetPrediv:00000000 $t
     /tmp/cco2JoLR.s:565    .text.LL_RCC_PLL_GetPrediv:00000000 LL_RCC_PLL_GetPrediv
     /tmp/cco2JoLR.s:581    .text.LL_RCC_PLL_GetPrediv:00000014 $d
     /tmp/cco2JoLR.s:584    .text.LL_RCC_ClearResetFlags:00000000 $t
     /tmp/cco2JoLR.s:589    .text.LL_RCC_ClearResetFlags:00000000 LL_RCC_ClearResetFlags
     /tmp/cco2JoLR.s:608    .text.LL_RCC_ClearResetFlags:00000018 $d
     /tmp/cco2JoLR.s:611    .text.LL_RCC_DeInit:00000000 $t
     /tmp/cco2JoLR.s:617    .text.LL_RCC_DeInit:00000000 LL_RCC_DeInit
     /tmp/cco2JoLR.s:699    .text.LL_RCC_DeInit:000000a8 $d
     /tmp/cco2JoLR.s:704    .text.LL_RCC_GetSystemClocksFreq:00000000 $t
     /tmp/cco2JoLR.s:710    .text.LL_RCC_GetSystemClocksFreq:00000000 LL_RCC_GetSystemClocksFreq
     /tmp/cco2JoLR.s:1041   .text.RCC_GetSystemClockFreq:00000000 RCC_GetSystemClockFreq
     /tmp/cco2JoLR.s:1103   .text.RCC_GetHCLKClockFreq:00000000 RCC_GetHCLKClockFreq
     /tmp/cco2JoLR.s:1137   .text.RCC_GetPCLK1ClockFreq:00000000 RCC_GetPCLK1ClockFreq
     /tmp/cco2JoLR.s:742    .text.LL_RCC_GetUSARTClockFreq:00000000 $t
     /tmp/cco2JoLR.s:748    .text.LL_RCC_GetUSARTClockFreq:00000000 LL_RCC_GetUSARTClockFreq
     /tmp/cco2JoLR.s:875    .text.LL_RCC_GetUSARTClockFreq:000000f0 $d
     /tmp/cco2JoLR.s:881    .text.LL_RCC_GetI2CClockFreq:00000000 $t
     /tmp/cco2JoLR.s:887    .text.LL_RCC_GetI2CClockFreq:00000000 LL_RCC_GetI2CClockFreq
     /tmp/cco2JoLR.s:927    .text.LL_RCC_GetI2CClockFreq:00000044 $d
     /tmp/cco2JoLR.s:930    .text.LL_RCC_GetUSBClockFreq:00000000 $t
     /tmp/cco2JoLR.s:936    .text.LL_RCC_GetUSBClockFreq:00000000 LL_RCC_GetUSBClockFreq
     /tmp/cco2JoLR.s:1169   .text.RCC_PLL_GetFreqDomain_SYS:00000000 RCC_PLL_GetFreqDomain_SYS
     /tmp/cco2JoLR.s:980    .text.LL_RCC_GetUSBClockFreq:0000004c $d
     /tmp/cco2JoLR.s:983    .text.LL_RCC_GetCECClockFreq:00000000 $t
     /tmp/cco2JoLR.s:989    .text.LL_RCC_GetCECClockFreq:00000000 LL_RCC_GetCECClockFreq
     /tmp/cco2JoLR.s:1032   .text.LL_RCC_GetCECClockFreq:00000048 $d
     /tmp/cco2JoLR.s:1035   .text.RCC_GetSystemClockFreq:00000000 $t
     /tmp/cco2JoLR.s:1093   .text.RCC_GetSystemClockFreq:00000054 $d
     /tmp/cco2JoLR.s:1097   .text.RCC_GetHCLKClockFreq:00000000 $t
     /tmp/cco2JoLR.s:1128   .text.RCC_GetHCLKClockFreq:00000028 $d
     /tmp/cco2JoLR.s:1131   .text.RCC_GetPCLK1ClockFreq:00000000 $t
     /tmp/cco2JoLR.s:1160   .text.RCC_GetPCLK1ClockFreq:00000024 $d
     /tmp/cco2JoLR.s:1163   .text.RCC_PLL_GetFreqDomain_SYS:00000000 $t
     /tmp/cco2JoLR.s:1245   .text.RCC_PLL_GetFreqDomain_SYS:00000088 $d

UNDEFINED SYMBOLS
AHBPrescTable
APBPrescTable
__aeabi_uidiv
