ARM GAS  /tmp/ccb1Wgk6.s 			page 1


   1              		.arch armv6s-m
   2              		.fpu softvfp
   3              		.eabi_attribute 20, 1
   4              		.eabi_attribute 21, 1
   5              		.eabi_attribute 23, 3
   6              		.eabi_attribute 24, 1
   7              		.eabi_attribute 25, 1
   8              		.eabi_attribute 26, 1
   9              		.eabi_attribute 30, 6
  10              		.eabi_attribute 34, 0
  11              		.eabi_attribute 18, 4
  12              		.file	"stm32f0xx_ll_dma.c"
  13              		.text
  14              		.section	.rodata.CHANNEL_OFFSET_TAB,"a"
  15              		.align	2
  18              	CHANNEL_OFFSET_TAB:
  19 0000 081C3044 		.ascii	"\010\0340DXl\200"
  19      586C80
  20              		.section	.text.LL_DMA_ConfigTransfer,"ax",%progbits
  21              		.align	1
  22              		.syntax unified
  23              		.code	16
  24              		.thumb_func
  26              	LL_DMA_ConfigTransfer:
  27              		@ args = 0, pretend = 0, frame = 16
  28              		@ frame_needed = 1, uses_anonymous_args = 0
  29 0000 80B5     		push	{r7, lr}
  30 0002 84B0     		sub	sp, sp, #16
  31 0004 00AF     		add	r7, sp, #0
  32 0006 F860     		str	r0, [r7, #12]
  33 0008 B960     		str	r1, [r7, #8]
  34 000a 7A60     		str	r2, [r7, #4]
  35 000c BB68     		ldr	r3, [r7, #8]
  36 000e 013B     		subs	r3, r3, #1
  37 0010 0B4A     		ldr	r2, .L2
  38 0012 D35C     		ldrb	r3, [r2, r3]
  39 0014 1A00     		movs	r2, r3
  40 0016 FB68     		ldr	r3, [r7, #12]
  41 0018 D318     		adds	r3, r2, r3
  42 001a 1B68     		ldr	r3, [r3]
  43 001c 094A     		ldr	r2, .L2+4
  44 001e 1340     		ands	r3, r2
  45 0020 1900     		movs	r1, r3
  46 0022 BB68     		ldr	r3, [r7, #8]
  47 0024 013B     		subs	r3, r3, #1
  48 0026 064A     		ldr	r2, .L2
  49 0028 D35C     		ldrb	r3, [r2, r3]
  50 002a 1A00     		movs	r2, r3
  51 002c FB68     		ldr	r3, [r7, #12]
  52 002e D318     		adds	r3, r2, r3
  53 0030 7A68     		ldr	r2, [r7, #4]
  54 0032 0A43     		orrs	r2, r1
  55 0034 1A60     		str	r2, [r3]
  56 0036 C046     		nop
  57 0038 BD46     		mov	sp, r7
  58 003a 04B0     		add	sp, sp, #16
  59              		@ sp needed
ARM GAS  /tmp/ccb1Wgk6.s 			page 2


  60 003c 80BD     		pop	{r7, pc}
  61              	.L3:
  62 003e C046     		.align	2
  63              	.L2:
  64 0040 00000000 		.word	CHANNEL_OFFSET_TAB
  65 0044 0F80FFFF 		.word	-32753
  67              		.section	.text.LL_DMA_SetDataLength,"ax",%progbits
  68              		.align	1
  69              		.syntax unified
  70              		.code	16
  71              		.thumb_func
  73              	LL_DMA_SetDataLength:
  74              		@ args = 0, pretend = 0, frame = 16
  75              		@ frame_needed = 1, uses_anonymous_args = 0
  76 0000 80B5     		push	{r7, lr}
  77 0002 84B0     		sub	sp, sp, #16
  78 0004 00AF     		add	r7, sp, #0
  79 0006 F860     		str	r0, [r7, #12]
  80 0008 B960     		str	r1, [r7, #8]
  81 000a 7A60     		str	r2, [r7, #4]
  82 000c BB68     		ldr	r3, [r7, #8]
  83 000e 013B     		subs	r3, r3, #1
  84 0010 0A4A     		ldr	r2, .L5
  85 0012 D35C     		ldrb	r3, [r2, r3]
  86 0014 1A00     		movs	r2, r3
  87 0016 FB68     		ldr	r3, [r7, #12]
  88 0018 D318     		adds	r3, r2, r3
  89 001a 5B68     		ldr	r3, [r3, #4]
  90 001c 1B0C     		lsrs	r3, r3, #16
  91 001e 1904     		lsls	r1, r3, #16
  92 0020 BB68     		ldr	r3, [r7, #8]
  93 0022 013B     		subs	r3, r3, #1
  94 0024 054A     		ldr	r2, .L5
  95 0026 D35C     		ldrb	r3, [r2, r3]
  96 0028 1A00     		movs	r2, r3
  97 002a FB68     		ldr	r3, [r7, #12]
  98 002c D318     		adds	r3, r2, r3
  99 002e 7A68     		ldr	r2, [r7, #4]
 100 0030 0A43     		orrs	r2, r1
 101 0032 5A60     		str	r2, [r3, #4]
 102 0034 C046     		nop
 103 0036 BD46     		mov	sp, r7
 104 0038 04B0     		add	sp, sp, #16
 105              		@ sp needed
 106 003a 80BD     		pop	{r7, pc}
 107              	.L6:
 108              		.align	2
 109              	.L5:
 110 003c 00000000 		.word	CHANNEL_OFFSET_TAB
 112              		.section	.text.LL_DMA_SetMemoryAddress,"ax",%progbits
 113              		.align	1
 114              		.syntax unified
 115              		.code	16
 116              		.thumb_func
 118              	LL_DMA_SetMemoryAddress:
 119              		@ args = 0, pretend = 0, frame = 16
 120              		@ frame_needed = 1, uses_anonymous_args = 0
ARM GAS  /tmp/ccb1Wgk6.s 			page 3


 121 0000 80B5     		push	{r7, lr}
 122 0002 84B0     		sub	sp, sp, #16
 123 0004 00AF     		add	r7, sp, #0
 124 0006 F860     		str	r0, [r7, #12]
 125 0008 B960     		str	r1, [r7, #8]
 126 000a 7A60     		str	r2, [r7, #4]
 127 000c BB68     		ldr	r3, [r7, #8]
 128 000e 013B     		subs	r3, r3, #1
 129 0010 054A     		ldr	r2, .L8
 130 0012 D35C     		ldrb	r3, [r2, r3]
 131 0014 1A00     		movs	r2, r3
 132 0016 FB68     		ldr	r3, [r7, #12]
 133 0018 D318     		adds	r3, r2, r3
 134 001a 7A68     		ldr	r2, [r7, #4]
 135 001c DA60     		str	r2, [r3, #12]
 136 001e C046     		nop
 137 0020 BD46     		mov	sp, r7
 138 0022 04B0     		add	sp, sp, #16
 139              		@ sp needed
 140 0024 80BD     		pop	{r7, pc}
 141              	.L9:
 142 0026 C046     		.align	2
 143              	.L8:
 144 0028 00000000 		.word	CHANNEL_OFFSET_TAB
 146              		.section	.text.LL_DMA_SetPeriphAddress,"ax",%progbits
 147              		.align	1
 148              		.syntax unified
 149              		.code	16
 150              		.thumb_func
 152              	LL_DMA_SetPeriphAddress:
 153              		@ args = 0, pretend = 0, frame = 16
 154              		@ frame_needed = 1, uses_anonymous_args = 0
 155 0000 80B5     		push	{r7, lr}
 156 0002 84B0     		sub	sp, sp, #16
 157 0004 00AF     		add	r7, sp, #0
 158 0006 F860     		str	r0, [r7, #12]
 159 0008 B960     		str	r1, [r7, #8]
 160 000a 7A60     		str	r2, [r7, #4]
 161 000c BB68     		ldr	r3, [r7, #8]
 162 000e 013B     		subs	r3, r3, #1
 163 0010 054A     		ldr	r2, .L11
 164 0012 D35C     		ldrb	r3, [r2, r3]
 165 0014 1A00     		movs	r2, r3
 166 0016 FB68     		ldr	r3, [r7, #12]
 167 0018 D318     		adds	r3, r2, r3
 168 001a 7A68     		ldr	r2, [r7, #4]
 169 001c 9A60     		str	r2, [r3, #8]
 170 001e C046     		nop
 171 0020 BD46     		mov	sp, r7
 172 0022 04B0     		add	sp, sp, #16
 173              		@ sp needed
 174 0024 80BD     		pop	{r7, pc}
 175              	.L12:
 176 0026 C046     		.align	2
 177              	.L11:
 178 0028 00000000 		.word	CHANNEL_OFFSET_TAB
 180              		.section	.text.LL_DMA_ClearFlag_GI1,"ax",%progbits
ARM GAS  /tmp/ccb1Wgk6.s 			page 4


 181              		.align	1
 182              		.syntax unified
 183              		.code	16
 184              		.thumb_func
 186              	LL_DMA_ClearFlag_GI1:
 187              		@ args = 0, pretend = 0, frame = 8
 188              		@ frame_needed = 1, uses_anonymous_args = 0
 189 0000 80B5     		push	{r7, lr}
 190 0002 82B0     		sub	sp, sp, #8
 191 0004 00AF     		add	r7, sp, #0
 192 0006 7860     		str	r0, [r7, #4]
 193 0008 7B68     		ldr	r3, [r7, #4]
 194 000a 0122     		movs	r2, #1
 195 000c 5A60     		str	r2, [r3, #4]
 196 000e C046     		nop
 197 0010 BD46     		mov	sp, r7
 198 0012 02B0     		add	sp, sp, #8
 199              		@ sp needed
 200 0014 80BD     		pop	{r7, pc}
 202              		.section	.text.LL_DMA_ClearFlag_GI2,"ax",%progbits
 203              		.align	1
 204              		.syntax unified
 205              		.code	16
 206              		.thumb_func
 208              	LL_DMA_ClearFlag_GI2:
 209              		@ args = 0, pretend = 0, frame = 8
 210              		@ frame_needed = 1, uses_anonymous_args = 0
 211 0000 80B5     		push	{r7, lr}
 212 0002 82B0     		sub	sp, sp, #8
 213 0004 00AF     		add	r7, sp, #0
 214 0006 7860     		str	r0, [r7, #4]
 215 0008 7B68     		ldr	r3, [r7, #4]
 216 000a 1022     		movs	r2, #16
 217 000c 5A60     		str	r2, [r3, #4]
 218 000e C046     		nop
 219 0010 BD46     		mov	sp, r7
 220 0012 02B0     		add	sp, sp, #8
 221              		@ sp needed
 222 0014 80BD     		pop	{r7, pc}
 224              		.section	.text.LL_DMA_ClearFlag_GI3,"ax",%progbits
 225              		.align	1
 226              		.syntax unified
 227              		.code	16
 228              		.thumb_func
 230              	LL_DMA_ClearFlag_GI3:
 231              		@ args = 0, pretend = 0, frame = 8
 232              		@ frame_needed = 1, uses_anonymous_args = 0
 233 0000 80B5     		push	{r7, lr}
 234 0002 82B0     		sub	sp, sp, #8
 235 0004 00AF     		add	r7, sp, #0
 236 0006 7860     		str	r0, [r7, #4]
 237 0008 7B68     		ldr	r3, [r7, #4]
 238 000a 8022     		movs	r2, #128
 239 000c 5200     		lsls	r2, r2, #1
 240 000e 5A60     		str	r2, [r3, #4]
 241 0010 C046     		nop
 242 0012 BD46     		mov	sp, r7
ARM GAS  /tmp/ccb1Wgk6.s 			page 5


 243 0014 02B0     		add	sp, sp, #8
 244              		@ sp needed
 245 0016 80BD     		pop	{r7, pc}
 247              		.section	.text.LL_DMA_ClearFlag_GI4,"ax",%progbits
 248              		.align	1
 249              		.syntax unified
 250              		.code	16
 251              		.thumb_func
 253              	LL_DMA_ClearFlag_GI4:
 254              		@ args = 0, pretend = 0, frame = 8
 255              		@ frame_needed = 1, uses_anonymous_args = 0
 256 0000 80B5     		push	{r7, lr}
 257 0002 82B0     		sub	sp, sp, #8
 258 0004 00AF     		add	r7, sp, #0
 259 0006 7860     		str	r0, [r7, #4]
 260 0008 7B68     		ldr	r3, [r7, #4]
 261 000a 8022     		movs	r2, #128
 262 000c 5201     		lsls	r2, r2, #5
 263 000e 5A60     		str	r2, [r3, #4]
 264 0010 C046     		nop
 265 0012 BD46     		mov	sp, r7
 266 0014 02B0     		add	sp, sp, #8
 267              		@ sp needed
 268 0016 80BD     		pop	{r7, pc}
 270              		.section	.text.LL_DMA_ClearFlag_GI5,"ax",%progbits
 271              		.align	1
 272              		.syntax unified
 273              		.code	16
 274              		.thumb_func
 276              	LL_DMA_ClearFlag_GI5:
 277              		@ args = 0, pretend = 0, frame = 8
 278              		@ frame_needed = 1, uses_anonymous_args = 0
 279 0000 80B5     		push	{r7, lr}
 280 0002 82B0     		sub	sp, sp, #8
 281 0004 00AF     		add	r7, sp, #0
 282 0006 7860     		str	r0, [r7, #4]
 283 0008 7B68     		ldr	r3, [r7, #4]
 284 000a 8022     		movs	r2, #128
 285 000c 5202     		lsls	r2, r2, #9
 286 000e 5A60     		str	r2, [r3, #4]
 287 0010 C046     		nop
 288 0012 BD46     		mov	sp, r7
 289 0014 02B0     		add	sp, sp, #8
 290              		@ sp needed
 291 0016 80BD     		pop	{r7, pc}
 293              		.section	.text.LL_DMA_ClearFlag_GI6,"ax",%progbits
 294              		.align	1
 295              		.syntax unified
 296              		.code	16
 297              		.thumb_func
 299              	LL_DMA_ClearFlag_GI6:
 300              		@ args = 0, pretend = 0, frame = 8
 301              		@ frame_needed = 1, uses_anonymous_args = 0
 302 0000 80B5     		push	{r7, lr}
 303 0002 82B0     		sub	sp, sp, #8
 304 0004 00AF     		add	r7, sp, #0
 305 0006 7860     		str	r0, [r7, #4]
ARM GAS  /tmp/ccb1Wgk6.s 			page 6


 306 0008 7B68     		ldr	r3, [r7, #4]
 307 000a 8022     		movs	r2, #128
 308 000c 5203     		lsls	r2, r2, #13
 309 000e 5A60     		str	r2, [r3, #4]
 310 0010 C046     		nop
 311 0012 BD46     		mov	sp, r7
 312 0014 02B0     		add	sp, sp, #8
 313              		@ sp needed
 314 0016 80BD     		pop	{r7, pc}
 316              		.section	.text.LL_DMA_ClearFlag_GI7,"ax",%progbits
 317              		.align	1
 318              		.syntax unified
 319              		.code	16
 320              		.thumb_func
 322              	LL_DMA_ClearFlag_GI7:
 323              		@ args = 0, pretend = 0, frame = 8
 324              		@ frame_needed = 1, uses_anonymous_args = 0
 325 0000 80B5     		push	{r7, lr}
 326 0002 82B0     		sub	sp, sp, #8
 327 0004 00AF     		add	r7, sp, #0
 328 0006 7860     		str	r0, [r7, #4]
 329 0008 7B68     		ldr	r3, [r7, #4]
 330 000a 8022     		movs	r2, #128
 331 000c 5204     		lsls	r2, r2, #17
 332 000e 5A60     		str	r2, [r3, #4]
 333 0010 C046     		nop
 334 0012 BD46     		mov	sp, r7
 335 0014 02B0     		add	sp, sp, #8
 336              		@ sp needed
 337 0016 80BD     		pop	{r7, pc}
 339              		.section	.text.LL_DMA_DeInit,"ax",%progbits
 340              		.align	1
 341              		.global	LL_DMA_DeInit
 342              		.syntax unified
 343              		.code	16
 344              		.thumb_func
 346              	LL_DMA_DeInit:
 347              		@ args = 0, pretend = 0, frame = 16
 348              		@ frame_needed = 1, uses_anonymous_args = 0
 349 0000 80B5     		push	{r7, lr}
 350 0002 84B0     		sub	sp, sp, #16
 351 0004 00AF     		add	r7, sp, #0
 352 0006 7860     		str	r0, [r7, #4]
 353 0008 3960     		str	r1, [r7]
 354 000a 4D4B     		ldr	r3, .L47
 355 000c FB60     		str	r3, [r7, #12]
 356 000e 0B23     		movs	r3, #11
 357 0010 FB18     		adds	r3, r7, r3
 358 0012 0022     		movs	r2, #0
 359 0014 1A70     		strb	r2, [r3]
 360 0016 7B68     		ldr	r3, [r7, #4]
 361 0018 4A4A     		ldr	r2, .L47+4
 362 001a 9342     		cmp	r3, r2
 363 001c 02D1     		bne	.L21
 364 001e 3B68     		ldr	r3, [r7]
 365 0020 012B     		cmp	r3, #1
 366 0022 34D0     		beq	.L22
ARM GAS  /tmp/ccb1Wgk6.s 			page 7


 367              	.L21:
 368 0024 7B68     		ldr	r3, [r7, #4]
 369 0026 474A     		ldr	r2, .L47+4
 370 0028 9342     		cmp	r3, r2
 371 002a 02D1     		bne	.L23
 372 002c 3B68     		ldr	r3, [r7]
 373 002e 022B     		cmp	r3, #2
 374 0030 2AD0     		beq	.L24
 375              	.L23:
 376 0032 7B68     		ldr	r3, [r7, #4]
 377 0034 434A     		ldr	r2, .L47+4
 378 0036 9342     		cmp	r3, r2
 379 0038 02D1     		bne	.L25
 380 003a 3B68     		ldr	r3, [r7]
 381 003c 032B     		cmp	r3, #3
 382 003e 20D0     		beq	.L26
 383              	.L25:
 384 0040 7B68     		ldr	r3, [r7, #4]
 385 0042 404A     		ldr	r2, .L47+4
 386 0044 9342     		cmp	r3, r2
 387 0046 02D1     		bne	.L27
 388 0048 3B68     		ldr	r3, [r7]
 389 004a 042B     		cmp	r3, #4
 390 004c 16D0     		beq	.L28
 391              	.L27:
 392 004e 7B68     		ldr	r3, [r7, #4]
 393 0050 3C4A     		ldr	r2, .L47+4
 394 0052 9342     		cmp	r3, r2
 395 0054 02D1     		bne	.L29
 396 0056 3B68     		ldr	r3, [r7]
 397 0058 052B     		cmp	r3, #5
 398 005a 0CD0     		beq	.L30
 399              	.L29:
 400 005c 7B68     		ldr	r3, [r7, #4]
 401 005e 394A     		ldr	r2, .L47+4
 402 0060 9342     		cmp	r3, r2
 403 0062 05D1     		bne	.L31
 404 0064 3B68     		ldr	r3, [r7]
 405 0066 062B     		cmp	r3, #6
 406 0068 02D1     		bne	.L31
 407 006a 374B     		ldr	r3, .L47+8
 408 006c FB60     		str	r3, [r7, #12]
 409 006e 10E0     		b	.L37
 410              	.L31:
 411 0070 364B     		ldr	r3, .L47+12
 412 0072 FB60     		str	r3, [r7, #12]
 413 0074 0DE0     		b	.L37
 414              	.L30:
 415 0076 364B     		ldr	r3, .L47+16
 416 0078 FB60     		str	r3, [r7, #12]
 417 007a 0AE0     		b	.L37
 418              	.L28:
 419 007c 354B     		ldr	r3, .L47+20
 420 007e FB60     		str	r3, [r7, #12]
 421 0080 07E0     		b	.L37
 422              	.L26:
 423 0082 354B     		ldr	r3, .L47+24
ARM GAS  /tmp/ccb1Wgk6.s 			page 8


 424 0084 FB60     		str	r3, [r7, #12]
 425 0086 04E0     		b	.L37
 426              	.L24:
 427 0088 344B     		ldr	r3, .L47+28
 428 008a FB60     		str	r3, [r7, #12]
 429 008c 01E0     		b	.L37
 430              	.L22:
 431 008e 2C4B     		ldr	r3, .L47
 432 0090 FB60     		str	r3, [r7, #12]
 433              	.L37:
 434 0092 FB68     		ldr	r3, [r7, #12]
 435 0094 1B68     		ldr	r3, [r3]
 436 0096 0122     		movs	r2, #1
 437 0098 9343     		bics	r3, r2
 438 009a 1A00     		movs	r2, r3
 439 009c FB68     		ldr	r3, [r7, #12]
 440 009e 1A60     		str	r2, [r3]
 441 00a0 FB68     		ldr	r3, [r7, #12]
 442 00a2 0022     		movs	r2, #0
 443 00a4 1A60     		str	r2, [r3]
 444 00a6 FB68     		ldr	r3, [r7, #12]
 445 00a8 0022     		movs	r2, #0
 446 00aa 5A60     		str	r2, [r3, #4]
 447 00ac FB68     		ldr	r3, [r7, #12]
 448 00ae 0022     		movs	r2, #0
 449 00b0 9A60     		str	r2, [r3, #8]
 450 00b2 FB68     		ldr	r3, [r7, #12]
 451 00b4 0022     		movs	r2, #0
 452 00b6 DA60     		str	r2, [r3, #12]
 453 00b8 3B68     		ldr	r3, [r7]
 454 00ba 012B     		cmp	r3, #1
 455 00bc 04D1     		bne	.L38
 456 00be 7B68     		ldr	r3, [r7, #4]
 457 00c0 1800     		movs	r0, r3
 458 00c2 FFF7FEFF 		bl	LL_DMA_ClearFlag_GI1
 459 00c6 33E0     		b	.L39
 460              	.L38:
 461 00c8 3B68     		ldr	r3, [r7]
 462 00ca 022B     		cmp	r3, #2
 463 00cc 04D1     		bne	.L40
 464 00ce 7B68     		ldr	r3, [r7, #4]
 465 00d0 1800     		movs	r0, r3
 466 00d2 FFF7FEFF 		bl	LL_DMA_ClearFlag_GI2
 467 00d6 2BE0     		b	.L39
 468              	.L40:
 469 00d8 3B68     		ldr	r3, [r7]
 470 00da 032B     		cmp	r3, #3
 471 00dc 04D1     		bne	.L41
 472 00de 7B68     		ldr	r3, [r7, #4]
 473 00e0 1800     		movs	r0, r3
 474 00e2 FFF7FEFF 		bl	LL_DMA_ClearFlag_GI3
 475 00e6 23E0     		b	.L39
 476              	.L41:
 477 00e8 3B68     		ldr	r3, [r7]
 478 00ea 042B     		cmp	r3, #4
 479 00ec 04D1     		bne	.L42
 480 00ee 7B68     		ldr	r3, [r7, #4]
ARM GAS  /tmp/ccb1Wgk6.s 			page 9


 481 00f0 1800     		movs	r0, r3
 482 00f2 FFF7FEFF 		bl	LL_DMA_ClearFlag_GI4
 483 00f6 1BE0     		b	.L39
 484              	.L42:
 485 00f8 3B68     		ldr	r3, [r7]
 486 00fa 052B     		cmp	r3, #5
 487 00fc 04D1     		bne	.L43
 488 00fe 7B68     		ldr	r3, [r7, #4]
 489 0100 1800     		movs	r0, r3
 490 0102 FFF7FEFF 		bl	LL_DMA_ClearFlag_GI5
 491 0106 13E0     		b	.L39
 492              	.L43:
 493 0108 3B68     		ldr	r3, [r7]
 494 010a 062B     		cmp	r3, #6
 495 010c 04D1     		bne	.L44
 496 010e 7B68     		ldr	r3, [r7, #4]
 497 0110 1800     		movs	r0, r3
 498 0112 FFF7FEFF 		bl	LL_DMA_ClearFlag_GI6
 499 0116 0BE0     		b	.L39
 500              	.L44:
 501 0118 3B68     		ldr	r3, [r7]
 502 011a 072B     		cmp	r3, #7
 503 011c 04D1     		bne	.L45
 504 011e 7B68     		ldr	r3, [r7, #4]
 505 0120 1800     		movs	r0, r3
 506 0122 FFF7FEFF 		bl	LL_DMA_ClearFlag_GI7
 507 0126 03E0     		b	.L39
 508              	.L45:
 509 0128 0B23     		movs	r3, #11
 510 012a FB18     		adds	r3, r7, r3
 511 012c 0122     		movs	r2, #1
 512 012e 1A70     		strb	r2, [r3]
 513              	.L39:
 514 0130 0B23     		movs	r3, #11
 515 0132 FB18     		adds	r3, r7, r3
 516 0134 1B78     		ldrb	r3, [r3]
 517 0136 1800     		movs	r0, r3
 518 0138 BD46     		mov	sp, r7
 519 013a 04B0     		add	sp, sp, #16
 520              		@ sp needed
 521 013c 80BD     		pop	{r7, pc}
 522              	.L48:
 523 013e C046     		.align	2
 524              	.L47:
 525 0140 08000240 		.word	1073872904
 526 0144 00000240 		.word	1073872896
 527 0148 6C000240 		.word	1073873004
 528 014c 80000240 		.word	1073873024
 529 0150 58000240 		.word	1073872984
 530 0154 44000240 		.word	1073872964
 531 0158 30000240 		.word	1073872944
 532 015c 1C000240 		.word	1073872924
 534              		.section	.text.LL_DMA_Init,"ax",%progbits
 535              		.align	1
 536              		.global	LL_DMA_Init
 537              		.syntax unified
 538              		.code	16
ARM GAS  /tmp/ccb1Wgk6.s 			page 10


 539              		.thumb_func
 541              	LL_DMA_Init:
 542              		@ args = 0, pretend = 0, frame = 16
 543              		@ frame_needed = 1, uses_anonymous_args = 0
 544 0000 80B5     		push	{r7, lr}
 545 0002 84B0     		sub	sp, sp, #16
 546 0004 00AF     		add	r7, sp, #0
 547 0006 F860     		str	r0, [r7, #12]
 548 0008 B960     		str	r1, [r7, #8]
 549 000a 7A60     		str	r2, [r7, #4]
 550 000c 7B68     		ldr	r3, [r7, #4]
 551 000e 9A68     		ldr	r2, [r3, #8]
 552 0010 7B68     		ldr	r3, [r7, #4]
 553 0012 DB68     		ldr	r3, [r3, #12]
 554 0014 1A43     		orrs	r2, r3
 555 0016 7B68     		ldr	r3, [r7, #4]
 556 0018 1B69     		ldr	r3, [r3, #16]
 557 001a 1A43     		orrs	r2, r3
 558 001c 7B68     		ldr	r3, [r7, #4]
 559 001e 5B69     		ldr	r3, [r3, #20]
 560 0020 1A43     		orrs	r2, r3
 561 0022 7B68     		ldr	r3, [r7, #4]
 562 0024 9B69     		ldr	r3, [r3, #24]
 563 0026 1A43     		orrs	r2, r3
 564 0028 7B68     		ldr	r3, [r7, #4]
 565 002a DB69     		ldr	r3, [r3, #28]
 566 002c 1A43     		orrs	r2, r3
 567 002e 7B68     		ldr	r3, [r7, #4]
 568 0030 5B6A     		ldr	r3, [r3, #36]
 569 0032 1A43     		orrs	r2, r3
 570 0034 B968     		ldr	r1, [r7, #8]
 571 0036 FB68     		ldr	r3, [r7, #12]
 572 0038 1800     		movs	r0, r3
 573 003a FFF7FEFF 		bl	LL_DMA_ConfigTransfer
 574 003e 7B68     		ldr	r3, [r7, #4]
 575 0040 5A68     		ldr	r2, [r3, #4]
 576 0042 B968     		ldr	r1, [r7, #8]
 577 0044 FB68     		ldr	r3, [r7, #12]
 578 0046 1800     		movs	r0, r3
 579 0048 FFF7FEFF 		bl	LL_DMA_SetMemoryAddress
 580 004c 7B68     		ldr	r3, [r7, #4]
 581 004e 1A68     		ldr	r2, [r3]
 582 0050 B968     		ldr	r1, [r7, #8]
 583 0052 FB68     		ldr	r3, [r7, #12]
 584 0054 1800     		movs	r0, r3
 585 0056 FFF7FEFF 		bl	LL_DMA_SetPeriphAddress
 586 005a 7B68     		ldr	r3, [r7, #4]
 587 005c 1A6A     		ldr	r2, [r3, #32]
 588 005e B968     		ldr	r1, [r7, #8]
 589 0060 FB68     		ldr	r3, [r7, #12]
 590 0062 1800     		movs	r0, r3
 591 0064 FFF7FEFF 		bl	LL_DMA_SetDataLength
 592 0068 0023     		movs	r3, #0
 593 006a 1800     		movs	r0, r3
 594 006c BD46     		mov	sp, r7
 595 006e 04B0     		add	sp, sp, #16
 596              		@ sp needed
ARM GAS  /tmp/ccb1Wgk6.s 			page 11


 597 0070 80BD     		pop	{r7, pc}
 599              		.section	.text.LL_DMA_StructInit,"ax",%progbits
 600              		.align	1
 601              		.global	LL_DMA_StructInit
 602              		.syntax unified
 603              		.code	16
 604              		.thumb_func
 606              	LL_DMA_StructInit:
 607              		@ args = 0, pretend = 0, frame = 8
 608              		@ frame_needed = 1, uses_anonymous_args = 0
 609 0000 80B5     		push	{r7, lr}
 610 0002 82B0     		sub	sp, sp, #8
 611 0004 00AF     		add	r7, sp, #0
 612 0006 7860     		str	r0, [r7, #4]
 613 0008 7B68     		ldr	r3, [r7, #4]
 614 000a 0022     		movs	r2, #0
 615 000c 1A60     		str	r2, [r3]
 616 000e 7B68     		ldr	r3, [r7, #4]
 617 0010 0022     		movs	r2, #0
 618 0012 5A60     		str	r2, [r3, #4]
 619 0014 7B68     		ldr	r3, [r7, #4]
 620 0016 0022     		movs	r2, #0
 621 0018 9A60     		str	r2, [r3, #8]
 622 001a 7B68     		ldr	r3, [r7, #4]
 623 001c 0022     		movs	r2, #0
 624 001e DA60     		str	r2, [r3, #12]
 625 0020 7B68     		ldr	r3, [r7, #4]
 626 0022 0022     		movs	r2, #0
 627 0024 1A61     		str	r2, [r3, #16]
 628 0026 7B68     		ldr	r3, [r7, #4]
 629 0028 0022     		movs	r2, #0
 630 002a 5A61     		str	r2, [r3, #20]
 631 002c 7B68     		ldr	r3, [r7, #4]
 632 002e 0022     		movs	r2, #0
 633 0030 9A61     		str	r2, [r3, #24]
 634 0032 7B68     		ldr	r3, [r7, #4]
 635 0034 0022     		movs	r2, #0
 636 0036 DA61     		str	r2, [r3, #28]
 637 0038 7B68     		ldr	r3, [r7, #4]
 638 003a 0022     		movs	r2, #0
 639 003c 1A62     		str	r2, [r3, #32]
 640 003e 7B68     		ldr	r3, [r7, #4]
 641 0040 0022     		movs	r2, #0
 642 0042 5A62     		str	r2, [r3, #36]
 643 0044 C046     		nop
 644 0046 BD46     		mov	sp, r7
 645 0048 02B0     		add	sp, sp, #8
 646              		@ sp needed
 647 004a 80BD     		pop	{r7, pc}
 649              		.ident	"GCC: (crosstool-NG 1.28.0 - arm-cortexm0-eabi) 15.2.0"
ARM GAS  /tmp/ccb1Wgk6.s 			page 12


DEFINED SYMBOLS
                            *ABS*:00000000 stm32f0xx_ll_dma.c
     /tmp/ccb1Wgk6.s:15     .rodata.CHANNEL_OFFSET_TAB:00000000 $d
     /tmp/ccb1Wgk6.s:18     .rodata.CHANNEL_OFFSET_TAB:00000000 CHANNEL_OFFSET_TAB
     /tmp/ccb1Wgk6.s:21     .text.LL_DMA_ConfigTransfer:00000000 $t
     /tmp/ccb1Wgk6.s:26     .text.LL_DMA_ConfigTransfer:00000000 LL_DMA_ConfigTransfer
     /tmp/ccb1Wgk6.s:64     .text.LL_DMA_ConfigTransfer:00000040 $d
     /tmp/ccb1Wgk6.s:68     .text.LL_DMA_SetDataLength:00000000 $t
     /tmp/ccb1Wgk6.s:73     .text.LL_DMA_SetDataLength:00000000 LL_DMA_SetDataLength
     /tmp/ccb1Wgk6.s:110    .text.LL_DMA_SetDataLength:0000003c $d
     /tmp/ccb1Wgk6.s:113    .text.LL_DMA_SetMemoryAddress:00000000 $t
     /tmp/ccb1Wgk6.s:118    .text.LL_DMA_SetMemoryAddress:00000000 LL_DMA_SetMemoryAddress
     /tmp/ccb1Wgk6.s:144    .text.LL_DMA_SetMemoryAddress:00000028 $d
     /tmp/ccb1Wgk6.s:147    .text.LL_DMA_SetPeriphAddress:00000000 $t
     /tmp/ccb1Wgk6.s:152    .text.LL_DMA_SetPeriphAddress:00000000 LL_DMA_SetPeriphAddress
     /tmp/ccb1Wgk6.s:178    .text.LL_DMA_SetPeriphAddress:00000028 $d
     /tmp/ccb1Wgk6.s:181    .text.LL_DMA_ClearFlag_GI1:00000000 $t
     /tmp/ccb1Wgk6.s:186    .text.LL_DMA_ClearFlag_GI1:00000000 LL_DMA_ClearFlag_GI1
     /tmp/ccb1Wgk6.s:203    .text.LL_DMA_ClearFlag_GI2:00000000 $t
     /tmp/ccb1Wgk6.s:208    .text.LL_DMA_ClearFlag_GI2:00000000 LL_DMA_ClearFlag_GI2
     /tmp/ccb1Wgk6.s:225    .text.LL_DMA_ClearFlag_GI3:00000000 $t
     /tmp/ccb1Wgk6.s:230    .text.LL_DMA_ClearFlag_GI3:00000000 LL_DMA_ClearFlag_GI3
     /tmp/ccb1Wgk6.s:248    .text.LL_DMA_ClearFlag_GI4:00000000 $t
     /tmp/ccb1Wgk6.s:253    .text.LL_DMA_ClearFlag_GI4:00000000 LL_DMA_ClearFlag_GI4
     /tmp/ccb1Wgk6.s:271    .text.LL_DMA_ClearFlag_GI5:00000000 $t
     /tmp/ccb1Wgk6.s:276    .text.LL_DMA_ClearFlag_GI5:00000000 LL_DMA_ClearFlag_GI5
     /tmp/ccb1Wgk6.s:294    .text.LL_DMA_ClearFlag_GI6:00000000 $t
     /tmp/ccb1Wgk6.s:299    .text.LL_DMA_ClearFlag_GI6:00000000 LL_DMA_ClearFlag_GI6
     /tmp/ccb1Wgk6.s:317    .text.LL_DMA_ClearFlag_GI7:00000000 $t
     /tmp/ccb1Wgk6.s:322    .text.LL_DMA_ClearFlag_GI7:00000000 LL_DMA_ClearFlag_GI7
     /tmp/ccb1Wgk6.s:340    .text.LL_DMA_DeInit:00000000 $t
     /tmp/ccb1Wgk6.s:346    .text.LL_DMA_DeInit:00000000 LL_DMA_DeInit
     /tmp/ccb1Wgk6.s:525    .text.LL_DMA_DeInit:00000140 $d
     /tmp/ccb1Wgk6.s:535    .text.LL_DMA_Init:00000000 $t
     /tmp/ccb1Wgk6.s:541    .text.LL_DMA_Init:00000000 LL_DMA_Init
     /tmp/ccb1Wgk6.s:600    .text.LL_DMA_StructInit:00000000 $t
     /tmp/ccb1Wgk6.s:606    .text.LL_DMA_StructInit:00000000 LL_DMA_StructInit

NO UNDEFINED SYMBOLS
