ARM GAS  /tmp/ccMKcDaC.s 			page 1


   1              		.arch armv6s-m
   2              		.fpu softvfp
   3              		.eabi_attribute 20, 1
   4              		.eabi_attribute 21, 1
   5              		.eabi_attribute 23, 3
   6              		.eabi_attribute 24, 1
   7              		.eabi_attribute 25, 1
   8              		.eabi_attribute 26, 1
   9              		.eabi_attribute 30, 6
  10              		.eabi_attribute 34, 0
  11              		.eabi_attribute 18, 4
  12              		.file	"syscalls.c"
  13              		.text
  14              		.global	__env
  15              		.section	.bss.__env,"aw",%nobits
  16              		.align	2
  19              	__env:
  20 0000 00000000 		.space	4
  21              		.global	environ
  22              		.section	.data.environ,"aw"
  23              		.align	2
  26              	environ:
  27 0000 00000000 		.word	__env
  28              		.section	.text.initialise_monitor_handles,"ax",%progbits
  29              		.align	1
  30              		.global	initialise_monitor_handles
  31              		.syntax unified
  32              		.code	16
  33              		.thumb_func
  35              	initialise_monitor_handles:
  36              		@ args = 0, pretend = 0, frame = 0
  37              		@ frame_needed = 1, uses_anonymous_args = 0
  38 0000 80B5     		push	{r7, lr}
  39 0002 00AF     		add	r7, sp, #0
  40 0004 C046     		nop
  41 0006 BD46     		mov	sp, r7
  42              		@ sp needed
  43 0008 80BD     		pop	{r7, pc}
  45              		.section	.text._getpid,"ax",%progbits
  46              		.align	1
  47              		.global	_getpid
  48              		.syntax unified
  49              		.code	16
  50              		.thumb_func
  52              	_getpid:
  53              		@ args = 0, pretend = 0, frame = 0
  54              		@ frame_needed = 1, uses_anonymous_args = 0
  55 0000 80B5     		push	{r7, lr}
  56 0002 00AF     		add	r7, sp, #0
  57 0004 0123     		movs	r3, #1
  58 0006 1800     		movs	r0, r3
  59 0008 BD46     		mov	sp, r7
  60              		@ sp needed
  61 000a 80BD     		pop	{r7, pc}
  63              		.section	.text._kill,"ax",%progbits
  64              		.align	1
  65              		.global	_kill
ARM GAS  /tmp/ccMKcDaC.s 			page 2


  66              		.syntax unified
  67              		.code	16
  68              		.thumb_func
  70              	_kill:
  71              		@ args = 0, pretend = 0, frame = 8
  72              		@ frame_needed = 1, uses_anonymous_args = 0
  73 0000 80B5     		push	{r7, lr}
  74 0002 82B0     		sub	sp, sp, #8
  75 0004 00AF     		add	r7, sp, #0
  76 0006 7860     		str	r0, [r7, #4]
  77 0008 3960     		str	r1, [r7]
  78 000a FFF7FEFF 		bl	__errno
  79 000e 0300     		movs	r3, r0
  80 0010 1622     		movs	r2, #22
  81 0012 1A60     		str	r2, [r3]
  82 0014 0123     		movs	r3, #1
  83 0016 5B42     		rsbs	r3, r3, #0
  84 0018 1800     		movs	r0, r3
  85 001a BD46     		mov	sp, r7
  86 001c 02B0     		add	sp, sp, #8
  87              		@ sp needed
  88 001e 80BD     		pop	{r7, pc}
  90              		.section	.text._exit,"ax",%progbits
  91              		.align	1
  92              		.global	_exit
  93              		.syntax unified
  94              		.code	16
  95              		.thumb_func
  97              	_exit:
  98              		@ args = 0, pretend = 0, frame = 8
  99              		@ frame_needed = 1, uses_anonymous_args = 0
 100 0000 80B5     		push	{r7, lr}
 101 0002 82B0     		sub	sp, sp, #8
 102 0004 00AF     		add	r7, sp, #0
 103 0006 7860     		str	r0, [r7, #4]
 104 0008 0123     		movs	r3, #1
 105 000a 5A42     		rsbs	r2, r3, #0
 106 000c 7B68     		ldr	r3, [r7, #4]
 107 000e 1100     		movs	r1, r2
 108 0010 1800     		movs	r0, r3
 109 0012 FFF7FEFF 		bl	_kill
 110              	.L7:
 111 0016 C046     		nop
 112 0018 FDE7     		b	.L7
 114              		.section	.text._read,"ax",%progbits
 115              		.align	1
 116              		.weak	_read
 117              		.syntax unified
 118              		.code	16
 119              		.thumb_func
 121              	_read:
 122              		@ args = 0, pretend = 0, frame = 24
 123              		@ frame_needed = 1, uses_anonymous_args = 0
 124 0000 80B5     		push	{r7, lr}
 125 0002 86B0     		sub	sp, sp, #24
 126 0004 00AF     		add	r7, sp, #0
 127 0006 F860     		str	r0, [r7, #12]
ARM GAS  /tmp/ccMKcDaC.s 			page 3


 128 0008 B960     		str	r1, [r7, #8]
 129 000a 7A60     		str	r2, [r7, #4]
 130 000c 0023     		movs	r3, #0
 131 000e 7B61     		str	r3, [r7, #20]
 132 0010 0AE0     		b	.L9
 133              	.L10:
 134 0012 FFF7FEFF 		bl	__io_getchar
 135 0016 0100     		movs	r1, r0
 136 0018 BB68     		ldr	r3, [r7, #8]
 137 001a 5A1C     		adds	r2, r3, #1
 138 001c BA60     		str	r2, [r7, #8]
 139 001e CAB2     		uxtb	r2, r1
 140 0020 1A70     		strb	r2, [r3]
 141 0022 7B69     		ldr	r3, [r7, #20]
 142 0024 0133     		adds	r3, r3, #1
 143 0026 7B61     		str	r3, [r7, #20]
 144              	.L9:
 145 0028 7A69     		ldr	r2, [r7, #20]
 146 002a 7B68     		ldr	r3, [r7, #4]
 147 002c 9A42     		cmp	r2, r3
 148 002e F0DB     		blt	.L10
 149 0030 7B68     		ldr	r3, [r7, #4]
 150 0032 1800     		movs	r0, r3
 151 0034 BD46     		mov	sp, r7
 152 0036 06B0     		add	sp, sp, #24
 153              		@ sp needed
 154 0038 80BD     		pop	{r7, pc}
 156              		.section	.text._write,"ax",%progbits
 157              		.align	1
 158              		.weak	_write
 159              		.syntax unified
 160              		.code	16
 161              		.thumb_func
 163              	_write:
 164              		@ args = 0, pretend = 0, frame = 24
 165              		@ frame_needed = 1, uses_anonymous_args = 0
 166 0000 80B5     		push	{r7, lr}
 167 0002 86B0     		sub	sp, sp, #24
 168 0004 00AF     		add	r7, sp, #0
 169 0006 F860     		str	r0, [r7, #12]
 170 0008 B960     		str	r1, [r7, #8]
 171 000a 7A60     		str	r2, [r7, #4]
 172 000c 0023     		movs	r3, #0
 173 000e 7B61     		str	r3, [r7, #20]
 174 0010 09E0     		b	.L13
 175              	.L14:
 176 0012 BB68     		ldr	r3, [r7, #8]
 177 0014 5A1C     		adds	r2, r3, #1
 178 0016 BA60     		str	r2, [r7, #8]
 179 0018 1B78     		ldrb	r3, [r3]
 180 001a 1800     		movs	r0, r3
 181 001c FFF7FEFF 		bl	__io_putchar
 182 0020 7B69     		ldr	r3, [r7, #20]
 183 0022 0133     		adds	r3, r3, #1
 184 0024 7B61     		str	r3, [r7, #20]
 185              	.L13:
 186 0026 7A69     		ldr	r2, [r7, #20]
ARM GAS  /tmp/ccMKcDaC.s 			page 4


 187 0028 7B68     		ldr	r3, [r7, #4]
 188 002a 9A42     		cmp	r2, r3
 189 002c F1DB     		blt	.L14
 190 002e 7B68     		ldr	r3, [r7, #4]
 191 0030 1800     		movs	r0, r3
 192 0032 BD46     		mov	sp, r7
 193 0034 06B0     		add	sp, sp, #24
 194              		@ sp needed
 195 0036 80BD     		pop	{r7, pc}
 197              		.section	.text._close,"ax",%progbits
 198              		.align	1
 199              		.global	_close
 200              		.syntax unified
 201              		.code	16
 202              		.thumb_func
 204              	_close:
 205              		@ args = 0, pretend = 0, frame = 8
 206              		@ frame_needed = 1, uses_anonymous_args = 0
 207 0000 80B5     		push	{r7, lr}
 208 0002 82B0     		sub	sp, sp, #8
 209 0004 00AF     		add	r7, sp, #0
 210 0006 7860     		str	r0, [r7, #4]
 211 0008 0123     		movs	r3, #1
 212 000a 5B42     		rsbs	r3, r3, #0
 213 000c 1800     		movs	r0, r3
 214 000e BD46     		mov	sp, r7
 215 0010 02B0     		add	sp, sp, #8
 216              		@ sp needed
 217 0012 80BD     		pop	{r7, pc}
 219              		.section	.text._fstat,"ax",%progbits
 220              		.align	1
 221              		.global	_fstat
 222              		.syntax unified
 223              		.code	16
 224              		.thumb_func
 226              	_fstat:
 227              		@ args = 0, pretend = 0, frame = 8
 228              		@ frame_needed = 1, uses_anonymous_args = 0
 229 0000 80B5     		push	{r7, lr}
 230 0002 82B0     		sub	sp, sp, #8
 231 0004 00AF     		add	r7, sp, #0
 232 0006 7860     		str	r0, [r7, #4]
 233 0008 3960     		str	r1, [r7]
 234 000a 3B68     		ldr	r3, [r7]
 235 000c 8022     		movs	r2, #128
 236 000e 9201     		lsls	r2, r2, #6
 237 0010 5A60     		str	r2, [r3, #4]
 238 0012 0023     		movs	r3, #0
 239 0014 1800     		movs	r0, r3
 240 0016 BD46     		mov	sp, r7
 241 0018 02B0     		add	sp, sp, #8
 242              		@ sp needed
 243 001a 80BD     		pop	{r7, pc}
 245              		.section	.text._isatty,"ax",%progbits
 246              		.align	1
 247              		.global	_isatty
 248              		.syntax unified
ARM GAS  /tmp/ccMKcDaC.s 			page 5


 249              		.code	16
 250              		.thumb_func
 252              	_isatty:
 253              		@ args = 0, pretend = 0, frame = 8
 254              		@ frame_needed = 1, uses_anonymous_args = 0
 255 0000 80B5     		push	{r7, lr}
 256 0002 82B0     		sub	sp, sp, #8
 257 0004 00AF     		add	r7, sp, #0
 258 0006 7860     		str	r0, [r7, #4]
 259 0008 0123     		movs	r3, #1
 260 000a 1800     		movs	r0, r3
 261 000c BD46     		mov	sp, r7
 262 000e 02B0     		add	sp, sp, #8
 263              		@ sp needed
 264 0010 80BD     		pop	{r7, pc}
 266              		.section	.text._lseek,"ax",%progbits
 267              		.align	1
 268              		.global	_lseek
 269              		.syntax unified
 270              		.code	16
 271              		.thumb_func
 273              	_lseek:
 274              		@ args = 0, pretend = 0, frame = 16
 275              		@ frame_needed = 1, uses_anonymous_args = 0
 276 0000 80B5     		push	{r7, lr}
 277 0002 84B0     		sub	sp, sp, #16
 278 0004 00AF     		add	r7, sp, #0
 279 0006 F860     		str	r0, [r7, #12]
 280 0008 B960     		str	r1, [r7, #8]
 281 000a 7A60     		str	r2, [r7, #4]
 282 000c 0023     		movs	r3, #0
 283 000e 1800     		movs	r0, r3
 284 0010 BD46     		mov	sp, r7
 285 0012 04B0     		add	sp, sp, #16
 286              		@ sp needed
 287 0014 80BD     		pop	{r7, pc}
 289              		.section	.text._open,"ax",%progbits
 290              		.align	1
 291              		.global	_open
 292              		.syntax unified
 293              		.code	16
 294              		.thumb_func
 296              	_open:
 297              		@ args = 4, pretend = 12, frame = 8
 298              		@ frame_needed = 1, uses_anonymous_args = 1
 299 0000 0EB4     		push	{r1, r2, r3}
 300 0002 80B5     		push	{r7, lr}
 301 0004 83B0     		sub	sp, sp, #12
 302 0006 00AF     		add	r7, sp, #0
 303 0008 7860     		str	r0, [r7, #4]
 304 000a 0123     		movs	r3, #1
 305 000c 5B42     		rsbs	r3, r3, #0
 306 000e 1800     		movs	r0, r3
 307 0010 BD46     		mov	sp, r7
 308 0012 03B0     		add	sp, sp, #12
 309              		@ sp needed
 310 0014 80BC     		pop	{r7}
ARM GAS  /tmp/ccMKcDaC.s 			page 6


 311 0016 08BC     		pop	{r3}
 312 0018 03B0     		add	sp, sp, #12
 313 001a 1847     		bx	r3
 315              		.section	.text._wait,"ax",%progbits
 316              		.align	1
 317              		.global	_wait
 318              		.syntax unified
 319              		.code	16
 320              		.thumb_func
 322              	_wait:
 323              		@ args = 0, pretend = 0, frame = 8
 324              		@ frame_needed = 1, uses_anonymous_args = 0
 325 0000 80B5     		push	{r7, lr}
 326 0002 82B0     		sub	sp, sp, #8
 327 0004 00AF     		add	r7, sp, #0
 328 0006 7860     		str	r0, [r7, #4]
 329 0008 FFF7FEFF 		bl	__errno
 330 000c 0300     		movs	r3, r0
 331 000e 0A22     		movs	r2, #10
 332 0010 1A60     		str	r2, [r3]
 333 0012 0123     		movs	r3, #1
 334 0014 5B42     		rsbs	r3, r3, #0
 335 0016 1800     		movs	r0, r3
 336 0018 BD46     		mov	sp, r7
 337 001a 02B0     		add	sp, sp, #8
 338              		@ sp needed
 339 001c 80BD     		pop	{r7, pc}
 341              		.section	.text._unlink,"ax",%progbits
 342              		.align	1
 343              		.global	_unlink
 344              		.syntax unified
 345              		.code	16
 346              		.thumb_func
 348              	_unlink:
 349              		@ args = 0, pretend = 0, frame = 8
 350              		@ frame_needed = 1, uses_anonymous_args = 0
 351 0000 80B5     		push	{r7, lr}
 352 0002 82B0     		sub	sp, sp, #8
 353 0004 00AF     		add	r7, sp, #0
 354 0006 7860     		str	r0, [r7, #4]
 355 0008 FFF7FEFF 		bl	__errno
 356 000c 0300     		movs	r3, r0
 357 000e 0222     		movs	r2, #2
 358 0010 1A60     		str	r2, [r3]
 359 0012 0123     		movs	r3, #1
 360 0014 5B42     		rsbs	r3, r3, #0
 361 0016 1800     		movs	r0, r3
 362 0018 BD46     		mov	sp, r7
 363 001a 02B0     		add	sp, sp, #8
 364              		@ sp needed
 365 001c 80BD     		pop	{r7, pc}
 367              		.section	.text._times,"ax",%progbits
 368              		.align	1
 369              		.global	_times
 370              		.syntax unified
 371              		.code	16
 372              		.thumb_func
ARM GAS  /tmp/ccMKcDaC.s 			page 7


 374              	_times:
 375              		@ args = 0, pretend = 0, frame = 8
 376              		@ frame_needed = 1, uses_anonymous_args = 0
 377 0000 80B5     		push	{r7, lr}
 378 0002 82B0     		sub	sp, sp, #8
 379 0004 00AF     		add	r7, sp, #0
 380 0006 7860     		str	r0, [r7, #4]
 381 0008 0123     		movs	r3, #1
 382 000a 5B42     		rsbs	r3, r3, #0
 383 000c 1800     		movs	r0, r3
 384 000e BD46     		mov	sp, r7
 385 0010 02B0     		add	sp, sp, #8
 386              		@ sp needed
 387 0012 80BD     		pop	{r7, pc}
 389              		.section	.text._stat,"ax",%progbits
 390              		.align	1
 391              		.global	_stat
 392              		.syntax unified
 393              		.code	16
 394              		.thumb_func
 396              	_stat:
 397              		@ args = 0, pretend = 0, frame = 8
 398              		@ frame_needed = 1, uses_anonymous_args = 0
 399 0000 80B5     		push	{r7, lr}
 400 0002 82B0     		sub	sp, sp, #8
 401 0004 00AF     		add	r7, sp, #0
 402 0006 7860     		str	r0, [r7, #4]
 403 0008 3960     		str	r1, [r7]
 404 000a 3B68     		ldr	r3, [r7]
 405 000c 8022     		movs	r2, #128
 406 000e 9201     		lsls	r2, r2, #6
 407 0010 5A60     		str	r2, [r3, #4]
 408 0012 0023     		movs	r3, #0
 409 0014 1800     		movs	r0, r3
 410 0016 BD46     		mov	sp, r7
 411 0018 02B0     		add	sp, sp, #8
 412              		@ sp needed
 413 001a 80BD     		pop	{r7, pc}
 415              		.section	.text._link,"ax",%progbits
 416              		.align	1
 417              		.global	_link
 418              		.syntax unified
 419              		.code	16
 420              		.thumb_func
 422              	_link:
 423              		@ args = 0, pretend = 0, frame = 8
 424              		@ frame_needed = 1, uses_anonymous_args = 0
 425 0000 80B5     		push	{r7, lr}
 426 0002 82B0     		sub	sp, sp, #8
 427 0004 00AF     		add	r7, sp, #0
 428 0006 7860     		str	r0, [r7, #4]
 429 0008 3960     		str	r1, [r7]
 430 000a FFF7FEFF 		bl	__errno
 431 000e 0300     		movs	r3, r0
 432 0010 1F22     		movs	r2, #31
 433 0012 1A60     		str	r2, [r3]
 434 0014 0123     		movs	r3, #1
ARM GAS  /tmp/ccMKcDaC.s 			page 8


 435 0016 5B42     		rsbs	r3, r3, #0
 436 0018 1800     		movs	r0, r3
 437 001a BD46     		mov	sp, r7
 438 001c 02B0     		add	sp, sp, #8
 439              		@ sp needed
 440 001e 80BD     		pop	{r7, pc}
 442              		.section	.text._fork,"ax",%progbits
 443              		.align	1
 444              		.global	_fork
 445              		.syntax unified
 446              		.code	16
 447              		.thumb_func
 449              	_fork:
 450              		@ args = 0, pretend = 0, frame = 0
 451              		@ frame_needed = 1, uses_anonymous_args = 0
 452 0000 80B5     		push	{r7, lr}
 453 0002 00AF     		add	r7, sp, #0
 454 0004 FFF7FEFF 		bl	__errno
 455 0008 0300     		movs	r3, r0
 456 000a 0B22     		movs	r2, #11
 457 000c 1A60     		str	r2, [r3]
 458 000e 0123     		movs	r3, #1
 459 0010 5B42     		rsbs	r3, r3, #0
 460 0012 1800     		movs	r0, r3
 461 0014 BD46     		mov	sp, r7
 462              		@ sp needed
 463 0016 80BD     		pop	{r7, pc}
 465              		.section	.text._execve,"ax",%progbits
 466              		.align	1
 467              		.global	_execve
 468              		.syntax unified
 469              		.code	16
 470              		.thumb_func
 472              	_execve:
 473              		@ args = 0, pretend = 0, frame = 16
 474              		@ frame_needed = 1, uses_anonymous_args = 0
 475 0000 80B5     		push	{r7, lr}
 476 0002 84B0     		sub	sp, sp, #16
 477 0004 00AF     		add	r7, sp, #0
 478 0006 F860     		str	r0, [r7, #12]
 479 0008 B960     		str	r1, [r7, #8]
 480 000a 7A60     		str	r2, [r7, #4]
 481 000c FFF7FEFF 		bl	__errno
 482 0010 0300     		movs	r3, r0
 483 0012 0C22     		movs	r2, #12
 484 0014 1A60     		str	r2, [r3]
 485 0016 0123     		movs	r3, #1
 486 0018 5B42     		rsbs	r3, r3, #0
 487 001a 1800     		movs	r0, r3
 488 001c BD46     		mov	sp, r7
 489 001e 04B0     		add	sp, sp, #16
 490              		@ sp needed
 491 0020 80BD     		pop	{r7, pc}
 493              		.weak	__io_putchar
 494              		.weak	__io_getchar
 495              		.ident	"GCC: (crosstool-NG 1.28.0 - arm-cortexm0-eabi) 15.2.0"
ARM GAS  /tmp/ccMKcDaC.s 			page 9


DEFINED SYMBOLS
                            *ABS*:00000000 syscalls.c
     /tmp/ccMKcDaC.s:19     .bss.__env:00000000 __env
     /tmp/ccMKcDaC.s:16     .bss.__env:00000000 $d
     /tmp/ccMKcDaC.s:26     .data.environ:00000000 environ
     /tmp/ccMKcDaC.s:23     .data.environ:00000000 $d
     /tmp/ccMKcDaC.s:29     .text.initialise_monitor_handles:00000000 $t
     /tmp/ccMKcDaC.s:35     .text.initialise_monitor_handles:00000000 initialise_monitor_handles
     /tmp/ccMKcDaC.s:46     .text._getpid:00000000 $t
     /tmp/ccMKcDaC.s:52     .text._getpid:00000000 _getpid
     /tmp/ccMKcDaC.s:64     .text._kill:00000000 $t
     /tmp/ccMKcDaC.s:70     .text._kill:00000000 _kill
     /tmp/ccMKcDaC.s:91     .text._exit:00000000 $t
     /tmp/ccMKcDaC.s:97     .text._exit:00000000 _exit
     /tmp/ccMKcDaC.s:115    .text._read:00000000 $t
     /tmp/ccMKcDaC.s:121    .text._read:00000000 _read
     /tmp/ccMKcDaC.s:157    .text._write:00000000 $t
     /tmp/ccMKcDaC.s:163    .text._write:00000000 _write
     /tmp/ccMKcDaC.s:198    .text._close:00000000 $t
     /tmp/ccMKcDaC.s:204    .text._close:00000000 _close
     /tmp/ccMKcDaC.s:220    .text._fstat:00000000 $t
     /tmp/ccMKcDaC.s:226    .text._fstat:00000000 _fstat
     /tmp/ccMKcDaC.s:246    .text._isatty:00000000 $t
     /tmp/ccMKcDaC.s:252    .text._isatty:00000000 _isatty
     /tmp/ccMKcDaC.s:267    .text._lseek:00000000 $t
     /tmp/ccMKcDaC.s:273    .text._lseek:00000000 _lseek
     /tmp/ccMKcDaC.s:290    .text._open:00000000 $t
     /tmp/ccMKcDaC.s:296    .text._open:00000000 _open
     /tmp/ccMKcDaC.s:316    .text._wait:00000000 $t
     /tmp/ccMKcDaC.s:322    .text._wait:00000000 _wait
     /tmp/ccMKcDaC.s:342    .text._unlink:00000000 $t
     /tmp/ccMKcDaC.s:348    .text._unlink:00000000 _unlink
     /tmp/ccMKcDaC.s:368    .text._times:00000000 $t
     /tmp/ccMKcDaC.s:374    .text._times:00000000 _times
     /tmp/ccMKcDaC.s:390    .text._stat:00000000 $t
     /tmp/ccMKcDaC.s:396    .text._stat:00000000 _stat
     /tmp/ccMKcDaC.s:416    .text._link:00000000 $t
     /tmp/ccMKcDaC.s:422    .text._link:00000000 _link
     /tmp/ccMKcDaC.s:443    .text._fork:00000000 $t
     /tmp/ccMKcDaC.s:449    .text._fork:00000000 _fork
     /tmp/ccMKcDaC.s:466    .text._execve:00000000 $t
     /tmp/ccMKcDaC.s:472    .text._execve:00000000 _execve

UNDEFINED SYMBOLS
__errno
__io_getchar
__io_putchar
