ARM GAS  /tmp/ccRoSora.s 			page 1


   1              		.arch armv6s-m
   2              		.fpu softvfp
   3              		.eabi_attribute 20, 1
   4              		.eabi_attribute 21, 1
   5              		.eabi_attribute 23, 3
   6              		.eabi_attribute 24, 1
   7              		.eabi_attribute 25, 1
   8              		.eabi_attribute 26, 1
   9              		.eabi_attribute 30, 6
  10              		.eabi_attribute 34, 0
  11              		.eabi_attribute 18, 4
  12              		.file	"sysmem.c"
  13              		.text
  14              		.section	.bss.__sbrk_heap_end,"aw",%nobits
  15              		.align	2
  18              	__sbrk_heap_end:
  19 0000 00000000 		.space	4
  20              		.section	.text._sbrk,"ax",%progbits
  21              		.align	1
  22              		.global	_sbrk
  23              		.syntax unified
  24              		.code	16
  25              		.thumb_func
  27              	_sbrk:
  28              		@ args = 0, pretend = 0, frame = 24
  29              		@ frame_needed = 1, uses_anonymous_args = 0
  30 0000 80B5     		push	{r7, lr}
  31 0002 86B0     		sub	sp, sp, #24
  32 0004 00AF     		add	r7, sp, #0
  33 0006 7860     		str	r0, [r7, #4]
  34 0008 144A     		ldr	r2, .L5
  35 000a 154B     		ldr	r3, .L5+4
  36 000c D31A     		subs	r3, r2, r3
  37 000e 7B61     		str	r3, [r7, #20]
  38 0010 7B69     		ldr	r3, [r7, #20]
  39 0012 3B61     		str	r3, [r7, #16]
  40 0014 134B     		ldr	r3, .L5+8
  41 0016 1B68     		ldr	r3, [r3]
  42 0018 002B     		cmp	r3, #0
  43 001a 02D1     		bne	.L2
  44 001c 114B     		ldr	r3, .L5+8
  45 001e 124A     		ldr	r2, .L5+12
  46 0020 1A60     		str	r2, [r3]
  47              	.L2:
  48 0022 104B     		ldr	r3, .L5+8
  49 0024 1A68     		ldr	r2, [r3]
  50 0026 7B68     		ldr	r3, [r7, #4]
  51 0028 D318     		adds	r3, r2, r3
  52 002a 3A69     		ldr	r2, [r7, #16]
  53 002c 9A42     		cmp	r2, r3
  54 002e 07D2     		bcs	.L3
  55 0030 FFF7FEFF 		bl	__errno
  56 0034 0300     		movs	r3, r0
  57 0036 0C22     		movs	r2, #12
  58 0038 1A60     		str	r2, [r3]
  59 003a 0123     		movs	r3, #1
  60 003c 5B42     		rsbs	r3, r3, #0
ARM GAS  /tmp/ccRoSora.s 			page 2


  61 003e 09E0     		b	.L4
  62              	.L3:
  63 0040 084B     		ldr	r3, .L5+8
  64 0042 1B68     		ldr	r3, [r3]
  65 0044 FB60     		str	r3, [r7, #12]
  66 0046 074B     		ldr	r3, .L5+8
  67 0048 1A68     		ldr	r2, [r3]
  68 004a 7B68     		ldr	r3, [r7, #4]
  69 004c D218     		adds	r2, r2, r3
  70 004e 054B     		ldr	r3, .L5+8
  71 0050 1A60     		str	r2, [r3]
  72 0052 FB68     		ldr	r3, [r7, #12]
  73              	.L4:
  74 0054 1800     		movs	r0, r3
  75 0056 BD46     		mov	sp, r7
  76 0058 06B0     		add	sp, sp, #24
  77              		@ sp needed
  78 005a 80BD     		pop	{r7, pc}
  79              	.L6:
  80              		.align	2
  81              	.L5:
  82 005c 00000000 		.word	_estack
  83 0060 00000000 		.word	_Min_Stack_Size
  84 0064 00000000 		.word	__sbrk_heap_end
  85 0068 00000000 		.word	_end
  87              		.ident	"GCC: (crosstool-NG 1.28.0 - arm-cortexm0-eabi) 15.2.0"
ARM GAS  /tmp/ccRoSora.s 			page 3


DEFINED SYMBOLS
                            *ABS*:00000000 sysmem.c
     /tmp/ccRoSora.s:15     .bss.__sbrk_heap_end:00000000 $d
     /tmp/ccRoSora.s:18     .bss.__sbrk_heap_end:00000000 __sbrk_heap_end
     /tmp/ccRoSora.s:21     .text._sbrk:00000000 $t
     /tmp/ccRoSora.s:27     .text._sbrk:00000000 _sbrk
     /tmp/ccRoSora.s:82     .text._sbrk:0000005c $d

UNDEFINED SYMBOLS
__errno
_estack
_Min_Stack_Size
_end
