ARM GAS  /tmp/cc9MtUEq.s 			page 1


   1              		.arch armv6s-m
   2              		.fpu softvfp
   3              		.eabi_attribute 20, 1
   4              		.eabi_attribute 21, 1
   5              		.eabi_attribute 23, 3
   6              		.eabi_attribute 24, 1
   7              		.eabi_attribute 25, 1
   8              		.eabi_attribute 26, 1
   9              		.eabi_attribute 30, 6
  10              		.eabi_attribute 34, 0
  11              		.eabi_attribute 18, 4
  12              		.file	"usbd_desc.c"
  13              		.text
  14              		.section	.rodata.CHANNEL_OFFSET_TAB,"a"
  15              		.align	2
  18              	CHANNEL_OFFSET_TAB:
  19 0000 081C3044 		.ascii	"\010\0340DXl\200"
  19      586C80
  20              		.global	FS_Desc
  21              		.section	.data.FS_Desc,"aw"
  22              		.align	2
  25              	FS_Desc:
  26 0000 00000000 		.word	USBD_FS_DeviceDescriptor
  27 0004 00000000 		.word	USBD_FS_LangIDStrDescriptor
  28 0008 00000000 		.word	USBD_FS_ManufacturerStrDescriptor
  29 000c 00000000 		.word	USBD_FS_ProductStrDescriptor
  30 0010 00000000 		.word	USBD_FS_SerialStrDescriptor
  31 0014 00000000 		.word	USBD_FS_ConfigStrDescriptor
  32 0018 00000000 		.word	USBD_FS_InterfaceStrDescriptor
  33              		.global	USBD_FS_DeviceDesc
  34              		.section	.data.USBD_FS_DeviceDesc,"aw"
  35              		.align	2
  38              	USBD_FS_DeviceDesc:
  39 0000 12010002 		.ascii	"\022\001\000\002\002\002\000@\203\004@W\000\002\001"
  39      02020040 
  39      83044057 
  39      000201
  40 000f 020301   		.ascii	"\002\003\001"
  41              		.global	USBD_LangIDDesc
  42              		.section	.data.USBD_LangIDDesc,"aw"
  43              		.align	2
  46              	USBD_LangIDDesc:
  47 0000 04030904 		.ascii	"\004\003\011\004"
  48              		.global	USBD_StrDesc
  49              		.section	.bss.USBD_StrDesc,"aw",%nobits
  50              		.align	2
  53              	USBD_StrDesc:
  54 0000 00000000 		.space	512
  54      00000000 
  54      00000000 
  54      00000000 
  54      00000000 
  55              		.global	USBD_StringSerial
  56              		.section	.data.USBD_StringSerial,"aw"
  57              		.align	2
  60              	USBD_StringSerial:
  61 0000 1A0300   		.ascii	"\032\003\000"
ARM GAS  /tmp/cc9MtUEq.s 			page 2


  62 0003 00000000 		.space	23
  62      00000000 
  62      00000000 
  62      00000000 
  62      00000000 
  63              		.section	.text.USBD_FS_DeviceDescriptor,"ax",%progbits
  64              		.align	1
  65              		.global	USBD_FS_DeviceDescriptor
  66              		.syntax unified
  67              		.code	16
  68              		.thumb_func
  70              	USBD_FS_DeviceDescriptor:
  71              		@ args = 0, pretend = 0, frame = 8
  72              		@ frame_needed = 1, uses_anonymous_args = 0
  73 0000 80B5     		push	{r7, lr}
  74 0002 82B0     		sub	sp, sp, #8
  75 0004 00AF     		add	r7, sp, #0
  76 0006 0200     		movs	r2, r0
  77 0008 3960     		str	r1, [r7]
  78 000a FB1D     		adds	r3, r7, #7
  79 000c 1A70     		strb	r2, [r3]
  80 000e 3B68     		ldr	r3, [r7]
  81 0010 1222     		movs	r2, #18
  82 0012 1A80     		strh	r2, [r3]
  83 0014 024B     		ldr	r3, .L3
  84 0016 1800     		movs	r0, r3
  85 0018 BD46     		mov	sp, r7
  86 001a 02B0     		add	sp, sp, #8
  87              		@ sp needed
  88 001c 80BD     		pop	{r7, pc}
  89              	.L4:
  90 001e C046     		.align	2
  91              	.L3:
  92 0020 00000000 		.word	USBD_FS_DeviceDesc
  94              		.section	.text.USBD_FS_LangIDStrDescriptor,"ax",%progbits
  95              		.align	1
  96              		.global	USBD_FS_LangIDStrDescriptor
  97              		.syntax unified
  98              		.code	16
  99              		.thumb_func
 101              	USBD_FS_LangIDStrDescriptor:
 102              		@ args = 0, pretend = 0, frame = 8
 103              		@ frame_needed = 1, uses_anonymous_args = 0
 104 0000 80B5     		push	{r7, lr}
 105 0002 82B0     		sub	sp, sp, #8
 106 0004 00AF     		add	r7, sp, #0
 107 0006 0200     		movs	r2, r0
 108 0008 3960     		str	r1, [r7]
 109 000a FB1D     		adds	r3, r7, #7
 110 000c 1A70     		strb	r2, [r3]
 111 000e 3B68     		ldr	r3, [r7]
 112 0010 0422     		movs	r2, #4
 113 0012 1A80     		strh	r2, [r3]
 114 0014 024B     		ldr	r3, .L7
 115 0016 1800     		movs	r0, r3
 116 0018 BD46     		mov	sp, r7
 117 001a 02B0     		add	sp, sp, #8
ARM GAS  /tmp/cc9MtUEq.s 			page 3


 118              		@ sp needed
 119 001c 80BD     		pop	{r7, pc}
 120              	.L8:
 121 001e C046     		.align	2
 122              	.L7:
 123 0020 00000000 		.word	USBD_LangIDDesc
 125              		.section	.rodata
 126              		.align	2
 127              	.LC3:
 128 0000 53544D33 		.ascii	"STM32 Virtual ComPort\000"
 128      32205669 
 128      72747561 
 128      6C20436F 
 128      6D506F72 
 129              		.section	.text.USBD_FS_ProductStrDescriptor,"ax",%progbits
 130              		.align	1
 131              		.global	USBD_FS_ProductStrDescriptor
 132              		.syntax unified
 133              		.code	16
 134              		.thumb_func
 136              	USBD_FS_ProductStrDescriptor:
 137              		@ args = 0, pretend = 0, frame = 8
 138              		@ frame_needed = 1, uses_anonymous_args = 0
 139 0000 80B5     		push	{r7, lr}
 140 0002 82B0     		sub	sp, sp, #8
 141 0004 00AF     		add	r7, sp, #0
 142 0006 0200     		movs	r2, r0
 143 0008 3960     		str	r1, [r7]
 144 000a FB1D     		adds	r3, r7, #7
 145 000c 1A70     		strb	r2, [r3]
 146 000e FB1D     		adds	r3, r7, #7
 147 0010 1B78     		ldrb	r3, [r3]
 148 0012 002B     		cmp	r3, #0
 149 0014 06D1     		bne	.L10
 150 0016 3A68     		ldr	r2, [r7]
 151 0018 0849     		ldr	r1, .L13
 152 001a 094B     		ldr	r3, .L13+4
 153 001c 1800     		movs	r0, r3
 154 001e FFF7FEFF 		bl	USBD_GetString
 155 0022 05E0     		b	.L11
 156              	.L10:
 157 0024 3A68     		ldr	r2, [r7]
 158 0026 0549     		ldr	r1, .L13
 159 0028 054B     		ldr	r3, .L13+4
 160 002a 1800     		movs	r0, r3
 161 002c FFF7FEFF 		bl	USBD_GetString
 162              	.L11:
 163 0030 024B     		ldr	r3, .L13
 164 0032 1800     		movs	r0, r3
 165 0034 BD46     		mov	sp, r7
 166 0036 02B0     		add	sp, sp, #8
 167              		@ sp needed
 168 0038 80BD     		pop	{r7, pc}
 169              	.L14:
 170 003a C046     		.align	2
 171              	.L13:
 172 003c 00000000 		.word	USBD_StrDesc
ARM GAS  /tmp/cc9MtUEq.s 			page 4


 173 0040 00000000 		.word	.LC3
 175              		.section	.rodata
 176 0016 0000     		.align	2
 177              	.LC6:
 178 0018 53544D69 		.ascii	"STMicroelectronics\000"
 178      63726F65 
 178      6C656374 
 178      726F6E69 
 178      637300
 179              		.section	.text.USBD_FS_ManufacturerStrDescriptor,"ax",%progbits
 180              		.align	1
 181              		.global	USBD_FS_ManufacturerStrDescriptor
 182              		.syntax unified
 183              		.code	16
 184              		.thumb_func
 186              	USBD_FS_ManufacturerStrDescriptor:
 187              		@ args = 0, pretend = 0, frame = 8
 188              		@ frame_needed = 1, uses_anonymous_args = 0
 189 0000 80B5     		push	{r7, lr}
 190 0002 82B0     		sub	sp, sp, #8
 191 0004 00AF     		add	r7, sp, #0
 192 0006 0200     		movs	r2, r0
 193 0008 3960     		str	r1, [r7]
 194 000a FB1D     		adds	r3, r7, #7
 195 000c 1A70     		strb	r2, [r3]
 196 000e 3A68     		ldr	r2, [r7]
 197 0010 0449     		ldr	r1, .L17
 198 0012 054B     		ldr	r3, .L17+4
 199 0014 1800     		movs	r0, r3
 200 0016 FFF7FEFF 		bl	USBD_GetString
 201 001a 024B     		ldr	r3, .L17
 202 001c 1800     		movs	r0, r3
 203 001e BD46     		mov	sp, r7
 204 0020 02B0     		add	sp, sp, #8
 205              		@ sp needed
 206 0022 80BD     		pop	{r7, pc}
 207              	.L18:
 208              		.align	2
 209              	.L17:
 210 0024 00000000 		.word	USBD_StrDesc
 211 0028 18000000 		.word	.LC6
 213              		.section	.text.USBD_FS_SerialStrDescriptor,"ax",%progbits
 214              		.align	1
 215              		.global	USBD_FS_SerialStrDescriptor
 216              		.syntax unified
 217              		.code	16
 218              		.thumb_func
 220              	USBD_FS_SerialStrDescriptor:
 221              		@ args = 0, pretend = 0, frame = 8
 222              		@ frame_needed = 1, uses_anonymous_args = 0
 223 0000 80B5     		push	{r7, lr}
 224 0002 82B0     		sub	sp, sp, #8
 225 0004 00AF     		add	r7, sp, #0
 226 0006 0200     		movs	r2, r0
 227 0008 3960     		str	r1, [r7]
 228 000a FB1D     		adds	r3, r7, #7
 229 000c 1A70     		strb	r2, [r3]
ARM GAS  /tmp/cc9MtUEq.s 			page 5


 230 000e 3B68     		ldr	r3, [r7]
 231 0010 1A22     		movs	r2, #26
 232 0012 1A80     		strh	r2, [r3]
 233 0014 FFF7FEFF 		bl	Get_SerialNum
 234 0018 024B     		ldr	r3, .L21
 235 001a 1800     		movs	r0, r3
 236 001c BD46     		mov	sp, r7
 237 001e 02B0     		add	sp, sp, #8
 238              		@ sp needed
 239 0020 80BD     		pop	{r7, pc}
 240              	.L22:
 241 0022 C046     		.align	2
 242              	.L21:
 243 0024 00000000 		.word	USBD_StringSerial
 245              		.section	.rodata
 246 002b 00       		.align	2
 247              	.LC10:
 248 002c 43444320 		.ascii	"CDC Config\000"
 248      436F6E66 
 248      696700
 249              		.section	.text.USBD_FS_ConfigStrDescriptor,"ax",%progbits
 250              		.align	1
 251              		.global	USBD_FS_ConfigStrDescriptor
 252              		.syntax unified
 253              		.code	16
 254              		.thumb_func
 256              	USBD_FS_ConfigStrDescriptor:
 257              		@ args = 0, pretend = 0, frame = 8
 258              		@ frame_needed = 1, uses_anonymous_args = 0
 259 0000 80B5     		push	{r7, lr}
 260 0002 82B0     		sub	sp, sp, #8
 261 0004 00AF     		add	r7, sp, #0
 262 0006 0200     		movs	r2, r0
 263 0008 3960     		str	r1, [r7]
 264 000a FB1D     		adds	r3, r7, #7
 265 000c 1A70     		strb	r2, [r3]
 266 000e FB1D     		adds	r3, r7, #7
 267 0010 1B78     		ldrb	r3, [r3]
 268 0012 002B     		cmp	r3, #0
 269 0014 06D1     		bne	.L24
 270 0016 3A68     		ldr	r2, [r7]
 271 0018 0849     		ldr	r1, .L27
 272 001a 094B     		ldr	r3, .L27+4
 273 001c 1800     		movs	r0, r3
 274 001e FFF7FEFF 		bl	USBD_GetString
 275 0022 05E0     		b	.L25
 276              	.L24:
 277 0024 3A68     		ldr	r2, [r7]
 278 0026 0549     		ldr	r1, .L27
 279 0028 054B     		ldr	r3, .L27+4
 280 002a 1800     		movs	r0, r3
 281 002c FFF7FEFF 		bl	USBD_GetString
 282              	.L25:
 283 0030 024B     		ldr	r3, .L27
 284 0032 1800     		movs	r0, r3
 285 0034 BD46     		mov	sp, r7
 286 0036 02B0     		add	sp, sp, #8
ARM GAS  /tmp/cc9MtUEq.s 			page 6


 287              		@ sp needed
 288 0038 80BD     		pop	{r7, pc}
 289              	.L28:
 290 003a C046     		.align	2
 291              	.L27:
 292 003c 00000000 		.word	USBD_StrDesc
 293 0040 2C000000 		.word	.LC10
 295              		.section	.rodata
 296 0037 00       		.align	2
 297              	.LC13:
 298 0038 43444320 		.ascii	"CDC Interface\000"
 298      496E7465 
 298      72666163 
 298      6500
 299              		.section	.text.USBD_FS_InterfaceStrDescriptor,"ax",%progbits
 300              		.align	1
 301              		.global	USBD_FS_InterfaceStrDescriptor
 302              		.syntax unified
 303              		.code	16
 304              		.thumb_func
 306              	USBD_FS_InterfaceStrDescriptor:
 307              		@ args = 0, pretend = 0, frame = 8
 308              		@ frame_needed = 1, uses_anonymous_args = 0
 309 0000 80B5     		push	{r7, lr}
 310 0002 82B0     		sub	sp, sp, #8
 311 0004 00AF     		add	r7, sp, #0
 312 0006 0200     		movs	r2, r0
 313 0008 3960     		str	r1, [r7]
 314 000a FB1D     		adds	r3, r7, #7
 315 000c 1A70     		strb	r2, [r3]
 316 000e FB1D     		adds	r3, r7, #7
 317 0010 1B78     		ldrb	r3, [r3]
 318 0012 002B     		cmp	r3, #0
 319 0014 06D1     		bne	.L30
 320 0016 3A68     		ldr	r2, [r7]
 321 0018 0849     		ldr	r1, .L33
 322 001a 094B     		ldr	r3, .L33+4
 323 001c 1800     		movs	r0, r3
 324 001e FFF7FEFF 		bl	USBD_GetString
 325 0022 05E0     		b	.L31
 326              	.L30:
 327 0024 3A68     		ldr	r2, [r7]
 328 0026 0549     		ldr	r1, .L33
 329 0028 054B     		ldr	r3, .L33+4
 330 002a 1800     		movs	r0, r3
 331 002c FFF7FEFF 		bl	USBD_GetString
 332              	.L31:
 333 0030 024B     		ldr	r3, .L33
 334 0032 1800     		movs	r0, r3
 335 0034 BD46     		mov	sp, r7
 336 0036 02B0     		add	sp, sp, #8
 337              		@ sp needed
 338 0038 80BD     		pop	{r7, pc}
 339              	.L34:
 340 003a C046     		.align	2
 341              	.L33:
 342 003c 00000000 		.word	USBD_StrDesc
ARM GAS  /tmp/cc9MtUEq.s 			page 7


 343 0040 38000000 		.word	.LC13
 345              		.section	.text.Get_SerialNum,"ax",%progbits
 346              		.align	1
 347              		.syntax unified
 348              		.code	16
 349              		.thumb_func
 351              	Get_SerialNum:
 352              		@ args = 0, pretend = 0, frame = 16
 353              		@ frame_needed = 1, uses_anonymous_args = 0
 354 0000 80B5     		push	{r7, lr}
 355 0002 84B0     		sub	sp, sp, #16
 356 0004 00AF     		add	r7, sp, #0
 357 0006 104B     		ldr	r3, .L38
 358 0008 1B68     		ldr	r3, [r3]
 359 000a FB60     		str	r3, [r7, #12]
 360 000c 0F4B     		ldr	r3, .L38+4
 361 000e 1B68     		ldr	r3, [r3]
 362 0010 BB60     		str	r3, [r7, #8]
 363 0012 0F4B     		ldr	r3, .L38+8
 364 0014 1B68     		ldr	r3, [r3]
 365 0016 7B60     		str	r3, [r7, #4]
 366 0018 FA68     		ldr	r2, [r7, #12]
 367 001a 7B68     		ldr	r3, [r7, #4]
 368 001c D318     		adds	r3, r2, r3
 369 001e FB60     		str	r3, [r7, #12]
 370 0020 FB68     		ldr	r3, [r7, #12]
 371 0022 002B     		cmp	r3, #0
 372 0024 0BD0     		beq	.L37
 373 0026 0B49     		ldr	r1, .L38+12
 374 0028 FB68     		ldr	r3, [r7, #12]
 375 002a 0822     		movs	r2, #8
 376 002c 1800     		movs	r0, r3
 377 002e FFF7FEFF 		bl	IntToUnicode
 378 0032 0949     		ldr	r1, .L38+16
 379 0034 BB68     		ldr	r3, [r7, #8]
 380 0036 0422     		movs	r2, #4
 381 0038 1800     		movs	r0, r3
 382 003a FFF7FEFF 		bl	IntToUnicode
 383              	.L37:
 384 003e C046     		nop
 385 0040 BD46     		mov	sp, r7
 386 0042 04B0     		add	sp, sp, #16
 387              		@ sp needed
 388 0044 80BD     		pop	{r7, pc}
 389              	.L39:
 390 0046 C046     		.align	2
 391              	.L38:
 392 0048 ACF7FF1F 		.word	536868780
 393 004c B0F7FF1F 		.word	536868784
 394 0050 B4F7FF1F 		.word	536868788
 395 0054 02000000 		.word	USBD_StringSerial+2
 396 0058 12000000 		.word	USBD_StringSerial+18
 398              		.section	.text.IntToUnicode,"ax",%progbits
 399              		.align	1
 400              		.syntax unified
 401              		.code	16
 402              		.thumb_func
ARM GAS  /tmp/cc9MtUEq.s 			page 8


 404              	IntToUnicode:
 405              		@ args = 0, pretend = 0, frame = 24
 406              		@ frame_needed = 1, uses_anonymous_args = 0
 407 0000 80B5     		push	{r7, lr}
 408 0002 86B0     		sub	sp, sp, #24
 409 0004 00AF     		add	r7, sp, #0
 410 0006 F860     		str	r0, [r7, #12]
 411 0008 B960     		str	r1, [r7, #8]
 412 000a FB1D     		adds	r3, r7, #7
 413 000c 1A70     		strb	r2, [r3]
 414 000e 1721     		movs	r1, #23
 415 0010 7B18     		adds	r3, r7, r1
 416 0012 0022     		movs	r2, #0
 417 0014 1A70     		strb	r2, [r3]
 418 0016 7B18     		adds	r3, r7, r1
 419 0018 0022     		movs	r2, #0
 420 001a 1A70     		strb	r2, [r3]
 421 001c 2FE0     		b	.L41
 422              	.L44:
 423 001e FB68     		ldr	r3, [r7, #12]
 424 0020 1B0F     		lsrs	r3, r3, #28
 425 0022 092B     		cmp	r3, #9
 426 0024 0DD8     		bhi	.L42
 427 0026 FB68     		ldr	r3, [r7, #12]
 428 0028 1B0F     		lsrs	r3, r3, #28
 429 002a DAB2     		uxtb	r2, r3
 430 002c 1723     		movs	r3, #23
 431 002e FB18     		adds	r3, r7, r3
 432 0030 1B78     		ldrb	r3, [r3]
 433 0032 5B00     		lsls	r3, r3, #1
 434 0034 1900     		movs	r1, r3
 435 0036 BB68     		ldr	r3, [r7, #8]
 436 0038 5B18     		adds	r3, r3, r1
 437 003a 3032     		adds	r2, r2, #48
 438 003c D2B2     		uxtb	r2, r2
 439 003e 1A70     		strb	r2, [r3]
 440 0040 0CE0     		b	.L43
 441              	.L42:
 442 0042 FB68     		ldr	r3, [r7, #12]
 443 0044 1B0F     		lsrs	r3, r3, #28
 444 0046 DAB2     		uxtb	r2, r3
 445 0048 1723     		movs	r3, #23
 446 004a FB18     		adds	r3, r7, r3
 447 004c 1B78     		ldrb	r3, [r3]
 448 004e 5B00     		lsls	r3, r3, #1
 449 0050 1900     		movs	r1, r3
 450 0052 BB68     		ldr	r3, [r7, #8]
 451 0054 5B18     		adds	r3, r3, r1
 452 0056 3732     		adds	r2, r2, #55
 453 0058 D2B2     		uxtb	r2, r2
 454 005a 1A70     		strb	r2, [r3]
 455              	.L43:
 456 005c FB68     		ldr	r3, [r7, #12]
 457 005e 1B01     		lsls	r3, r3, #4
 458 0060 FB60     		str	r3, [r7, #12]
 459 0062 1721     		movs	r1, #23
 460 0064 7B18     		adds	r3, r7, r1
ARM GAS  /tmp/cc9MtUEq.s 			page 9


 461 0066 1B78     		ldrb	r3, [r3]
 462 0068 5B00     		lsls	r3, r3, #1
 463 006a 0133     		adds	r3, r3, #1
 464 006c BA68     		ldr	r2, [r7, #8]
 465 006e D318     		adds	r3, r2, r3
 466 0070 0022     		movs	r2, #0
 467 0072 1A70     		strb	r2, [r3]
 468 0074 7B18     		adds	r3, r7, r1
 469 0076 1A78     		ldrb	r2, [r3]
 470 0078 7B18     		adds	r3, r7, r1
 471 007a 0132     		adds	r2, r2, #1
 472 007c 1A70     		strb	r2, [r3]
 473              	.L41:
 474 007e 1723     		movs	r3, #23
 475 0080 FA18     		adds	r2, r7, r3
 476 0082 FB1D     		adds	r3, r7, #7
 477 0084 1278     		ldrb	r2, [r2]
 478 0086 1B78     		ldrb	r3, [r3]
 479 0088 9A42     		cmp	r2, r3
 480 008a C8D3     		bcc	.L44
 481 008c C046     		nop
 482 008e C046     		nop
 483 0090 BD46     		mov	sp, r7
 484 0092 06B0     		add	sp, sp, #24
 485              		@ sp needed
 486 0094 80BD     		pop	{r7, pc}
 488              		.ident	"GCC: (crosstool-NG 1.28.0 - arm-cortexm0-eabi) 15.2.0"
ARM GAS  /tmp/cc9MtUEq.s 			page 10


DEFINED SYMBOLS
                            *ABS*:00000000 usbd_desc.c
     /tmp/cc9MtUEq.s:15     .rodata.CHANNEL_OFFSET_TAB:00000000 $d
     /tmp/cc9MtUEq.s:18     .rodata.CHANNEL_OFFSET_TAB:00000000 CHANNEL_OFFSET_TAB
     /tmp/cc9MtUEq.s:25     .data.FS_Desc:00000000 FS_Desc
     /tmp/cc9MtUEq.s:22     .data.FS_Desc:00000000 $d
     /tmp/cc9MtUEq.s:70     .text.USBD_FS_DeviceDescriptor:00000000 USBD_FS_DeviceDescriptor
     /tmp/cc9MtUEq.s:101    .text.USBD_FS_LangIDStrDescriptor:00000000 USBD_FS_LangIDStrDescriptor
     /tmp/cc9MtUEq.s:186    .text.USBD_FS_ManufacturerStrDescriptor:00000000 USBD_FS_ManufacturerStrDescriptor
     /tmp/cc9MtUEq.s:136    .text.USBD_FS_ProductStrDescriptor:00000000 USBD_FS_ProductStrDescriptor
     /tmp/cc9MtUEq.s:220    .text.USBD_FS_SerialStrDescriptor:00000000 USBD_FS_SerialStrDescriptor
     /tmp/cc9MtUEq.s:256    .text.USBD_FS_ConfigStrDescriptor:00000000 USBD_FS_ConfigStrDescriptor
     /tmp/cc9MtUEq.s:306    .text.USBD_FS_InterfaceStrDescriptor:00000000 USBD_FS_InterfaceStrDescriptor
     /tmp/cc9MtUEq.s:38     .data.USBD_FS_DeviceDesc:00000000 USBD_FS_DeviceDesc
     /tmp/cc9MtUEq.s:35     .data.USBD_FS_DeviceDesc:00000000 $d
     /tmp/cc9MtUEq.s:46     .data.USBD_LangIDDesc:00000000 USBD_LangIDDesc
     /tmp/cc9MtUEq.s:43     .data.USBD_LangIDDesc:00000000 $d
     /tmp/cc9MtUEq.s:53     .bss.USBD_StrDesc:00000000 USBD_StrDesc
     /tmp/cc9MtUEq.s:50     .bss.USBD_StrDesc:00000000 $d
     /tmp/cc9MtUEq.s:60     .data.USBD_StringSerial:00000000 USBD_StringSerial
     /tmp/cc9MtUEq.s:57     .data.USBD_StringSerial:00000000 $d
     /tmp/cc9MtUEq.s:64     .text.USBD_FS_DeviceDescriptor:00000000 $t
     /tmp/cc9MtUEq.s:92     .text.USBD_FS_DeviceDescriptor:00000020 $d
     /tmp/cc9MtUEq.s:95     .text.USBD_FS_LangIDStrDescriptor:00000000 $t
     /tmp/cc9MtUEq.s:123    .text.USBD_FS_LangIDStrDescriptor:00000020 $d
     /tmp/cc9MtUEq.s:126    .rodata:00000000 $d
     /tmp/cc9MtUEq.s:130    .text.USBD_FS_ProductStrDescriptor:00000000 $t
     /tmp/cc9MtUEq.s:172    .text.USBD_FS_ProductStrDescriptor:0000003c $d
     /tmp/cc9MtUEq.s:180    .text.USBD_FS_ManufacturerStrDescriptor:00000000 $t
     /tmp/cc9MtUEq.s:210    .text.USBD_FS_ManufacturerStrDescriptor:00000024 $d
     /tmp/cc9MtUEq.s:214    .text.USBD_FS_SerialStrDescriptor:00000000 $t
     /tmp/cc9MtUEq.s:351    .text.Get_SerialNum:00000000 Get_SerialNum
     /tmp/cc9MtUEq.s:243    .text.USBD_FS_SerialStrDescriptor:00000024 $d
     /tmp/cc9MtUEq.s:250    .text.USBD_FS_ConfigStrDescriptor:00000000 $t
     /tmp/cc9MtUEq.s:292    .text.USBD_FS_ConfigStrDescriptor:0000003c $d
     /tmp/cc9MtUEq.s:300    .text.USBD_FS_InterfaceStrDescriptor:00000000 $t
     /tmp/cc9MtUEq.s:342    .text.USBD_FS_InterfaceStrDescriptor:0000003c $d
     /tmp/cc9MtUEq.s:346    .text.Get_SerialNum:00000000 $t
     /tmp/cc9MtUEq.s:404    .text.IntToUnicode:00000000 IntToUnicode
     /tmp/cc9MtUEq.s:392    .text.Get_SerialNum:00000048 $d
     /tmp/cc9MtUEq.s:399    .text.IntToUnicode:00000000 $t

UNDEFINED SYMBOLS
USBD_GetString
