ARM GAS  /tmp/cc9fcWCM.s 			page 1


   1              		.arch armv6s-m
   2              		.fpu softvfp
   3              		.eabi_attribute 20, 1
   4              		.eabi_attribute 21, 1
   5              		.eabi_attribute 23, 3
   6              		.eabi_attribute 24, 1
   7              		.eabi_attribute 25, 1
   8              		.eabi_attribute 26, 1
   9              		.eabi_attribute 30, 6
  10              		.eabi_attribute 34, 0
  11              		.eabi_attribute 18, 4
  12              		.file	"usbd_cdc.c"
  13              		.text
  14              		.section	.rodata.CHANNEL_OFFSET_TAB,"a"
  15              		.align	2
  18              	CHANNEL_OFFSET_TAB:
  19 0000 081C3044 		.ascii	"\010\0340DXl\200"
  19      586C80
  20              		.section	.data.USBD_CDC_DeviceQualifierDesc,"aw"
  21              		.align	2
  24              	USBD_CDC_DeviceQualifierDesc:
  25 0000 0A060002 		.ascii	"\012\006\000\002\000\000\000@\001\000"
  25      00000040 
  25      0100
  26              		.global	USBD_CDC
  27              		.section	.data.USBD_CDC,"aw"
  28              		.align	2
  31              	USBD_CDC:
  32 0000 00000000 		.word	USBD_CDC_Init
  33 0004 00000000 		.word	USBD_CDC_DeInit
  34 0008 00000000 		.word	USBD_CDC_Setup
  35 000c 00000000 		.word	0
  36 0010 00000000 		.word	USBD_CDC_EP0_RxReady
  37 0014 00000000 		.word	USBD_CDC_DataIn
  38 0018 00000000 		.word	USBD_CDC_DataOut
  39 001c 00000000 		.word	0
  40 0020 00000000 		.word	0
  41 0024 00000000 		.word	0
  42 0028 00000000 		.word	USBD_CDC_GetHSCfgDesc
  43 002c 00000000 		.word	USBD_CDC_GetFSCfgDesc
  44 0030 00000000 		.word	USBD_CDC_GetOtherSpeedCfgDesc
  45 0034 00000000 		.word	USBD_CDC_GetDeviceQualifierDescriptor
  46              		.global	USBD_CDC_CfgHSDesc
  47              		.section	.data.USBD_CDC_CfgHSDesc,"aw"
  48              		.align	2
  51              	USBD_CDC_CfgHSDesc:
  52 0000 09024300 		.ascii	"\011\002C\000\002\001\000\3002\011\004\000\000\001\002"
  52      020100C0 
  52      32090400 
  52      000102
  53 000f 02010005 		.ascii	"\002\001\000\005$\000\020\001\005$\001\000\001\004$"
  53      24001001 
  53      05240100 
  53      010424
  54 001e 02020524 		.ascii	"\002\002\005$\006\000\001\007\005\202\003\010\000\020"
  54      06000107 
  54      05820308 
ARM GAS  /tmp/cc9fcWCM.s 			page 2


  54      0010
  55 002c 09040100 		.ascii	"\011\004\001\000\002\012\000\000\000\007\005\001\002"
  55      020A0000 
  55      00070501 
  55      02
  56 0039 00020007 		.ascii	"\000\002\000\007\005\201\002\000\002\000"
  56      05810200 
  56      0200
  57              		.global	USBD_CDC_CfgFSDesc
  58              		.section	.data.USBD_CDC_CfgFSDesc,"aw"
  59              		.align	2
  62              	USBD_CDC_CfgFSDesc:
  63 0000 09024300 		.ascii	"\011\002C\000\002\001\000\3002\011\004\000\000\001\002"
  63      020100C0 
  63      32090400 
  63      000102
  64 000f 02010005 		.ascii	"\002\001\000\005$\000\020\001\005$\001\000\001\004$"
  64      24001001 
  64      05240100 
  64      010424
  65 001e 02020524 		.ascii	"\002\002\005$\006\000\001\007\005\202\003\010\000\020"
  65      06000107 
  65      05820308 
  65      0010
  66 002c 09040100 		.ascii	"\011\004\001\000\002\012\000\000\000\007\005\001\002"
  66      020A0000 
  66      00070501 
  66      02
  67 0039 40000007 		.ascii	"@\000\000\007\005\201\002@\000\000"
  67      05810240 
  67      0000
  68              		.global	USBD_CDC_OtherSpeedCfgDesc
  69              		.section	.data.USBD_CDC_OtherSpeedCfgDesc,"aw"
  70              		.align	2
  73              	USBD_CDC_OtherSpeedCfgDesc:
  74 0000 09074300 		.ascii	"\011\007C\000\002\001\004\3002\011\004\000\000\001\002"
  74      020104C0 
  74      32090400 
  74      000102
  75 000f 02010005 		.ascii	"\002\001\000\005$\000\020\001\005$\001\000\001\004$"
  75      24001001 
  75      05240100 
  75      010424
  76 001e 02020524 		.ascii	"\002\002\005$\006\000\001\007\005\202\003\010\000\020"
  76      06000107 
  76      05820308 
  76      0010
  77 002c 09040100 		.ascii	"\011\004\001\000\002\012\000\000\000\007\005\001\002"
  77      020A0000 
  77      00070501 
  77      02
  78 0039 40000007 		.ascii	"@\000\000\007\005\201\002@\000\000"
  78      05810240 
  78      0000
  79              		.section	.text.USBD_CDC_Init,"ax",%progbits
  80              		.align	1
  81              		.syntax unified
ARM GAS  /tmp/cc9fcWCM.s 			page 3


  82              		.code	16
  83              		.thumb_func
  85              	USBD_CDC_Init:
  86              		@ args = 0, pretend = 0, frame = 16
  87              		@ frame_needed = 1, uses_anonymous_args = 0
  88 0000 80B5     		push	{r7, lr}
  89 0002 84B0     		sub	sp, sp, #16
  90 0004 00AF     		add	r7, sp, #0
  91 0006 7860     		str	r0, [r7, #4]
  92 0008 0A00     		movs	r2, r1
  93 000a FB1C     		adds	r3, r7, #3
  94 000c 1A70     		strb	r2, [r3]
  95 000e 0F23     		movs	r3, #15
  96 0010 FB18     		adds	r3, r7, r3
  97 0012 0022     		movs	r2, #0
  98 0014 1A70     		strb	r2, [r3]
  99 0016 7B68     		ldr	r3, [r7, #4]
 100 0018 1B7C     		ldrb	r3, [r3, #16]
 101 001a 002B     		cmp	r3, #0
 102 001c 16D1     		bne	.L2
 103 001e 8023     		movs	r3, #128
 104 0020 9B00     		lsls	r3, r3, #2
 105 0022 7868     		ldr	r0, [r7, #4]
 106 0024 0222     		movs	r2, #2
 107 0026 8121     		movs	r1, #129
 108 0028 FFF7FEFF 		bl	USBD_LL_OpenEP
 109 002c 7B68     		ldr	r3, [r7, #4]
 110 002e 0122     		movs	r2, #1
 111 0030 DA62     		str	r2, [r3, #44]
 112 0032 8023     		movs	r3, #128
 113 0034 9B00     		lsls	r3, r3, #2
 114 0036 7868     		ldr	r0, [r7, #4]
 115 0038 0222     		movs	r2, #2
 116 003a 0121     		movs	r1, #1
 117 003c FFF7FEFF 		bl	USBD_LL_OpenEP
 118 0040 7A68     		ldr	r2, [r7, #4]
 119 0042 B623     		movs	r3, #182
 120 0044 5B00     		lsls	r3, r3, #1
 121 0046 0121     		movs	r1, #1
 122 0048 D150     		str	r1, [r2, r3]
 123 004a 13E0     		b	.L3
 124              	.L2:
 125 004c 7868     		ldr	r0, [r7, #4]
 126 004e 4023     		movs	r3, #64
 127 0050 0222     		movs	r2, #2
 128 0052 8121     		movs	r1, #129
 129 0054 FFF7FEFF 		bl	USBD_LL_OpenEP
 130 0058 7B68     		ldr	r3, [r7, #4]
 131 005a 0122     		movs	r2, #1
 132 005c DA62     		str	r2, [r3, #44]
 133 005e 7868     		ldr	r0, [r7, #4]
 134 0060 4023     		movs	r3, #64
 135 0062 0222     		movs	r2, #2
 136 0064 0121     		movs	r1, #1
 137 0066 FFF7FEFF 		bl	USBD_LL_OpenEP
 138 006a 7A68     		ldr	r2, [r7, #4]
 139 006c B623     		movs	r3, #182
ARM GAS  /tmp/cc9fcWCM.s 			page 4


 140 006e 5B00     		lsls	r3, r3, #1
 141 0070 0121     		movs	r1, #1
 142 0072 D150     		str	r1, [r2, r3]
 143              	.L3:
 144 0074 7868     		ldr	r0, [r7, #4]
 145 0076 0823     		movs	r3, #8
 146 0078 0322     		movs	r2, #3
 147 007a 8221     		movs	r1, #130
 148 007c FFF7FEFF 		bl	USBD_LL_OpenEP
 149 0080 7B68     		ldr	r3, [r7, #4]
 150 0082 0122     		movs	r2, #1
 151 0084 1A64     		str	r2, [r3, #64]
 152 0086 8723     		movs	r3, #135
 153 0088 9B00     		lsls	r3, r3, #2
 154 008a 1800     		movs	r0, r3
 155 008c FFF7FEFF 		bl	USBD_static_malloc
 156 0090 0100     		movs	r1, r0
 157 0092 7A68     		ldr	r2, [r7, #4]
 158 0094 AE23     		movs	r3, #174
 159 0096 9B00     		lsls	r3, r3, #2
 160 0098 D150     		str	r1, [r2, r3]
 161 009a 7A68     		ldr	r2, [r7, #4]
 162 009c AE23     		movs	r3, #174
 163 009e 9B00     		lsls	r3, r3, #2
 164 00a0 D358     		ldr	r3, [r2, r3]
 165 00a2 002B     		cmp	r3, #0
 166 00a4 04D1     		bne	.L4
 167 00a6 0F23     		movs	r3, #15
 168 00a8 FB18     		adds	r3, r7, r3
 169 00aa 0122     		movs	r2, #1
 170 00ac 1A70     		strb	r2, [r3]
 171 00ae 2CE0     		b	.L5
 172              	.L4:
 173 00b0 7A68     		ldr	r2, [r7, #4]
 174 00b2 AE23     		movs	r3, #174
 175 00b4 9B00     		lsls	r3, r3, #2
 176 00b6 D358     		ldr	r3, [r2, r3]
 177 00b8 BB60     		str	r3, [r7, #8]
 178 00ba 7A68     		ldr	r2, [r7, #4]
 179 00bc AF23     		movs	r3, #175
 180 00be 9B00     		lsls	r3, r3, #2
 181 00c0 D358     		ldr	r3, [r2, r3]
 182 00c2 1B68     		ldr	r3, [r3]
 183 00c4 9847     		blx	r3
 184 00c6 BA68     		ldr	r2, [r7, #8]
 185 00c8 8523     		movs	r3, #133
 186 00ca 9B00     		lsls	r3, r3, #2
 187 00cc 0021     		movs	r1, #0
 188 00ce D150     		str	r1, [r2, r3]
 189 00d0 BA68     		ldr	r2, [r7, #8]
 190 00d2 8623     		movs	r3, #134
 191 00d4 9B00     		lsls	r3, r3, #2
 192 00d6 0021     		movs	r1, #0
 193 00d8 D150     		str	r1, [r2, r3]
 194 00da 7B68     		ldr	r3, [r7, #4]
 195 00dc 1B7C     		ldrb	r3, [r3, #16]
 196 00de 002B     		cmp	r3, #0
ARM GAS  /tmp/cc9fcWCM.s 			page 5


 197 00e0 0AD1     		bne	.L6
 198 00e2 BA68     		ldr	r2, [r7, #8]
 199 00e4 8123     		movs	r3, #129
 200 00e6 9B00     		lsls	r3, r3, #2
 201 00e8 D258     		ldr	r2, [r2, r3]
 202 00ea 8023     		movs	r3, #128
 203 00ec 9B00     		lsls	r3, r3, #2
 204 00ee 7868     		ldr	r0, [r7, #4]
 205 00f0 0121     		movs	r1, #1
 206 00f2 FFF7FEFF 		bl	USBD_LL_PrepareReceive
 207 00f6 08E0     		b	.L5
 208              	.L6:
 209 00f8 BA68     		ldr	r2, [r7, #8]
 210 00fa 8123     		movs	r3, #129
 211 00fc 9B00     		lsls	r3, r3, #2
 212 00fe D258     		ldr	r2, [r2, r3]
 213 0100 7868     		ldr	r0, [r7, #4]
 214 0102 4023     		movs	r3, #64
 215 0104 0121     		movs	r1, #1
 216 0106 FFF7FEFF 		bl	USBD_LL_PrepareReceive
 217              	.L5:
 218 010a 0F23     		movs	r3, #15
 219 010c FB18     		adds	r3, r7, r3
 220 010e 1B78     		ldrb	r3, [r3]
 221 0110 1800     		movs	r0, r3
 222 0112 BD46     		mov	sp, r7
 223 0114 04B0     		add	sp, sp, #16
 224              		@ sp needed
 225 0116 80BD     		pop	{r7, pc}
 227              		.section	.text.USBD_CDC_DeInit,"ax",%progbits
 228              		.align	1
 229              		.syntax unified
 230              		.code	16
 231              		.thumb_func
 233              	USBD_CDC_DeInit:
 234              		@ args = 0, pretend = 0, frame = 16
 235              		@ frame_needed = 1, uses_anonymous_args = 0
 236 0000 80B5     		push	{r7, lr}
 237 0002 84B0     		sub	sp, sp, #16
 238 0004 00AF     		add	r7, sp, #0
 239 0006 7860     		str	r0, [r7, #4]
 240 0008 0A00     		movs	r2, r1
 241 000a FB1C     		adds	r3, r7, #3
 242 000c 1A70     		strb	r2, [r3]
 243 000e 0F23     		movs	r3, #15
 244 0010 FB18     		adds	r3, r7, r3
 245 0012 0022     		movs	r2, #0
 246 0014 1A70     		strb	r2, [r3]
 247 0016 7B68     		ldr	r3, [r7, #4]
 248 0018 8121     		movs	r1, #129
 249 001a 1800     		movs	r0, r3
 250 001c FFF7FEFF 		bl	USBD_LL_CloseEP
 251 0020 7B68     		ldr	r3, [r7, #4]
 252 0022 0022     		movs	r2, #0
 253 0024 DA62     		str	r2, [r3, #44]
 254 0026 7B68     		ldr	r3, [r7, #4]
 255 0028 0121     		movs	r1, #1
ARM GAS  /tmp/cc9fcWCM.s 			page 6


 256 002a 1800     		movs	r0, r3
 257 002c FFF7FEFF 		bl	USBD_LL_CloseEP
 258 0030 7A68     		ldr	r2, [r7, #4]
 259 0032 B623     		movs	r3, #182
 260 0034 5B00     		lsls	r3, r3, #1
 261 0036 0021     		movs	r1, #0
 262 0038 D150     		str	r1, [r2, r3]
 263 003a 7B68     		ldr	r3, [r7, #4]
 264 003c 8221     		movs	r1, #130
 265 003e 1800     		movs	r0, r3
 266 0040 FFF7FEFF 		bl	USBD_LL_CloseEP
 267 0044 7B68     		ldr	r3, [r7, #4]
 268 0046 0022     		movs	r2, #0
 269 0048 1A64     		str	r2, [r3, #64]
 270 004a 7A68     		ldr	r2, [r7, #4]
 271 004c AE23     		movs	r3, #174
 272 004e 9B00     		lsls	r3, r3, #2
 273 0050 D358     		ldr	r3, [r2, r3]
 274 0052 002B     		cmp	r3, #0
 275 0054 11D0     		beq	.L9
 276 0056 7A68     		ldr	r2, [r7, #4]
 277 0058 AF23     		movs	r3, #175
 278 005a 9B00     		lsls	r3, r3, #2
 279 005c D358     		ldr	r3, [r2, r3]
 280 005e 5B68     		ldr	r3, [r3, #4]
 281 0060 9847     		blx	r3
 282 0062 7A68     		ldr	r2, [r7, #4]
 283 0064 AE23     		movs	r3, #174
 284 0066 9B00     		lsls	r3, r3, #2
 285 0068 D358     		ldr	r3, [r2, r3]
 286 006a 1800     		movs	r0, r3
 287 006c FFF7FEFF 		bl	USBD_static_free
 288 0070 7A68     		ldr	r2, [r7, #4]
 289 0072 AE23     		movs	r3, #174
 290 0074 9B00     		lsls	r3, r3, #2
 291 0076 0021     		movs	r1, #0
 292 0078 D150     		str	r1, [r2, r3]
 293              	.L9:
 294 007a 0F23     		movs	r3, #15
 295 007c FB18     		adds	r3, r7, r3
 296 007e 1B78     		ldrb	r3, [r3]
 297 0080 1800     		movs	r0, r3
 298 0082 BD46     		mov	sp, r7
 299 0084 04B0     		add	sp, sp, #16
 300              		@ sp needed
 301 0086 80BD     		pop	{r7, pc}
 303              		.section	.text.USBD_CDC_Setup,"ax",%progbits
 304              		.align	1
 305              		.syntax unified
 306              		.code	16
 307              		.thumb_func
 309              	USBD_CDC_Setup:
 310              		@ args = 0, pretend = 0, frame = 24
 311              		@ frame_needed = 1, uses_anonymous_args = 0
 312 0000 80B5     		push	{r7, lr}
 313 0002 86B0     		sub	sp, sp, #24
 314 0004 00AF     		add	r7, sp, #0
ARM GAS  /tmp/cc9fcWCM.s 			page 7


 315 0006 7860     		str	r0, [r7, #4]
 316 0008 3960     		str	r1, [r7]
 317 000a 7A68     		ldr	r2, [r7, #4]
 318 000c AE23     		movs	r3, #174
 319 000e 9B00     		lsls	r3, r3, #2
 320 0010 D358     		ldr	r3, [r2, r3]
 321 0012 3B61     		str	r3, [r7, #16]
 322 0014 0F23     		movs	r3, #15
 323 0016 FB18     		adds	r3, r7, r3
 324 0018 0022     		movs	r2, #0
 325 001a 1A70     		strb	r2, [r3]
 326 001c 0C23     		movs	r3, #12
 327 001e FB18     		adds	r3, r7, r3
 328 0020 0022     		movs	r2, #0
 329 0022 1A80     		strh	r2, [r3]
 330 0024 1723     		movs	r3, #23
 331 0026 FB18     		adds	r3, r7, r3
 332 0028 0022     		movs	r2, #0
 333 002a 1A70     		strb	r2, [r3]
 334 002c 3B68     		ldr	r3, [r7]
 335 002e 1B78     		ldrb	r3, [r3]
 336 0030 1A00     		movs	r2, r3
 337 0032 6023     		movs	r3, #96
 338 0034 1340     		ands	r3, r2
 339 0036 3DD0     		beq	.L12
 340 0038 202B     		cmp	r3, #32
 341 003a 00D0     		beq	.LCB267
 342 003c 94E0     		b	.L13	@long jump
 343              	.LCB267:
 344 003e 3B68     		ldr	r3, [r7]
 345 0040 DB88     		ldrh	r3, [r3, #6]
 346 0042 002B     		cmp	r3, #0
 347 0044 2BD0     		beq	.L14
 348 0046 3B68     		ldr	r3, [r7]
 349 0048 1B78     		ldrb	r3, [r3]
 350 004a 5BB2     		sxtb	r3, r3
 351 004c 002B     		cmp	r3, #0
 352 004e 12DA     		bge	.L15
 353 0050 7A68     		ldr	r2, [r7, #4]
 354 0052 AF23     		movs	r3, #175
 355 0054 9B00     		lsls	r3, r3, #2
 356 0056 D358     		ldr	r3, [r2, r3]
 357 0058 9B68     		ldr	r3, [r3, #8]
 358 005a 3A68     		ldr	r2, [r7]
 359 005c 5078     		ldrb	r0, [r2, #1]
 360 005e 3969     		ldr	r1, [r7, #16]
 361 0060 3A68     		ldr	r2, [r7]
 362 0062 D288     		ldrh	r2, [r2, #6]
 363 0064 9847     		blx	r3
 364 0066 3969     		ldr	r1, [r7, #16]
 365 0068 3B68     		ldr	r3, [r7]
 366 006a DA88     		ldrh	r2, [r3, #6]
 367 006c 7B68     		ldr	r3, [r7, #4]
 368 006e 1800     		movs	r0, r3
 369 0070 FFF7FEFF 		bl	USBD_CtlSendData
 370 0074 83E0     		b	.L17
 371              	.L15:
ARM GAS  /tmp/cc9fcWCM.s 			page 8


 372 0076 3B68     		ldr	r3, [r7]
 373 0078 5978     		ldrb	r1, [r3, #1]
 374 007a 3A69     		ldr	r2, [r7, #16]
 375 007c 8023     		movs	r3, #128
 376 007e 9B00     		lsls	r3, r3, #2
 377 0080 D154     		strb	r1, [r2, r3]
 378 0082 3B68     		ldr	r3, [r7]
 379 0084 DB88     		ldrh	r3, [r3, #6]
 380 0086 D9B2     		uxtb	r1, r3
 381 0088 3B69     		ldr	r3, [r7, #16]
 382 008a 404A     		ldr	r2, .L30
 383 008c 9954     		strb	r1, [r3, r2]
 384 008e 3969     		ldr	r1, [r7, #16]
 385 0090 3B68     		ldr	r3, [r7]
 386 0092 DA88     		ldrh	r2, [r3, #6]
 387 0094 7B68     		ldr	r3, [r7, #4]
 388 0096 1800     		movs	r0, r3
 389 0098 FFF7FEFF 		bl	USBD_CtlPrepareRx
 390 009c 6FE0     		b	.L17
 391              	.L14:
 392 009e 7A68     		ldr	r2, [r7, #4]
 393 00a0 AF23     		movs	r3, #175
 394 00a2 9B00     		lsls	r3, r3, #2
 395 00a4 D358     		ldr	r3, [r2, r3]
 396 00a6 9B68     		ldr	r3, [r3, #8]
 397 00a8 3A68     		ldr	r2, [r7]
 398 00aa 5078     		ldrb	r0, [r2, #1]
 399 00ac 3968     		ldr	r1, [r7]
 400 00ae 0022     		movs	r2, #0
 401 00b0 9847     		blx	r3
 402 00b2 64E0     		b	.L17
 403              	.L12:
 404 00b4 3B68     		ldr	r3, [r7]
 405 00b6 5B78     		ldrb	r3, [r3, #1]
 406 00b8 0B2B     		cmp	r3, #11
 407 00ba 37D0     		beq	.L18
 408 00bc 47DC     		bgt	.L19
 409 00be 002B     		cmp	r3, #0
 410 00c0 02D0     		beq	.L20
 411 00c2 0A2B     		cmp	r3, #10
 412 00c4 19D0     		beq	.L21
 413 00c6 42E0     		b	.L19
 414              	.L20:
 415 00c8 7A68     		ldr	r2, [r7, #4]
 416 00ca A723     		movs	r3, #167
 417 00cc 9B00     		lsls	r3, r3, #2
 418 00ce D35C     		ldrb	r3, [r2, r3]
 419 00d0 032B     		cmp	r3, #3
 420 00d2 07D1     		bne	.L22
 421 00d4 0C23     		movs	r3, #12
 422 00d6 F918     		adds	r1, r7, r3
 423 00d8 7B68     		ldr	r3, [r7, #4]
 424 00da 0222     		movs	r2, #2
 425 00dc 1800     		movs	r0, r3
 426 00de FFF7FEFF 		bl	USBD_CtlSendData
 427 00e2 40E0     		b	.L24
 428              	.L22:
ARM GAS  /tmp/cc9fcWCM.s 			page 9


 429 00e4 3A68     		ldr	r2, [r7]
 430 00e6 7B68     		ldr	r3, [r7, #4]
 431 00e8 1100     		movs	r1, r2
 432 00ea 1800     		movs	r0, r3
 433 00ec FFF7FEFF 		bl	USBD_CtlError
 434 00f0 1723     		movs	r3, #23
 435 00f2 FB18     		adds	r3, r7, r3
 436 00f4 0222     		movs	r2, #2
 437 00f6 1A70     		strb	r2, [r3]
 438 00f8 35E0     		b	.L24
 439              	.L21:
 440 00fa 7A68     		ldr	r2, [r7, #4]
 441 00fc A723     		movs	r3, #167
 442 00fe 9B00     		lsls	r3, r3, #2
 443 0100 D35C     		ldrb	r3, [r2, r3]
 444 0102 032B     		cmp	r3, #3
 445 0104 07D1     		bne	.L25
 446 0106 0F23     		movs	r3, #15
 447 0108 F918     		adds	r1, r7, r3
 448 010a 7B68     		ldr	r3, [r7, #4]
 449 010c 0122     		movs	r2, #1
 450 010e 1800     		movs	r0, r3
 451 0110 FFF7FEFF 		bl	USBD_CtlSendData
 452 0114 27E0     		b	.L24
 453              	.L25:
 454 0116 3A68     		ldr	r2, [r7]
 455 0118 7B68     		ldr	r3, [r7, #4]
 456 011a 1100     		movs	r1, r2
 457 011c 1800     		movs	r0, r3
 458 011e FFF7FEFF 		bl	USBD_CtlError
 459 0122 1723     		movs	r3, #23
 460 0124 FB18     		adds	r3, r7, r3
 461 0126 0222     		movs	r2, #2
 462 0128 1A70     		strb	r2, [r3]
 463 012a 1CE0     		b	.L24
 464              	.L18:
 465 012c 7A68     		ldr	r2, [r7, #4]
 466 012e A723     		movs	r3, #167
 467 0130 9B00     		lsls	r3, r3, #2
 468 0132 D35C     		ldrb	r3, [r2, r3]
 469 0134 032B     		cmp	r3, #3
 470 0136 15D0     		beq	.L29
 471 0138 3A68     		ldr	r2, [r7]
 472 013a 7B68     		ldr	r3, [r7, #4]
 473 013c 1100     		movs	r1, r2
 474 013e 1800     		movs	r0, r3
 475 0140 FFF7FEFF 		bl	USBD_CtlError
 476 0144 1723     		movs	r3, #23
 477 0146 FB18     		adds	r3, r7, r3
 478 0148 0222     		movs	r2, #2
 479 014a 1A70     		strb	r2, [r3]
 480 014c 0AE0     		b	.L29
 481              	.L19:
 482 014e 3A68     		ldr	r2, [r7]
 483 0150 7B68     		ldr	r3, [r7, #4]
 484 0152 1100     		movs	r1, r2
 485 0154 1800     		movs	r0, r3
ARM GAS  /tmp/cc9fcWCM.s 			page 10


 486 0156 FFF7FEFF 		bl	USBD_CtlError
 487 015a 1723     		movs	r3, #23
 488 015c FB18     		adds	r3, r7, r3
 489 015e 0222     		movs	r2, #2
 490 0160 1A70     		strb	r2, [r3]
 491 0162 00E0     		b	.L24
 492              	.L29:
 493 0164 C046     		nop
 494              	.L24:
 495 0166 0AE0     		b	.L17
 496              	.L13:
 497 0168 3A68     		ldr	r2, [r7]
 498 016a 7B68     		ldr	r3, [r7, #4]
 499 016c 1100     		movs	r1, r2
 500 016e 1800     		movs	r0, r3
 501 0170 FFF7FEFF 		bl	USBD_CtlError
 502 0174 1723     		movs	r3, #23
 503 0176 FB18     		adds	r3, r7, r3
 504 0178 0222     		movs	r2, #2
 505 017a 1A70     		strb	r2, [r3]
 506 017c C046     		nop
 507              	.L17:
 508 017e 1723     		movs	r3, #23
 509 0180 FB18     		adds	r3, r7, r3
 510 0182 1B78     		ldrb	r3, [r3]
 511 0184 1800     		movs	r0, r3
 512 0186 BD46     		mov	sp, r7
 513 0188 06B0     		add	sp, sp, #24
 514              		@ sp needed
 515 018a 80BD     		pop	{r7, pc}
 516              	.L31:
 517              		.align	2
 518              	.L30:
 519 018c 01020000 		.word	513
 521              		.section	.text.USBD_CDC_DataIn,"ax",%progbits
 522              		.align	1
 523              		.syntax unified
 524              		.code	16
 525              		.thumb_func
 527              	USBD_CDC_DataIn:
 528              		@ args = 0, pretend = 0, frame = 16
 529              		@ frame_needed = 1, uses_anonymous_args = 0
 530 0000 80B5     		push	{r7, lr}
 531 0002 84B0     		sub	sp, sp, #16
 532 0004 00AF     		add	r7, sp, #0
 533 0006 7860     		str	r0, [r7, #4]
 534 0008 0A00     		movs	r2, r1
 535 000a FB1C     		adds	r3, r7, #3
 536 000c 1A70     		strb	r2, [r3]
 537 000e 7A68     		ldr	r2, [r7, #4]
 538 0010 AE23     		movs	r3, #174
 539 0012 9B00     		lsls	r3, r3, #2
 540 0014 D358     		ldr	r3, [r2, r3]
 541 0016 FB60     		str	r3, [r7, #12]
 542 0018 7A68     		ldr	r2, [r7, #4]
 543 001a B023     		movs	r3, #176
 544 001c 9B00     		lsls	r3, r3, #2
ARM GAS  /tmp/cc9fcWCM.s 			page 11


 545 001e D358     		ldr	r3, [r2, r3]
 546 0020 BB60     		str	r3, [r7, #8]
 547 0022 7A68     		ldr	r2, [r7, #4]
 548 0024 AE23     		movs	r3, #174
 549 0026 9B00     		lsls	r3, r3, #2
 550 0028 D358     		ldr	r3, [r2, r3]
 551 002a 002B     		cmp	r3, #0
 552 002c 3ED0     		beq	.L33
 553 002e FB1C     		adds	r3, r7, #3
 554 0030 1A78     		ldrb	r2, [r3]
 555 0032 7968     		ldr	r1, [r7, #4]
 556 0034 1300     		movs	r3, r2
 557 0036 9B00     		lsls	r3, r3, #2
 558 0038 9B18     		adds	r3, r3, r2
 559 003a 9B00     		lsls	r3, r3, #2
 560 003c CB18     		adds	r3, r1, r3
 561 003e 1C33     		adds	r3, r3, #28
 562 0040 1B68     		ldr	r3, [r3]
 563 0042 002B     		cmp	r3, #0
 564 0044 2BD0     		beq	.L34
 565 0046 FB1C     		adds	r3, r7, #3
 566 0048 1A78     		ldrb	r2, [r3]
 567 004a 7968     		ldr	r1, [r7, #4]
 568 004c 1300     		movs	r3, r2
 569 004e 9B00     		lsls	r3, r3, #2
 570 0050 9B18     		adds	r3, r3, r2
 571 0052 9B00     		lsls	r3, r3, #2
 572 0054 CB18     		adds	r3, r1, r3
 573 0056 1C33     		adds	r3, r3, #28
 574 0058 1868     		ldr	r0, [r3]
 575 005a FB1C     		adds	r3, r7, #3
 576 005c 1A78     		ldrb	r2, [r3]
 577 005e B968     		ldr	r1, [r7, #8]
 578 0060 1300     		movs	r3, r2
 579 0062 9B00     		lsls	r3, r3, #2
 580 0064 9B18     		adds	r3, r3, r2
 581 0066 DB00     		lsls	r3, r3, #3
 582 0068 CB18     		adds	r3, r1, r3
 583 006a 2033     		adds	r3, r3, #32
 584 006c 1B68     		ldr	r3, [r3]
 585 006e 1900     		movs	r1, r3
 586 0070 FFF7FEFF 		bl	__aeabi_uidivmod
 587 0074 0B1E     		subs	r3, r1, #0
 588 0076 12D1     		bne	.L34
 589 0078 FB1C     		adds	r3, r7, #3
 590 007a 1A78     		ldrb	r2, [r3]
 591 007c 7968     		ldr	r1, [r7, #4]
 592 007e 1300     		movs	r3, r2
 593 0080 9B00     		lsls	r3, r3, #2
 594 0082 9B18     		adds	r3, r3, r2
 595 0084 9B00     		lsls	r3, r3, #2
 596 0086 CB18     		adds	r3, r1, r3
 597 0088 1C33     		adds	r3, r3, #28
 598 008a 0022     		movs	r2, #0
 599 008c 1A60     		str	r2, [r3]
 600 008e FB1C     		adds	r3, r7, #3
 601 0090 1978     		ldrb	r1, [r3]
ARM GAS  /tmp/cc9fcWCM.s 			page 12


 602 0092 7868     		ldr	r0, [r7, #4]
 603 0094 0023     		movs	r3, #0
 604 0096 0022     		movs	r2, #0
 605 0098 FFF7FEFF 		bl	USBD_LL_Transmit
 606 009c 04E0     		b	.L35
 607              	.L34:
 608 009e FA68     		ldr	r2, [r7, #12]
 609 00a0 8523     		movs	r3, #133
 610 00a2 9B00     		lsls	r3, r3, #2
 611 00a4 0021     		movs	r1, #0
 612 00a6 D150     		str	r1, [r2, r3]
 613              	.L35:
 614 00a8 0023     		movs	r3, #0
 615 00aa 00E0     		b	.L36
 616              	.L33:
 617 00ac 0223     		movs	r3, #2
 618              	.L36:
 619 00ae 1800     		movs	r0, r3
 620 00b0 BD46     		mov	sp, r7
 621 00b2 04B0     		add	sp, sp, #16
 622              		@ sp needed
 623 00b4 80BD     		pop	{r7, pc}
 625              		.section	.text.USBD_CDC_DataOut,"ax",%progbits
 626              		.align	1
 627              		.syntax unified
 628              		.code	16
 629              		.thumb_func
 631              	USBD_CDC_DataOut:
 632              		@ args = 0, pretend = 0, frame = 16
 633              		@ frame_needed = 1, uses_anonymous_args = 0
 634 0000 80B5     		push	{r7, lr}
 635 0002 84B0     		sub	sp, sp, #16
 636 0004 00AF     		add	r7, sp, #0
 637 0006 7860     		str	r0, [r7, #4]
 638 0008 0A00     		movs	r2, r1
 639 000a FB1C     		adds	r3, r7, #3
 640 000c 1A70     		strb	r2, [r3]
 641 000e 7A68     		ldr	r2, [r7, #4]
 642 0010 AE23     		movs	r3, #174
 643 0012 9B00     		lsls	r3, r3, #2
 644 0014 D358     		ldr	r3, [r2, r3]
 645 0016 FB60     		str	r3, [r7, #12]
 646 0018 FB1C     		adds	r3, r7, #3
 647 001a 1A78     		ldrb	r2, [r3]
 648 001c 7B68     		ldr	r3, [r7, #4]
 649 001e 1100     		movs	r1, r2
 650 0020 1800     		movs	r0, r3
 651 0022 FFF7FEFF 		bl	USBD_LL_GetRxDataSize
 652 0026 0100     		movs	r1, r0
 653 0028 FA68     		ldr	r2, [r7, #12]
 654 002a 8323     		movs	r3, #131
 655 002c 9B00     		lsls	r3, r3, #2
 656 002e D150     		str	r1, [r2, r3]
 657 0030 7A68     		ldr	r2, [r7, #4]
 658 0032 AE23     		movs	r3, #174
 659 0034 9B00     		lsls	r3, r3, #2
 660 0036 D358     		ldr	r3, [r2, r3]
ARM GAS  /tmp/cc9fcWCM.s 			page 13


 661 0038 002B     		cmp	r3, #0
 662 003a 11D0     		beq	.L38
 663 003c 7A68     		ldr	r2, [r7, #4]
 664 003e AF23     		movs	r3, #175
 665 0040 9B00     		lsls	r3, r3, #2
 666 0042 D358     		ldr	r3, [r2, r3]
 667 0044 DA68     		ldr	r2, [r3, #12]
 668 0046 F968     		ldr	r1, [r7, #12]
 669 0048 8123     		movs	r3, #129
 670 004a 9B00     		lsls	r3, r3, #2
 671 004c C858     		ldr	r0, [r1, r3]
 672 004e FB68     		ldr	r3, [r7, #12]
 673 0050 8321     		movs	r1, #131
 674 0052 8900     		lsls	r1, r1, #2
 675 0054 8C46     		mov	ip, r1
 676 0056 6344     		add	r3, r3, ip
 677 0058 1900     		movs	r1, r3
 678 005a 9047     		blx	r2
 679 005c 0023     		movs	r3, #0
 680 005e 00E0     		b	.L39
 681              	.L38:
 682 0060 0223     		movs	r3, #2
 683              	.L39:
 684 0062 1800     		movs	r0, r3
 685 0064 BD46     		mov	sp, r7
 686 0066 04B0     		add	sp, sp, #16
 687              		@ sp needed
 688 0068 80BD     		pop	{r7, pc}
 690              		.section	.text.USBD_CDC_EP0_RxReady,"ax",%progbits
 691              		.align	1
 692              		.syntax unified
 693              		.code	16
 694              		.thumb_func
 696              	USBD_CDC_EP0_RxReady:
 697              		@ args = 0, pretend = 0, frame = 16
 698              		@ frame_needed = 1, uses_anonymous_args = 0
 699 0000 90B5     		push	{r4, r7, lr}
 700 0002 85B0     		sub	sp, sp, #20
 701 0004 00AF     		add	r7, sp, #0
 702 0006 7860     		str	r0, [r7, #4]
 703 0008 7A68     		ldr	r2, [r7, #4]
 704 000a AE23     		movs	r3, #174
 705 000c 9B00     		lsls	r3, r3, #2
 706 000e D358     		ldr	r3, [r2, r3]
 707 0010 FB60     		str	r3, [r7, #12]
 708 0012 7A68     		ldr	r2, [r7, #4]
 709 0014 AF23     		movs	r3, #175
 710 0016 9B00     		lsls	r3, r3, #2
 711 0018 D358     		ldr	r3, [r2, r3]
 712 001a 002B     		cmp	r3, #0
 713 001c 18D0     		beq	.L41
 714 001e FA68     		ldr	r2, [r7, #12]
 715 0020 8023     		movs	r3, #128
 716 0022 9B00     		lsls	r3, r3, #2
 717 0024 D35C     		ldrb	r3, [r2, r3]
 718 0026 FF2B     		cmp	r3, #255
 719 0028 12D0     		beq	.L41
ARM GAS  /tmp/cc9fcWCM.s 			page 14


 720 002a 7A68     		ldr	r2, [r7, #4]
 721 002c AF23     		movs	r3, #175
 722 002e 9B00     		lsls	r3, r3, #2
 723 0030 D358     		ldr	r3, [r2, r3]
 724 0032 9B68     		ldr	r3, [r3, #8]
 725 0034 F968     		ldr	r1, [r7, #12]
 726 0036 8022     		movs	r2, #128
 727 0038 9200     		lsls	r2, r2, #2
 728 003a 885C     		ldrb	r0, [r1, r2]
 729 003c F968     		ldr	r1, [r7, #12]
 730 003e FA68     		ldr	r2, [r7, #12]
 731 0040 064C     		ldr	r4, .L43
 732 0042 125D     		ldrb	r2, [r2, r4]
 733 0044 9847     		blx	r3
 734 0046 FA68     		ldr	r2, [r7, #12]
 735 0048 8023     		movs	r3, #128
 736 004a 9B00     		lsls	r3, r3, #2
 737 004c FF21     		movs	r1, #255
 738 004e D154     		strb	r1, [r2, r3]
 739              	.L41:
 740 0050 0023     		movs	r3, #0
 741 0052 1800     		movs	r0, r3
 742 0054 BD46     		mov	sp, r7
 743 0056 05B0     		add	sp, sp, #20
 744              		@ sp needed
 745 0058 90BD     		pop	{r4, r7, pc}
 746              	.L44:
 747 005a C046     		.align	2
 748              	.L43:
 749 005c 01020000 		.word	513
 751              		.section	.text.USBD_CDC_GetFSCfgDesc,"ax",%progbits
 752              		.align	1
 753              		.syntax unified
 754              		.code	16
 755              		.thumb_func
 757              	USBD_CDC_GetFSCfgDesc:
 758              		@ args = 0, pretend = 0, frame = 8
 759              		@ frame_needed = 1, uses_anonymous_args = 0
 760 0000 80B5     		push	{r7, lr}
 761 0002 82B0     		sub	sp, sp, #8
 762 0004 00AF     		add	r7, sp, #0
 763 0006 7860     		str	r0, [r7, #4]
 764 0008 7B68     		ldr	r3, [r7, #4]
 765 000a 4322     		movs	r2, #67
 766 000c 1A80     		strh	r2, [r3]
 767 000e 024B     		ldr	r3, .L47
 768 0010 1800     		movs	r0, r3
 769 0012 BD46     		mov	sp, r7
 770 0014 02B0     		add	sp, sp, #8
 771              		@ sp needed
 772 0016 80BD     		pop	{r7, pc}
 773              	.L48:
 774              		.align	2
 775              	.L47:
 776 0018 00000000 		.word	USBD_CDC_CfgFSDesc
 778              		.section	.text.USBD_CDC_GetHSCfgDesc,"ax",%progbits
 779              		.align	1
ARM GAS  /tmp/cc9fcWCM.s 			page 15


 780              		.syntax unified
 781              		.code	16
 782              		.thumb_func
 784              	USBD_CDC_GetHSCfgDesc:
 785              		@ args = 0, pretend = 0, frame = 8
 786              		@ frame_needed = 1, uses_anonymous_args = 0
 787 0000 80B5     		push	{r7, lr}
 788 0002 82B0     		sub	sp, sp, #8
 789 0004 00AF     		add	r7, sp, #0
 790 0006 7860     		str	r0, [r7, #4]
 791 0008 7B68     		ldr	r3, [r7, #4]
 792 000a 4322     		movs	r2, #67
 793 000c 1A80     		strh	r2, [r3]
 794 000e 024B     		ldr	r3, .L51
 795 0010 1800     		movs	r0, r3
 796 0012 BD46     		mov	sp, r7
 797 0014 02B0     		add	sp, sp, #8
 798              		@ sp needed
 799 0016 80BD     		pop	{r7, pc}
 800              	.L52:
 801              		.align	2
 802              	.L51:
 803 0018 00000000 		.word	USBD_CDC_CfgHSDesc
 805              		.section	.text.USBD_CDC_GetOtherSpeedCfgDesc,"ax",%progbits
 806              		.align	1
 807              		.syntax unified
 808              		.code	16
 809              		.thumb_func
 811              	USBD_CDC_GetOtherSpeedCfgDesc:
 812              		@ args = 0, pretend = 0, frame = 8
 813              		@ frame_needed = 1, uses_anonymous_args = 0
 814 0000 80B5     		push	{r7, lr}
 815 0002 82B0     		sub	sp, sp, #8
 816 0004 00AF     		add	r7, sp, #0
 817 0006 7860     		str	r0, [r7, #4]
 818 0008 7B68     		ldr	r3, [r7, #4]
 819 000a 4322     		movs	r2, #67
 820 000c 1A80     		strh	r2, [r3]
 821 000e 024B     		ldr	r3, .L55
 822 0010 1800     		movs	r0, r3
 823 0012 BD46     		mov	sp, r7
 824 0014 02B0     		add	sp, sp, #8
 825              		@ sp needed
 826 0016 80BD     		pop	{r7, pc}
 827              	.L56:
 828              		.align	2
 829              	.L55:
 830 0018 00000000 		.word	USBD_CDC_OtherSpeedCfgDesc
 832              		.section	.text.USBD_CDC_GetDeviceQualifierDescriptor,"ax",%progbits
 833              		.align	1
 834              		.global	USBD_CDC_GetDeviceQualifierDescriptor
 835              		.syntax unified
 836              		.code	16
 837              		.thumb_func
 839              	USBD_CDC_GetDeviceQualifierDescriptor:
 840              		@ args = 0, pretend = 0, frame = 8
 841              		@ frame_needed = 1, uses_anonymous_args = 0
ARM GAS  /tmp/cc9fcWCM.s 			page 16


 842 0000 80B5     		push	{r7, lr}
 843 0002 82B0     		sub	sp, sp, #8
 844 0004 00AF     		add	r7, sp, #0
 845 0006 7860     		str	r0, [r7, #4]
 846 0008 7B68     		ldr	r3, [r7, #4]
 847 000a 0A22     		movs	r2, #10
 848 000c 1A80     		strh	r2, [r3]
 849 000e 024B     		ldr	r3, .L59
 850 0010 1800     		movs	r0, r3
 851 0012 BD46     		mov	sp, r7
 852 0014 02B0     		add	sp, sp, #8
 853              		@ sp needed
 854 0016 80BD     		pop	{r7, pc}
 855              	.L60:
 856              		.align	2
 857              	.L59:
 858 0018 00000000 		.word	USBD_CDC_DeviceQualifierDesc
 860              		.section	.text.USBD_CDC_RegisterInterface,"ax",%progbits
 861              		.align	1
 862              		.global	USBD_CDC_RegisterInterface
 863              		.syntax unified
 864              		.code	16
 865              		.thumb_func
 867              	USBD_CDC_RegisterInterface:
 868              		@ args = 0, pretend = 0, frame = 16
 869              		@ frame_needed = 1, uses_anonymous_args = 0
 870 0000 80B5     		push	{r7, lr}
 871 0002 84B0     		sub	sp, sp, #16
 872 0004 00AF     		add	r7, sp, #0
 873 0006 7860     		str	r0, [r7, #4]
 874 0008 3960     		str	r1, [r7]
 875 000a 0F20     		movs	r0, #15
 876 000c 3B18     		adds	r3, r7, r0
 877 000e 0222     		movs	r2, #2
 878 0010 1A70     		strb	r2, [r3]
 879 0012 3B68     		ldr	r3, [r7]
 880 0014 002B     		cmp	r3, #0
 881 0016 07D0     		beq	.L62
 882 0018 7A68     		ldr	r2, [r7, #4]
 883 001a AF23     		movs	r3, #175
 884 001c 9B00     		lsls	r3, r3, #2
 885 001e 3968     		ldr	r1, [r7]
 886 0020 D150     		str	r1, [r2, r3]
 887 0022 3B18     		adds	r3, r7, r0
 888 0024 0022     		movs	r2, #0
 889 0026 1A70     		strb	r2, [r3]
 890              	.L62:
 891 0028 0F23     		movs	r3, #15
 892 002a FB18     		adds	r3, r7, r3
 893 002c 1B78     		ldrb	r3, [r3]
 894 002e 1800     		movs	r0, r3
 895 0030 BD46     		mov	sp, r7
 896 0032 04B0     		add	sp, sp, #16
 897              		@ sp needed
 898 0034 80BD     		pop	{r7, pc}
 900              		.section	.text.USBD_CDC_SetTxBuffer,"ax",%progbits
 901              		.align	1
ARM GAS  /tmp/cc9fcWCM.s 			page 17


 902              		.global	USBD_CDC_SetTxBuffer
 903              		.syntax unified
 904              		.code	16
 905              		.thumb_func
 907              	USBD_CDC_SetTxBuffer:
 908              		@ args = 0, pretend = 0, frame = 24
 909              		@ frame_needed = 1, uses_anonymous_args = 0
 910 0000 80B5     		push	{r7, lr}
 911 0002 86B0     		sub	sp, sp, #24
 912 0004 00AF     		add	r7, sp, #0
 913 0006 F860     		str	r0, [r7, #12]
 914 0008 B960     		str	r1, [r7, #8]
 915 000a BB1D     		adds	r3, r7, #6
 916 000c 1A80     		strh	r2, [r3]
 917 000e FA68     		ldr	r2, [r7, #12]
 918 0010 AE23     		movs	r3, #174
 919 0012 9B00     		lsls	r3, r3, #2
 920 0014 D358     		ldr	r3, [r2, r3]
 921 0016 7B61     		str	r3, [r7, #20]
 922 0018 7A69     		ldr	r2, [r7, #20]
 923 001a 8223     		movs	r3, #130
 924 001c 9B00     		lsls	r3, r3, #2
 925 001e B968     		ldr	r1, [r7, #8]
 926 0020 D150     		str	r1, [r2, r3]
 927 0022 BB1D     		adds	r3, r7, #6
 928 0024 1988     		ldrh	r1, [r3]
 929 0026 7A69     		ldr	r2, [r7, #20]
 930 0028 8423     		movs	r3, #132
 931 002a 9B00     		lsls	r3, r3, #2
 932 002c D150     		str	r1, [r2, r3]
 933 002e 0023     		movs	r3, #0
 934 0030 1800     		movs	r0, r3
 935 0032 BD46     		mov	sp, r7
 936 0034 06B0     		add	sp, sp, #24
 937              		@ sp needed
 938 0036 80BD     		pop	{r7, pc}
 940              		.section	.text.USBD_CDC_SetRxBuffer,"ax",%progbits
 941              		.align	1
 942              		.global	USBD_CDC_SetRxBuffer
 943              		.syntax unified
 944              		.code	16
 945              		.thumb_func
 947              	USBD_CDC_SetRxBuffer:
 948              		@ args = 0, pretend = 0, frame = 16
 949              		@ frame_needed = 1, uses_anonymous_args = 0
 950 0000 80B5     		push	{r7, lr}
 951 0002 84B0     		sub	sp, sp, #16
 952 0004 00AF     		add	r7, sp, #0
 953 0006 7860     		str	r0, [r7, #4]
 954 0008 3960     		str	r1, [r7]
 955 000a 7A68     		ldr	r2, [r7, #4]
 956 000c AE23     		movs	r3, #174
 957 000e 9B00     		lsls	r3, r3, #2
 958 0010 D358     		ldr	r3, [r2, r3]
 959 0012 FB60     		str	r3, [r7, #12]
 960 0014 FA68     		ldr	r2, [r7, #12]
 961 0016 8123     		movs	r3, #129
ARM GAS  /tmp/cc9fcWCM.s 			page 18


 962 0018 9B00     		lsls	r3, r3, #2
 963 001a 3968     		ldr	r1, [r7]
 964 001c D150     		str	r1, [r2, r3]
 965 001e 0023     		movs	r3, #0
 966 0020 1800     		movs	r0, r3
 967 0022 BD46     		mov	sp, r7
 968 0024 04B0     		add	sp, sp, #16
 969              		@ sp needed
 970 0026 80BD     		pop	{r7, pc}
 972              		.section	.text.USBD_CDC_TransmitPacket,"ax",%progbits
 973              		.align	1
 974              		.global	USBD_CDC_TransmitPacket
 975              		.syntax unified
 976              		.code	16
 977              		.thumb_func
 979              	USBD_CDC_TransmitPacket:
 980              		@ args = 0, pretend = 0, frame = 16
 981              		@ frame_needed = 1, uses_anonymous_args = 0
 982 0000 80B5     		push	{r7, lr}
 983 0002 84B0     		sub	sp, sp, #16
 984 0004 00AF     		add	r7, sp, #0
 985 0006 7860     		str	r0, [r7, #4]
 986 0008 7A68     		ldr	r2, [r7, #4]
 987 000a AE23     		movs	r3, #174
 988 000c 9B00     		lsls	r3, r3, #2
 989 000e D358     		ldr	r3, [r2, r3]
 990 0010 FB60     		str	r3, [r7, #12]
 991 0012 7A68     		ldr	r2, [r7, #4]
 992 0014 AE23     		movs	r3, #174
 993 0016 9B00     		lsls	r3, r3, #2
 994 0018 D358     		ldr	r3, [r2, r3]
 995 001a 002B     		cmp	r3, #0
 996 001c 22D0     		beq	.L69
 997 001e FA68     		ldr	r2, [r7, #12]
 998 0020 8523     		movs	r3, #133
 999 0022 9B00     		lsls	r3, r3, #2
 1000 0024 D358     		ldr	r3, [r2, r3]
 1001 0026 002B     		cmp	r3, #0
 1002 0028 1AD1     		bne	.L70
 1003 002a FA68     		ldr	r2, [r7, #12]
 1004 002c 8523     		movs	r3, #133
 1005 002e 9B00     		lsls	r3, r3, #2
 1006 0030 0121     		movs	r1, #1
 1007 0032 D150     		str	r1, [r2, r3]
 1008 0034 FA68     		ldr	r2, [r7, #12]
 1009 0036 8423     		movs	r3, #132
 1010 0038 9B00     		lsls	r3, r3, #2
 1011 003a D258     		ldr	r2, [r2, r3]
 1012 003c 7B68     		ldr	r3, [r7, #4]
 1013 003e 1A63     		str	r2, [r3, #48]
 1014 0040 FA68     		ldr	r2, [r7, #12]
 1015 0042 8223     		movs	r3, #130
 1016 0044 9B00     		lsls	r3, r3, #2
 1017 0046 D158     		ldr	r1, [r2, r3]
 1018 0048 FA68     		ldr	r2, [r7, #12]
 1019 004a 8423     		movs	r3, #132
 1020 004c 9B00     		lsls	r3, r3, #2
ARM GAS  /tmp/cc9fcWCM.s 			page 19


 1021 004e D358     		ldr	r3, [r2, r3]
 1022 0050 9BB2     		uxth	r3, r3
 1023 0052 7868     		ldr	r0, [r7, #4]
 1024 0054 0A00     		movs	r2, r1
 1025 0056 8121     		movs	r1, #129
 1026 0058 FFF7FEFF 		bl	USBD_LL_Transmit
 1027 005c 0023     		movs	r3, #0
 1028 005e 02E0     		b	.L71
 1029              	.L70:
 1030 0060 0123     		movs	r3, #1
 1031 0062 00E0     		b	.L71
 1032              	.L69:
 1033 0064 0223     		movs	r3, #2
 1034              	.L71:
 1035 0066 1800     		movs	r0, r3
 1036 0068 BD46     		mov	sp, r7
 1037 006a 04B0     		add	sp, sp, #16
 1038              		@ sp needed
 1039 006c 80BD     		pop	{r7, pc}
 1041              		.section	.text.USBD_CDC_ReceivePacket,"ax",%progbits
 1042              		.align	1
 1043              		.global	USBD_CDC_ReceivePacket
 1044              		.syntax unified
 1045              		.code	16
 1046              		.thumb_func
 1048              	USBD_CDC_ReceivePacket:
 1049              		@ args = 0, pretend = 0, frame = 16
 1050              		@ frame_needed = 1, uses_anonymous_args = 0
 1051 0000 80B5     		push	{r7, lr}
 1052 0002 84B0     		sub	sp, sp, #16
 1053 0004 00AF     		add	r7, sp, #0
 1054 0006 7860     		str	r0, [r7, #4]
 1055 0008 7A68     		ldr	r2, [r7, #4]
 1056 000a AE23     		movs	r3, #174
 1057 000c 9B00     		lsls	r3, r3, #2
 1058 000e D358     		ldr	r3, [r2, r3]
 1059 0010 FB60     		str	r3, [r7, #12]
 1060 0012 7A68     		ldr	r2, [r7, #4]
 1061 0014 AE23     		movs	r3, #174
 1062 0016 9B00     		lsls	r3, r3, #2
 1063 0018 D358     		ldr	r3, [r2, r3]
 1064 001a 002B     		cmp	r3, #0
 1065 001c 19D0     		beq	.L73
 1066 001e 7B68     		ldr	r3, [r7, #4]
 1067 0020 1B7C     		ldrb	r3, [r3, #16]
 1068 0022 002B     		cmp	r3, #0
 1069 0024 0AD1     		bne	.L74
 1070 0026 FA68     		ldr	r2, [r7, #12]
 1071 0028 8123     		movs	r3, #129
 1072 002a 9B00     		lsls	r3, r3, #2
 1073 002c D258     		ldr	r2, [r2, r3]
 1074 002e 8023     		movs	r3, #128
 1075 0030 9B00     		lsls	r3, r3, #2
 1076 0032 7868     		ldr	r0, [r7, #4]
 1077 0034 0121     		movs	r1, #1
 1078 0036 FFF7FEFF 		bl	USBD_LL_PrepareReceive
 1079 003a 08E0     		b	.L75
ARM GAS  /tmp/cc9fcWCM.s 			page 20


 1080              	.L74:
 1081 003c FA68     		ldr	r2, [r7, #12]
 1082 003e 8123     		movs	r3, #129
 1083 0040 9B00     		lsls	r3, r3, #2
 1084 0042 D258     		ldr	r2, [r2, r3]
 1085 0044 7868     		ldr	r0, [r7, #4]
 1086 0046 4023     		movs	r3, #64
 1087 0048 0121     		movs	r1, #1
 1088 004a FFF7FEFF 		bl	USBD_LL_PrepareReceive
 1089              	.L75:
 1090 004e 0023     		movs	r3, #0
 1091 0050 00E0     		b	.L76
 1092              	.L73:
 1093 0052 0223     		movs	r3, #2
 1094              	.L76:
 1095 0054 1800     		movs	r0, r3
 1096 0056 BD46     		mov	sp, r7
 1097 0058 04B0     		add	sp, sp, #16
 1098              		@ sp needed
 1099 005a 80BD     		pop	{r7, pc}
 1101              		.global	__aeabi_uidivmod
 1102              		.ident	"GCC: (crosstool-NG 1.28.0 - arm-cortexm0-eabi) 15.2.0"
ARM GAS  /tmp/cc9fcWCM.s 			page 21


DEFINED SYMBOLS
                            *ABS*:00000000 usbd_cdc.c
     /tmp/cc9fcWCM.s:15     .rodata.CHANNEL_OFFSET_TAB:00000000 $d
     /tmp/cc9fcWCM.s:18     .rodata.CHANNEL_OFFSET_TAB:00000000 CHANNEL_OFFSET_TAB
     /tmp/cc9fcWCM.s:21     .data.USBD_CDC_DeviceQualifierDesc:00000000 $d
     /tmp/cc9fcWCM.s:24     .data.USBD_CDC_DeviceQualifierDesc:00000000 USBD_CDC_DeviceQualifierDesc
     /tmp/cc9fcWCM.s:31     .data.USBD_CDC:00000000 USBD_CDC
     /tmp/cc9fcWCM.s:28     .data.USBD_CDC:00000000 $d
     /tmp/cc9fcWCM.s:85     .text.USBD_CDC_Init:00000000 USBD_CDC_Init
     /tmp/cc9fcWCM.s:233    .text.USBD_CDC_DeInit:00000000 USBD_CDC_DeInit
     /tmp/cc9fcWCM.s:309    .text.USBD_CDC_Setup:00000000 USBD_CDC_Setup
     /tmp/cc9fcWCM.s:696    .text.USBD_CDC_EP0_RxReady:00000000 USBD_CDC_EP0_RxReady
     /tmp/cc9fcWCM.s:527    .text.USBD_CDC_DataIn:00000000 USBD_CDC_DataIn
     /tmp/cc9fcWCM.s:631    .text.USBD_CDC_DataOut:00000000 USBD_CDC_DataOut
     /tmp/cc9fcWCM.s:784    .text.USBD_CDC_GetHSCfgDesc:00000000 USBD_CDC_GetHSCfgDesc
     /tmp/cc9fcWCM.s:757    .text.USBD_CDC_GetFSCfgDesc:00000000 USBD_CDC_GetFSCfgDesc
     /tmp/cc9fcWCM.s:811    .text.USBD_CDC_GetOtherSpeedCfgDesc:00000000 USBD_CDC_GetOtherSpeedCfgDesc
     /tmp/cc9fcWCM.s:839    .text.USBD_CDC_GetDeviceQualifierDescriptor:00000000 USBD_CDC_GetDeviceQualifierDescriptor
     /tmp/cc9fcWCM.s:51     .data.USBD_CDC_CfgHSDesc:00000000 USBD_CDC_CfgHSDesc
     /tmp/cc9fcWCM.s:48     .data.USBD_CDC_CfgHSDesc:00000000 $d
     /tmp/cc9fcWCM.s:62     .data.USBD_CDC_CfgFSDesc:00000000 USBD_CDC_CfgFSDesc
     /tmp/cc9fcWCM.s:59     .data.USBD_CDC_CfgFSDesc:00000000 $d
     /tmp/cc9fcWCM.s:73     .data.USBD_CDC_OtherSpeedCfgDesc:00000000 USBD_CDC_OtherSpeedCfgDesc
     /tmp/cc9fcWCM.s:70     .data.USBD_CDC_OtherSpeedCfgDesc:00000000 $d
     /tmp/cc9fcWCM.s:80     .text.USBD_CDC_Init:00000000 $t
     /tmp/cc9fcWCM.s:228    .text.USBD_CDC_DeInit:00000000 $t
     /tmp/cc9fcWCM.s:304    .text.USBD_CDC_Setup:00000000 $t
     /tmp/cc9fcWCM.s:519    .text.USBD_CDC_Setup:0000018c $d
     /tmp/cc9fcWCM.s:522    .text.USBD_CDC_DataIn:00000000 $t
     /tmp/cc9fcWCM.s:626    .text.USBD_CDC_DataOut:00000000 $t
     /tmp/cc9fcWCM.s:691    .text.USBD_CDC_EP0_RxReady:00000000 $t
     /tmp/cc9fcWCM.s:749    .text.USBD_CDC_EP0_RxReady:0000005c $d
     /tmp/cc9fcWCM.s:752    .text.USBD_CDC_GetFSCfgDesc:00000000 $t
     /tmp/cc9fcWCM.s:776    .text.USBD_CDC_GetFSCfgDesc:00000018 $d
     /tmp/cc9fcWCM.s:779    .text.USBD_CDC_GetHSCfgDesc:00000000 $t
     /tmp/cc9fcWCM.s:803    .text.USBD_CDC_GetHSCfgDesc:00000018 $d
     /tmp/cc9fcWCM.s:806    .text.USBD_CDC_GetOtherSpeedCfgDesc:00000000 $t
     /tmp/cc9fcWCM.s:830    .text.USBD_CDC_GetOtherSpeedCfgDesc:00000018 $d
     /tmp/cc9fcWCM.s:833    .text.USBD_CDC_GetDeviceQualifierDescriptor:00000000 $t
     /tmp/cc9fcWCM.s:858    .text.USBD_CDC_GetDeviceQualifierDescriptor:00000018 $d
     /tmp/cc9fcWCM.s:861    .text.USBD_CDC_RegisterInterface:00000000 $t
     /tmp/cc9fcWCM.s:867    .text.USBD_CDC_RegisterInterface:00000000 USBD_CDC_RegisterInterface
     /tmp/cc9fcWCM.s:901    .text.USBD_CDC_SetTxBuffer:00000000 $t
     /tmp/cc9fcWCM.s:907    .text.USBD_CDC_SetTxBuffer:00000000 USBD_CDC_SetTxBuffer
     /tmp/cc9fcWCM.s:941    .text.USBD_CDC_SetRxBuffer:00000000 $t
     /tmp/cc9fcWCM.s:947    .text.USBD_CDC_SetRxBuffer:00000000 USBD_CDC_SetRxBuffer
     /tmp/cc9fcWCM.s:973    .text.USBD_CDC_TransmitPacket:00000000 $t
     /tmp/cc9fcWCM.s:979    .text.USBD_CDC_TransmitPacket:00000000 USBD_CDC_TransmitPacket
     /tmp/cc9fcWCM.s:1042   .text.USBD_CDC_ReceivePacket:00000000 $t
     /tmp/cc9fcWCM.s:1048   .text.USBD_CDC_ReceivePacket:00000000 USBD_CDC_ReceivePacket

UNDEFINED SYMBOLS
USBD_LL_OpenEP
USBD_static_malloc
USBD_LL_PrepareReceive
USBD_LL_CloseEP
USBD_static_free
ARM GAS  /tmp/cc9fcWCM.s 			page 22


USBD_CtlSendData
USBD_CtlPrepareRx
USBD_CtlError
__aeabi_uidivmod
USBD_LL_Transmit
USBD_LL_GetRxDataSize
