ARM GAS  /tmp/ccRsummJ.s 			page 1


   1              		.arch armv6s-m
   2              		.fpu softvfp
   3              		.eabi_attribute 20, 1
   4              		.eabi_attribute 21, 1
   5              		.eabi_attribute 23, 3
   6              		.eabi_attribute 24, 1
   7              		.eabi_attribute 25, 1
   8              		.eabi_attribute 26, 1
   9              		.eabi_attribute 30, 6
  10              		.eabi_attribute 34, 0
  11              		.eabi_attribute 18, 4
  12              		.file	"usbd_ctlreq.c"
  13              		.text
  14              		.section	.rodata.CHANNEL_OFFSET_TAB,"a"
  15              		.align	2
  18              	CHANNEL_OFFSET_TAB:
  19 0000 081C3044 		.ascii	"\010\0340DXl\200"
  19      586C80
  20              		.section	.text.USBD_StdDevReq,"ax",%progbits
  21              		.align	1
  22              		.global	USBD_StdDevReq
  23              		.syntax unified
  24              		.code	16
  25              		.thumb_func
  27              	USBD_StdDevReq:
  28              		@ args = 0, pretend = 0, frame = 16
  29              		@ frame_needed = 1, uses_anonymous_args = 0
  30 0000 80B5     		push	{r7, lr}
  31 0002 84B0     		sub	sp, sp, #16
  32 0004 00AF     		add	r7, sp, #0
  33 0006 7860     		str	r0, [r7, #4]
  34 0008 3960     		str	r1, [r7]
  35 000a 0F23     		movs	r3, #15
  36 000c FB18     		adds	r3, r7, r3
  37 000e 0022     		movs	r2, #0
  38 0010 1A70     		strb	r2, [r3]
  39 0012 3B68     		ldr	r3, [r7]
  40 0014 1B78     		ldrb	r3, [r3]
  41 0016 1A00     		movs	r2, r3
  42 0018 6023     		movs	r3, #96
  43 001a 1340     		ands	r3, r2
  44 001c 402B     		cmp	r3, #64
  45 001e 05D0     		beq	.L2
  46 0020 00D9     		bls	.LCB21
  47 0022 5CE0     		b	.L3	@long jump
  48              	.LCB21:
  49 0024 002B     		cmp	r3, #0
  50 0026 0BD0     		beq	.L4
  51 0028 202B     		cmp	r3, #32
  52 002a 58D1     		bne	.L3
  53              	.L2:
  54 002c 7A68     		ldr	r2, [r7, #4]
  55 002e AD23     		movs	r3, #173
  56 0030 9B00     		lsls	r3, r3, #2
  57 0032 D358     		ldr	r3, [r2, r3]
  58 0034 9B68     		ldr	r3, [r3, #8]
  59 0036 3968     		ldr	r1, [r7]
ARM GAS  /tmp/ccRsummJ.s 			page 2


  60 0038 7A68     		ldr	r2, [r7, #4]
  61 003a 1000     		movs	r0, r2
  62 003c 9847     		blx	r3
  63 003e 55E0     		b	.L5
  64              	.L4:
  65 0040 3B68     		ldr	r3, [r7]
  66 0042 5B78     		ldrb	r3, [r3, #1]
  67 0044 092B     		cmp	r3, #9
  68 0046 1FD0     		beq	.L6
  69 0048 41DC     		bgt	.L7
  70 004a 082B     		cmp	r3, #8
  71 004c 23D0     		beq	.L8
  72 004e 3EDC     		bgt	.L7
  73 0050 062B     		cmp	r3, #6
  74 0052 0BD0     		beq	.L9
  75 0054 3BDC     		bgt	.L7
  76 0056 052B     		cmp	r3, #5
  77 0058 0FD0     		beq	.L10
  78 005a 38DC     		bgt	.L7
  79 005c 032B     		cmp	r3, #3
  80 005e 28D0     		beq	.L11
  81 0060 35DC     		bgt	.L7
  82 0062 002B     		cmp	r3, #0
  83 0064 1ED0     		beq	.L12
  84 0066 012B     		cmp	r3, #1
  85 0068 2AD0     		beq	.L13
  86 006a 30E0     		b	.L7
  87              	.L9:
  88 006c 3A68     		ldr	r2, [r7]
  89 006e 7B68     		ldr	r3, [r7, #4]
  90 0070 1100     		movs	r1, r2
  91 0072 1800     		movs	r0, r3
  92 0074 FFF7FEFF 		bl	USBD_GetDescriptor
  93 0078 30E0     		b	.L14
  94              	.L10:
  95 007a 3A68     		ldr	r2, [r7]
  96 007c 7B68     		ldr	r3, [r7, #4]
  97 007e 1100     		movs	r1, r2
  98 0080 1800     		movs	r0, r3
  99 0082 FFF7FEFF 		bl	USBD_SetAddress
 100 0086 29E0     		b	.L14
 101              	.L6:
 102 0088 3A68     		ldr	r2, [r7]
 103 008a 7B68     		ldr	r3, [r7, #4]
 104 008c 1100     		movs	r1, r2
 105 008e 1800     		movs	r0, r3
 106 0090 FFF7FEFF 		bl	USBD_SetConfig
 107 0094 22E0     		b	.L14
 108              	.L8:
 109 0096 3A68     		ldr	r2, [r7]
 110 0098 7B68     		ldr	r3, [r7, #4]
 111 009a 1100     		movs	r1, r2
 112 009c 1800     		movs	r0, r3
 113 009e FFF7FEFF 		bl	USBD_GetConfig
 114 00a2 1BE0     		b	.L14
 115              	.L12:
 116 00a4 3A68     		ldr	r2, [r7]
ARM GAS  /tmp/ccRsummJ.s 			page 3


 117 00a6 7B68     		ldr	r3, [r7, #4]
 118 00a8 1100     		movs	r1, r2
 119 00aa 1800     		movs	r0, r3
 120 00ac FFF7FEFF 		bl	USBD_GetStatus
 121 00b0 14E0     		b	.L14
 122              	.L11:
 123 00b2 3A68     		ldr	r2, [r7]
 124 00b4 7B68     		ldr	r3, [r7, #4]
 125 00b6 1100     		movs	r1, r2
 126 00b8 1800     		movs	r0, r3
 127 00ba FFF7FEFF 		bl	USBD_SetFeature
 128 00be 0DE0     		b	.L14
 129              	.L13:
 130 00c0 3A68     		ldr	r2, [r7]
 131 00c2 7B68     		ldr	r3, [r7, #4]
 132 00c4 1100     		movs	r1, r2
 133 00c6 1800     		movs	r0, r3
 134 00c8 FFF7FEFF 		bl	USBD_ClrFeature
 135 00cc 06E0     		b	.L14
 136              	.L7:
 137 00ce 3A68     		ldr	r2, [r7]
 138 00d0 7B68     		ldr	r3, [r7, #4]
 139 00d2 1100     		movs	r1, r2
 140 00d4 1800     		movs	r0, r3
 141 00d6 FFF7FEFF 		bl	USBD_CtlError
 142 00da C046     		nop
 143              	.L14:
 144 00dc 06E0     		b	.L5
 145              	.L3:
 146 00de 3A68     		ldr	r2, [r7]
 147 00e0 7B68     		ldr	r3, [r7, #4]
 148 00e2 1100     		movs	r1, r2
 149 00e4 1800     		movs	r0, r3
 150 00e6 FFF7FEFF 		bl	USBD_CtlError
 151 00ea C046     		nop
 152              	.L5:
 153 00ec 0F23     		movs	r3, #15
 154 00ee FB18     		adds	r3, r7, r3
 155 00f0 1B78     		ldrb	r3, [r3]
 156 00f2 1800     		movs	r0, r3
 157 00f4 BD46     		mov	sp, r7
 158 00f6 04B0     		add	sp, sp, #16
 159              		@ sp needed
 160 00f8 80BD     		pop	{r7, pc}
 162              		.section	.text.USBD_StdItfReq,"ax",%progbits
 163              		.align	1
 164              		.global	USBD_StdItfReq
 165              		.syntax unified
 166              		.code	16
 167              		.thumb_func
 169              	USBD_StdItfReq:
 170              		@ args = 0, pretend = 0, frame = 16
 171              		@ frame_needed = 1, uses_anonymous_args = 0
 172 0000 B0B5     		push	{r4, r5, r7, lr}
 173 0002 84B0     		sub	sp, sp, #16
 174 0004 00AF     		add	r7, sp, #0
 175 0006 7860     		str	r0, [r7, #4]
ARM GAS  /tmp/ccRsummJ.s 			page 4


 176 0008 3960     		str	r1, [r7]
 177 000a 0F23     		movs	r3, #15
 178 000c FB18     		adds	r3, r7, r3
 179 000e 0022     		movs	r2, #0
 180 0010 1A70     		strb	r2, [r3]
 181 0012 3B68     		ldr	r3, [r7]
 182 0014 1B78     		ldrb	r3, [r3]
 183 0016 1A00     		movs	r2, r3
 184 0018 6023     		movs	r3, #96
 185 001a 1340     		ands	r3, r2
 186 001c 402B     		cmp	r3, #64
 187 001e 04D0     		beq	.L17
 188 0020 39D8     		bhi	.L18
 189 0022 002B     		cmp	r3, #0
 190 0024 01D0     		beq	.L17
 191 0026 202B     		cmp	r3, #32
 192 0028 35D1     		bne	.L18
 193              	.L17:
 194 002a 7A68     		ldr	r2, [r7, #4]
 195 002c A723     		movs	r3, #167
 196 002e 9B00     		lsls	r3, r3, #2
 197 0030 D35C     		ldrb	r3, [r2, r3]
 198 0032 013B     		subs	r3, r3, #1
 199 0034 022B     		cmp	r3, #2
 200 0036 25D8     		bhi	.L19
 201 0038 3B68     		ldr	r3, [r7]
 202 003a 9B88     		ldrh	r3, [r3, #4]
 203 003c DBB2     		uxtb	r3, r3
 204 003e 012B     		cmp	r3, #1
 205 0040 19D8     		bhi	.L20
 206 0042 7A68     		ldr	r2, [r7, #4]
 207 0044 AD23     		movs	r3, #173
 208 0046 9B00     		lsls	r3, r3, #2
 209 0048 D358     		ldr	r3, [r2, r3]
 210 004a 9B68     		ldr	r3, [r3, #8]
 211 004c 0F25     		movs	r5, #15
 212 004e 7C19     		adds	r4, r7, r5
 213 0050 3968     		ldr	r1, [r7]
 214 0052 7A68     		ldr	r2, [r7, #4]
 215 0054 1000     		movs	r0, r2
 216 0056 9847     		blx	r3
 217 0058 0300     		movs	r3, r0
 218 005a 2370     		strb	r3, [r4]
 219 005c 3B68     		ldr	r3, [r7]
 220 005e DB88     		ldrh	r3, [r3, #6]
 221 0060 002B     		cmp	r3, #0
 222 0062 16D1     		bne	.L25
 223 0064 7B19     		adds	r3, r7, r5
 224 0066 1B78     		ldrb	r3, [r3]
 225 0068 002B     		cmp	r3, #0
 226 006a 12D1     		bne	.L25
 227 006c 7B68     		ldr	r3, [r7, #4]
 228 006e 1800     		movs	r0, r3
 229 0070 FFF7FEFF 		bl	USBD_CtlSendStatus
 230 0074 0DE0     		b	.L25
 231              	.L20:
 232 0076 3A68     		ldr	r2, [r7]
ARM GAS  /tmp/ccRsummJ.s 			page 5


 233 0078 7B68     		ldr	r3, [r7, #4]
 234 007a 1100     		movs	r1, r2
 235 007c 1800     		movs	r0, r3
 236 007e FFF7FEFF 		bl	USBD_CtlError
 237 0082 06E0     		b	.L25
 238              	.L19:
 239 0084 3A68     		ldr	r2, [r7]
 240 0086 7B68     		ldr	r3, [r7, #4]
 241 0088 1100     		movs	r1, r2
 242 008a 1800     		movs	r0, r3
 243 008c FFF7FEFF 		bl	USBD_CtlError
 244 0090 00E0     		b	.L22
 245              	.L25:
 246 0092 C046     		nop
 247              	.L22:
 248 0094 06E0     		b	.L23
 249              	.L18:
 250 0096 3A68     		ldr	r2, [r7]
 251 0098 7B68     		ldr	r3, [r7, #4]
 252 009a 1100     		movs	r1, r2
 253 009c 1800     		movs	r0, r3
 254 009e FFF7FEFF 		bl	USBD_CtlError
 255 00a2 C046     		nop
 256              	.L23:
 257 00a4 0023     		movs	r3, #0
 258 00a6 1800     		movs	r0, r3
 259 00a8 BD46     		mov	sp, r7
 260 00aa 04B0     		add	sp, sp, #16
 261              		@ sp needed
 262 00ac B0BD     		pop	{r4, r5, r7, pc}
 264              		.section	.text.USBD_StdEPReq,"ax",%progbits
 265              		.align	1
 266              		.global	USBD_StdEPReq
 267              		.syntax unified
 268              		.code	16
 269              		.thumb_func
 271              	USBD_StdEPReq:
 272              		@ args = 0, pretend = 0, frame = 16
 273              		@ frame_needed = 1, uses_anonymous_args = 0
 274 0000 B0B5     		push	{r4, r5, r7, lr}
 275 0002 84B0     		sub	sp, sp, #16
 276 0004 00AF     		add	r7, sp, #0
 277 0006 7860     		str	r0, [r7, #4]
 278 0008 3960     		str	r1, [r7]
 279 000a 0B23     		movs	r3, #11
 280 000c FB18     		adds	r3, r7, r3
 281 000e 0022     		movs	r2, #0
 282 0010 1A70     		strb	r2, [r3]
 283 0012 3B68     		ldr	r3, [r7]
 284 0014 9A88     		ldrh	r2, [r3, #4]
 285 0016 0A23     		movs	r3, #10
 286 0018 FB18     		adds	r3, r7, r3
 287 001a 1A70     		strb	r2, [r3]
 288 001c 3B68     		ldr	r3, [r7]
 289 001e 1B78     		ldrb	r3, [r3]
 290 0020 1A00     		movs	r2, r3
 291 0022 6023     		movs	r3, #96
ARM GAS  /tmp/ccRsummJ.s 			page 6


 292 0024 1340     		ands	r3, r2
 293 0026 402B     		cmp	r3, #64
 294 0028 06D0     		beq	.L27
 295 002a 00D9     		bls	.LCB308
 296 002c 92E1     		b	.L28	@long jump
 297              	.LCB308:
 298 002e 002B     		cmp	r3, #0
 299 0030 0CD0     		beq	.L29
 300 0032 202B     		cmp	r3, #32
 301 0034 00D0     		beq	.LCB312
 302 0036 8DE1     		b	.L28	@long jump
 303              	.LCB312:
 304              	.L27:
 305 0038 7A68     		ldr	r2, [r7, #4]
 306 003a AD23     		movs	r3, #173
 307 003c 9B00     		lsls	r3, r3, #2
 308 003e D358     		ldr	r3, [r2, r3]
 309 0040 9B68     		ldr	r3, [r3, #8]
 310 0042 3968     		ldr	r1, [r7]
 311 0044 7A68     		ldr	r2, [r7, #4]
 312 0046 1000     		movs	r0, r2
 313 0048 9847     		blx	r3
 314 004a 8AE1     		b	.L30
 315              	.L29:
 316 004c 3B68     		ldr	r3, [r7]
 317 004e 1B78     		ldrb	r3, [r3]
 318 0050 1A00     		movs	r2, r3
 319 0052 6023     		movs	r3, #96
 320 0054 1340     		ands	r3, r2
 321 0056 202B     		cmp	r3, #32
 322 0058 0FD1     		bne	.L31
 323 005a 7A68     		ldr	r2, [r7, #4]
 324 005c AD23     		movs	r3, #173
 325 005e 9B00     		lsls	r3, r3, #2
 326 0060 D358     		ldr	r3, [r2, r3]
 327 0062 9B68     		ldr	r3, [r3, #8]
 328 0064 0B25     		movs	r5, #11
 329 0066 7C19     		adds	r4, r7, r5
 330 0068 3968     		ldr	r1, [r7]
 331 006a 7A68     		ldr	r2, [r7, #4]
 332 006c 1000     		movs	r0, r2
 333 006e 9847     		blx	r3
 334 0070 0300     		movs	r3, r0
 335 0072 2370     		strb	r3, [r4]
 336 0074 7B19     		adds	r3, r7, r5
 337 0076 1B78     		ldrb	r3, [r3]
 338 0078 76E1     		b	.L32
 339              	.L31:
 340 007a 3B68     		ldr	r3, [r7]
 341 007c 5B78     		ldrb	r3, [r3, #1]
 342 007e 032B     		cmp	r3, #3
 343 0080 07D0     		beq	.L33
 344 0082 00DD     		ble	.LCB359
 345 0084 5EE1     		b	.L34	@long jump
 346              	.LCB359:
 347 0086 002B     		cmp	r3, #0
 348 0088 00D1     		bne	.LCB361
ARM GAS  /tmp/ccRsummJ.s 			page 7


 349 008a 92E0     		b	.L35	@long jump
 350              	.LCB361:
 351 008c 012B     		cmp	r3, #1
 352 008e 4BD0     		beq	.L36
 353 0090 58E1     		b	.L34
 354              	.L33:
 355 0092 7A68     		ldr	r2, [r7, #4]
 356 0094 A723     		movs	r3, #167
 357 0096 9B00     		lsls	r3, r3, #2
 358 0098 D35C     		ldrb	r3, [r2, r3]
 359 009a 022B     		cmp	r3, #2
 360 009c 02D0     		beq	.L37
 361 009e 032B     		cmp	r3, #3
 362 00a0 1DD0     		beq	.L38
 363 00a2 39E0     		b	.L68
 364              	.L37:
 365 00a4 0A22     		movs	r2, #10
 366 00a6 BB18     		adds	r3, r7, r2
 367 00a8 1B78     		ldrb	r3, [r3]
 368 00aa 002B     		cmp	r3, #0
 369 00ac 10D0     		beq	.L40
 370 00ae BB18     		adds	r3, r7, r2
 371 00b0 1B78     		ldrb	r3, [r3]
 372 00b2 802B     		cmp	r3, #128
 373 00b4 0CD0     		beq	.L40
 374 00b6 BB18     		adds	r3, r7, r2
 375 00b8 1A78     		ldrb	r2, [r3]
 376 00ba 7B68     		ldr	r3, [r7, #4]
 377 00bc 1100     		movs	r1, r2
 378 00be 1800     		movs	r0, r3
 379 00c0 FFF7FEFF 		bl	USBD_LL_StallEP
 380 00c4 7B68     		ldr	r3, [r7, #4]
 381 00c6 8021     		movs	r1, #128
 382 00c8 1800     		movs	r0, r3
 383 00ca FFF7FEFF 		bl	USBD_LL_StallEP
 384 00ce 2AE0     		b	.L42
 385              	.L40:
 386 00d0 3A68     		ldr	r2, [r7]
 387 00d2 7B68     		ldr	r3, [r7, #4]
 388 00d4 1100     		movs	r1, r2
 389 00d6 1800     		movs	r0, r3
 390 00d8 FFF7FEFF 		bl	USBD_CtlError
 391 00dc 23E0     		b	.L42
 392              	.L38:
 393 00de 3B68     		ldr	r3, [r7]
 394 00e0 5B88     		ldrh	r3, [r3, #2]
 395 00e2 002B     		cmp	r3, #0
 396 00e4 13D1     		bne	.L43
 397 00e6 0A22     		movs	r2, #10
 398 00e8 BB18     		adds	r3, r7, r2
 399 00ea 1B78     		ldrb	r3, [r3]
 400 00ec 002B     		cmp	r3, #0
 401 00ee 0ED0     		beq	.L43
 402 00f0 BB18     		adds	r3, r7, r2
 403 00f2 1B78     		ldrb	r3, [r3]
 404 00f4 802B     		cmp	r3, #128
 405 00f6 0AD0     		beq	.L43
ARM GAS  /tmp/ccRsummJ.s 			page 8


 406 00f8 3B68     		ldr	r3, [r7]
 407 00fa DB88     		ldrh	r3, [r3, #6]
 408 00fc 002B     		cmp	r3, #0
 409 00fe 06D1     		bne	.L43
 410 0100 BB18     		adds	r3, r7, r2
 411 0102 1A78     		ldrb	r2, [r3]
 412 0104 7B68     		ldr	r3, [r7, #4]
 413 0106 1100     		movs	r1, r2
 414 0108 1800     		movs	r0, r3
 415 010a FFF7FEFF 		bl	USBD_LL_StallEP
 416              	.L43:
 417 010e 7B68     		ldr	r3, [r7, #4]
 418 0110 1800     		movs	r0, r3
 419 0112 FFF7FEFF 		bl	USBD_CtlSendStatus
 420 0116 06E0     		b	.L42
 421              	.L68:
 422 0118 3A68     		ldr	r2, [r7]
 423 011a 7B68     		ldr	r3, [r7, #4]
 424 011c 1100     		movs	r1, r2
 425 011e 1800     		movs	r0, r3
 426 0120 FFF7FEFF 		bl	USBD_CtlError
 427 0124 C046     		nop
 428              	.L42:
 429 0126 14E1     		b	.L44
 430              	.L36:
 431 0128 7A68     		ldr	r2, [r7, #4]
 432 012a A723     		movs	r3, #167
 433 012c 9B00     		lsls	r3, r3, #2
 434 012e D35C     		ldrb	r3, [r2, r3]
 435 0130 022B     		cmp	r3, #2
 436 0132 02D0     		beq	.L45
 437 0134 032B     		cmp	r3, #3
 438 0136 1DD0     		beq	.L46
 439 0138 32E0     		b	.L69
 440              	.L45:
 441 013a 0A22     		movs	r2, #10
 442 013c BB18     		adds	r3, r7, r2
 443 013e 1B78     		ldrb	r3, [r3]
 444 0140 002B     		cmp	r3, #0
 445 0142 10D0     		beq	.L48
 446 0144 BB18     		adds	r3, r7, r2
 447 0146 1B78     		ldrb	r3, [r3]
 448 0148 802B     		cmp	r3, #128
 449 014a 0CD0     		beq	.L48
 450 014c BB18     		adds	r3, r7, r2
 451 014e 1A78     		ldrb	r2, [r3]
 452 0150 7B68     		ldr	r3, [r7, #4]
 453 0152 1100     		movs	r1, r2
 454 0154 1800     		movs	r0, r3
 455 0156 FFF7FEFF 		bl	USBD_LL_StallEP
 456 015a 7B68     		ldr	r3, [r7, #4]
 457 015c 8021     		movs	r1, #128
 458 015e 1800     		movs	r0, r3
 459 0160 FFF7FEFF 		bl	USBD_LL_StallEP
 460 0164 24E0     		b	.L50
 461              	.L48:
 462 0166 3A68     		ldr	r2, [r7]
ARM GAS  /tmp/ccRsummJ.s 			page 9


 463 0168 7B68     		ldr	r3, [r7, #4]
 464 016a 1100     		movs	r1, r2
 465 016c 1800     		movs	r0, r3
 466 016e FFF7FEFF 		bl	USBD_CtlError
 467 0172 1DE0     		b	.L50
 468              	.L46:
 469 0174 3B68     		ldr	r3, [r7]
 470 0176 5B88     		ldrh	r3, [r3, #2]
 471 0178 002B     		cmp	r3, #0
 472 017a 18D1     		bne	.L71
 473 017c 0A21     		movs	r1, #10
 474 017e 7B18     		adds	r3, r7, r1
 475 0180 1B78     		ldrb	r3, [r3]
 476 0182 7F22     		movs	r2, #127
 477 0184 1340     		ands	r3, r2
 478 0186 06D0     		beq	.L52
 479 0188 7B18     		adds	r3, r7, r1
 480 018a 1A78     		ldrb	r2, [r3]
 481 018c 7B68     		ldr	r3, [r7, #4]
 482 018e 1100     		movs	r1, r2
 483 0190 1800     		movs	r0, r3
 484 0192 FFF7FEFF 		bl	USBD_LL_ClearStallEP
 485              	.L52:
 486 0196 7B68     		ldr	r3, [r7, #4]
 487 0198 1800     		movs	r0, r3
 488 019a FFF7FEFF 		bl	USBD_CtlSendStatus
 489 019e 06E0     		b	.L71
 490              	.L69:
 491 01a0 3A68     		ldr	r2, [r7]
 492 01a2 7B68     		ldr	r3, [r7, #4]
 493 01a4 1100     		movs	r1, r2
 494 01a6 1800     		movs	r0, r3
 495 01a8 FFF7FEFF 		bl	USBD_CtlError
 496 01ac 00E0     		b	.L50
 497              	.L71:
 498 01ae C046     		nop
 499              	.L50:
 500 01b0 CFE0     		b	.L44
 501              	.L35:
 502 01b2 7A68     		ldr	r2, [r7, #4]
 503 01b4 A723     		movs	r3, #167
 504 01b6 9B00     		lsls	r3, r3, #2
 505 01b8 D35C     		ldrb	r3, [r2, r3]
 506 01ba 022B     		cmp	r3, #2
 507 01bc 02D0     		beq	.L53
 508 01be 032B     		cmp	r3, #3
 509 01c0 3DD0     		beq	.L54
 510 01c2 B7E0     		b	.L70
 511              	.L53:
 512 01c4 0A22     		movs	r2, #10
 513 01c6 BB18     		adds	r3, r7, r2
 514 01c8 1B78     		ldrb	r3, [r3]
 515 01ca 002B     		cmp	r3, #0
 516 01cc 0AD0     		beq	.L56
 517 01ce BB18     		adds	r3, r7, r2
 518 01d0 1B78     		ldrb	r3, [r3]
 519 01d2 802B     		cmp	r3, #128
ARM GAS  /tmp/ccRsummJ.s 			page 10


 520 01d4 06D0     		beq	.L56
 521 01d6 3A68     		ldr	r2, [r7]
 522 01d8 7B68     		ldr	r3, [r7, #4]
 523 01da 1100     		movs	r1, r2
 524 01dc 1800     		movs	r0, r3
 525 01de FFF7FEFF 		bl	USBD_CtlError
 526 01e2 AEE0     		b	.L57
 527              	.L56:
 528 01e4 0A22     		movs	r2, #10
 529 01e6 BB18     		adds	r3, r7, r2
 530 01e8 1B78     		ldrb	r3, [r3]
 531 01ea 5BB2     		sxtb	r3, r3
 532 01ec 002B     		cmp	r3, #0
 533 01ee 0DDA     		bge	.L58
 534 01f0 BB18     		adds	r3, r7, r2
 535 01f2 1B78     		ldrb	r3, [r3]
 536 01f4 7F22     		movs	r2, #127
 537 01f6 1A40     		ands	r2, r3
 538 01f8 1300     		movs	r3, r2
 539 01fa 9B00     		lsls	r3, r3, #2
 540 01fc 9B18     		adds	r3, r3, r2
 541 01fe 9B00     		lsls	r3, r3, #2
 542 0200 1033     		adds	r3, r3, #16
 543 0202 7A68     		ldr	r2, [r7, #4]
 544 0204 D318     		adds	r3, r2, r3
 545 0206 0433     		adds	r3, r3, #4
 546 0208 FB60     		str	r3, [r7, #12]
 547 020a 0EE0     		b	.L59
 548              	.L58:
 549 020c 0A23     		movs	r3, #10
 550 020e FB18     		adds	r3, r7, r3
 551 0210 1B78     		ldrb	r3, [r3]
 552 0212 7F22     		movs	r2, #127
 553 0214 1A40     		ands	r2, r3
 554 0216 1300     		movs	r3, r2
 555 0218 9B00     		lsls	r3, r3, #2
 556 021a 9B18     		adds	r3, r3, r2
 557 021c 9B00     		lsls	r3, r3, #2
 558 021e 5133     		adds	r3, r3, #81
 559 0220 FF33     		adds	r3, r3, #255
 560 0222 7A68     		ldr	r2, [r7, #4]
 561 0224 D318     		adds	r3, r2, r3
 562 0226 0433     		adds	r3, r3, #4
 563 0228 FB60     		str	r3, [r7, #12]
 564              	.L59:
 565 022a FB68     		ldr	r3, [r7, #12]
 566 022c 0022     		movs	r2, #0
 567 022e 1A60     		str	r2, [r3]
 568 0230 F968     		ldr	r1, [r7, #12]
 569 0232 7B68     		ldr	r3, [r7, #4]
 570 0234 0222     		movs	r2, #2
 571 0236 1800     		movs	r0, r3
 572 0238 FFF7FEFF 		bl	USBD_CtlSendData
 573 023c 81E0     		b	.L57
 574              	.L54:
 575 023e 0A22     		movs	r2, #10
 576 0240 BB18     		adds	r3, r7, r2
ARM GAS  /tmp/ccRsummJ.s 			page 11


 577 0242 1B78     		ldrb	r3, [r3]
 578 0244 5BB2     		sxtb	r3, r3
 579 0246 002B     		cmp	r3, #0
 580 0248 14DA     		bge	.L60
 581 024a BB18     		adds	r3, r7, r2
 582 024c 1B78     		ldrb	r3, [r3]
 583 024e 0F22     		movs	r2, #15
 584 0250 1A40     		ands	r2, r3
 585 0252 7968     		ldr	r1, [r7, #4]
 586 0254 1300     		movs	r3, r2
 587 0256 9B00     		lsls	r3, r3, #2
 588 0258 9B18     		adds	r3, r3, r2
 589 025a 9B00     		lsls	r3, r3, #2
 590 025c CB18     		adds	r3, r1, r3
 591 025e 1833     		adds	r3, r3, #24
 592 0260 1B68     		ldr	r3, [r3]
 593 0262 002B     		cmp	r3, #0
 594 0264 1ED1     		bne	.L61
 595 0266 3A68     		ldr	r2, [r7]
 596 0268 7B68     		ldr	r3, [r7, #4]
 597 026a 1100     		movs	r1, r2
 598 026c 1800     		movs	r0, r3
 599 026e FFF7FEFF 		bl	USBD_CtlError
 600 0272 66E0     		b	.L57
 601              	.L60:
 602 0274 0A23     		movs	r3, #10
 603 0276 FB18     		adds	r3, r7, r3
 604 0278 1B78     		ldrb	r3, [r3]
 605 027a 0F22     		movs	r2, #15
 606 027c 1A40     		ands	r2, r3
 607 027e 7868     		ldr	r0, [r7, #4]
 608 0280 AC23     		movs	r3, #172
 609 0282 5900     		lsls	r1, r3, #1
 610 0284 1300     		movs	r3, r2
 611 0286 9B00     		lsls	r3, r3, #2
 612 0288 9B18     		adds	r3, r3, r2
 613 028a 9B00     		lsls	r3, r3, #2
 614 028c C318     		adds	r3, r0, r3
 615 028e 5B18     		adds	r3, r3, r1
 616 0290 1B68     		ldr	r3, [r3]
 617 0292 002B     		cmp	r3, #0
 618 0294 06D1     		bne	.L61
 619 0296 3A68     		ldr	r2, [r7]
 620 0298 7B68     		ldr	r3, [r7, #4]
 621 029a 1100     		movs	r1, r2
 622 029c 1800     		movs	r0, r3
 623 029e FFF7FEFF 		bl	USBD_CtlError
 624 02a2 4EE0     		b	.L57
 625              	.L61:
 626 02a4 0A22     		movs	r2, #10
 627 02a6 BB18     		adds	r3, r7, r2
 628 02a8 1B78     		ldrb	r3, [r3]
 629 02aa 5BB2     		sxtb	r3, r3
 630 02ac 002B     		cmp	r3, #0
 631 02ae 0DDA     		bge	.L62
 632 02b0 BB18     		adds	r3, r7, r2
 633 02b2 1B78     		ldrb	r3, [r3]
ARM GAS  /tmp/ccRsummJ.s 			page 12


 634 02b4 7F22     		movs	r2, #127
 635 02b6 1A40     		ands	r2, r3
 636 02b8 1300     		movs	r3, r2
 637 02ba 9B00     		lsls	r3, r3, #2
 638 02bc 9B18     		adds	r3, r3, r2
 639 02be 9B00     		lsls	r3, r3, #2
 640 02c0 1033     		adds	r3, r3, #16
 641 02c2 7A68     		ldr	r2, [r7, #4]
 642 02c4 D318     		adds	r3, r2, r3
 643 02c6 0433     		adds	r3, r3, #4
 644 02c8 FB60     		str	r3, [r7, #12]
 645 02ca 0EE0     		b	.L63
 646              	.L62:
 647 02cc 0A23     		movs	r3, #10
 648 02ce FB18     		adds	r3, r7, r3
 649 02d0 1B78     		ldrb	r3, [r3]
 650 02d2 7F22     		movs	r2, #127
 651 02d4 1A40     		ands	r2, r3
 652 02d6 1300     		movs	r3, r2
 653 02d8 9B00     		lsls	r3, r3, #2
 654 02da 9B18     		adds	r3, r3, r2
 655 02dc 9B00     		lsls	r3, r3, #2
 656 02de 5133     		adds	r3, r3, #81
 657 02e0 FF33     		adds	r3, r3, #255
 658 02e2 7A68     		ldr	r2, [r7, #4]
 659 02e4 D318     		adds	r3, r2, r3
 660 02e6 0433     		adds	r3, r3, #4
 661 02e8 FB60     		str	r3, [r7, #12]
 662              	.L63:
 663 02ea 0A22     		movs	r2, #10
 664 02ec BB18     		adds	r3, r7, r2
 665 02ee 1B78     		ldrb	r3, [r3]
 666 02f0 002B     		cmp	r3, #0
 667 02f2 03D0     		beq	.L64
 668 02f4 BB18     		adds	r3, r7, r2
 669 02f6 1B78     		ldrb	r3, [r3]
 670 02f8 802B     		cmp	r3, #128
 671 02fa 03D1     		bne	.L65
 672              	.L64:
 673 02fc FB68     		ldr	r3, [r7, #12]
 674 02fe 0022     		movs	r2, #0
 675 0300 1A60     		str	r2, [r3]
 676 0302 10E0     		b	.L66
 677              	.L65:
 678 0304 0A23     		movs	r3, #10
 679 0306 FB18     		adds	r3, r7, r3
 680 0308 1A78     		ldrb	r2, [r3]
 681 030a 7B68     		ldr	r3, [r7, #4]
 682 030c 1100     		movs	r1, r2
 683 030e 1800     		movs	r0, r3
 684 0310 FFF7FEFF 		bl	USBD_LL_IsStallEP
 685 0314 031E     		subs	r3, r0, #0
 686 0316 03D0     		beq	.L67
 687 0318 FB68     		ldr	r3, [r7, #12]
 688 031a 0122     		movs	r2, #1
 689 031c 1A60     		str	r2, [r3]
 690 031e 02E0     		b	.L66
ARM GAS  /tmp/ccRsummJ.s 			page 13


 691              	.L67:
 692 0320 FB68     		ldr	r3, [r7, #12]
 693 0322 0022     		movs	r2, #0
 694 0324 1A60     		str	r2, [r3]
 695              	.L66:
 696 0326 F968     		ldr	r1, [r7, #12]
 697 0328 7B68     		ldr	r3, [r7, #4]
 698 032a 0222     		movs	r2, #2
 699 032c 1800     		movs	r0, r3
 700 032e FFF7FEFF 		bl	USBD_CtlSendData
 701 0332 06E0     		b	.L57
 702              	.L70:
 703 0334 3A68     		ldr	r2, [r7]
 704 0336 7B68     		ldr	r3, [r7, #4]
 705 0338 1100     		movs	r1, r2
 706 033a 1800     		movs	r0, r3
 707 033c FFF7FEFF 		bl	USBD_CtlError
 708 0340 C046     		nop
 709              	.L57:
 710 0342 06E0     		b	.L44
 711              	.L34:
 712 0344 3A68     		ldr	r2, [r7]
 713 0346 7B68     		ldr	r3, [r7, #4]
 714 0348 1100     		movs	r1, r2
 715 034a 1800     		movs	r0, r3
 716 034c FFF7FEFF 		bl	USBD_CtlError
 717 0350 C046     		nop
 718              	.L44:
 719 0352 06E0     		b	.L30
 720              	.L28:
 721 0354 3A68     		ldr	r2, [r7]
 722 0356 7B68     		ldr	r3, [r7, #4]
 723 0358 1100     		movs	r1, r2
 724 035a 1800     		movs	r0, r3
 725 035c FFF7FEFF 		bl	USBD_CtlError
 726 0360 C046     		nop
 727              	.L30:
 728 0362 0B23     		movs	r3, #11
 729 0364 FB18     		adds	r3, r7, r3
 730 0366 1B78     		ldrb	r3, [r3]
 731              	.L32:
 732 0368 1800     		movs	r0, r3
 733 036a BD46     		mov	sp, r7
 734 036c 04B0     		add	sp, sp, #16
 735              		@ sp needed
 736 036e B0BD     		pop	{r4, r5, r7, pc}
 738              		.section	.text.USBD_GetDescriptor,"ax",%progbits
 739              		.align	1
 740              		.syntax unified
 741              		.code	16
 742              		.thumb_func
 744              	USBD_GetDescriptor:
 745              		@ args = 0, pretend = 0, frame = 16
 746              		@ frame_needed = 1, uses_anonymous_args = 0
 747 0000 80B5     		push	{r7, lr}
 748 0002 84B0     		sub	sp, sp, #16
 749 0004 00AF     		add	r7, sp, #0
ARM GAS  /tmp/ccRsummJ.s 			page 14


 750 0006 7860     		str	r0, [r7, #4]
 751 0008 3960     		str	r1, [r7]
 752 000a 0823     		movs	r3, #8
 753 000c FB18     		adds	r3, r7, r3
 754 000e 0022     		movs	r2, #0
 755 0010 1A80     		strh	r2, [r3]
 756 0012 0023     		movs	r3, #0
 757 0014 FB60     		str	r3, [r7, #12]
 758 0016 0B23     		movs	r3, #11
 759 0018 FB18     		adds	r3, r7, r3
 760 001a 0022     		movs	r2, #0
 761 001c 1A70     		strb	r2, [r3]
 762 001e 3B68     		ldr	r3, [r7]
 763 0020 5B88     		ldrh	r3, [r3, #2]
 764 0022 1B0A     		lsrs	r3, r3, #8
 765 0024 9BB2     		uxth	r3, r3
 766 0026 072B     		cmp	r3, #7
 767 0028 00D1     		bne	.LCB853
 768 002a 53E1     		b	.L73	@long jump
 769              	.LCB853:
 770 002c 00DD     		ble	.LCB855
 771 002e 72E1     		b	.L74	@long jump
 772              	.LCB855:
 773 0030 062B     		cmp	r3, #6
 774 0032 00D1     		bne	.LCB857
 775 0034 31E1     		b	.L75	@long jump
 776              	.LCB857:
 777 0036 00DD     		ble	.LCB859
 778 0038 6DE1     		b	.L74	@long jump
 779              	.LCB859:
 780 003a 032B     		cmp	r3, #3
 781 003c 38D0     		beq	.L76
 782 003e 00DD     		ble	.LCB863
 783 0040 69E1     		b	.L74	@long jump
 784              	.LCB863:
 785 0042 012B     		cmp	r3, #1
 786 0044 02D0     		beq	.L77
 787 0046 022B     		cmp	r3, #2
 788 0048 0ED0     		beq	.L78
 789 004a 64E1     		b	.L74
 790              	.L77:
 791 004c 7A68     		ldr	r2, [r7, #4]
 792 004e AC23     		movs	r3, #172
 793 0050 9B00     		lsls	r3, r3, #2
 794 0052 D358     		ldr	r3, [r2, r3]
 795 0054 1B68     		ldr	r3, [r3]
 796 0056 7A68     		ldr	r2, [r7, #4]
 797 0058 127C     		ldrb	r2, [r2, #16]
 798 005a 0821     		movs	r1, #8
 799 005c 7918     		adds	r1, r7, r1
 800 005e 1000     		movs	r0, r2
 801 0060 9847     		blx	r3
 802 0062 0300     		movs	r3, r0
 803 0064 FB60     		str	r3, [r7, #12]
 804 0066 63E1     		b	.L79
 805              	.L78:
 806 0068 7B68     		ldr	r3, [r7, #4]
ARM GAS  /tmp/ccRsummJ.s 			page 15


 807 006a 1B7C     		ldrb	r3, [r3, #16]
 808 006c 002B     		cmp	r3, #0
 809 006e 0FD1     		bne	.L80
 810 0070 7A68     		ldr	r2, [r7, #4]
 811 0072 AD23     		movs	r3, #173
 812 0074 9B00     		lsls	r3, r3, #2
 813 0076 D358     		ldr	r3, [r2, r3]
 814 0078 9B6A     		ldr	r3, [r3, #40]
 815 007a 0822     		movs	r2, #8
 816 007c BA18     		adds	r2, r7, r2
 817 007e 1000     		movs	r0, r2
 818 0080 9847     		blx	r3
 819 0082 0300     		movs	r3, r0
 820 0084 FB60     		str	r3, [r7, #12]
 821 0086 FB68     		ldr	r3, [r7, #12]
 822 0088 0133     		adds	r3, r3, #1
 823 008a 0222     		movs	r2, #2
 824 008c 1A70     		strb	r2, [r3]
 825 008e 4FE1     		b	.L79
 826              	.L80:
 827 0090 7A68     		ldr	r2, [r7, #4]
 828 0092 AD23     		movs	r3, #173
 829 0094 9B00     		lsls	r3, r3, #2
 830 0096 D358     		ldr	r3, [r2, r3]
 831 0098 DB6A     		ldr	r3, [r3, #44]
 832 009a 0822     		movs	r2, #8
 833 009c BA18     		adds	r2, r7, r2
 834 009e 1000     		movs	r0, r2
 835 00a0 9847     		blx	r3
 836 00a2 0300     		movs	r3, r0
 837 00a4 FB60     		str	r3, [r7, #12]
 838 00a6 FB68     		ldr	r3, [r7, #12]
 839 00a8 0133     		adds	r3, r3, #1
 840 00aa 0222     		movs	r2, #2
 841 00ac 1A70     		strb	r2, [r3]
 842 00ae 3FE1     		b	.L79
 843              	.L76:
 844 00b0 3B68     		ldr	r3, [r7]
 845 00b2 5B88     		ldrh	r3, [r3, #2]
 846 00b4 DBB2     		uxtb	r3, r3
 847 00b6 052B     		cmp	r3, #5
 848 00b8 00D1     		bne	.LCB935
 849 00ba BEE0     		b	.L82	@long jump
 850              	.LCB935:
 851 00bc 00DD     		ble	.LCB937
 852 00be DEE0     		b	.L83	@long jump
 853              	.LCB937:
 854 00c0 042B     		cmp	r3, #4
 855 00c2 00D1     		bne	.LCB939
 856 00c4 97E0     		b	.L84	@long jump
 857              	.LCB939:
 858 00c6 00DD     		ble	.LCB941
 859 00c8 D9E0     		b	.L83	@long jump
 860              	.LCB941:
 861 00ca 032B     		cmp	r3, #3
 862 00cc 00D1     		bne	.LCB943
 863 00ce 70E0     		b	.L85	@long jump
ARM GAS  /tmp/ccRsummJ.s 			page 16


 864              	.LCB943:
 865 00d0 00DD     		ble	.LCB945
 866 00d2 D4E0     		b	.L83	@long jump
 867              	.LCB945:
 868 00d4 022B     		cmp	r3, #2
 869 00d6 4AD0     		beq	.L86
 870 00d8 00DD     		ble	.LCB949
 871 00da D0E0     		b	.L83	@long jump
 872              	.LCB949:
 873 00dc 002B     		cmp	r3, #0
 874 00de 02D0     		beq	.L87
 875 00e0 012B     		cmp	r3, #1
 876 00e2 22D0     		beq	.L88
 877 00e4 CBE0     		b	.L83
 878              	.L87:
 879 00e6 7A68     		ldr	r2, [r7, #4]
 880 00e8 AC23     		movs	r3, #172
 881 00ea 9B00     		lsls	r3, r3, #2
 882 00ec D358     		ldr	r3, [r2, r3]
 883 00ee 5B68     		ldr	r3, [r3, #4]
 884 00f0 002B     		cmp	r3, #0
 885 00f2 0DD0     		beq	.L89
 886 00f4 7A68     		ldr	r2, [r7, #4]
 887 00f6 AC23     		movs	r3, #172
 888 00f8 9B00     		lsls	r3, r3, #2
 889 00fa D358     		ldr	r3, [r2, r3]
 890 00fc 5B68     		ldr	r3, [r3, #4]
 891 00fe 7A68     		ldr	r2, [r7, #4]
 892 0100 127C     		ldrb	r2, [r2, #16]
 893 0102 0821     		movs	r1, #8
 894 0104 7918     		adds	r1, r7, r1
 895 0106 1000     		movs	r0, r2
 896 0108 9847     		blx	r3
 897 010a 0300     		movs	r3, r0
 898 010c FB60     		str	r3, [r7, #12]
 899 010e C3E0     		b	.L91
 900              	.L89:
 901 0110 3A68     		ldr	r2, [r7]
 902 0112 7B68     		ldr	r3, [r7, #4]
 903 0114 1100     		movs	r1, r2
 904 0116 1800     		movs	r0, r3
 905 0118 FFF7FEFF 		bl	USBD_CtlError
 906 011c 0B21     		movs	r1, #11
 907 011e 7B18     		adds	r3, r7, r1
 908 0120 1A78     		ldrb	r2, [r3]
 909 0122 7B18     		adds	r3, r7, r1
 910 0124 0132     		adds	r2, r2, #1
 911 0126 1A70     		strb	r2, [r3]
 912 0128 B6E0     		b	.L91
 913              	.L88:
 914 012a 7A68     		ldr	r2, [r7, #4]
 915 012c AC23     		movs	r3, #172
 916 012e 9B00     		lsls	r3, r3, #2
 917 0130 D358     		ldr	r3, [r2, r3]
 918 0132 9B68     		ldr	r3, [r3, #8]
 919 0134 002B     		cmp	r3, #0
 920 0136 0DD0     		beq	.L92
ARM GAS  /tmp/ccRsummJ.s 			page 17


 921 0138 7A68     		ldr	r2, [r7, #4]
 922 013a AC23     		movs	r3, #172
 923 013c 9B00     		lsls	r3, r3, #2
 924 013e D358     		ldr	r3, [r2, r3]
 925 0140 9B68     		ldr	r3, [r3, #8]
 926 0142 7A68     		ldr	r2, [r7, #4]
 927 0144 127C     		ldrb	r2, [r2, #16]
 928 0146 0821     		movs	r1, #8
 929 0148 7918     		adds	r1, r7, r1
 930 014a 1000     		movs	r0, r2
 931 014c 9847     		blx	r3
 932 014e 0300     		movs	r3, r0
 933 0150 FB60     		str	r3, [r7, #12]
 934 0152 A1E0     		b	.L91
 935              	.L92:
 936 0154 3A68     		ldr	r2, [r7]
 937 0156 7B68     		ldr	r3, [r7, #4]
 938 0158 1100     		movs	r1, r2
 939 015a 1800     		movs	r0, r3
 940 015c FFF7FEFF 		bl	USBD_CtlError
 941 0160 0B21     		movs	r1, #11
 942 0162 7B18     		adds	r3, r7, r1
 943 0164 1A78     		ldrb	r2, [r3]
 944 0166 7B18     		adds	r3, r7, r1
 945 0168 0132     		adds	r2, r2, #1
 946 016a 1A70     		strb	r2, [r3]
 947 016c 94E0     		b	.L91
 948              	.L86:
 949 016e 7A68     		ldr	r2, [r7, #4]
 950 0170 AC23     		movs	r3, #172
 951 0172 9B00     		lsls	r3, r3, #2
 952 0174 D358     		ldr	r3, [r2, r3]
 953 0176 DB68     		ldr	r3, [r3, #12]
 954 0178 002B     		cmp	r3, #0
 955 017a 0DD0     		beq	.L94
 956 017c 7A68     		ldr	r2, [r7, #4]
 957 017e AC23     		movs	r3, #172
 958 0180 9B00     		lsls	r3, r3, #2
 959 0182 D358     		ldr	r3, [r2, r3]
 960 0184 DB68     		ldr	r3, [r3, #12]
 961 0186 7A68     		ldr	r2, [r7, #4]
 962 0188 127C     		ldrb	r2, [r2, #16]
 963 018a 0821     		movs	r1, #8
 964 018c 7918     		adds	r1, r7, r1
 965 018e 1000     		movs	r0, r2
 966 0190 9847     		blx	r3
 967 0192 0300     		movs	r3, r0
 968 0194 FB60     		str	r3, [r7, #12]
 969 0196 7FE0     		b	.L91
 970              	.L94:
 971 0198 3A68     		ldr	r2, [r7]
 972 019a 7B68     		ldr	r3, [r7, #4]
 973 019c 1100     		movs	r1, r2
 974 019e 1800     		movs	r0, r3
 975 01a0 FFF7FEFF 		bl	USBD_CtlError
 976 01a4 0B21     		movs	r1, #11
 977 01a6 7B18     		adds	r3, r7, r1
ARM GAS  /tmp/ccRsummJ.s 			page 18


 978 01a8 1A78     		ldrb	r2, [r3]
 979 01aa 7B18     		adds	r3, r7, r1
 980 01ac 0132     		adds	r2, r2, #1
 981 01ae 1A70     		strb	r2, [r3]
 982 01b0 72E0     		b	.L91
 983              	.L85:
 984 01b2 7A68     		ldr	r2, [r7, #4]
 985 01b4 AC23     		movs	r3, #172
 986 01b6 9B00     		lsls	r3, r3, #2
 987 01b8 D358     		ldr	r3, [r2, r3]
 988 01ba 1B69     		ldr	r3, [r3, #16]
 989 01bc 002B     		cmp	r3, #0
 990 01be 0DD0     		beq	.L96
 991 01c0 7A68     		ldr	r2, [r7, #4]
 992 01c2 AC23     		movs	r3, #172
 993 01c4 9B00     		lsls	r3, r3, #2
 994 01c6 D358     		ldr	r3, [r2, r3]
 995 01c8 1B69     		ldr	r3, [r3, #16]
 996 01ca 7A68     		ldr	r2, [r7, #4]
 997 01cc 127C     		ldrb	r2, [r2, #16]
 998 01ce 0821     		movs	r1, #8
 999 01d0 7918     		adds	r1, r7, r1
 1000 01d2 1000     		movs	r0, r2
 1001 01d4 9847     		blx	r3
 1002 01d6 0300     		movs	r3, r0
 1003 01d8 FB60     		str	r3, [r7, #12]
 1004 01da 5DE0     		b	.L91
 1005              	.L96:
 1006 01dc 3A68     		ldr	r2, [r7]
 1007 01de 7B68     		ldr	r3, [r7, #4]
 1008 01e0 1100     		movs	r1, r2
 1009 01e2 1800     		movs	r0, r3
 1010 01e4 FFF7FEFF 		bl	USBD_CtlError
 1011 01e8 0B21     		movs	r1, #11
 1012 01ea 7B18     		adds	r3, r7, r1
 1013 01ec 1A78     		ldrb	r2, [r3]
 1014 01ee 7B18     		adds	r3, r7, r1
 1015 01f0 0132     		adds	r2, r2, #1
 1016 01f2 1A70     		strb	r2, [r3]
 1017 01f4 50E0     		b	.L91
 1018              	.L84:
 1019 01f6 7A68     		ldr	r2, [r7, #4]
 1020 01f8 AC23     		movs	r3, #172
 1021 01fa 9B00     		lsls	r3, r3, #2
 1022 01fc D358     		ldr	r3, [r2, r3]
 1023 01fe 5B69     		ldr	r3, [r3, #20]
 1024 0200 002B     		cmp	r3, #0
 1025 0202 0DD0     		beq	.L98
 1026 0204 7A68     		ldr	r2, [r7, #4]
 1027 0206 AC23     		movs	r3, #172
 1028 0208 9B00     		lsls	r3, r3, #2
 1029 020a D358     		ldr	r3, [r2, r3]
 1030 020c 5B69     		ldr	r3, [r3, #20]
 1031 020e 7A68     		ldr	r2, [r7, #4]
 1032 0210 127C     		ldrb	r2, [r2, #16]
 1033 0212 0821     		movs	r1, #8
 1034 0214 7918     		adds	r1, r7, r1
ARM GAS  /tmp/ccRsummJ.s 			page 19


 1035 0216 1000     		movs	r0, r2
 1036 0218 9847     		blx	r3
 1037 021a 0300     		movs	r3, r0
 1038 021c FB60     		str	r3, [r7, #12]
 1039 021e 3BE0     		b	.L91
 1040              	.L98:
 1041 0220 3A68     		ldr	r2, [r7]
 1042 0222 7B68     		ldr	r3, [r7, #4]
 1043 0224 1100     		movs	r1, r2
 1044 0226 1800     		movs	r0, r3
 1045 0228 FFF7FEFF 		bl	USBD_CtlError
 1046 022c 0B21     		movs	r1, #11
 1047 022e 7B18     		adds	r3, r7, r1
 1048 0230 1A78     		ldrb	r2, [r3]
 1049 0232 7B18     		adds	r3, r7, r1
 1050 0234 0132     		adds	r2, r2, #1
 1051 0236 1A70     		strb	r2, [r3]
 1052 0238 2EE0     		b	.L91
 1053              	.L82:
 1054 023a 7A68     		ldr	r2, [r7, #4]
 1055 023c AC23     		movs	r3, #172
 1056 023e 9B00     		lsls	r3, r3, #2
 1057 0240 D358     		ldr	r3, [r2, r3]
 1058 0242 9B69     		ldr	r3, [r3, #24]
 1059 0244 002B     		cmp	r3, #0
 1060 0246 0DD0     		beq	.L100
 1061 0248 7A68     		ldr	r2, [r7, #4]
 1062 024a AC23     		movs	r3, #172
 1063 024c 9B00     		lsls	r3, r3, #2
 1064 024e D358     		ldr	r3, [r2, r3]
 1065 0250 9B69     		ldr	r3, [r3, #24]
 1066 0252 7A68     		ldr	r2, [r7, #4]
 1067 0254 127C     		ldrb	r2, [r2, #16]
 1068 0256 0821     		movs	r1, #8
 1069 0258 7918     		adds	r1, r7, r1
 1070 025a 1000     		movs	r0, r2
 1071 025c 9847     		blx	r3
 1072 025e 0300     		movs	r3, r0
 1073 0260 FB60     		str	r3, [r7, #12]
 1074 0262 19E0     		b	.L91
 1075              	.L100:
 1076 0264 3A68     		ldr	r2, [r7]
 1077 0266 7B68     		ldr	r3, [r7, #4]
 1078 0268 1100     		movs	r1, r2
 1079 026a 1800     		movs	r0, r3
 1080 026c FFF7FEFF 		bl	USBD_CtlError
 1081 0270 0B21     		movs	r1, #11
 1082 0272 7B18     		adds	r3, r7, r1
 1083 0274 1A78     		ldrb	r2, [r3]
 1084 0276 7B18     		adds	r3, r7, r1
 1085 0278 0132     		adds	r2, r2, #1
 1086 027a 1A70     		strb	r2, [r3]
 1087 027c 0CE0     		b	.L91
 1088              	.L83:
 1089 027e 3A68     		ldr	r2, [r7]
 1090 0280 7B68     		ldr	r3, [r7, #4]
 1091 0282 1100     		movs	r1, r2
ARM GAS  /tmp/ccRsummJ.s 			page 20


 1092 0284 1800     		movs	r0, r3
 1093 0286 FFF7FEFF 		bl	USBD_CtlError
 1094 028a 0B21     		movs	r1, #11
 1095 028c 7B18     		adds	r3, r7, r1
 1096 028e 1A78     		ldrb	r2, [r3]
 1097 0290 7B18     		adds	r3, r7, r1
 1098 0292 0132     		adds	r2, r2, #1
 1099 0294 1A70     		strb	r2, [r3]
 1100 0296 4BE0     		b	.L79
 1101              	.L91:
 1102 0298 4AE0     		b	.L79
 1103              	.L75:
 1104 029a 7B68     		ldr	r3, [r7, #4]
 1105 029c 1B7C     		ldrb	r3, [r3, #16]
 1106 029e 002B     		cmp	r3, #0
 1107 02a0 0BD1     		bne	.L102
 1108 02a2 7A68     		ldr	r2, [r7, #4]
 1109 02a4 AD23     		movs	r3, #173
 1110 02a6 9B00     		lsls	r3, r3, #2
 1111 02a8 D358     		ldr	r3, [r2, r3]
 1112 02aa 5B6B     		ldr	r3, [r3, #52]
 1113 02ac 0822     		movs	r2, #8
 1114 02ae BA18     		adds	r2, r7, r2
 1115 02b0 1000     		movs	r0, r2
 1116 02b2 9847     		blx	r3
 1117 02b4 0300     		movs	r3, r0
 1118 02b6 FB60     		str	r3, [r7, #12]
 1119 02b8 3AE0     		b	.L79
 1120              	.L102:
 1121 02ba 3A68     		ldr	r2, [r7]
 1122 02bc 7B68     		ldr	r3, [r7, #4]
 1123 02be 1100     		movs	r1, r2
 1124 02c0 1800     		movs	r0, r3
 1125 02c2 FFF7FEFF 		bl	USBD_CtlError
 1126 02c6 0B21     		movs	r1, #11
 1127 02c8 7B18     		adds	r3, r7, r1
 1128 02ca 1A78     		ldrb	r2, [r3]
 1129 02cc 7B18     		adds	r3, r7, r1
 1130 02ce 0132     		adds	r2, r2, #1
 1131 02d0 1A70     		strb	r2, [r3]
 1132 02d2 2DE0     		b	.L79
 1133              	.L73:
 1134 02d4 7B68     		ldr	r3, [r7, #4]
 1135 02d6 1B7C     		ldrb	r3, [r3, #16]
 1136 02d8 002B     		cmp	r3, #0
 1137 02da 0FD1     		bne	.L104
 1138 02dc 7A68     		ldr	r2, [r7, #4]
 1139 02de AD23     		movs	r3, #173
 1140 02e0 9B00     		lsls	r3, r3, #2
 1141 02e2 D358     		ldr	r3, [r2, r3]
 1142 02e4 1B6B     		ldr	r3, [r3, #48]
 1143 02e6 0822     		movs	r2, #8
 1144 02e8 BA18     		adds	r2, r7, r2
 1145 02ea 1000     		movs	r0, r2
 1146 02ec 9847     		blx	r3
 1147 02ee 0300     		movs	r3, r0
 1148 02f0 FB60     		str	r3, [r7, #12]
ARM GAS  /tmp/ccRsummJ.s 			page 21


 1149 02f2 FB68     		ldr	r3, [r7, #12]
 1150 02f4 0133     		adds	r3, r3, #1
 1151 02f6 0722     		movs	r2, #7
 1152 02f8 1A70     		strb	r2, [r3]
 1153 02fa 19E0     		b	.L79
 1154              	.L104:
 1155 02fc 3A68     		ldr	r2, [r7]
 1156 02fe 7B68     		ldr	r3, [r7, #4]
 1157 0300 1100     		movs	r1, r2
 1158 0302 1800     		movs	r0, r3
 1159 0304 FFF7FEFF 		bl	USBD_CtlError
 1160 0308 0B21     		movs	r1, #11
 1161 030a 7B18     		adds	r3, r7, r1
 1162 030c 1A78     		ldrb	r2, [r3]
 1163 030e 7B18     		adds	r3, r7, r1
 1164 0310 0132     		adds	r2, r2, #1
 1165 0312 1A70     		strb	r2, [r3]
 1166 0314 0CE0     		b	.L79
 1167              	.L74:
 1168 0316 3A68     		ldr	r2, [r7]
 1169 0318 7B68     		ldr	r3, [r7, #4]
 1170 031a 1100     		movs	r1, r2
 1171 031c 1800     		movs	r0, r3
 1172 031e FFF7FEFF 		bl	USBD_CtlError
 1173 0322 0B21     		movs	r1, #11
 1174 0324 7B18     		adds	r3, r7, r1
 1175 0326 1A78     		ldrb	r2, [r3]
 1176 0328 7B18     		adds	r3, r7, r1
 1177 032a 0132     		adds	r2, r2, #1
 1178 032c 1A70     		strb	r2, [r3]
 1179 032e C046     		nop
 1180              	.L79:
 1181 0330 0B23     		movs	r3, #11
 1182 0332 FB18     		adds	r3, r7, r3
 1183 0334 1B78     		ldrb	r3, [r3]
 1184 0336 002B     		cmp	r3, #0
 1185 0338 27D1     		bne	.L111
 1186 033a 0821     		movs	r1, #8
 1187 033c 7B18     		adds	r3, r7, r1
 1188 033e 1B88     		ldrh	r3, [r3]
 1189 0340 002B     		cmp	r3, #0
 1190 0342 19D0     		beq	.L108
 1191 0344 3B68     		ldr	r3, [r7]
 1192 0346 DB88     		ldrh	r3, [r3, #6]
 1193 0348 002B     		cmp	r3, #0
 1194 034a 15D0     		beq	.L108
 1195 034c 3B68     		ldr	r3, [r7]
 1196 034e DA88     		ldrh	r2, [r3, #6]
 1197 0350 7B18     		adds	r3, r7, r1
 1198 0352 1B88     		ldrh	r3, [r3]
 1199 0354 181C     		adds	r0, r3, #0
 1200 0356 111C     		adds	r1, r2, #0
 1201 0358 8AB2     		uxth	r2, r1
 1202 035a 83B2     		uxth	r3, r0
 1203 035c 9A42     		cmp	r2, r3
 1204 035e 00D9     		bls	.L109
 1205 0360 011C     		adds	r1, r0, #0
ARM GAS  /tmp/ccRsummJ.s 			page 22


 1206              	.L109:
 1207 0362 8AB2     		uxth	r2, r1
 1208 0364 0821     		movs	r1, #8
 1209 0366 7B18     		adds	r3, r7, r1
 1210 0368 1A80     		strh	r2, [r3]
 1211 036a 7B18     		adds	r3, r7, r1
 1212 036c 1A88     		ldrh	r2, [r3]
 1213 036e F968     		ldr	r1, [r7, #12]
 1214 0370 7B68     		ldr	r3, [r7, #4]
 1215 0372 1800     		movs	r0, r3
 1216 0374 FFF7FEFF 		bl	USBD_CtlSendData
 1217              	.L108:
 1218 0378 3B68     		ldr	r3, [r7]
 1219 037a DB88     		ldrh	r3, [r3, #6]
 1220 037c 002B     		cmp	r3, #0
 1221 037e 05D1     		bne	.L72
 1222 0380 7B68     		ldr	r3, [r7, #4]
 1223 0382 1800     		movs	r0, r3
 1224 0384 FFF7FEFF 		bl	USBD_CtlSendStatus
 1225 0388 00E0     		b	.L72
 1226              	.L111:
 1227 038a C046     		nop
 1228              	.L72:
 1229 038c BD46     		mov	sp, r7
 1230 038e 04B0     		add	sp, sp, #16
 1231              		@ sp needed
 1232 0390 80BD     		pop	{r7, pc}
 1234              		.section	.text.USBD_SetAddress,"ax",%progbits
 1235              		.align	1
 1236              		.syntax unified
 1237              		.code	16
 1238              		.thumb_func
 1240              	USBD_SetAddress:
 1241              		@ args = 0, pretend = 0, frame = 16
 1242              		@ frame_needed = 1, uses_anonymous_args = 0
 1243 0000 90B5     		push	{r4, r7, lr}
 1244 0002 85B0     		sub	sp, sp, #20
 1245 0004 00AF     		add	r7, sp, #0
 1246 0006 7860     		str	r0, [r7, #4]
 1247 0008 3960     		str	r1, [r7]
 1248 000a 3B68     		ldr	r3, [r7]
 1249 000c 9B88     		ldrh	r3, [r3, #4]
 1250 000e 002B     		cmp	r3, #0
 1251 0010 3DD1     		bne	.L113
 1252 0012 3B68     		ldr	r3, [r7]
 1253 0014 DB88     		ldrh	r3, [r3, #6]
 1254 0016 002B     		cmp	r3, #0
 1255 0018 39D1     		bne	.L113
 1256 001a 3B68     		ldr	r3, [r7]
 1257 001c 5B88     		ldrh	r3, [r3, #2]
 1258 001e 7F2B     		cmp	r3, #127
 1259 0020 35D8     		bhi	.L113
 1260 0022 3B68     		ldr	r3, [r7]
 1261 0024 5B88     		ldrh	r3, [r3, #2]
 1262 0026 DAB2     		uxtb	r2, r3
 1263 0028 0F23     		movs	r3, #15
 1264 002a FB18     		adds	r3, r7, r3
ARM GAS  /tmp/ccRsummJ.s 			page 23


 1265 002c 7F21     		movs	r1, #127
 1266 002e 0A40     		ands	r2, r1
 1267 0030 1A70     		strb	r2, [r3]
 1268 0032 7A68     		ldr	r2, [r7, #4]
 1269 0034 A723     		movs	r3, #167
 1270 0036 9B00     		lsls	r3, r3, #2
 1271 0038 D35C     		ldrb	r3, [r2, r3]
 1272 003a 032B     		cmp	r3, #3
 1273 003c 06D1     		bne	.L114
 1274 003e 3A68     		ldr	r2, [r7]
 1275 0040 7B68     		ldr	r3, [r7, #4]
 1276 0042 1100     		movs	r1, r2
 1277 0044 1800     		movs	r0, r3
 1278 0046 FFF7FEFF 		bl	USBD_CtlError
 1279 004a 27E0     		b	.L117
 1280              	.L114:
 1281 004c 7B68     		ldr	r3, [r7, #4]
 1282 004e 0F24     		movs	r4, #15
 1283 0050 3A19     		adds	r2, r7, r4
 1284 0052 1449     		ldr	r1, .L118
 1285 0054 1278     		ldrb	r2, [r2]
 1286 0056 5A54     		strb	r2, [r3, r1]
 1287 0058 3B19     		adds	r3, r7, r4
 1288 005a 1A78     		ldrb	r2, [r3]
 1289 005c 7B68     		ldr	r3, [r7, #4]
 1290 005e 1100     		movs	r1, r2
 1291 0060 1800     		movs	r0, r3
 1292 0062 FFF7FEFF 		bl	USBD_LL_SetUSBAddress
 1293 0066 7B68     		ldr	r3, [r7, #4]
 1294 0068 1800     		movs	r0, r3
 1295 006a FFF7FEFF 		bl	USBD_CtlSendStatus
 1296 006e 3B19     		adds	r3, r7, r4
 1297 0070 1B78     		ldrb	r3, [r3]
 1298 0072 002B     		cmp	r3, #0
 1299 0074 05D0     		beq	.L116
 1300 0076 7A68     		ldr	r2, [r7, #4]
 1301 0078 A723     		movs	r3, #167
 1302 007a 9B00     		lsls	r3, r3, #2
 1303 007c 0221     		movs	r1, #2
 1304 007e D154     		strb	r1, [r2, r3]
 1305 0080 0CE0     		b	.L117
 1306              	.L116:
 1307 0082 7A68     		ldr	r2, [r7, #4]
 1308 0084 A723     		movs	r3, #167
 1309 0086 9B00     		lsls	r3, r3, #2
 1310 0088 0121     		movs	r1, #1
 1311 008a D154     		strb	r1, [r2, r3]
 1312 008c 06E0     		b	.L117
 1313              	.L113:
 1314 008e 3A68     		ldr	r2, [r7]
 1315 0090 7B68     		ldr	r3, [r7, #4]
 1316 0092 1100     		movs	r1, r2
 1317 0094 1800     		movs	r0, r3
 1318 0096 FFF7FEFF 		bl	USBD_CtlError
 1319 009a C046     		nop
 1320              	.L117:
 1321 009c C046     		nop
ARM GAS  /tmp/ccRsummJ.s 			page 24


 1322 009e BD46     		mov	sp, r7
 1323 00a0 05B0     		add	sp, sp, #20
 1324              		@ sp needed
 1325 00a2 90BD     		pop	{r4, r7, pc}
 1326              	.L119:
 1327              		.align	2
 1328              	.L118:
 1329 00a4 9E020000 		.word	670
 1331              		.section	.text.USBD_SetConfig,"ax",%progbits
 1332              		.align	1
 1333              		.syntax unified
 1334              		.code	16
 1335              		.thumb_func
 1337              	USBD_SetConfig:
 1338              		@ args = 0, pretend = 0, frame = 8
 1339              		@ frame_needed = 1, uses_anonymous_args = 0
 1340 0000 80B5     		push	{r7, lr}
 1341 0002 82B0     		sub	sp, sp, #8
 1342 0004 00AF     		add	r7, sp, #0
 1343 0006 7860     		str	r0, [r7, #4]
 1344 0008 3960     		str	r1, [r7]
 1345 000a 3B68     		ldr	r3, [r7]
 1346 000c 5B88     		ldrh	r3, [r3, #2]
 1347 000e DAB2     		uxtb	r2, r3
 1348 0010 4C4B     		ldr	r3, .L134
 1349 0012 1A70     		strb	r2, [r3]
 1350 0014 4B4B     		ldr	r3, .L134
 1351 0016 1B78     		ldrb	r3, [r3]
 1352 0018 012B     		cmp	r3, #1
 1353 001a 06D9     		bls	.L121
 1354 001c 3A68     		ldr	r2, [r7]
 1355 001e 7B68     		ldr	r3, [r7, #4]
 1356 0020 1100     		movs	r1, r2
 1357 0022 1800     		movs	r0, r3
 1358 0024 FFF7FEFF 		bl	USBD_CtlError
 1359 0028 88E0     		b	.L120
 1360              	.L121:
 1361 002a 7A68     		ldr	r2, [r7, #4]
 1362 002c A723     		movs	r3, #167
 1363 002e 9B00     		lsls	r3, r3, #2
 1364 0030 D35C     		ldrb	r3, [r2, r3]
 1365 0032 022B     		cmp	r3, #2
 1366 0034 02D0     		beq	.L123
 1367 0036 032B     		cmp	r3, #3
 1368 0038 29D0     		beq	.L124
 1369 003a 71E0     		b	.L133
 1370              	.L123:
 1371 003c 414B     		ldr	r3, .L134
 1372 003e 1B78     		ldrb	r3, [r3]
 1373 0040 002B     		cmp	r3, #0
 1374 0042 1FD0     		beq	.L126
 1375 0044 3F4B     		ldr	r3, .L134
 1376 0046 1B78     		ldrb	r3, [r3]
 1377 0048 1A00     		movs	r2, r3
 1378 004a 7B68     		ldr	r3, [r7, #4]
 1379 004c 5A60     		str	r2, [r3, #4]
 1380 004e 7A68     		ldr	r2, [r7, #4]
ARM GAS  /tmp/ccRsummJ.s 			page 25


 1381 0050 A723     		movs	r3, #167
 1382 0052 9B00     		lsls	r3, r3, #2
 1383 0054 0321     		movs	r1, #3
 1384 0056 D154     		strb	r1, [r2, r3]
 1385 0058 3A4B     		ldr	r3, .L134
 1386 005a 1A78     		ldrb	r2, [r3]
 1387 005c 7B68     		ldr	r3, [r7, #4]
 1388 005e 1100     		movs	r1, r2
 1389 0060 1800     		movs	r0, r3
 1390 0062 FFF7FEFF 		bl	USBD_SetClassConfig
 1391 0066 0300     		movs	r3, r0
 1392 0068 022B     		cmp	r3, #2
 1393 006a 06D1     		bne	.L127
 1394 006c 3A68     		ldr	r2, [r7]
 1395 006e 7B68     		ldr	r3, [r7, #4]
 1396 0070 1100     		movs	r1, r2
 1397 0072 1800     		movs	r0, r3
 1398 0074 FFF7FEFF 		bl	USBD_CtlError
 1399 0078 60E0     		b	.L120
 1400              	.L127:
 1401 007a 7B68     		ldr	r3, [r7, #4]
 1402 007c 1800     		movs	r0, r3
 1403 007e FFF7FEFF 		bl	USBD_CtlSendStatus
 1404 0082 5BE0     		b	.L120
 1405              	.L126:
 1406 0084 7B68     		ldr	r3, [r7, #4]
 1407 0086 1800     		movs	r0, r3
 1408 0088 FFF7FEFF 		bl	USBD_CtlSendStatus
 1409 008c 56E0     		b	.L120
 1410              	.L124:
 1411 008e 2D4B     		ldr	r3, .L134
 1412 0090 1B78     		ldrb	r3, [r3]
 1413 0092 002B     		cmp	r3, #0
 1414 0094 15D1     		bne	.L129
 1415 0096 7A68     		ldr	r2, [r7, #4]
 1416 0098 A723     		movs	r3, #167
 1417 009a 9B00     		lsls	r3, r3, #2
 1418 009c 0221     		movs	r1, #2
 1419 009e D154     		strb	r1, [r2, r3]
 1420 00a0 284B     		ldr	r3, .L134
 1421 00a2 1B78     		ldrb	r3, [r3]
 1422 00a4 1A00     		movs	r2, r3
 1423 00a6 7B68     		ldr	r3, [r7, #4]
 1424 00a8 5A60     		str	r2, [r3, #4]
 1425 00aa 264B     		ldr	r3, .L134
 1426 00ac 1A78     		ldrb	r2, [r3]
 1427 00ae 7B68     		ldr	r3, [r7, #4]
 1428 00b0 1100     		movs	r1, r2
 1429 00b2 1800     		movs	r0, r3
 1430 00b4 FFF7FEFF 		bl	USBD_ClrClassConfig
 1431 00b8 7B68     		ldr	r3, [r7, #4]
 1432 00ba 1800     		movs	r0, r3
 1433 00bc FFF7FEFF 		bl	USBD_CtlSendStatus
 1434 00c0 3CE0     		b	.L120
 1435              	.L129:
 1436 00c2 204B     		ldr	r3, .L134
 1437 00c4 1B78     		ldrb	r3, [r3]
ARM GAS  /tmp/ccRsummJ.s 			page 26


 1438 00c6 1A00     		movs	r2, r3
 1439 00c8 7B68     		ldr	r3, [r7, #4]
 1440 00ca 5B68     		ldr	r3, [r3, #4]
 1441 00cc 9A42     		cmp	r2, r3
 1442 00ce 22D0     		beq	.L131
 1443 00d0 7B68     		ldr	r3, [r7, #4]
 1444 00d2 5B68     		ldr	r3, [r3, #4]
 1445 00d4 DAB2     		uxtb	r2, r3
 1446 00d6 7B68     		ldr	r3, [r7, #4]
 1447 00d8 1100     		movs	r1, r2
 1448 00da 1800     		movs	r0, r3
 1449 00dc FFF7FEFF 		bl	USBD_ClrClassConfig
 1450 00e0 184B     		ldr	r3, .L134
 1451 00e2 1B78     		ldrb	r3, [r3]
 1452 00e4 1A00     		movs	r2, r3
 1453 00e6 7B68     		ldr	r3, [r7, #4]
 1454 00e8 5A60     		str	r2, [r3, #4]
 1455 00ea 164B     		ldr	r3, .L134
 1456 00ec 1A78     		ldrb	r2, [r3]
 1457 00ee 7B68     		ldr	r3, [r7, #4]
 1458 00f0 1100     		movs	r1, r2
 1459 00f2 1800     		movs	r0, r3
 1460 00f4 FFF7FEFF 		bl	USBD_SetClassConfig
 1461 00f8 0300     		movs	r3, r0
 1462 00fa 022B     		cmp	r3, #2
 1463 00fc 06D1     		bne	.L132
 1464 00fe 3A68     		ldr	r2, [r7]
 1465 0100 7B68     		ldr	r3, [r7, #4]
 1466 0102 1100     		movs	r1, r2
 1467 0104 1800     		movs	r0, r3
 1468 0106 FFF7FEFF 		bl	USBD_CtlError
 1469 010a 17E0     		b	.L120
 1470              	.L132:
 1471 010c 7B68     		ldr	r3, [r7, #4]
 1472 010e 1800     		movs	r0, r3
 1473 0110 FFF7FEFF 		bl	USBD_CtlSendStatus
 1474 0114 12E0     		b	.L120
 1475              	.L131:
 1476 0116 7B68     		ldr	r3, [r7, #4]
 1477 0118 1800     		movs	r0, r3
 1478 011a FFF7FEFF 		bl	USBD_CtlSendStatus
 1479 011e 0DE0     		b	.L120
 1480              	.L133:
 1481 0120 3A68     		ldr	r2, [r7]
 1482 0122 7B68     		ldr	r3, [r7, #4]
 1483 0124 1100     		movs	r1, r2
 1484 0126 1800     		movs	r0, r3
 1485 0128 FFF7FEFF 		bl	USBD_CtlError
 1486 012c 054B     		ldr	r3, .L134
 1487 012e 1A78     		ldrb	r2, [r3]
 1488 0130 7B68     		ldr	r3, [r7, #4]
 1489 0132 1100     		movs	r1, r2
 1490 0134 1800     		movs	r0, r3
 1491 0136 FFF7FEFF 		bl	USBD_ClrClassConfig
 1492 013a C046     		nop
 1493              	.L120:
 1494 013c BD46     		mov	sp, r7
ARM GAS  /tmp/ccRsummJ.s 			page 27


 1495 013e 02B0     		add	sp, sp, #8
 1496              		@ sp needed
 1497 0140 80BD     		pop	{r7, pc}
 1498              	.L135:
 1499 0142 C046     		.align	2
 1500              	.L134:
 1501 0144 00000000 		.word	cfgidx.0
 1503              		.section	.text.USBD_GetConfig,"ax",%progbits
 1504              		.align	1
 1505              		.syntax unified
 1506              		.code	16
 1507              		.thumb_func
 1509              	USBD_GetConfig:
 1510              		@ args = 0, pretend = 0, frame = 8
 1511              		@ frame_needed = 1, uses_anonymous_args = 0
 1512 0000 80B5     		push	{r7, lr}
 1513 0002 82B0     		sub	sp, sp, #8
 1514 0004 00AF     		add	r7, sp, #0
 1515 0006 7860     		str	r0, [r7, #4]
 1516 0008 3960     		str	r1, [r7]
 1517 000a 3B68     		ldr	r3, [r7]
 1518 000c DB88     		ldrh	r3, [r3, #6]
 1519 000e 012B     		cmp	r3, #1
 1520 0010 06D0     		beq	.L137
 1521 0012 3A68     		ldr	r2, [r7]
 1522 0014 7B68     		ldr	r3, [r7, #4]
 1523 0016 1100     		movs	r1, r2
 1524 0018 1800     		movs	r0, r3
 1525 001a FFF7FEFF 		bl	USBD_CtlError
 1526 001e 26E0     		b	.L143
 1527              	.L137:
 1528 0020 7A68     		ldr	r2, [r7, #4]
 1529 0022 A723     		movs	r3, #167
 1530 0024 9B00     		lsls	r3, r3, #2
 1531 0026 D35C     		ldrb	r3, [r2, r3]
 1532 0028 022B     		cmp	r3, #2
 1533 002a 02DC     		bgt	.L139
 1534 002c 002B     		cmp	r3, #0
 1535 002e 03DC     		bgt	.L140
 1536 0030 16E0     		b	.L141
 1537              	.L139:
 1538 0032 032B     		cmp	r3, #3
 1539 0034 0CD0     		beq	.L142
 1540 0036 13E0     		b	.L141
 1541              	.L140:
 1542 0038 7B68     		ldr	r3, [r7, #4]
 1543 003a 0022     		movs	r2, #0
 1544 003c 9A60     		str	r2, [r3, #8]
 1545 003e 7B68     		ldr	r3, [r7, #4]
 1546 0040 0833     		adds	r3, r3, #8
 1547 0042 1900     		movs	r1, r3
 1548 0044 7B68     		ldr	r3, [r7, #4]
 1549 0046 0122     		movs	r2, #1
 1550 0048 1800     		movs	r0, r3
 1551 004a FFF7FEFF 		bl	USBD_CtlSendData
 1552 004e 0EE0     		b	.L138
 1553              	.L142:
ARM GAS  /tmp/ccRsummJ.s 			page 28


 1554 0050 7B68     		ldr	r3, [r7, #4]
 1555 0052 191D     		adds	r1, r3, #4
 1556 0054 7B68     		ldr	r3, [r7, #4]
 1557 0056 0122     		movs	r2, #1
 1558 0058 1800     		movs	r0, r3
 1559 005a FFF7FEFF 		bl	USBD_CtlSendData
 1560 005e 06E0     		b	.L138
 1561              	.L141:
 1562 0060 3A68     		ldr	r2, [r7]
 1563 0062 7B68     		ldr	r3, [r7, #4]
 1564 0064 1100     		movs	r1, r2
 1565 0066 1800     		movs	r0, r3
 1566 0068 FFF7FEFF 		bl	USBD_CtlError
 1567 006c C046     		nop
 1568              	.L138:
 1569              	.L143:
 1570 006e C046     		nop
 1571 0070 BD46     		mov	sp, r7
 1572 0072 02B0     		add	sp, sp, #8
 1573              		@ sp needed
 1574 0074 80BD     		pop	{r7, pc}
 1576              		.section	.text.USBD_GetStatus,"ax",%progbits
 1577              		.align	1
 1578              		.syntax unified
 1579              		.code	16
 1580              		.thumb_func
 1582              	USBD_GetStatus:
 1583              		@ args = 0, pretend = 0, frame = 8
 1584              		@ frame_needed = 1, uses_anonymous_args = 0
 1585 0000 80B5     		push	{r7, lr}
 1586 0002 82B0     		sub	sp, sp, #8
 1587 0004 00AF     		add	r7, sp, #0
 1588 0006 7860     		str	r0, [r7, #4]
 1589 0008 3960     		str	r1, [r7]
 1590 000a 7A68     		ldr	r2, [r7, #4]
 1591 000c A723     		movs	r3, #167
 1592 000e 9B00     		lsls	r3, r3, #2
 1593 0010 D35C     		ldrb	r3, [r2, r3]
 1594 0012 013B     		subs	r3, r3, #1
 1595 0014 022B     		cmp	r3, #2
 1596 0016 22D8     		bhi	.L145
 1597 0018 3B68     		ldr	r3, [r7]
 1598 001a DB88     		ldrh	r3, [r3, #6]
 1599 001c 022B     		cmp	r3, #2
 1600 001e 06D0     		beq	.L146
 1601 0020 3A68     		ldr	r2, [r7]
 1602 0022 7B68     		ldr	r3, [r7, #4]
 1603 0024 1100     		movs	r1, r2
 1604 0026 1800     		movs	r0, r3
 1605 0028 FFF7FEFF 		bl	USBD_CtlError
 1606 002c 1EE0     		b	.L147
 1607              	.L146:
 1608 002e 7B68     		ldr	r3, [r7, #4]
 1609 0030 0122     		movs	r2, #1
 1610 0032 DA60     		str	r2, [r3, #12]
 1611 0034 7A68     		ldr	r2, [r7, #4]
 1612 0036 A923     		movs	r3, #169
ARM GAS  /tmp/ccRsummJ.s 			page 29


 1613 0038 9B00     		lsls	r3, r3, #2
 1614 003a D358     		ldr	r3, [r2, r3]
 1615 003c 002B     		cmp	r3, #0
 1616 003e 05D0     		beq	.L148
 1617 0040 7B68     		ldr	r3, [r7, #4]
 1618 0042 DB68     		ldr	r3, [r3, #12]
 1619 0044 0222     		movs	r2, #2
 1620 0046 1A43     		orrs	r2, r3
 1621 0048 7B68     		ldr	r3, [r7, #4]
 1622 004a DA60     		str	r2, [r3, #12]
 1623              	.L148:
 1624 004c 7B68     		ldr	r3, [r7, #4]
 1625 004e 0C33     		adds	r3, r3, #12
 1626 0050 1900     		movs	r1, r3
 1627 0052 7B68     		ldr	r3, [r7, #4]
 1628 0054 0222     		movs	r2, #2
 1629 0056 1800     		movs	r0, r3
 1630 0058 FFF7FEFF 		bl	USBD_CtlSendData
 1631 005c 06E0     		b	.L147
 1632              	.L145:
 1633 005e 3A68     		ldr	r2, [r7]
 1634 0060 7B68     		ldr	r3, [r7, #4]
 1635 0062 1100     		movs	r1, r2
 1636 0064 1800     		movs	r0, r3
 1637 0066 FFF7FEFF 		bl	USBD_CtlError
 1638 006a C046     		nop
 1639              	.L147:
 1640 006c C046     		nop
 1641 006e BD46     		mov	sp, r7
 1642 0070 02B0     		add	sp, sp, #8
 1643              		@ sp needed
 1644 0072 80BD     		pop	{r7, pc}
 1646              		.section	.text.USBD_SetFeature,"ax",%progbits
 1647              		.align	1
 1648              		.syntax unified
 1649              		.code	16
 1650              		.thumb_func
 1652              	USBD_SetFeature:
 1653              		@ args = 0, pretend = 0, frame = 8
 1654              		@ frame_needed = 1, uses_anonymous_args = 0
 1655 0000 80B5     		push	{r7, lr}
 1656 0002 82B0     		sub	sp, sp, #8
 1657 0004 00AF     		add	r7, sp, #0
 1658 0006 7860     		str	r0, [r7, #4]
 1659 0008 3960     		str	r1, [r7]
 1660 000a 3B68     		ldr	r3, [r7]
 1661 000c 5B88     		ldrh	r3, [r3, #2]
 1662 000e 012B     		cmp	r3, #1
 1663 0010 08D1     		bne	.L151
 1664 0012 7A68     		ldr	r2, [r7, #4]
 1665 0014 A923     		movs	r3, #169
 1666 0016 9B00     		lsls	r3, r3, #2
 1667 0018 0121     		movs	r1, #1
 1668 001a D150     		str	r1, [r2, r3]
 1669 001c 7B68     		ldr	r3, [r7, #4]
 1670 001e 1800     		movs	r0, r3
 1671 0020 FFF7FEFF 		bl	USBD_CtlSendStatus
ARM GAS  /tmp/ccRsummJ.s 			page 30


 1672              	.L151:
 1673 0024 C046     		nop
 1674 0026 BD46     		mov	sp, r7
 1675 0028 02B0     		add	sp, sp, #8
 1676              		@ sp needed
 1677 002a 80BD     		pop	{r7, pc}
 1679              		.section	.text.USBD_ClrFeature,"ax",%progbits
 1680              		.align	1
 1681              		.syntax unified
 1682              		.code	16
 1683              		.thumb_func
 1685              	USBD_ClrFeature:
 1686              		@ args = 0, pretend = 0, frame = 8
 1687              		@ frame_needed = 1, uses_anonymous_args = 0
 1688 0000 80B5     		push	{r7, lr}
 1689 0002 82B0     		sub	sp, sp, #8
 1690 0004 00AF     		add	r7, sp, #0
 1691 0006 7860     		str	r0, [r7, #4]
 1692 0008 3960     		str	r1, [r7]
 1693 000a 7A68     		ldr	r2, [r7, #4]
 1694 000c A723     		movs	r3, #167
 1695 000e 9B00     		lsls	r3, r3, #2
 1696 0010 D35C     		ldrb	r3, [r2, r3]
 1697 0012 013B     		subs	r3, r3, #1
 1698 0014 022B     		cmp	r3, #2
 1699 0016 0DD8     		bhi	.L153
 1700 0018 3B68     		ldr	r3, [r7]
 1701 001a 5B88     		ldrh	r3, [r3, #2]
 1702 001c 012B     		cmp	r3, #1
 1703 001e 10D1     		bne	.L156
 1704 0020 7A68     		ldr	r2, [r7, #4]
 1705 0022 A923     		movs	r3, #169
 1706 0024 9B00     		lsls	r3, r3, #2
 1707 0026 0021     		movs	r1, #0
 1708 0028 D150     		str	r1, [r2, r3]
 1709 002a 7B68     		ldr	r3, [r7, #4]
 1710 002c 1800     		movs	r0, r3
 1711 002e FFF7FEFF 		bl	USBD_CtlSendStatus
 1712 0032 06E0     		b	.L156
 1713              	.L153:
 1714 0034 3A68     		ldr	r2, [r7]
 1715 0036 7B68     		ldr	r3, [r7, #4]
 1716 0038 1100     		movs	r1, r2
 1717 003a 1800     		movs	r0, r3
 1718 003c FFF7FEFF 		bl	USBD_CtlError
 1719 0040 00E0     		b	.L155
 1720              	.L156:
 1721 0042 C046     		nop
 1722              	.L155:
 1723 0044 C046     		nop
 1724 0046 BD46     		mov	sp, r7
 1725 0048 02B0     		add	sp, sp, #8
 1726              		@ sp needed
 1727 004a 80BD     		pop	{r7, pc}
 1729              		.section	.text.USBD_ParseSetupRequest,"ax",%progbits
 1730              		.align	1
 1731              		.global	USBD_ParseSetupRequest
ARM GAS  /tmp/ccRsummJ.s 			page 31


 1732              		.syntax unified
 1733              		.code	16
 1734              		.thumb_func
 1736              	USBD_ParseSetupRequest:
 1737              		@ args = 0, pretend = 0, frame = 8
 1738              		@ frame_needed = 1, uses_anonymous_args = 0
 1739 0000 80B5     		push	{r7, lr}
 1740 0002 82B0     		sub	sp, sp, #8
 1741 0004 00AF     		add	r7, sp, #0
 1742 0006 7860     		str	r0, [r7, #4]
 1743 0008 3960     		str	r1, [r7]
 1744 000a 3B68     		ldr	r3, [r7]
 1745 000c 1A78     		ldrb	r2, [r3]
 1746 000e 7B68     		ldr	r3, [r7, #4]
 1747 0010 1A70     		strb	r2, [r3]
 1748 0012 3B68     		ldr	r3, [r7]
 1749 0014 5A78     		ldrb	r2, [r3, #1]
 1750 0016 7B68     		ldr	r3, [r7, #4]
 1751 0018 5A70     		strb	r2, [r3, #1]
 1752 001a 3B68     		ldr	r3, [r7]
 1753 001c 0233     		adds	r3, r3, #2
 1754 001e 1B78     		ldrb	r3, [r3]
 1755 0020 1A00     		movs	r2, r3
 1756 0022 3B68     		ldr	r3, [r7]
 1757 0024 0333     		adds	r3, r3, #3
 1758 0026 1B78     		ldrb	r3, [r3]
 1759 0028 1B02     		lsls	r3, r3, #8
 1760 002a 9BB2     		uxth	r3, r3
 1761 002c D318     		adds	r3, r2, r3
 1762 002e 9AB2     		uxth	r2, r3
 1763 0030 7B68     		ldr	r3, [r7, #4]
 1764 0032 5A80     		strh	r2, [r3, #2]
 1765 0034 3B68     		ldr	r3, [r7]
 1766 0036 0433     		adds	r3, r3, #4
 1767 0038 1B78     		ldrb	r3, [r3]
 1768 003a 1A00     		movs	r2, r3
 1769 003c 3B68     		ldr	r3, [r7]
 1770 003e 0533     		adds	r3, r3, #5
 1771 0040 1B78     		ldrb	r3, [r3]
 1772 0042 1B02     		lsls	r3, r3, #8
 1773 0044 9BB2     		uxth	r3, r3
 1774 0046 D318     		adds	r3, r2, r3
 1775 0048 9AB2     		uxth	r2, r3
 1776 004a 7B68     		ldr	r3, [r7, #4]
 1777 004c 9A80     		strh	r2, [r3, #4]
 1778 004e 3B68     		ldr	r3, [r7]
 1779 0050 0633     		adds	r3, r3, #6
 1780 0052 1B78     		ldrb	r3, [r3]
 1781 0054 1A00     		movs	r2, r3
 1782 0056 3B68     		ldr	r3, [r7]
 1783 0058 0733     		adds	r3, r3, #7
 1784 005a 1B78     		ldrb	r3, [r3]
 1785 005c 1B02     		lsls	r3, r3, #8
 1786 005e 9BB2     		uxth	r3, r3
 1787 0060 D318     		adds	r3, r2, r3
 1788 0062 9AB2     		uxth	r2, r3
 1789 0064 7B68     		ldr	r3, [r7, #4]
ARM GAS  /tmp/ccRsummJ.s 			page 32


 1790 0066 DA80     		strh	r2, [r3, #6]
 1791 0068 C046     		nop
 1792 006a BD46     		mov	sp, r7
 1793 006c 02B0     		add	sp, sp, #8
 1794              		@ sp needed
 1795 006e 80BD     		pop	{r7, pc}
 1797              		.section	.text.USBD_CtlError,"ax",%progbits
 1798              		.align	1
 1799              		.global	USBD_CtlError
 1800              		.syntax unified
 1801              		.code	16
 1802              		.thumb_func
 1804              	USBD_CtlError:
 1805              		@ args = 0, pretend = 0, frame = 8
 1806              		@ frame_needed = 1, uses_anonymous_args = 0
 1807 0000 80B5     		push	{r7, lr}
 1808 0002 82B0     		sub	sp, sp, #8
 1809 0004 00AF     		add	r7, sp, #0
 1810 0006 7860     		str	r0, [r7, #4]
 1811 0008 3960     		str	r1, [r7]
 1812 000a 7B68     		ldr	r3, [r7, #4]
 1813 000c 8021     		movs	r1, #128
 1814 000e 1800     		movs	r0, r3
 1815 0010 FFF7FEFF 		bl	USBD_LL_StallEP
 1816 0014 7B68     		ldr	r3, [r7, #4]
 1817 0016 0021     		movs	r1, #0
 1818 0018 1800     		movs	r0, r3
 1819 001a FFF7FEFF 		bl	USBD_LL_StallEP
 1820 001e C046     		nop
 1821 0020 BD46     		mov	sp, r7
 1822 0022 02B0     		add	sp, sp, #8
 1823              		@ sp needed
 1824 0024 80BD     		pop	{r7, pc}
 1826              		.section	.text.USBD_GetString,"ax",%progbits
 1827              		.align	1
 1828              		.global	USBD_GetString
 1829              		.syntax unified
 1830              		.code	16
 1831              		.thumb_func
 1833              	USBD_GetString:
 1834              		@ args = 0, pretend = 0, frame = 24
 1835              		@ frame_needed = 1, uses_anonymous_args = 0
 1836 0000 90B5     		push	{r4, r7, lr}
 1837 0002 87B0     		sub	sp, sp, #28
 1838 0004 00AF     		add	r7, sp, #0
 1839 0006 F860     		str	r0, [r7, #12]
 1840 0008 B960     		str	r1, [r7, #8]
 1841 000a 7A60     		str	r2, [r7, #4]
 1842 000c 1724     		movs	r4, #23
 1843 000e 3B19     		adds	r3, r7, r4
 1844 0010 0022     		movs	r2, #0
 1845 0012 1A70     		strb	r2, [r3]
 1846 0014 FB68     		ldr	r3, [r7, #12]
 1847 0016 002B     		cmp	r3, #0
 1848 0018 3CD0     		beq	.L163
 1849 001a FB68     		ldr	r3, [r7, #12]
 1850 001c 1800     		movs	r0, r3
ARM GAS  /tmp/ccRsummJ.s 			page 33


 1851 001e FFF7FEFF 		bl	USBD_GetLen
 1852 0022 0300     		movs	r3, r0
 1853 0024 0133     		adds	r3, r3, #1
 1854 0026 9BB2     		uxth	r3, r3
 1855 0028 DB18     		adds	r3, r3, r3
 1856 002a 9AB2     		uxth	r2, r3
 1857 002c 7B68     		ldr	r3, [r7, #4]
 1858 002e 1A80     		strh	r2, [r3]
 1859 0030 3B19     		adds	r3, r7, r4
 1860 0032 1B78     		ldrb	r3, [r3]
 1861 0034 3A19     		adds	r2, r7, r4
 1862 0036 591C     		adds	r1, r3, #1
 1863 0038 1170     		strb	r1, [r2]
 1864 003a 1A00     		movs	r2, r3
 1865 003c BB68     		ldr	r3, [r7, #8]
 1866 003e 9B18     		adds	r3, r3, r2
 1867 0040 7A68     		ldr	r2, [r7, #4]
 1868 0042 1278     		ldrb	r2, [r2]
 1869 0044 1A70     		strb	r2, [r3]
 1870 0046 3B19     		adds	r3, r7, r4
 1871 0048 1B78     		ldrb	r3, [r3]
 1872 004a 3A19     		adds	r2, r7, r4
 1873 004c 591C     		adds	r1, r3, #1
 1874 004e 1170     		strb	r1, [r2]
 1875 0050 1A00     		movs	r2, r3
 1876 0052 BB68     		ldr	r3, [r7, #8]
 1877 0054 9B18     		adds	r3, r3, r2
 1878 0056 0322     		movs	r2, #3
 1879 0058 1A70     		strb	r2, [r3]
 1880 005a 17E0     		b	.L161
 1881              	.L162:
 1882 005c FB68     		ldr	r3, [r7, #12]
 1883 005e 5A1C     		adds	r2, r3, #1
 1884 0060 FA60     		str	r2, [r7, #12]
 1885 0062 1724     		movs	r4, #23
 1886 0064 3A19     		adds	r2, r7, r4
 1887 0066 1278     		ldrb	r2, [r2]
 1888 0068 3919     		adds	r1, r7, r4
 1889 006a 501C     		adds	r0, r2, #1
 1890 006c 0870     		strb	r0, [r1]
 1891 006e 1100     		movs	r1, r2
 1892 0070 BA68     		ldr	r2, [r7, #8]
 1893 0072 5218     		adds	r2, r2, r1
 1894 0074 1B78     		ldrb	r3, [r3]
 1895 0076 1370     		strb	r3, [r2]
 1896 0078 3B19     		adds	r3, r7, r4
 1897 007a 1B78     		ldrb	r3, [r3]
 1898 007c 3A19     		adds	r2, r7, r4
 1899 007e 591C     		adds	r1, r3, #1
 1900 0080 1170     		strb	r1, [r2]
 1901 0082 1A00     		movs	r2, r3
 1902 0084 BB68     		ldr	r3, [r7, #8]
 1903 0086 9B18     		adds	r3, r3, r2
 1904 0088 0022     		movs	r2, #0
 1905 008a 1A70     		strb	r2, [r3]
 1906              	.L161:
 1907 008c FB68     		ldr	r3, [r7, #12]
ARM GAS  /tmp/ccRsummJ.s 			page 34


 1908 008e 1B78     		ldrb	r3, [r3]
 1909 0090 002B     		cmp	r3, #0
 1910 0092 E3D1     		bne	.L162
 1911              	.L163:
 1912 0094 C046     		nop
 1913 0096 BD46     		mov	sp, r7
 1914 0098 07B0     		add	sp, sp, #28
 1915              		@ sp needed
 1916 009a 90BD     		pop	{r4, r7, pc}
 1918              		.section	.text.USBD_GetLen,"ax",%progbits
 1919              		.align	1
 1920              		.syntax unified
 1921              		.code	16
 1922              		.thumb_func
 1924              	USBD_GetLen:
 1925              		@ args = 0, pretend = 0, frame = 16
 1926              		@ frame_needed = 1, uses_anonymous_args = 0
 1927 0000 80B5     		push	{r7, lr}
 1928 0002 84B0     		sub	sp, sp, #16
 1929 0004 00AF     		add	r7, sp, #0
 1930 0006 7860     		str	r0, [r7, #4]
 1931 0008 0F23     		movs	r3, #15
 1932 000a FB18     		adds	r3, r7, r3
 1933 000c 0022     		movs	r2, #0
 1934 000e 1A70     		strb	r2, [r3]
 1935 0010 08E0     		b	.L165
 1936              	.L166:
 1937 0012 0F21     		movs	r1, #15
 1938 0014 7B18     		adds	r3, r7, r1
 1939 0016 1A78     		ldrb	r2, [r3]
 1940 0018 7B18     		adds	r3, r7, r1
 1941 001a 0132     		adds	r2, r2, #1
 1942 001c 1A70     		strb	r2, [r3]
 1943 001e 7B68     		ldr	r3, [r7, #4]
 1944 0020 0133     		adds	r3, r3, #1
 1945 0022 7B60     		str	r3, [r7, #4]
 1946              	.L165:
 1947 0024 7B68     		ldr	r3, [r7, #4]
 1948 0026 1B78     		ldrb	r3, [r3]
 1949 0028 002B     		cmp	r3, #0
 1950 002a F2D1     		bne	.L166
 1951 002c 0F23     		movs	r3, #15
 1952 002e FB18     		adds	r3, r7, r3
 1953 0030 1B78     		ldrb	r3, [r3]
 1954 0032 1800     		movs	r0, r3
 1955 0034 BD46     		mov	sp, r7
 1956 0036 04B0     		add	sp, sp, #16
 1957              		@ sp needed
 1958 0038 80BD     		pop	{r7, pc}
 1960              		.section	.bss.cfgidx.0,"aw",%nobits
 1963              	cfgidx.0:
 1964 0000 00       		.space	1
 1965              		.ident	"GCC: (crosstool-NG 1.28.0 - arm-cortexm0-eabi) 15.2.0"
ARM GAS  /tmp/ccRsummJ.s 			page 35


DEFINED SYMBOLS
                            *ABS*:00000000 usbd_ctlreq.c
     /tmp/ccRsummJ.s:15     .rodata.CHANNEL_OFFSET_TAB:00000000 $d
     /tmp/ccRsummJ.s:18     .rodata.CHANNEL_OFFSET_TAB:00000000 CHANNEL_OFFSET_TAB
     /tmp/ccRsummJ.s:21     .text.USBD_StdDevReq:00000000 $t
     /tmp/ccRsummJ.s:27     .text.USBD_StdDevReq:00000000 USBD_StdDevReq
     /tmp/ccRsummJ.s:744    .text.USBD_GetDescriptor:00000000 USBD_GetDescriptor
     /tmp/ccRsummJ.s:1240   .text.USBD_SetAddress:00000000 USBD_SetAddress
     /tmp/ccRsummJ.s:1337   .text.USBD_SetConfig:00000000 USBD_SetConfig
     /tmp/ccRsummJ.s:1509   .text.USBD_GetConfig:00000000 USBD_GetConfig
     /tmp/ccRsummJ.s:1582   .text.USBD_GetStatus:00000000 USBD_GetStatus
     /tmp/ccRsummJ.s:1652   .text.USBD_SetFeature:00000000 USBD_SetFeature
     /tmp/ccRsummJ.s:1685   .text.USBD_ClrFeature:00000000 USBD_ClrFeature
     /tmp/ccRsummJ.s:1804   .text.USBD_CtlError:00000000 USBD_CtlError
     /tmp/ccRsummJ.s:163    .text.USBD_StdItfReq:00000000 $t
     /tmp/ccRsummJ.s:169    .text.USBD_StdItfReq:00000000 USBD_StdItfReq
     /tmp/ccRsummJ.s:265    .text.USBD_StdEPReq:00000000 $t
     /tmp/ccRsummJ.s:271    .text.USBD_StdEPReq:00000000 USBD_StdEPReq
     /tmp/ccRsummJ.s:739    .text.USBD_GetDescriptor:00000000 $t
     /tmp/ccRsummJ.s:1235   .text.USBD_SetAddress:00000000 $t
     /tmp/ccRsummJ.s:1329   .text.USBD_SetAddress:000000a4 $d
     /tmp/ccRsummJ.s:1332   .text.USBD_SetConfig:00000000 $t
     /tmp/ccRsummJ.s:1501   .text.USBD_SetConfig:00000144 $d
     /tmp/ccRsummJ.s:1963   .bss.cfgidx.0:00000000 cfgidx.0
     /tmp/ccRsummJ.s:1504   .text.USBD_GetConfig:00000000 $t
     /tmp/ccRsummJ.s:1577   .text.USBD_GetStatus:00000000 $t
     /tmp/ccRsummJ.s:1647   .text.USBD_SetFeature:00000000 $t
     /tmp/ccRsummJ.s:1680   .text.USBD_ClrFeature:00000000 $t
     /tmp/ccRsummJ.s:1730   .text.USBD_ParseSetupRequest:00000000 $t
     /tmp/ccRsummJ.s:1736   .text.USBD_ParseSetupRequest:00000000 USBD_ParseSetupRequest
     /tmp/ccRsummJ.s:1798   .text.USBD_CtlError:00000000 $t
     /tmp/ccRsummJ.s:1827   .text.USBD_GetString:00000000 $t
     /tmp/ccRsummJ.s:1833   .text.USBD_GetString:00000000 USBD_GetString
     /tmp/ccRsummJ.s:1924   .text.USBD_GetLen:00000000 USBD_GetLen
     /tmp/ccRsummJ.s:1919   .text.USBD_GetLen:00000000 $t
     /tmp/ccRsummJ.s:1964   .bss.cfgidx.0:00000000 $d

UNDEFINED SYMBOLS
USBD_CtlSendStatus
USBD_LL_StallEP
USBD_LL_ClearStallEP
USBD_CtlSendData
USBD_LL_IsStallEP
USBD_LL_SetUSBAddress
USBD_SetClassConfig
USBD_ClrClassConfig
